For this image <image>, I want a simple and direct answer to my question: Are there any salient objects in this picture? Please answer Yes or No.
bing_bg_3_1326.jpg@#@  The answer is no.
COCO_train2014_000000005288.jpg@#@  The answer is yes.
interlaced_0118.jpg@#@  The answer is yes.
forest_natu696.jpg@#@  The answer is yes.
COCO_train2014_000000046255.jpg@#@  The answer is yes.
COCO_train2014_000000029161.jpg@#@  The answer is yes.
asia-932068__340.jpg@#@  The answer is yes.
sun_bznrubvrxbxvvgmw.jpg@#@  The answer is yes.
COCO_train2014_000000167300.jpg@#@  The answer is yes.
bing_bg_3_0807.jpg@#@  The answer is yes.
COCO_train2014_000000000321.jpg@#@  The answer is yes.
COCO_train2014_000000152954.jpg@#@  The answer is yes.
bing_bg_3_1527.jpg@#@  The answer is yes.
COCO_train2014_000000185097.jpg@#@  The answer is yes.
bing_bg_3_0153.jpg@#@  The answer is yes.
COCO_train2014_000000180085.jpg@#@  The answer is yes.
COCO_train2014_000000193579.jpg@#@  The answer is yes.
COCO_train2014_000000196888.jpg@#@  The answer is yes.
sun_bagsnphdxapdperf.jpg@#@  The answer is yes.
COCO_train2014_000000081084.jpg@#@  The answer is yes.
sun_basjlhnoiwseizqj.jpg@#@  The answer is yes.
COCO_train2014_000000112272.jpg@#@  The answer is yes.
COCO_train2014_000000120743.jpg@#@  The answer is yes.
bing_bg_2_1213.jpg@#@  The answer is yes.
gauzy_0180.jpg@#@  The answer is yes.
COCO_train2014_000000149030.jpg@#@  The answer is yes.
polka-dotted_0135.jpg@#@  The answer is yes.
bing_bg_2_0385.jpg@#@  The answer is yes.
flickr_bg_0238.jpg@#@  The answer is yes.
coast_cdmc862.jpg@#@  The answer is yes.
COCO_train2014_000000169204.jpg@#@  The answer is yes.
COCO_train2014_000000106832.jpg@#@  The answer is yes.
sun_ahtjqejfaqxbfvcn.jpg@#@  The answer is yes.
COCO_train2014_000000028263.jpg@#@  The answer is yes.
building-2490651__340.jpg@#@  The answer is yes.
sun_aeeghadhhuojbxox.jpg@#@  The answer is yes.
potholed_0102.jpg@#@  The answer is yes.
bing_bg_3_2960.jpg@#@  The answer is yes.
bing_bg_3_2210.jpg@#@  The answer is yes.
bing_bg_3_2784.jpg@#@  The answer is yes.
COCO_train2014_000000019450.jpg@#@  The answer is yes.
flickr_bg_0496.jpg@#@  The answer is yes.
transport-2262256__340.jpg@#@  The answer is yes.
COCO_train2014_000000032627.jpg@#@  The answer is yes.
COCO_train2014_000000161599.jpg@#@  The answer is yes.
COCO_train2014_000000181436.jpg@#@  The answer is yes.
COCO_train2014_000000149679.jpg@#@  The answer is yes.
street-5.jpg@#@  The answer is yes.
winter-2683845__340.jpg@#@  The answer is yes.
sun_afxnvoiglibepsfw.jpg@#@  The answer is yes.
COCO_train2014_000000167490.jpg@#@  The answer is yes.
COCO_train2014_000000185818.jpg@#@  The answer is yes.
COCO_train2014_000000149961.jpg@#@  The answer is yes.
flickr_bg_0024.jpg@#@  The answer is yes.
chinatown-2262230__340.jpg@#@  The answer is yes.
COCO_train2014_000000109928.jpg@#@  The answer is yes.
bing_bg_3_1717.jpg@#@  The answer is yes.
bing_bg_3_2314.jpg@#@  The answer is yes.
gauzy_0199.jpg@#@  The answer is yes.
bing_bg_3_3767.jpg@#@  The answer is yes.
COCO_train2014_000000148502.jpg@#@  The answer is yes.
COCO_train2014_000000047909.jpg@#@  The answer is yes.
COCO_train2014_000000138116.jpg@#@  The answer is yes.
frilly_0028.jpg@#@  The answer is yes.
COCO_train2014_000000164290.jpg@#@  The answer is yes.
bing_bg_3_3154.jpg@#@  The answer is yes.
COCO_train2014_000000156784.jpg@#@  The answer is yes.
COCO_train2014_000000188120.jpg@#@  The answer is yes.
COCO_train2014_000000058864.jpg@#@  The answer is yes.
COCO_train2014_000000134430.jpg@#@  The answer is yes.
bing_bg_3_1261.jpg@#@  The answer is yes.
COCO_train2014_000000119891.jpg@#@  The answer is yes.
COCO_train2014_000000172778.jpg@#@  The answer is yes.
COCO_train2014_000000079313.jpg@#@  The answer is yes.
COCO_train2014_000000162861.jpg@#@  The answer is yes.
COCO_train2014_000000052497.jpg@#@  The answer is yes.
COCO_train2014_000000088956.jpg@#@  The answer is yes.
bing_bg_3_3071.jpg@#@  The answer is yes.
sun_aalcrcgpysefdqra.jpg@#@  The answer is yes.
bing_bg_3_2128.jpg@#@  The answer is yes.
COCO_train2014_000000070868.jpg@#@  The answer is yes.
crystalline_0204.jpg@#@  The answer is yes.
swirly_0134.jpg@#@  The answer is yes.
bing_bg_3_3338.jpg@#@  The answer is yes.
COCO_train2014_000000162285.jpg@#@  The answer is yes.
bing_bg_3_1149.jpg@#@  The answer is yes.
bing_bg_3_0090.jpg@#@  The answer is yes.
COCO_train2014_000000184389.jpg@#@  The answer is yes.
COCO_train2014_000000116185.jpg@#@  The answer is yes.
COCO_train2014_000000040130.jpg@#@  The answer is yes.
COCO_train2014_000000173843.jpg@#@  The answer is yes.
COCO_train2014_000000183212.jpg@#@  The answer is yes.
COCO_train2014_000000185394.jpg@#@  The answer is yes.
COCO_train2014_000000071984.jpg@#@  The answer is yes.
COCO_train2014_000000086777.jpg@#@  The answer is yes.
opencountry_nat618.jpg@#@  The answer is yes.
lacelike_0038.jpg@#@  The answer is yes.
sun_adzsxoxnozonudsi.jpg@#@  The answer is yes.
COCO_train2014_000000065329.jpg@#@  The answer is yes.
bing_bg_1_0024.jpg@#@  The answer is yes.
sun_bbydnuiqbbbwvisw.jpg@#@  The answer is yes.
COCO_train2014_000000117071.jpg@#@  The answer is yes.
COCO_train2014_000000092331.jpg@#@  The answer is yes.
woven_0131.jpg@#@  The answer is yes.
bing_bg_3_3230.jpg@#@  The answer is yes.
COCO_train2014_000000039438.jpg@#@  The answer is yes.
bing_bg_3_0754.jpg@#@  The answer is yes.
pascal_622.jpg@#@  The answer is yes.
COCO_train2014_000000045475.jpg@#@  The answer is yes.
COCO_train2014_000000035045.jpg@#@  The answer is yes.
potholed_0123.jpg@#@  The answer is yes.
crystalline_0144.jpg@#@  The answer is yes.
COCO_train2014_000000127558.jpg@#@  The answer is yes.
COCO_train2014_000000170516.jpg@#@  The answer is yes.
COCO_train2014_000000141302.jpg@#@  The answer is yes.
COCO_train2014_000000035712.jpg@#@  The answer is yes.
COCO_train2014_000000064534.jpg@#@  The answer is yes.
COCO_train2014_000000066014.jpg@#@  The answer is yes.
COCO_train2014_000000086927.jpg@#@  The answer is yes.
COCO_train2014_000000146623.jpg@#@  The answer is yes.
COCO_train2014_000000028525.jpg@#@  The answer is yes.
frilly_0067.jpg@#@  The answer is yes.
sun_aadxnypuygohebii.jpg@#@  The answer is yes.
COCO_train2014_000000119053.jpg@#@  The answer is yes.
veined_0104.jpg@#@  The answer is yes.
bokeh-1907205__340.jpg@#@  The answer is yes.
COCO_train2014_000000045808.jpg@#@  The answer is yes.
bing_bg_3_3002.jpg@#@  The answer is yes.
COCO_train2014_000000009148.jpg@#@  The answer is yes.
COCO_train2014_000000112805.jpg@#@  The answer is yes.
COCO_train2014_000000004180.jpg@#@  The answer is yes.
COCO_train2014_000000139983.jpg@#@  The answer is yes.
banded_0121.jpg@#@  The answer is no.
bing_bg_2_0747.jpg@#@  The answer is yes.
COCO_train2014_000000139165.jpg@#@  The answer is yes.
COCO_train2014_000000051021.jpg@#@  The answer is yes.
flickr_bg_0593.jpg@#@  The answer is yes.
flickr_bg_0569.jpg@#@  The answer is yes.
COCO_train2014_000000093838.jpg@#@  The answer is yes.
sun_dybhnbjwewwyduup.jpg@#@  The answer is yes.
COCO_train2014_000000024401.jpg@#@  The answer is yes.
flickr_bg_0727.jpg@#@  The answer is yes.
COCO_train2014_000000191327.jpg@#@  The answer is yes.
bing_bg_3_1235.jpg@#@  The answer is no.
COCO_train2014_000000166853.jpg@#@  The answer is yes.
smeared_0039.jpg@#@  The answer is yes.
braided_0162.jpg@#@  The answer is yes.
COCO_train2014_000000049053.jpg@#@  The answer is yes.
bing_bg_2_0027.jpg@#@  The answer is yes.
COCO_train2014_000000062815.jpg@#@  The answer is yes.
striped_0090.jpg@#@  The answer is yes.
COCO_train2014_000000184684.jpg@#@  The answer is yes.
COCO_train2014_000000107586.jpg@#@  The answer is yes.
sun_aaqhxkyfdhnhjhnf.jpg@#@  The answer is yes.
COCO_train2014_000000077067.jpg@#@  The answer is yes.
bing_bg_3_3242.jpg@#@  The answer is yes.
smeared_0093.jpg@#@  The answer is yes.
COCO_train2014_000000048747.jpg@#@  The answer is yes.
COCO_train2014_000000181061.jpg@#@  The answer is yes.
COCO_train2014_000000099701.jpg@#@  The answer is yes.
COCO_train2014_000000021353.jpg@#@  The answer is yes.
sun_askxkvbqlvdjakmw.jpg@#@  The answer is yes.
bing_bg_3_0792.jpg@#@  The answer is yes.
bing_bg_3_0553.jpg@#@  The answer is yes.
COCO_train2014_000000034120.jpg@#@  The answer is yes.
bing_bg_2_0959.jpg@#@  The answer is yes.
sun_achzkesyxujljvxm.jpg@#@  The answer is yes.
bing_bg_3_3730.jpg@#@  The answer is yes.
COCO_train2014_000000068305.jpg@#@  The answer is yes.
COCO_train2014_000000191102.jpg@#@  The answer is yes.
bing_bg_3_1110.jpg@#@  The answer is yes.
COCO_train2014_000000148301.jpg@#@  The answer is cat.
bing_bg_1_0246.jpg@#@  The answer is no.
bing_bg_2_0489.jpg@#@  The answer is yes.
dotted_0111.jpg@#@  The answer is yes.
scaly_0144.jpg@#@  The answer is yes.
flickr_bg_0159.jpg@#@  The answer is yes.
COCO_train2014_000000051639.jpg@#@  The answer is yes.
COCO_train2014_000000096754.jpg@#@  The answer is yes.
COCO_train2014_000000046564.jpg@#@  The answer is yes.
COCO_train2014_000000058482.jpg@#@  The answer is yes.
architecture-2564442__340.jpg@#@  The answer is yes.
COCO_train2014_000000110240.jpg@#@  The answer is yes.
COCO_train2014_000000032949.jpg@#@  The answer is yes.
COCO_train2014_000000020418.jpg@#@  The answer is yes.
bokeh-2590658__340.jpg@#@  The answer is yes.
bing_bg_3_1276.jpg@#@  The answer is yes.
COCO_train2014_000000173289.jpg@#@  The answer is yes.
sun_abeahvqvsdgfztbv.jpg@#@  The answer is yes.
COCO_train2014_000000070295.jpg@#@  The answer is yes.
bing_bg_3_1255.jpg@#@  The answer is yes.
COCO_train2014_000000137100.jpg@#@  The answer is yes.
wall-3082529__340.jpg@#@  The answer is yes.
COCO_train2014_000000170865.jpg@#@  The answer is yes.
COCO_train2014_000000001014.jpg@#@  The answer is yes.
COCO_train2014_000000116402.jpg@#@  The answer is yes.
COCO_train2014_000000110735.jpg@#@  The answer is yes.
COCO_train2014_000000049719.jpg@#@  The answer is yes.
COCO_train2014_000000003911.jpg@#@  The answer is yes.
sun_aeeezcsscrbqebjy.jpg@#@  The answer is yes.
COCO_train2014_000000146186.jpg@#@  The answer is yes.
COCO_train2014_000000011569.jpg@#@  The answer is yes.
bing_bg_3_0676.jpg@#@  The answer is no.
bing_bg_2_0434.jpg@#@  The answer is yes.
COCO_train2014_000000019707.jpg@#@  The answer is yes.
bing_bg_3_1621.jpg@#@  The answer is yes.
architecture-3110906__340.jpg@#@  The answer is yes.
bing_bg_1_0099.jpg@#@  The answer is yes.
sprinkled_0141.jpg@#@  The answer is yes.
COCO_train2014_000000089598.jpg@#@  The answer is yes.
architecture-3151102__340.jpg@#@  The answer is yes.
gauzy_0077.jpg@#@  The answer is yes.
COCO_train2014_000000072605.jpg@#@  The answer is yes.
COCO_train2014_000000005917.jpg@#@  The answer is yes.
bing_bg_3_0907.jpg@#@  The answer is yes.
swirly_0158.jpg@#@  The answer is yes.
bing_bg_3_3052.jpg@#@  The answer is yes.
COCO_train2014_000000064893.jpg@#@  The answer is yes.
sun_aedgmxjwesqbepdt.jpg@#@  The answer is yes.
bing_bg_2_0087.jpg@#@  The answer is yes.
COCO_train2014_000000182020.jpg@#@  The answer is yes.
porous_0089.jpg@#@  The answer is yes.
COCO_train2014_000000022796.jpg@#@  The answer is yes.
bing_bg_3_2261.jpg@#@  The answer is no.
COCO_train2014_000000145915.jpg@#@  The answer is yes.
COCO_train2014_000000044170.jpg@#@  The answer is yes.
COCO_train2014_000000001523.jpg@#@  The answer is yes.
COCO_train2014_000000174157.jpg@#@  The answer is yes.
sun_aynafktcizarqasl.jpg@#@  The answer is yes.
COCO_train2014_000000036303.jpg@#@  The answer is yes.
COCO_train2014_000000023098.jpg@#@  The answer is yes.
bing_bg_3_1518.jpg@#@  The answer is yes.
COCO_train2014_000000057481.jpg@#@  The answer is yes.
COCO_train2014_000000015564.jpg@#@  The answer is yes.
COCO_train2014_000000087232.jpg@#@  The answer is yes.
bing_bg_3_1005.jpg@#@  The answer is yes.
bubbly_0038.jpg@#@  The answer is yes.
COCO_train2014_000000037477.jpg@#@  The answer is yes.
sun_aftjyxpthjnbvyjp.jpg@#@  The answer is yes.
COCO_train2014_000000179408.jpg@#@  The answer is yes.
COCO_train2014_000000079076.jpg@#@  The answer is yes.
COCO_train2014_000000089835.jpg@#@  The answer is yes.
COCO_train2014_000000023914.jpg@#@  The answer is yes.
flickr_bg_0809.jpg@#@  The answer is yes.
porous_0158.jpg@#@  The answer is yes.
COCO_train2014_000000027424.jpg@#@  The answer is yes.
flickr_bg_0910.jpg@#@  The answer is yes.
lacelike_0114.jpg@#@  The answer is yes.
sun_bnsnvxjhmwpigxog.jpg@#@  The answer is yes.
COCO_train2014_000000041398.jpg@#@  The answer is yes.
sun_ayycllhzupnsogyw.jpg@#@  The answer is yes.
bing_bg_3_3469.jpg@#@  The answer is yes.
bing_bg_3_3139.jpg@#@  The answer is yes.
bing_bg_3_0008.jpg@#@  The answer is yes.
sun_adzyotjecdlmjdws.jpg@#@  The answer is yes.
COCO_train2014_000000132773.jpg@#@  The answer is yes.
COCO_train2014_000000176087.jpg@#@  The answer is yes.
sun_abxovgtbrsgoplio.jpg@#@  The answer is yes.
COCO_train2014_000000124836.jpg@#@  The answer is yes.
COCO_train2014_000000196226.jpg@#@  The answer is yes.
bing_bg_1_0143.jpg@#@  The answer is yes.
stratified_0167.jpg@#@  The answer is yes.
COCO_train2014_000000171453.jpg@#@  The answer is yes.
COCO_train2014_000000129672.jpg@#@  The answer is yes.
COCO_train2014_000000175536.jpg@#@  The answer is yes.
potholed_0130.jpg@#@  The answer is yes.
COCO_train2014_000000109208.jpg@#@  The answer is yes.
COCO_train2014_000000177413.jpg@#@  The answer is yes.
bing_bg_3_3116.jpg@#@  The answer is yes.
swirly_0118.jpg@#@  The answer is yes.
COCO_train2014_000000061206.jpg@#@  The answer is yes.
COCO_train2014_000000097591.jpg@#@  The answer is yes.
flickr_bg_0581.jpg@#@  The answer is yes.
COCO_train2014_000000049384.jpg@#@  The answer is yes.
COCO_train2014_000000102787.jpg@#@  The answer is yes.
bing_bg_3_0752.jpg@#@  The answer is yes.
sprinkled_0127.jpg@#@  The answer is yes.
COCO_train2014_000000193193.jpg@#@  The answer is yes.
COCO_train2014_000000077346.jpg@#@  The answer is yes.
COCO_train2014_000000156073.jpg@#@  The answer is yes.
COCO_train2014_000000107884.jpg@#@  The answer is yes.
COCO_train2014_000000182634.jpg@#@  The answer is yes.
meshed_0173.jpg@#@  The answer is yes.
COCO_train2014_000000172987.jpg@#@  The answer is yes.
bing_bg_2_0242.jpg@#@  The answer is yes.
marbled_0104.jpg@#@  The answer is no.
COCO_train2014_000000121322.jpg@#@  The answer is yes.
COCO_train2014_000000061877.jpg@#@  The answer is yes.
bing_bg_2_0065.jpg@#@  The answer is yes.
COCO_train2014_000000159376.jpg@#@  The answer is yes.
sun_aeatdazoxslbbbsx.jpg@#@  The answer is yes.
COCO_train2014_000000131044.jpg@#@  The answer is yes.
bing_bg_3_1141.jpg@#@  The answer is yes.
COCO_train2014_000000105192.jpg@#@  The answer is yes.
flickr_bg_0725.jpg@#@  The answer is yes.
COCO_train2014_000000182384.jpg@#@  The answer is yes.
flickr_bg_0924.jpg@#@  The answer is yes.
bing_bg_3_3395.jpg@#@  The answer is yes.
COCO_train2014_000000044763.jpg@#@  The answer is yes.
COCO_train2014_000000190117.jpg@#@  The answer is yes.
COCO_train2014_000000184116.jpg@#@  The answer is yes.
COCO_train2014_000000099139.jpg@#@  The answer is yes.
wrinkled_0118.jpg@#@  The answer is yes.
scaly_0170.jpg@#@  The answer is yes.
wrinkled_0127.jpg@#@  The answer is yes.
bing_bg_3_2290.jpg@#@  The answer is yes.
bing_bg_3_2190.jpg@#@  The answer is yes.
COCO_train2014_000000190547.jpg@#@  The answer is yes.
COCO_train2014_000000147568.jpg@#@  The answer is yes.
COCO_train2014_000000123995.jpg@#@  The answer is yes.
bing_bg_2_1262.jpg@#@  The answer is yes.
perforated_0148.jpg@#@  The answer is yes.
COCO_train2014_000000165347.jpg@#@  The answer is yes.
sprinkled_0108.jpg@#@  The answer is yes.
architecture-2560834__340.jpg@#@  The answer is yes.
bubbly_0043.jpg@#@  The answer is yes.
COCO_train2014_000000097396.jpg@#@  The answer is yes.
bing_bg_3_1696.jpg@#@  The answer is yes.
COCO_train2014_000000026829.jpg@#@  The answer is yes.
COCO_train2014_000000050518.jpg@#@  The answer is yes.
flickr_bg_0507.jpg@#@  The answer is yes.
COCO_train2014_000000063275.jpg@#@  The answer is yes.
bing_bg_3_0231.jpg@#@  The answer is yes.
polka-dotted_0108.jpg@#@  The answer is yes.
bing_bg_1_0014.jpg@#@  The answer is yes.
bing_bg_3_0099.jpg@#@  The answer is yes.
COCO_train2014_000000098694.jpg@#@  The answer is yes.
gauzy_0128.jpg@#@  The answer is yes.
COCO_train2014_000000102171.jpg@#@  The answer is yes.
potholed_0087.jpg@#@  The answer is yes.
sun_agfckqrdlrllesio.jpg@#@  The answer is yes.
COCO_train2014_000000191729.jpg@#@  The answer is yes.
flickr_bg_0334.jpg@#@  The answer is yes.
sun_aexkwvqjcpgmgvug.jpg@#@  The answer is yes.
spiralled_0134.jpg@#@  The answer is yes.
flickr_bg_0117.jpg@#@  The answer is yes.
bing_bg_1_0011.jpg@#@  The answer is yes.
coast_osun52.jpg@#@  The answer is yes.
COCO_train2014_000000059971.jpg@#@  The answer is yes.
COCO_train2014_000000151406.jpg@#@  The answer is yes.
flickr_bg_0739.jpg@#@  The answer is yes.
COCO_train2014_000000069148.jpg@#@  The answer is yes.
bing_bg_1_0022.jpg@#@  The answer is no.
COCO_train2014_000000045558.jpg@#@  The answer is yes.
COCO_train2014_000000037326.jpg@#@  The answer is yes.
frilly_0011.jpg@#@  The answer is yes.
bing_bg_1_0262.jpg@#@  The answer is yes.
opencountry_fie37.jpg@#@  The answer is yes.
bing_bg_3_3330.jpg@#@  The answer is yes.
COCO_train2014_000000041097.jpg@#@  The answer is yes.
COCO_train2014_000000192759.jpg@#@  The answer is yes.
street-2779599__340.jpg@#@  The answer is yes.
bing_bg_3_1886.jpg@#@  The answer is yes.
interlaced_0173.jpg@#@  The answer is yes.
COCO_train2014_000000196721.jpg@#@  The answer is yes.
blotchy_0060.jpg@#@  The answer is yes.
COCO_train2014_000000099844.jpg@#@  The answer is yes.
potholed_0097.jpg@#@  The answer is yes.
COCO_train2014_000000033633.jpg@#@  The answer is yes.
COCO_train2014_000000063745.jpg@#@  The answer is yes.
COCO_train2014_000000175952.jpg@#@  The answer is yes.
queenstown-3169703__340.jpg@#@  The answer is yes.
still-2607624__340.jpg@#@  The answer is yes.
COCO_train2014_000000086378.jpg@#@  The answer is yes.
bing_bg_1_0367.jpg@#@  The answer is yes.
flickr_bg_0166.jpg@#@  The answer is yes.
bing_bg_2_1168.jpg@#@  The answer is yes.
pattern-3060238__340.jpg@#@  The answer is yes.
crystalline_0112.jpg@#@  The answer is yes.
striped_0111.jpg@#@  The answer is yes.
stained_0088.jpg@#@  The answer is yes.
sun_afeamhfmvciqdvuu.jpg@#@  The answer is yes.
bing_bg_3_0387.jpg@#@  The answer is yes.
COCO_train2014_000000174876.jpg@#@  The answer is yes.
COCO_train2014_000000123273.jpg@#@  The answer is yes.
matted_0046.jpg@#@  The answer is yes.
coast_n228047.jpg@#@  The answer is yes.
COCO_train2014_000000029607.jpg@#@  The answer is yes.
COCO_train2014_000000147122.jpg@#@  The answer is yes.
COCO_train2014_000000083085.jpg@#@  The answer is yes.
COCO_train2014_000000077639.jpg@#@  The answer is yes.
COCO_train2014_000000133229.jpg@#@  The answer is yes.
bing_bg_3_0295.jpg@#@  The answer is yes.
COCO_train2014_000000037169.jpg@#@  The answer is yes.
COCO_train2014_000000180315.jpg@#@  The answer is yes.
sun_aaulapocjffusovo.jpg@#@  The answer is yes.
blotchy_0018.jpg@#@  The answer is yes.
bing_bg_1_0319.jpg@#@  The answer is yes.
coast_land372.jpg@#@  The answer is no.
COCO_train2014_000000087554.jpg@#@  The answer is yes.
COCO_train2014_000000022650.jpg@#@  The answer is yes.
coast_land296.jpg@#@  The answer is yes.
marbled_0193.jpg@#@  The answer is no.
flickr_bg_0900.jpg@#@  The answer is yes.
COCO_train2014_000000083600.jpg@#@  The answer is yes.
spiralled_0104.jpg@#@  The answer is yes.
stratified_0104.jpg@#@  The answer is yes.
COCO_train2014_000000042156.jpg@#@  The answer is yes.
bing_bg_3_3495.jpg@#@  The answer is yes.
COCO_train2014_000000140717.jpg@#@  The answer is yes.
matted_0079.jpg@#@  The answer is yes.
bing_bg_3_2565.jpg@#@  The answer is yes.
bing_bg_2_0925.jpg@#@  The answer is yes.
COCO_train2014_000000025058.jpg@#@  The answer is yes.
COCO_train2014_000000142393.jpg@#@  The answer is yes.
stained_0109.jpg@#@  The answer is yes.
sun_atnkvrrwktfizonb.jpg@#@  The image depicts a large auditorium filled with a crowd of people, ready for an event or performance. There are several individuals sitting in the various rows of chairs, which are placed in a stadium-like arrangement. The chairs are of different sizes and orientations, accommodating the diverse audience members. In addition to the seating, there are a number of handbags scattered throughout the scene, likely belongings of the audience members. Some people can be seen standing, possibly in anticipation of the start of the event or to find their seats. The overall atmosphere appears to be that of an engaging and anticipated performance.
bing_bg_3_3751.jpg@#@  The answer is yes.
COCO_train2014_000000006709.jpg@#@  The answer is yes.
COCO_train2014_000000179906.jpg@#@  The answer is yes.
COCO_train2014_000000085781.jpg@#@  The answer is yes.
bing_bg_3_1246.jpg@#@  The answer is yes.
COCO_train2014_000000091858.jpg@#@  The answer is yes.
COCO_train2014_000000138582.jpg@#@  The answer is yes.
COCO_train2014_000000071344.jpg@#@  The answer is yes.
grid_0040.jpg@#@  The answer is yes.
bing_bg_2_0123.jpg@#@  The answer is yes.
COCO_train2014_000000055891.jpg@#@  The answer is yes.
COCO_train2014_000000014244.jpg@#@  The answer is yes.
COCO_train2014_000000124567.jpg@#@  The answer is yes.
COCO_train2014_000000075170.jpg@#@  The answer is yes.
pitted_0140.jpg@#@  The answer is yes.
COCO_train2014_000000014014.jpg@#@  The answer is yes.
COCO_train2014_000000167171.jpg@#@  The answer is yes.
bing_bg_1_0377.jpg@#@  The answer is yes.
dark-2565391__340.jpg@#@  The answer is yes.
sun_afmrfmxfyfzsvhzn.jpg@#@  The answer is yes.
COCO_train2014_000000131697.jpg@#@  The answer is yes.
COCO_train2014_000000159768.jpg@#@  The answer is yes.
sun_ahvpbhuefakiaiao.jpg@#@  The answer is yes.
COCO_train2014_000000179603.jpg@#@  The answer is yes.
COCO_train2014_000000012803.jpg@#@  The answer is yes.
COCO_train2014_000000047407.jpg@#@  The answer is yes.
COCO_train2014_000000160542.jpg@#@  The answer is yes.
bing_bg_3_1222.jpg@#@  The answer is yes.
COCO_train2014_000000151764.jpg@#@  The answer is yes.
COCO_train2014_000000138910.jpg@#@  The answer is yes.
COCO_train2014_000000164657.jpg@#@  The answer is yes.
frilly_0019.jpg@#@  The answer is yes.
bing_bg_3_1960.jpg@#@  The answer is yes.
bing_bg_3_2490.jpg@#@  The answer is no.
COCO_train2014_000000168291.jpg@#@  The answer is yes.
bing_bg_3_0063.jpg@#@  The answer is yes.
sun_azwqhnqsekqtkuxp.jpg@#@  The answer is yes.
COCO_train2014_000000024042.jpg@#@  The answer is yes.
sun_aebcvprafheupjve.jpg@#@  The answer is yes.
COCO_train2014_000000160142.jpg@#@  The answer is yes.
bing_bg_3_2330.jpg@#@  The answer is yes.
COCO_train2014_000000101814.jpg@#@  The answer is yes.
sun_aesbhzhwqwrrrdxa.jpg@#@  The answer is yes.
sun_aavvmhbtjfghnonj.jpg@#@  The answer is yes.
COCO_train2014_000000137806.jpg@#@  The answer is yes.
sun_awxwjmiecgqjvxvs.jpg@#@  The answer is yes.
bing_bg_3_1837.jpg@#@  The answer is yes.
stratified_0067.jpg@#@  The answer is yes.
COCO_train2014_000000108501.jpg@#@  The answer is yes.
COCO_train2014_000000053479.jpg@#@  The answer is yes.
COCO_train2014_000000166225.jpg@#@  The answer is yes.
COCO_train2014_000000110488.jpg@#@  The answer is yes.
COCO_train2014_000000133573.jpg@#@  The answer is yes.
COCO_train2014_000000177829.jpg@#@  The answer is yes.
bing_bg_3_1890.jpg@#@  The answer is yes.
COCO_train2014_000000025414.jpg@#@  The answer is yes.
COCO_train2014_000000034489.jpg@#@  The answer is yes.
bing_bg_2_0578.jpg@#@  The answer is yes.
COCO_train2014_000000102529.jpg@#@  The answer is yes.
sun_aykoruvxtcyyduui.jpg@#@  The answer is yes.
bing_bg_3_2242.jpg@#@  The answer is yes.
COCO_train2014_000000194820.jpg@#@  The answer is yes.
flickr_bg_0290.jpg@#@  The answer is yes.
sun_aduxybjjxgfhwggu.jpg@#@  The answer is yes.
scaly_0156.jpg@#@  The answer is yes.
perforated_0118.jpg@#@  The answer is yes.
COCO_train2014_000000165438.jpg@#@  The answer is yes.
bing_bg_3_1718.jpg@#@  The answer is yes.
COCO_train2014_000000101014.jpg@#@  The answer is yes.
swirly_0066.jpg@#@  The answer is yes.
COCO_train2014_000000163571.jpg@#@  The answer is yes.
COCO_train2014_000000047652.jpg@#@  The answer is yes.
bing_bg_2_1174.jpg@#@  The answer is yes.
COCO_train2014_000000141860.jpg@#@  The answer is yes.
meshed_0150.jpg@#@  The answer is yes.
COCO_train2014_000000186563.jpg@#@  The answer is yes.
flickr_bg_0719.jpg@#@  The answer is yes.
COCO_train2014_000000092006.jpg@#@  The answer is yes.
COCO_train2014_000000016364.jpg@#@  The answer is yes.
COCO_train2014_000000031329.jpg@#@  The answer is yes.
COCO_train2014_000000055712.jpg@#@  The answer is yes.
COCO_train2014_000000178798.jpg@#@  The answer is yes.
COCO_train2014_000000085092.jpg@#@  The answer is yes.
bing_bg_2_0502.jpg@#@  The answer is yes.
flecked_0055.jpg@#@  The answer is yes.
flickr_bg_0781.jpg@#@  The answer is yes.
bing_bg_1_0181.jpg@#@  The answer is yes.
sun_batvpigrgmeznuvl.jpg@#@  The answer is yes.
bing_bg_1_0073.jpg@#@  The answer is yes.
COCO_train2014_000000187752.jpg@#@  The answer is yes.
flickr_bg_0450.jpg@#@  The answer is yes.
COCO_train2014_000000011265.jpg@#@  The answer is yes.
bing_bg_3_3483.jpg@#@  The answer is no.
flickr_bg_0628.jpg@#@  The answer is yes.
smeared_0057.jpg@#@  The answer is yes.
striped_0004.jpg@#@  The answer is yes.
COCO_train2014_000000044818.jpg@#@  The answer is yes.
COCO_train2014_000000111422.jpg@#@  The answer is yes.
sun_aabanfrsxsmhkcsn.jpg@#@  The answer is yes.
bing_bg_3_3500.jpg@#@  The answer is yes.
bing_bg_3_3194.jpg@#@  The answer is yes.
COCO_train2014_000000073163.jpg@#@  The answer is yes.
COCO_train2014_000000060720.jpg@#@  The answer is yes.
sun_agkaqisoznslwilz.jpg@#@  The answer is yes.
bing_bg_1_0308.jpg@#@  The answer is yes.
COCO_train2014_000000130786.jpg@#@  The answer is yes.
COCO_train2014_000000001386.jpg@#@  The answer is yes.
bing_bg_3_0242.jpg@#@  The answer is yes.
COCO_train2014_000000086169.jpg@#@  The answer is yes.
COCO_train2014_000000181208.jpg@#@  The answer is yes.
COCO_train2014_000000055128.jpg@#@  The answer is yes.
COCO_train2014_000000108862.jpg@#@  The answer is yes.
sun_aygkpwusdqbpxias.jpg@#@  The answer is yes.
COCO_train2014_000000180670.jpg@#@  The answer is yes.
chequered_0214.jpg@#@  The answer is yes.
studded_0209.jpg@#@  The answer is yes.
COCO_train2014_000000125120.jpg@#@  The answer is yes.
COCO_train2014_000000106525.jpg@#@  The answer is yes.
bing_bg_1_0098.jpg@#@  The answer is yes.
COCO_train2014_000000186906.jpg@#@  The answer is yes.
sun_afpnqehwapeidjtp.jpg@#@  The answer is yes.
flickr_bg_0863.jpg@#@  The answer is yes.
COCO_train2014_000000169732.jpg@#@  The answer is yes.
COCO_train2014_000000084295.jpg@#@  The answer is yes.
COCO_train2014_000000176536.jpg@#@  The answer is yes.
grid_0091.jpg@#@  The answer is yes.
bing_bg_2_1165.jpg@#@  The answer is yes.
COCO_train2014_000000016957.jpg@#@  The answer is yes.
COCO_train2014_000000078536.jpg@#@  The answer is yes.
COCO_train2014_000000027718.jpg@#@  The answer is yes.
bing_bg_3_0214.jpg@#@  The answer is yes.
bing_bg_2_1247.jpg@#@  The answer is yes.
COCO_train2014_000000155496.jpg@#@  The answer is yes.
swirly_0114.jpg@#@  The answer is yes.
COCO_train2014_000000000419.jpg@#@  The answer is yes.
bing_bg_1_0053.jpg@#@  The answer is yes.
COCO_train2014_000000105520.jpg@#@  The answer is yes.
bing_bg_3_2398.jpg@#@  The answer is no.
bing_bg_3_1492.jpg@#@  The answer is yes.
sun_adzymisuwgypbmao.jpg@#@  The answer is yes.
COCO_train2014_000000181885.jpg@#@  The answer is yes.
COCO_train2014_000000197568.jpg@#@  The answer is yes.
COCO_train2014_000000155993.jpg@#@  The answer is yes.
COCO_train2014_000000035265.jpg@#@  The answer is yes.
dotted_0206.jpg@#@  The answer is yes.
grooved_0102.jpg@#@  The answer is yes.
sun_awsnrirmgsmlijwh.jpg@#@  The answer is yes.
flickr_bg_0267.jpg@#@  The answer is yes.
COCO_train2014_000000187582.jpg@#@  The answer is yes.
bing_bg_3_3279.jpg@#@  The answer is yes.
bing_bg_3_0751.jpg@#@  The answer is yes.
COCO_train2014_000000143306.jpg@#@  The answer is yes.
COCO_train2014_000000142767.jpg@#@  The answer is yes.
COCO_train2014_000000045292.jpg@#@  The answer is yes.
gauzy_0175.jpg@#@  The answer is yes.
bing_bg_3_3696.jpg@#@  The answer is yes.
flickr_bg_0856.jpg@#@  The answer is yes.
COCO_train2014_000000131299.jpg@#@  The answer is yes.
swirly_0057.jpg@#@  The answer is yes.
bing_bg_3_2475.jpg@#@  The answer is yes.
stained_0125.jpg@#@  The answer is yes.
COCO_train2014_000000087987.jpg@#@  The answer is yes.
bing_bg_3_0386.jpg@#@  The answer is yes.
COCO_train2014_000000119755.jpg@#@  The answer is yes.
smeared_0028.jpg@#@  The answer is yes.
bing_bg_3_2100.jpg@#@  The answer is no.
COCO_train2014_000000128885.jpg@#@  The answer is yes.
street-3205265__340.jpg@#@  The answer is yes.
COCO_train2014_000000169032.jpg@#@  The answer is yes.
flickr_bg_0296.jpg@#@  The answer is yes.
bing_bg_3_1251.jpg@#@  The answer is yes.
pleated_0044.jpg@#@  The answer is yes.
bing_bg_2_1060.jpg@#@  The answer is yes.
COCO_train2014_000000013636.jpg@#@  The answer is yes.
opencountry_natu734.jpg@#@  The answer is yes.
COCO_train2014_000000091581.jpg@#@  The answer is yes.
COCO_train2014_000000151214.jpg@#@  The answer is yes.
COCO_train2014_000000111922.jpg@#@  The answer is yes.
bing_bg_2_0031.jpg@#@  The answer is yes.
spiralled_0036.jpg@#@  The answer is yes.
COCO_train2014_000000114541.jpg@#@  The answer is yes.
bing_bg_3_0190.jpg@#@  The answer is yes.
COCO_train2014_000000099372.jpg@#@  The answer is yes.
flickr_bg_0548.jpg@#@  The answer is yes.
COCO_train2014_000000195998.jpg@#@  The answer is yes.
bing_bg_3_1308.jpg@#@  The answer is yes.
COCO_train2014_000000143636.jpg@#@  The answer is yes.
bing_bg_3_1716.jpg@#@  The answer is yes.
COCO_train2014_000000009712.jpg@#@  The answer is yes.
potholed_0116.jpg@#@  The answer is yes.
bing_bg_2_0865.jpg@#@  The answer is no.
sun_aathpfgzhsozvzkr.jpg@#@  The answer is yes.
bing_bg_2_0376.jpg@#@  The answer is yes.
COCO_train2014_000000177974.jpg@#@  The answer is yes.
bing_bg_1_0210.jpg@#@  The answer is yes.
waffled_0157.jpg@#@  The answer is yes.
COCO_train2014_000000174012.jpg@#@  The answer is yes.
COCO_train2014_000000148802.jpg@#@  The answer is yes.
COCO_train2014_000000173198.jpg@#@  The answer is yes.
COCO_train2014_000000054868.jpg@#@  The answer is yes.
potholed_0075.jpg@#@  The answer is yes.
COCO_train2014_000000172197.jpg@#@  The answer is yes.
flickr_bg_0813.jpg@#@  The answer is yes.
COCO_train2014_000000093519.jpg@#@  The answer is yes.
COCO_train2014_000000145179.jpg@#@  The answer is yes.
bing_bg_3_2392.jpg@#@  The answer is yes.
COCO_train2014_000000158378.jpg@#@  The answer is yes.
cobwebbed_0161.jpg@#@  The answer is yes.
COCO_train2014_000000073904.jpg@#@  The answer is yes.
COCO_train2014_000000189805.jpg@#@  The answer is yes.
bing_bg_3_1966.jpg@#@  The answer is yes.
COCO_train2014_000000157480.jpg@#@  The answer is yes.
bubbly_0093.jpg@#@  The answer is yes.
flickr_bg_0352.jpg@#@  The answer is yes.
COCO_train2014_000000161719.jpg@#@  The answer is yes.
COCO_train2014_000000082246.jpg@#@  The answer is yes.
COCO_train2014_000000166481.jpg@#@  The answer is yes.
COCO_train2014_000000092661.jpg@#@  The answer is yes.
COCO_train2014_000000107129.jpg@#@  The answer is yes.
COCO_train2014_000000003713.jpg@#@  The answer is yes.
COCO_train2014_000000080311.jpg@#@  The answer is yes.
COCO_train2014_000000180386.jpg@#@  The answer is yes.
COCO_train2014_000000158036.jpg@#@  The answer is yes.
bing_bg_3_3222.jpg@#@  The answer is yes.
COCO_train2014_000000068717.jpg@#@  The answer is yes.
COCO_train2014_000000149305.jpg@#@  The answer is yes.
sun_bsxzhodfddzjcfte.jpg@#@  The answer is yes.
bing_bg_3_3350.jpg@#@  The answer is no.
paisley_0112.jpg@#@  The answer is yes.
COCO_train2014_000000171422.jpg@#@  The answer is yes.
COCO_train2014_000000012891.jpg@#@  The answer is yes.
COCO_train2014_000000101310.jpg@#@  The answer is yes.
COCO_train2014_000000111148.jpg@#@  The answer is yes.
COCO_train2014_000000090830.jpg@#@  The answer is yes.
bing_bg_3_1513.jpg@#@  The answer is yes.
COCO_train2014_000000056480.jpg@#@  The answer is yes.
COCO_train2014_000000135989.jpg@#@  The answer is yes.
COCO_train2014_000000168690.jpg@#@  The answer is yes.
COCO_train2014_000000185258.jpg@#@  The answer is yes.
COCO_train2014_000000152269.jpg@#@  The answer is yes.
COCO_train2014_000000194698.jpg@#@  The answer is yes.
COCO_train2014_000000154111.jpg@#@  The answer is yes.
COCO_train2014_000000153909.jpg@#@  The answer is yes.
sun_awkqctkfgtrfbcfs.jpg@#@  The answer is yes.
bing_bg_3_2170.jpg@#@  The answer is yes.
COCO_train2014_000000175703.jpg@#@  The answer is yes.
COCO_train2014_000000172392.jpg@#@  The answer is yes.
sun_afxqmketxquqoquo.jpg@#@  The answer is yes.
bing_bg_2_0146.jpg@#@  The answer is yes.
COCO_train2014_000000054065.jpg@#@  The answer is yes.
COCO_train2014_000000164772.jpg@#@  The answer is yes.
sun_afskvoypphiiakxz.jpg@#@  The answer is yes.
COCO_train2014_000000156630.jpg@#@  The answer is yes.
COCO_train2014_000000035427.jpg@#@  The answer is yes.
flickr_bg_0241.jpg@#@  The answer is yes.
COCO_train2014_000000170689.jpg@#@  The answer is yes.
bing_bg_3_0655.jpg@#@  The answer is yes.
bing_bg_3_0194.jpg@#@  The answer is yes.
bing_bg_3_1394.jpg@#@  The answer is no.
mountain_n295039.jpg@#@  The answer is yes.
COCO_train2014_000000153677.jpg@#@  The answer is yes.
COCO_train2014_000000161051.jpg@#@  The answer is yes.
bing_bg_3_2766.jpg@#@  The answer is yes.
COCO_train2014_000000080441.jpg@#@  The answer is yes.
COCO_train2014_000000126433.jpg@#@  The answer is yes.
COCO_train2014_000000090237.jpg@#@  The answer is yes.
bing_bg_3_0808.jpg@#@  The answer is yes.
COCO_train2014_000000048047.jpg@#@  The answer is yes.
sun_adzlnyobejmgfbtm.jpg@#@  The answer is yes.
bing_bg_3_0705.jpg@#@  The answer is yes.
COCO_train2014_000000119423.jpg@#@  The answer is yes.
COCO_train2014_000000103332.jpg@#@  The answer is yes.
COCO_train2014_000000072263.jpg@#@  The answer is yes.
COCO_train2014_000000059024.jpg@#@  The answer is yes.
bing_bg_2_0949.jpg@#@  The answer is yes.
bing_bg_2_0585.jpg@#@  The image captures a large crowd of people [0.002,0.438,0.998,0.836] at a concert, with the audience members [0.002,0.438,0.998,0.836] waving their arms [0.002,0.558,0.998,0.836] in the air. The concert is held in a stadium with a stage, and the audience members are actively participating in the event.
honeycombed_0080.jpg@#@  The answer is yes.
COCO_train2014_000000170982.jpg@#@  The answer is yes.
COCO_train2014_000000156197.jpg@#@  The answer is yes.
COCO_train2014_000000038274.jpg@#@  The answer is yes.
COCO_train2014_000000014502.jpg@#@  The answer is yes.
COCO_train2014_000000010877.jpg@#@  The answer is yes.
COCO_train2014_000000092957.jpg@#@  The answer is yes.
COCO_train2014_000000134144.jpg@#@  The answer is yes.
marbled_0121.jpg@#@  The answer is no.
COCO_train2014_000000018439.jpg@#@  The answer is yes.
COCO_train2014_000000008776.jpg@#@  The answer is yes.
bing_bg_2_0448.jpg@#@  The answer is yes.
COCO_train2014_000000033888.jpg@#@  The answer is yes.
bing_bg_3_2391.jpg@#@  The answer is yes.
honeycombed_0146.jpg@#@  The answer is yes.
COCO_train2014_000000113725.jpg@#@  The answer is yes.
COCO_train2014_000000041818.jpg@#@  The answer is yes.
flickr_bg_0483.jpg@#@  The answer is yes.
COCO_train2014_000000138347.jpg@#@  The answer is yes.
COCO_train2014_000000188757.jpg@#@  The answer is yes.
COCO_train2014_000000021942.jpg@#@  The answer is yes.
flickr_bg_0333.jpg@#@  The answer is yes.
COCO_train2014_000000068895.jpg@#@  The answer is yes.
COCO_train2014_000000094770.jpg@#@  The answer is yes.
sun_aaqkmeplqshccetc.jpg@#@  The answer is yes.
COCO_train2014_000000058281.jpg@#@  The answer is yes.
COCO_train2014_000000125718.jpg@#@  The answer is yes.
COCO_train2014_000000132000.jpg@#@  The answer is yes.
COCO_train2014_000000112992.jpg@#@  The answer is yes.
bing_bg_2_0426.jpg@#@  The answer is yes.
bing_bg_3_3082.jpg@#@  The answer is yes.
COCO_train2014_000000157512.jpg@#@  The answer is yes.
COCO_train2014_000000127342.jpg@#@  The answer is yes.
sun_awpzupsclixjrohw.jpg@#@  The answer is yes.
crystalline_0212.jpg@#@  The answer is yes.
sun_ahmbavcnvqqrvlbf.jpg@#@  The answer is yes.
bing_bg_2_0999.jpg@#@  The answer is yes.
COCO_train2014_000000154911.jpg@#@  The answer is yes.
pitted_0081.jpg@#@  The answer is yes.
COCO_train2014_000000106646.jpg@#@  The answer is yes.
COCO_train2014_000000160890.jpg@#@  The answer is yes.
flickr_bg_0404.jpg@#@  The answer is no.
flickr_bg_0838.jpg@#@  The answer is yes.
bing_bg_3_0475.jpg@#@  The answer is yes.
COCO_train2014_000000108282.jpg@#@  The answer is yes.
bing_bg_3_2538.jpg@#@  The answer is yes.
COCO_train2014_000000153204.jpg@#@  The answer is yes.
sun_aavdprprnrxfisth.jpg@#@  The answer is yes.
COCO_train2014_000000169962.jpg@#@  The answer is yes.
COCO_train2014_000000081748.jpg@#@  The answer is yes.
COCO_train2014_000000062204.jpg@#@  The answer is yes.
bing_bg_1_0142.jpg@#@  The answer is yes.
flecked_0045.jpg@#@  The answer is yes.
COCO_train2014_000000175112.jpg@#@  The answer is yes.
veined_0105.jpg@#@  The answer is yes.
COCO_train2014_000000104493.jpg@#@  The answer is yes.
COCO_train2014_000000059611.jpg@#@  The answer is yes.
COCO_train2014_000000024712.jpg@#@  The answer is yes.
COCO_train2014_000000101510.jpg@#@  The answer is yes.
sprinkled_0041.jpg@#@  The answer is yes.
blur-1853234__340.jpg@#@  The answer is yes.
COCO_train2014_000000172010.jpg@#@  The answer is yes.
COCO_train2014_000000147983.jpg@#@  The answer is yes.
bing_bg_2_0456.jpg@#@  The answer is no.
COCO_train2014_000000115544.jpg@#@  The answer is yes.
sun_aayljfaklgkflplo.jpg@#@  The answer is yes.
COCO_train2014_000000164491.jpg@#@  The answer is yes.
bing_bg_3_1368.jpg@#@  The answer is yes.
COCO_train2014_000000151564.jpg@#@  The answer is yes.
COCO_train2014_000000051478.jpg@#@  The answer is yes.
bing_bg_2_0004.jpg@#@  The answer is yes.
bing_bg_3_3663.jpg@#@  The answer is yes.
COCO_train2014_000000056262.jpg@#@  The answer is yes.
COCO_train2014_000000122352.jpg@#@  The answer is yes.
bing_bg_3_4393.jpg@#@  The answer is yes.
COCO_train2014_000000105643.jpg@#@  The answer is yes.
sun_bsneivannumlsycg.jpg@#@  The answer is yes.
petersburg-2805505__340.jpg@#@  The answer is yes.
COCO_train2014_000000099070.jpg@#@  The answer is yes.
bing_bg_1_0069.jpg@#@  The answer is yes.
COCO_train2014_000000013143.jpg@#@  The answer is yes.
sun_adfyjfzitahxgcaf.jpg@#@  The answer is yes.
zigzagged_0126.jpg@#@  The answer is yes.
sun_aedsxrjlrkvzfozb.jpg@#@  The answer is yes.
sun_admrfwgvfpkevxyo.jpg@#@  The answer is yes.
flickr_bg_0713.jpg@#@  The answer is yes.
COCO_train2014_000000071265.jpg@#@  The answer is yes.
bing_bg_3_2271.jpg@#@  The answer is no.
COCO_train2014_000000104177.jpg@#@  The answer is yes.
perforated_0170.jpg@#@  The answer is yes.
porous_0061.jpg@#@  The answer is yes.
sun_azinpcbybhautmoo.jpg@#@  The answer is yes.
COCO_train2014_000000100331.jpg@#@  The answer is yes.
bing_bg_3_1445.jpg@#@  The answer is yes.
bing_bg_3_2338.jpg@#@  The answer is yes.
bing_bg_2_0798.jpg@#@  The answer is yes.
woodland-656969__340.jpg@#@  The answer is yes.
COCO_train2014_000000007713.jpg@#@  The answer is yes.
alley-1846778__340.jpg@#@  The answer is yes.
stratified_0149.jpg@#@  The answer is yes.
COCO_train2014_000000071769.jpg@#@  The answer is yes.
cobwebbed_0106.jpg@#@  The answer is yes.
COCO_train2014_000000178484.jpg@#@  The answer is yes.
COCO_train2014_000000177355.jpg@#@  The answer is yes.
COCO_train2014_000000008014.jpg@#@  The answer is yes.
COCO_train2014_000000019994.jpg@#@  The answer is yes.
COCO_train2014_000000053351.jpg@#@  The answer is yes.
COCO_train2014_000000062547.jpg@#@  The answer is yes.
bing_bg_1_0068.jpg@#@  The answer is yes.
COCO_train2014_000000150367.jpg@#@  The answer is yes.
swirly_0156.jpg@#@  The answer is yes.
COCO_train2014_000000142629.jpg@#@  The answer is yes.
COCO_train2014_000000194346.jpg@#@  The answer is yes.
bing_bg_3_3178.jpg@#@  The answer is yes.
COCO_train2014_000000161823.jpg@#@  The answer is yes.
bing_bg_3_0570.jpg@#@  The answer is yes.
COCO_train2014_000000050878.jpg@#@  The answer is yes.
bing_bg_3_1647.jpg@#@  The answer is yes.
bing_bg_3_0766.jpg@#@  The answer is yes.
COCO_train2014_000000175383.jpg@#@  The answer is yes.
bing_bg_3_2816.jpg@#@  The answer is yes.
COCO_train2014_000000082705.jpg@#@  The answer is yes.
COCO_train2014_000000105933.jpg@#@  The answer is yes.
flickr_bg_0434.jpg@#@  The answer is yes.
crystalline_0126.jpg@#@  The answer is yes.
bing_bg_1_0242.jpg@#@  The answer is yes.
COCO_train2014_000000039733.jpg@#@  The answer is yes.
flickr_bg_0616.jpg@#@  The answer is yes.
bing_bg_2_1207.jpg@#@  The answer is yes.
COCO_train2014_000000054541.jpg@#@  The answer is yes.
COCO_train2014_000000065668.jpg@#@  The answer is yes.
sun_auujpqqvtynreqij.jpg@#@  The answer is yes.
cracked_0147.jpg@#@  The answer is yes.
COCO_train2014_000000157199.jpg@#@  The answer is yes.
bing_bg_2_0440.jpg@#@  The answer is yes.
COCO_train2014_000000079783.jpg@#@  The answer is yes.
scaly_0125.jpg@#@  The answer is yes.
COCO_train2014_000000000531.jpg@#@  The answer is yes.
bing_bg_3_1729.jpg@#@  The answer is yes.
bing_bg_3_0811.jpg@#@  The answer is yes.
bing_bg_1_0450.jpg@#@  The answer is yes.
bing_bg_3_2998.jpg@#@  The answer is yes.
blotchy_0031.jpg@#@  The answer is yes.
knitted_0204.jpg@#@  The answer is yes.
bing_bg_1_0331.jpg@#@  The answer is yes.
COCO_train2014_000000117884.jpg@#@  The answer is yes.
COCO_train2014_000000183517.jpg@#@  The answer is yes.
COCO_train2014_000000014886.jpg@#@  The answer is yes.
COCO_train2014_000000175459.jpg@#@  The answer is yes.
COCO_train2014_000000178242.jpg@#@  The answer is yes.
COCO_train2014_000000127122.jpg@#@  The answer is yes.
bing_bg_3_3507.jpg@#@  The answer is yes.
COCO_train2014_000000005632.jpg@#@  The answer is yes.
COCO_train2014_000000027974.jpg@#@  The answer is yes.
sun_adijivjifiuqtncf.jpg@#@  The answer is yes.
COCO_train2014_000000183957.jpg@#@  The answer is yes.
blotchy_0115.jpg@#@  The answer is yes.
bing_bg_3_2414.jpg@#@  The answer is yes.
COCO_train2014_000000023315.jpg@#@  The answer is yes.
COCO_train2014_000000174573.jpg@#@  The answer is yes.
interlaced_0104.jpg@#@  The answer is yes.
matted_0122.jpg@#@  The answer is yes.
braided_0192.jpg@#@  The answer is yes.
COCO_train2014_000000015110.jpg@#@  The answer is yes.
COCO_train2014_000000167996.jpg@#@  The answer is yes.
COCO_train2014_000000192114.jpg@#@  The answer is yes.
frilly_0018.jpg@#@  The answer is yes.
bing_bg_3_2458.jpg@#@  The answer is yes.
sun_ahdpooxomlufkwpm.jpg@#@  The answer is yes.
COCO_train2014_000000186699.jpg@#@  The answer is yes.
sun_axprywjzcaldwyiu.jpg@#@  The answer is yes.
grooved_0046.jpg@#@  The answer is yes.
COCO_train2014_000000054260.jpg@#@  The answer is yes.
COCO_train2014_000000042972.jpg@#@  The answer is yes.
COCO_train2014_000000188556.jpg@#@  The answer is yes.
COCO_train2014_000000191031.jpg@#@  The answer is yes.
flickr_bg_0205.jpg@#@  The answer is yes.
mountain_n736023.jpg@#@  The answer is yes.
COCO_train2014_000000037852.jpg@#@  The answer is yes.
bumpy_0201.jpg@#@  The answer is yes.
COCO_train2014_000000038722.jpg@#@  The answer is yes.
COCO_train2014_000000040891.jpg@#@  The answer is yes.
COCO_train2014_000000004488.jpg@#@  The answer is yes.
cracked_0167.jpg@#@  The answer is yes.
COCO_train2014_000000052030.jpg@#@  The answer is yes.
bing_bg_3_2468.jpg@#@  The answer is yes.
swirly_0079.jpg@#@  The answer is yes.
COCO_train2014_000000042707.jpg@#@  The answer is yes.
bing_bg_2_0530.jpg@#@  The answer is yes.
COCO_train2014_000000195449.jpg@#@  The answer is yes.
COCO_train2014_000000033494.jpg@#@  The answer is yes.
architecture-3021884__340.jpg@#@  The answer is yes.
COCO_train2014_000000121446.jpg@#@  The answer is yes.
sun_aeecepqxqtlgfrui.jpg@#@  The answer is yes.
cobwebbed_0154.jpg@#@  The answer is yes.
bing_bg_1_0038.jpg@#@  The answer is yes.
COCO_train2014_000000158786.jpg@#@  The answer is yes.
COCO_train2014_000000081379.jpg@#@  The answer is yes.
COCO_train2014_000000187442.jpg@#@  The answer is yes.
wrinkled_0110.jpg@#@  The answer is yes.
COCO_train2014_000000075747.jpg@#@  The answer is yes.
COCO_train2014_000000083869.jpg@#@  The answer is yes.
COCO_train2014_000000114169.jpg@#@  The answer is yes.
COCO_train2014_000000002258.jpg@#@  The answer is yes.
bing_bg_3_1124.jpg@#@  The answer is no.
swirly_0117.jpg@#@  The answer is yes.
COCO_train2014_000000183240.jpg@#@  The answer is yes.
COCO_train2014_000000177748.jpg@#@  The answer is yes.
flickr_bg_0282.jpg@#@  The answer is yes.
COCO_train2014_000000084174.jpg@#@  The answer is yes.
sun_adnvkippdfzkiwfm.jpg@#@  The answer is yes.
sun_agsazaahijipocpc.jpg@#@  The answer is yes.
bing_bg_3_0309.jpg@#@  The answer is yes.
COCO_train2014_000000109778.jpg@#@  The answer is yes.
sun_dqpufmiwrqbtcteg.jpg@#@  The answer is yes.
COCO_train2014_000000111673.jpg@#@  The answer is yes.
COCO_train2014_000000197071.jpg@#@  The answer is yes.
flickr_bg_0701.jpg@#@  The answer is yes.
COCO_train2014_000000194235.jpg@#@  The answer is yes.
bing_bg_3_1523.jpg@#@  The answer is yes.
flickr_bg_0353.jpg@#@  The answer is yes.
bing_bg_1_0092.jpg@#@  The answer is yes.
meshed_0191.jpg@#@  The answer is yes.
sun_bzndxpvljvbjigjq.jpg@#@  The answer is yes.
COCO_train2014_000000018780.jpg@#@  The answer is yes.
COCO_train2014_000000189646.jpg@#@  The answer is yes.
flickr_bg_0490.jpg@#@  The answer is yes.
COCO_train2014_000000177193.jpg@#@  The answer is yes.
swirly_0063.jpg@#@  The answer is yes.
bing_bg_3_0558.jpg@#@  The answer is yes.
bing_bg_3_1096.jpg@#@  The answer is yes.
COCO_train2014_000000004823.jpg@#@  The answer is yes.
COCO_train2014_000000050003.jpg@#@  The answer is yes.
bing_bg_3_0278.jpg@#@  The answer is yes.
COCO_train2014_000000053143.jpg@#@  The answer is yes.
flickr_bg_0606.jpg@#@  The answer is yes.
COCO_train2014_000000208024.jpg@#@  The answer is yes.
bing_bg_3_2295.jpg@#@  The answer is no.
bing_bg_3_0694.jpg@#@  The answer is yes.
COCO_train2014_000000187153.jpg@#@  The answer is yes.
COCO_train2014_000000031922.jpg@#@  The answer is yes.
COCO_train2014_000000125351.jpg@#@  The answer is yes.
COCO_train2014_000000171155.jpg@#@  The answer is yes.
bing_bg_3_0643.jpg@#@  The answer is yes.
bing_bg_2_0103.jpg@#@  The answer is yes.
bing_bg_2_0254.jpg@#@  The answer is yes.
COCO_train2014_000000140865.jpg@#@  The answer is yes.
waffled_0189.jpg@#@  The answer is yes.
bing_bg_2_0099.jpg@#@  The answer is yes.
bing_bg_3_0859.jpg@#@  The answer is yes.
grid_0080.jpg@#@  The answer is yes.
tunnel-2930773__340.jpg@#@  The answer is yes.
COCO_train2014_000000118404.jpg@#@  The answer is yes.
COCO_train2014_000000047022.jpg@#@  The answer is yes.
sun_ahtymmdypyqqmthn.jpg@#@  The answer is yes.
COCO_train2014_000000126808.jpg@#@  The answer is yes.
COCO_train2014_000000036567.jpg@#@  The answer is yes.
trees-2602588__340.jpg@#@  The answer is yes.
spiralled_0025.jpg@#@  The answer is yes.
COCO_train2014_000000147753.jpg@#@  The answer is yes.
sun_aywoiibcnndcnzjf.jpg@#@  The answer is yes.
potholed_0107.jpg@#@  The answer is yes.
tunnel-2588054__340.jpg@#@  The answer is yes.
COCO_train2014_000000132529.jpg@#@  The answer is yes.
bing_bg_2_0906.jpg@#@  The answer is yes.
bing_bg_3_2510.jpg@#@  The answer is no.
sun_aboqqlnpqcqfghfo.jpg@#@  The answer is yes.
sun_baomrolzzhficrtp.jpg@#@  The answer is yes.
COCO_train2014_000000066862.jpg@#@  The answer is yes.
bing_bg_1_0313.jpg@#@  The answer is yes.
COCO_train2014_000000011403.jpg@#@  The answer is yes.
COCO_train2014_000000099476.jpg@#@  The answer is yes.
bing_bg_3_0672.jpg@#@  The answer is yes.
COCO_train2014_000000067748.jpg@#@  The answer is yes.
fibrous_0141.jpg@#@  The answer is yes.
COCO_train2014_000000113598.jpg@#@  The answer is yes.
COCO_train2014_000000521025.jpg@#@  The answer is yes.
bing_bg_3_3012.jpg@#@  The answer is yes.
tree-3168822__340.jpg@#@  The answer is yes.
COCO_train2014_000000123891.jpg@#@  The answer is yes.
COCO_train2014_000000135345.jpg@#@  The answer is yes.
COCO_train2014_000000072998.jpg@#@  The answer is yes.
COCO_train2014_000000176923.jpg@#@  The answer is yes.
COCO_train2014_000000155869.jpg@#@  The answer is yes.
bing_bg_1_0328.jpg@#@  The answer is yes.
COCO_train2014_000000116010.jpg@#@  The answer is yes.
COCO_train2014_000000030288.jpg@#@  The answer is yes.
sun_abdwxdewjhuvunym.jpg@#@  The answer is yes.
COCO_train2014_000000012109.jpg@#@  The answer is yes.
COCO_train2014_000000066164.jpg@#@  The answer is yes.
sun_axbqruhyafpbxpst.jpg@#@  The answer is yes.
COCO_train2014_000000192710.jpg@#@  The answer is yes.
flickr_bg_0414.jpg@#@  The answer is yes.
scaly_0223.jpg@#@  The answer is yes.
braided_0109.jpg@#@  The answer is yes.
architecture-1850850__340.jpg@#@  The answer is yes.
COCO_train2014_000000144597.jpg@#@  The answer is yes.
COCO_train2014_000000159926.jpg@#@  The answer is yes.
COCO_train2014_000000076541.jpg@#@  The answer is yes.
bing_bg_3_3030.jpg@#@  The answer is yes.
COCO_train2014_000000121769.jpg@#@  The answer is yes.
COCO_train2014_000000128647.jpg@#@  The answer is yes.
flickr_bg_0010.jpg@#@  The answer is yes.
COCO_train2014_000000163101.jpg@#@  The answer is yes.
COCO_train2014_000000127744.jpg@#@  The answer is yes.
COCO_train2014_000000117555.jpg@#@  The answer is yes.
bumpy_0135.jpg@#@  The answer is yes.
interlaced_0198.jpg@#@  The answer is yes.
COCO_train2014_000000144965.jpg@#@  The answer is yes.
coast_cdmc951.jpg@#@  The answer is yes.
COCO_train2014_000000084786.jpg@#@  The answer is yes.
bumpy_0178.jpg@#@  The answer is yes.
bing_bg_1_0303.jpg@#@  The answer is no.
bing_bg_3_1444.jpg@#@  The answer is yes.
bing_bg_3_0982.jpg@#@  The answer is yes.
swirly_0123.jpg@#@  The answer is yes.
COCO_train2014_000000036968.jpg@#@  The answer is yes.
COCO_train2014_000000157693.jpg@#@  The answer is yes.
matted_0159.jpg@#@  The answer is yes.
architecture-2558191__340.jpg@#@  The answer is yes.
bing_bg_3_3765.jpg@#@  The answer is yes.
COCO_train2014_000000010083.jpg@#@  The answer is yes.
COCO_train2014_000000114326.jpg@#@  The answer is yes.
flickr_bg_0999.jpg@#@  The answer is yes.
COCO_train2014_000000178152.jpg@#@  The answer is yes.
COCO_train2014_000000182258.jpg@#@  The answer is yes.
COCO_train2014_000000006842.jpg@#@  The answer is yes.
COCO_train2014_000000098503.jpg@#@  The answer is yes.
zigzagged_0128.jpg@#@  The answer is yes.
COCO_train2014_000000121943.jpg@#@  The answer is yes.
COCO_train2014_000000091006.jpg@#@  The answer is yes.
COCO_train2014_000000080857.jpg@#@  The answer is yes.
lantern-2586468__340.jpg@#@  The answer is yes.
COCO_train2014_000000052151.jpg@#@  The answer is yes.
COCO_train2014_000000150746.jpg@#@  The answer is yes.
bing_bg_3_3367.jpg@#@  The answer is yes.
COCO_train2014_000000169365.jpg@#@  The answer is yes.
bing_bg_3_2301.jpg@#@  The answer is yes.
COCO_train2014_000000088540.jpg@#@  The answer is yes.
COCO_train2014_000000032757.jpg@#@  The answer is yes.
cobwebbed_0079.jpg@#@  The answer is yes.
pleated_0098.jpg@#@  The answer is yes.
flickr_bg_0457.jpg@#@  The answer is yes.
COCO_train2014_000000197427.jpg@#@  The answer is yes.
smeared_0131.jpg@#@  The answer is yes.
bing_bg_1_0261.jpg@#@  The answer is yes.
COCO_train2014_000000096497.jpg@#@  The answer is yes.
COCO_train2014_000000001926.jpg@#@  The answer is yes.
sun_awhsntyjdsqbntyr.jpg@#@  The answer is yes.
bing_bg_1_0217.jpg@#@  The answer is no.
smeared_0119.jpg@#@  The answer is yes.
COCO_train2014_000000081842.jpg@#@  The answer is yes.
paisley_0074.jpg@#@  The answer is yes.
coast_cdmc871.jpg@#@  The answer is yes.
COCO_train2014_000000095506.jpg@#@  The answer is yes.
bing_bg_3_0058.jpg@#@  The answer is yes.
los-angeles-2525088__340.jpg@#@  The answer is yes.
COCO_train2014_000000002860.jpg@#@  The answer is yes.
COCO_train2014_000000039065.jpg@#@  The answer is yes.
bing_bg_3_4130.jpg@#@  The answer is yes.
bing_bg_3_0272.jpg@#@  The answer is yes.
COCO_train2014_000000139625.jpg@#@  The answer is yes.
potholed_0002.jpg@#@  The answer is yes.
COCO_train2014_000000115003.jpg@#@  The answer is yes.
COCO_train2014_000000191561.jpg@#@  The answer is yes.
COCO_train2014_000000195797.jpg@#@  The answer is yes.
sun_ayloexckbvorfhyc.jpg@#@  The answer is yes.
flickr_bg_0645.jpg@#@  The answer is yes.
crystalline_0169.jpg@#@  The answer is yes.
sun_atozzzetbwhgttsp.jpg@#@  The answer is yes.
striped_0084.jpg@#@  The answer is yes.
sun_acxlzczckeemrbuu.jpg@#@  The answer is yes.
COCO_train2014_000000055517.jpg@#@  The answer is yes.
COCO_train2014_000000192878.jpg@#@  The answer is yes.
COCO_train2014_000000166998.jpg@#@  The answer is yes.
COCO_train2014_000000060245.jpg@#@  The answer is yes.
COCO_train2014_000000005115.jpg@#@  The answer is yes.
sun_aylngenppscqwwxm.jpg@#@  The answer is yes.
COCO_train2014_000000148677.jpg@#@  The answer is yes.
flickr_bg_0168.jpg@#@  The answer is yes.
architecture-3084317__340.jpg@#@  The answer is yes.
COCO_train2014_000000172597.jpg@#@  The answer is yes.
COCO_train2014_000000157744.jpg@#@  The answer is yes.
flickr_bg_0121.jpg@#@  The answer is yes.
COCO_train2014_000000026506.jpg@#@  The answer is yes.
COCO_train2014_000000009119.jpg@#@  The answer is yes.
bing_bg_2_0125.jpg@#@  The answer is no.
veined_0186.jpg@#@  The answer is yes.
bing_bg_3_2834.jpg@#@  The answer is yes.
COCO_train2014_000000012428.jpg@#@  The answer is yes.
flickr_bg_0179.jpg@#@  The answer is yes.
bing_bg_3_2540.jpg@#@  The answer is yes.
new-york-city-2543177__340.jpg@#@  The answer is yes.
sun_dypuplvomddsuogp.jpg@#@  The answer is yes.
COCO_train2014_000000017675.jpg@#@  The answer is yes.
indoor-1.jpg@#@  The answer is yes.
scaly_0112.jpg@#@  The answer is yes.
bing_bg_1_0199.jpg@#@  The answer is yes.
COCO_train2014_000000185906.jpg@#@  The answer is yes.
COCO_train2014_000000055398.jpg@#@  The answer is yes.
COCO_train2014_000000094223.jpg@#@  The answer is yes.
bing_bg_3_3504.jpg@#@  The answer is yes.
freckled_0072.jpg@#@  The answer is yes.
COCO_train2014_000000120333.jpg@#@  The answer is yes.
potholed_0168.jpg@#@  The answer is yes.
flickr_bg_0887.jpg@#@  The answer is yes.
COCO_train2014_000000193479.jpg@#@  The answer is yes.
grid_0103.jpg@#@  The answer is yes.
scaly_0194.jpg@#@  The answer is yes.
sun_aavnxbgwcongmaji.jpg@#@  The answer is yes.
COCO_train2014_000000146510.jpg@#@  The answer is yes.
COCO_train2014_000000067248.jpg@#@  The answer is yes.
COCO_train2014_000000008553.jpg@#@  The answer is yes.
bing_bg_2_0048.jpg@#@  The answer is yes.
meshed_0113.jpg@#@  The answer is yes.
COCO_train2014_000000154680.jpg@#@  The answer is yes.
COCO_train2014_000000150192.jpg@#@  The answer is yes.
COCO_train2014_000000179039.jpg@#@  The answer is yes.
COCO_train2014_000000022326.jpg@#@  The answer is yes.
COCO_train2014_000000142051.jpg@#@  The answer is yes.
smeared_0142.jpg@#@  The answer is yes.
COCO_train2014_000000135475.jpg@#@  The answer is yes.
COCO_train2014_000000025746.jpg@#@  The answer is yes.
COCO_train2014_000000105820.jpg@#@  The answer is yes.
COCO_train2014_000000148208.jpg@#@  The answer is yes.
cracked_0099.jpg@#@  The answer is yes.
transport-system-3096999__340.jpg@#@  The answer is yes.
bing_bg_3_2369.jpg@#@  The answer is yes.
COCO_train2014_000000186196.jpg@#@  The answer is yes.
flickr_bg_0501.jpg@#@  The answer is yes.
COCO_train2014_000000069874.jpg@#@  The answer is yes.
atlanta-1948148__340.jpg@#@  The answer is yes.
flickr_bg_0823.jpg@#@  The answer is yes.
COCO_train2014_000000113370.jpg@#@  The answer is yes.
bubbly_0100.jpg@#@  The answer is yes.
sun_abrxjlbkfmnjtxiz.jpg@#@  The answer is yes.
interlaced_0144.jpg@#@  The answer is yes.
COCO_train2014_000000004662.jpg@#@  The answer is yes.
COCO_train2014_000000021622.jpg@#@  The answer is yes.
COCO_train2014_000000188352.jpg@#@  The answer is yes.
COCO_train2014_000000086655.jpg@#@  The answer is yes.
COCO_train2014_000000145538.jpg@#@  The answer is yes.
COCO_train2014_000000152501.jpg@#@  The answer is yes.
COCO_train2014_000000074411.jpg@#@  The answer is yes.
COCO_train2014_000000031090.jpg@#@  The answer is yes.
flickr_bg_0515.jpg@#@  The answer is yes.
bing_bg_3_3423.jpg@#@  The answer is yes.
COCO_train2014_000000069355.jpg@#@  The answer is yes.
COCO_train2014_000000010346.jpg@#@  The answer is yes.
wet-street-1032118__340.jpg@#@  The answer is yes.
bing_bg_2_0863.jpg@#@  The answer is yes.
bing_bg_3_1873.jpg@#@  The answer is yes.
COCO_train2014_000000139469.jpg@#@  The answer is yes.
COCO_train2014_000000045071.jpg@#@  The answer is yes.
COCO_train2014_000000078286.jpg@#@  The answer is yes.
bing_bg_2_0241.jpg@#@  The answer is yes.
sun_ahopevwsgmxprprz.jpg@#@  The answer is yes.
COCO_train2014_000000128278.jpg@#@  The answer is yes.
COCO_train2014_000000043750.jpg@#@  The answer is yes.
cinque-terre-2928723__340.jpg@#@  The answer is yes.
SOD_374067.jpg@#@  The answer is yes.
COCO_train2014_000000136310.jpg@#@  The answer is yes.
spiralled_0081.jpg@#@  The answer is yes.
bing_bg_3_1931.jpg@#@  The answer is yes.
bing_bg_3_1929.jpg@#@  The answer is yes.
bumpy_0110.jpg@#@  The answer is yes.
COCO_train2014_000000057199.jpg@#@  The answer is yes.
cracked_0130.jpg@#@  The answer is yes.
COCO_train2014_000000068152.jpg@#@  The answer is yes.
sun_azxyzeowntktztei.jpg@#@  The answer is yes.
sun_bpbabaozvescvkai.jpg@#@  The answer is yes.
COCO_train2014_000000052901.jpg@#@  The answer is yes.
bing_bg_3_1965.jpg@#@  The answer is yes.
bing_bg_3_2790.jpg@#@  The answer is yes.
flickr_bg_0224.jpg@#@  The answer is yes.
COCO_train2014_000000144093.jpg@#@  The answer is yes.
COCO_train2014_000000136700.jpg@#@  The answer is yes.
bing_bg_3_0649.jpg@#@  The answer is yes.
COCO_train2014_000000093332.jpg@#@  The answer is yes.
bing_bg_2_0060.jpg@#@  The answer is no.
COCO_train2014_000000095828.jpg@#@  The answer is yes.
COCO_train2014_000000171768.jpg@#@  The answer is yes.
bing_bg_3_2528.jpg@#@  The answer is yes.
woven_0129.jpg@#@  The answer is yes.
COCO_train2014_000000189996.jpg@#@  The answer is yes.
COCO_train2014_000000139915.jpg@#@  The answer is yes.
COCO_train2014_000000189156.jpg@#@  The answer is yes.
knitted_0197.jpg@#@  The answer is no.
swirly_0126.jpg@#@  The answer is yes.
COCO_train2014_000000152320.jpg@#@  The answer is yes.
COCO_train2014_000000152664.jpg@#@  The answer is yes.
sun_ahurrdfgkycdrytm.jpg@#@  The answer is yes.
smeared_0087.jpg@#@  The answer is yes.
yellow-2817102__340.jpg@#@  The answer is yes.
sun_adyzbkkzklgsmymj.jpg@#@  The answer is yes.
striped_0124.jpg@#@  The answer is yes.
COCO_train2014_000000165753.jpg@#@  The answer is yes.
bing_bg_3_4264.jpg@#@  The answer is yes.
marbled_0173.jpg@#@  The answer is no.
COCO_train2014_000000159118.jpg@#@  The answer is yes.
COCO_train2014_000000156910.jpg@#@  The answer is yes.
spiralled_0060.jpg@#@  The answer is yes.
COCO_train2014_000000118680.jpg@#@  The answer is yes.
bing_bg_3_2444.jpg@#@  The answer is yes.
porous_0115.jpg@#@  The answer is yes.
stained_0059.jpg@#@  The answer is yes.
COCO_train2014_000000058105.jpg@#@  The answer is yes.
veined_0072.jpg@#@  The answer is yes.
COCO_train2014_000000146926.jpg@#@  The answer is yes.
potholed_0089.jpg@#@  The answer is yes.
COCO_train2014_000000165883.jpg@#@  The answer is yes.
gauzy_0203.jpg@#@  The answer is no.
COCO_train2014_000000176194.jpg@#@  The answer is yes.
COCO_train2014_000000020770.jpg@#@  The answer is yes.
sun_ahvmpvcygotyxntk.jpg@#@  The answer is yes.
sun_aaaevyiuguntlerb.jpg@#@  The answer is yes.
sun_abiyxzwgkjnuroap.jpg@#@  The answer is yes.
