Can you point out the polyps in the image <image> and provide the coordinates of their locations?
117.png@#@[(0, 22, 571, 472)]
144.png@#@[(0, 22, 569, 485)]
279.png@#@[(72, 247, 264, 472)]
324.png@#@[(0, 22, 572, 481)]
229.png@#@[(88, 7, 538, 466)]
41.png@#@[(57, 26, 572, 462)]
227.png@#@[(91, 131, 370, 313)]
106.png@#@[(0, 22, 570, 476)]
56.png@#@[(59, 11, 539, 464)]
260.png@#@[(231, 258, 298, 322)]
195.png@#@[(0, 5, 569, 494)]
298.png@#@[(66, 29, 568, 480)]
134.png@#@[(0, 5, 572, 468)]
30.png@#@[(0, 22, 572, 495)]
119.png@#@[(0, 22, 571, 484)]
252.png@#@[(266, 212, 356, 318)]
224.png@#@[(59, 5, 543, 463)]
242.png@#@[(231, 258, 298, 322)]
155.png@#@[(0, 16, 574, 483)]
380.png@#@[(210, 23, 264, 66)]
126.png@#@[(56, 21, 569, 491)]
31.png@#@[(0, 22, 572, 470)]
151.png@#@[(0, 18, 571, 484)]
19.png@#@[(0, 14, 569, 484)]
319.png@#@[(0, 5, 574, 491)]
320.png@#@[(0, 22, 572, 480)]
185.png@#@[(0, 18, 569, 472)]
360.png@#@[(0, 22, 570, 481)]
288.png@#@[(231, 194, 541, 360)]
327.png@#@[(0, 22, 572, 476)]
262.png@#@[(66, 42, 568, 464)]
371.png@#@[(485, 283, 526, 337)]
209.png@#@[(59, 5, 569, 466)]
33.png@#@[(0, 22, 572, 476)]
139.png@#@[(0, 22, 572, 472)]
153.png@#@[(0, 18, 569, 478)]
60.png@#@[(112, 151, 273, 271)]
226.png@#@[(66, 37, 571, 487)]
108.png@#@[(0, 22, 572, 472)]
49.png@#@[(57, 3, 536, 466)]
150.png@#@[(173, 131, 367, 398)]
208.png@#@[(65, 100, 482, 466)]
263.png@#@[(231, 258, 298, 322)]
129.png@#@[(0, 16, 572, 491)]
184.png@#@[(123, 246, 222, 348)]
124.png@#@[(0, 0, 563, 491)]
190.png@#@[(0, 5, 569, 491)]
286.png@#@[(60, 160, 175, 235)]
296.png@#@[(285, 240, 313, 285)]
138.png@#@[(0, 22, 574, 481)]
287.png@#@[(66, 29, 539, 464)]
215.png@#@[(243, 223, 378, 392)]
256.png@#@[(66, 42, 568, 464)]
51.png@#@[(71, 4, 538, 476)]
143.png@#@[(0, 21, 574, 473)]
365.png@#@[(0, 5, 570, 491)]
196.png@#@[(84, 111, 222, 220)]
128.png@#@[(56, 207, 481, 378)]
97.png@#@[(0, 22, 571, 476)]
214.png@#@[(60, 18, 536, 462)]
79.png@#@[(0, 22, 572, 476)]
152.png@#@[(0, 18, 547, 495)]
353.png@#@[(0, 22, 570, 481)]
330.png@#@[(0, 22, 572, 481)]
69.png@#@[(378, 303, 451, 407)]
231.png@#@[(72, 34, 548, 472)]
340.png@#@[(0, 227, 414, 496)]
159.png@#@[(0, 5, 569, 470)]
9.png@#@[(0, 22, 574, 478)]
50.png@#@[(112, 264, 206, 318)]
53.png@#@[(59, 29, 553, 465)]
367.png@#@[(109, 177, 229, 261)]
147.png@#@[(0, 18, 569, 484)]
177.png@#@[(233, 197, 326, 279)]
271.png@#@[(0, 18, 571, 484)]
156.png@#@[(0, 69, 572, 470)]
29.png@#@[(0, 22, 569, 481)]
180.png@#@[(0, 5, 574, 476)]
219.png@#@[(60, 30, 572, 481)]
57.png@#@[(109, 127, 221, 227)]
120.png@#@[(0, 18, 574, 484)]
304.png@#@[(0, 29, 574, 465)]
333.png@#@[(203, 346, 450, 469)]
374.png@#@[(111, 183, 241, 445)]
82.png@#@[(0, 22, 572, 470)]
307.png@#@[(0, 20, 574, 476)]
98.png@#@[(0, 18, 569, 484)]
18.png@#@[(0, 16, 524, 476)]
43.png@#@[(113, 284, 141, 321)]
225.png@#@[(58, 3, 572, 493)]
338.png@#@[(60, 31, 458, 418)]
293.png@#@[(109, 298, 367, 448)]
3.png@#@[(0, 22, 574, 476)]
123.png@#@[(0, 22, 569, 485)]
284.png@#@[(59, 26, 541, 493)]
361.png@#@[(91, 26, 572, 493)]
113.png@#@[(0, 16, 572, 484)]
87.png@#@[(0, 6, 544, 476)]
77.png@#@[(0, 5, 545, 476)]
146.png@#@[(0, 22, 570, 491)]
59.png@#@[(66, 19, 568, 462)]
341.png@#@[(0, 22, 572, 476)]
116.png@#@[(0, 5, 569, 470)]
92.png@#@[(9, 6, 543, 475)]
283.png@#@[(109, 91, 432, 280)]
210.png@#@[(66, 5, 538, 464)]
289.png@#@[(285, 240, 313, 285)]
321.png@#@[(0, 22, 572, 485)]
112.png@#@[(32, 31, 571, 476)]
70.png@#@[(0, 16, 569, 472)]
302.png@#@[(0, 31, 572, 485)]
373.png@#@[(111, 131, 195, 227)]
47.png@#@[(57, 26, 553, 462)]
249.png@#@[(266, 212, 356, 318)]
248.png@#@[(231, 258, 298, 322)]
220.png@#@[(60, 117, 548, 470)]
16.png@#@[(123, 120, 572, 494)]
42.png@#@[(59, 29, 553, 466)]
316.png@#@[(0, 22, 572, 479)]
273.png@#@[(0, 23, 572, 479)]
38.png@#@[(0, 22, 572, 479)]
274.png@#@[(66, 160, 538, 462)]
84.png@#@[(0, 5, 540, 472)]
267.png@#@[(0, 5, 572, 472)]
76.png@#@[(0, 23, 572, 479)]
251.png@#@[(231, 258, 298, 322)]
261.png@#@[(266, 212, 356, 318)]
339.png@#@[(60, 20, 430, 365)]
238.png@#@[(244, 160, 406, 364)]
378.png@#@[(113, 126, 413, 407)]
325.png@#@[(0, 22, 568, 476)]
160.png@#@[(0, 6, 559, 475)]
358.png@#@[(0, 35, 570, 485)]
22.png@#@[(0, 23, 574, 468)]
275.png@#@[(59, 6, 568, 494)]
352.png@#@[(0, 22, 572, 481)]
65.png@#@[(0, 22, 571, 473)]
75.png@#@[(0, 26, 569, 479)]
73.png@#@[(1, 23, 572, 479)]
100.png@#@[(66, 246, 538, 494)]
175.png@#@[(0, 5, 569, 470)]
241.png@#@[(231, 162, 300, 261)]
345.png@#@[(0, 0, 572, 496)]
171.png@#@[(0, 22, 572, 477)]
45.png@#@[(59, 29, 541, 465)]
235.png@#@[(145, 376, 210, 458)]
250.png@#@[(66, 42, 568, 464)]
282.png@#@[(112, 98, 177, 175)]
162.png@#@[(0, 22, 572, 479)]
245.png@#@[(231, 258, 298, 322)]
149.png@#@[(0, 37, 569, 491)]
72.png@#@[(0, 22, 571, 481)]
132.png@#@[(0, 18, 574, 476)]
305.png@#@[(0, 29, 574, 465)]
354.png@#@[(0, 16, 572, 484)]
257.png@#@[(231, 258, 298, 322)]
337.png@#@[(0, 21, 574, 465)]
347.png@#@[(9, 12, 568, 473)]
55.png@#@[(59, 5, 557, 462)]
342.png@#@[(0, 22, 572, 476)]
130.png@#@[(0, 16, 572, 491)]
236.png@#@[(112, 299, 229, 424)]
26.png@#@[(0, 18, 574, 478)]
343.png@#@[(8, 34, 561, 470)]
136.png@#@[(0, 4, 556, 473)]
17.png@#@[(262, 184, 427, 364)]
312.png@#@[(0, 22, 574, 484)]
40.png@#@[(59, 11, 570, 491)]
364.png@#@[(382, 323, 450, 387)]
188.png@#@[(0, 18, 569, 484)]
105.png@#@[(0, 22, 572, 491)]
200.png@#@[(230, 182, 298, 245)]
142.png@#@[(0, 22, 574, 476)]
377.png@#@[(65, 5, 569, 493)]
348.png@#@[(0, 22, 572, 470)]
78.png@#@[(0, 22, 572, 470)]
355.png@#@[(0, 22, 574, 484)]
11.png@#@[(0, 22, 572, 468)]
25.png@#@[(0, 23, 574, 471)]
193.png@#@[(0, 5, 540, 476)]
191.png@#@[(0, 22, 569, 493)]
32.png@#@[(105, 255, 298, 456)]
166.png@#@[(0, 5, 569, 494)]
295.png@#@[(59, 6, 568, 494)]
5.png@#@[(0, 23, 572, 479)]
318.png@#@[(9, 23, 563, 468)]
328.png@#@[(0, 22, 570, 472)]
223.png@#@[(106, 26, 568, 486)]
192.png@#@[(0, 23, 574, 471)]
216.png@#@[(231, 292, 370, 387)]
58.png@#@[(72, 31, 572, 462)]
329.png@#@[(0, 22, 570, 481)]
237.png@#@[(187, 177, 368, 367)]
122.png@#@[(389, 37, 569, 422)]
326.png@#@[(0, 21, 572, 487)]
369.png@#@[(65, 176, 222, 314)]
299.png@#@[(72, 247, 264, 472)]
310.png@#@[(0, 30, 570, 468)]
264.png@#@[(0, 18, 571, 484)]
187.png@#@[(192, 177, 309, 252)]
2.png@#@[(0, 23, 574, 483)]
292.png@#@[(59, 99, 415, 466)]
66.png@#@[(0, 16, 569, 475)]
54.png@#@[(71, 247, 91, 266)]
189.png@#@[(0, 6, 569, 475)]
103.png@#@[(0, 22, 572, 500)]
336.png@#@[(0, 35, 381, 390)]
23.png@#@[(0, 22, 572, 481)]
68.png@#@[(0, 23, 572, 468)]
63.png@#@[(0, 22, 571, 479)]
281.png@#@[(0, 0, 574, 465)]
71.png@#@[(0, 11, 569, 470)]
115.png@#@[(0, 70, 570, 466)]
211.png@#@[(66, 6, 539, 494)]
46.png@#@[(113, 80, 236, 151)]
168.png@#@[(0, 23, 572, 479)]
253.png@#@[(66, 42, 568, 464)]
306.png@#@[(0, 22, 574, 481)]
290.png@#@[(243, 198, 499, 341)]
91.png@#@[(189, 246, 236, 310)]
313.png@#@[(0, 22, 570, 493)]
234.png@#@[(283, 245, 339, 322)]
85.png@#@[(230, 145, 336, 220)]
114.png@#@[(0, 22, 570, 479)]
52.png@#@[(68, 19, 547, 478)]
309.png@#@[(0, 16, 569, 491)]
280.png@#@[(0, 5, 569, 496)]
110.png@#@[(0, 22, 570, 491)]
36.png@#@[(0, 14, 569, 491)]
346.png@#@[(0, 6, 549, 491)]
291.png@#@[(231, 215, 427, 351)]
35.png@#@[(0, 22, 545, 476)]
303.png@#@[(0, 22, 572, 470)]
7.png@#@[(0, 5, 574, 491)]
372.png@#@[(106, 346, 195, 427)]
217.png@#@[(60, 29, 539, 479)]
48.png@#@[(59, 5, 557, 462)]
232.png@#@[(113, 322, 235, 449)]
300.png@#@[(0, 5, 569, 496)]
109.png@#@[(0, 22, 570, 495)]
121.png@#@[(171, 380, 190, 398)]
206.png@#@[(59, 6, 538, 471)]
314.png@#@[(0, 23, 572, 468)]
183.png@#@[(0, 5, 569, 476)]
203.png@#@[(0, 5, 569, 491)]
202.png@#@[(0, 6, 569, 494)]
362.png@#@[(66, 35, 568, 491)]
278.png@#@[(66, 29, 568, 480)]
174.png@#@[(164, 131, 264, 220)]
140.png@#@[(0, 3, 547, 495)]
99.png@#@[(0, 6, 544, 491)]
182.png@#@[(0, 5, 574, 470)]
111.png@#@[(56, 207, 543, 476)]
165.png@#@[(0, 5, 572, 476)]
161.png@#@[(0, 5, 569, 476)]
86.png@#@[(0, 23, 574, 478)]
104.png@#@[(0, 5, 544, 463)]
375.png@#@[(111, 39, 570, 471)]
197.png@#@[(0, 5, 569, 491)]
254.png@#@[(231, 258, 298, 322)]
276.png@#@[(285, 240, 313, 285)]
230.png@#@[(370, 207, 462, 380)]
240.png@#@[(112, 120, 252, 264)]
376.png@#@[(57, 5, 569, 491)]
12.png@#@[(0, 22, 570, 484)]
301.png@#@[(0, 23, 572, 479)]
213.png@#@[(66, 35, 539, 491)]
265.png@#@[(0, 23, 574, 483)]
80.png@#@[(0, 5, 544, 468)]
198.png@#@[(0, 5, 569, 476)]
246.png@#@[(266, 212, 356, 318)]
34.png@#@[(0, 14, 569, 491)]
335.png@#@[(0, 35, 352, 435)]
277.png@#@[(261, 159, 543, 352)]
158.png@#@[(0, 8, 569, 473)]
14.png@#@[(0, 22, 572, 470)]
315.png@#@[(0, 22, 572, 481)]
6.png@#@[(0, 16, 574, 484)]
21.png@#@[(0, 14, 569, 491)]
297.png@#@[(261, 159, 543, 352)]
101.png@#@[(0, 16, 572, 484)]
332.png@#@[(0, 95, 400, 463)]
270.png@#@[(0, 22, 571, 485)]
207.png@#@[(59, 15, 568, 448)]
88.png@#@[(0, 5, 572, 476)]
170.png@#@[(0, 22, 572, 500)]
154.png@#@[(0, 18, 574, 483)]
221.png@#@[(59, 29, 572, 487)]
212.png@#@[(261, 333, 430, 458)]
44.png@#@[(59, 19, 568, 470)]
176.png@#@[(185, 206, 312, 347)]
62.png@#@[(0, 23, 572, 487)]
118.png@#@[(0, 18, 574, 484)]
311.png@#@[(0, 22, 574, 464)]
173.png@#@[(0, 22, 569, 472)]
93.png@#@[(0, 5, 540, 478)]
357.png@#@[(2, 21, 574, 481)]
239.png@#@[(198, 145, 330, 302)]
205.png@#@[(66, 19, 536, 448)]
181.png@#@[(0, 5, 569, 494)]
24.png@#@[(0, 12, 545, 471)]
356.png@#@[(5, 23, 567, 470)]
64.png@#@[(0, 22, 569, 481)]
131.png@#@[(0, 22, 571, 479)]
272.png@#@[(0, 23, 574, 483)]
141.png@#@[(0, 5, 569, 491)]
102.png@#@[(0, 18, 571, 484)]
148.png@#@[(0, 6, 544, 491)]
370.png@#@[(113, 176, 187, 294)]
247.png@#@[(66, 42, 568, 464)]
317.png@#@[(0, 7, 572, 491)]
107.png@#@[(0, 22, 570, 476)]
28.png@#@[(0, 22, 572, 481)]
83.png@#@[(9, 23, 563, 476)]
125.png@#@[(0, 5, 544, 476)]
344.png@#@[(9, 26, 568, 480)]
243.png@#@[(266, 212, 356, 318)]
137.png@#@[(0, 5, 572, 468)]
39.png@#@[(59, 6, 537, 464)]
74.png@#@[(0, 22, 571, 472)]
20.png@#@[(0, 20, 545, 493)]
95.png@#@[(0, 22, 572, 470)]
10.png@#@[(0, 22, 547, 495)]
133.png@#@[(0, 14, 569, 475)]
172.png@#@[(0, 6, 569, 491)]
169.png@#@[(0, 23, 572, 468)]
359.png@#@[(0, 38, 569, 487)]
323.png@#@[(0, 22, 572, 481)]
135.png@#@[(0, 22, 572, 479)]
15.png@#@[(0, 20, 572, 479)]
285.png@#@[(59, 29, 541, 472)]
334.png@#@[(0, 83, 258, 416)]
363.png@#@[(111, 120, 252, 215)]
268.png@#@[(0, 22, 569, 468)]
179.png@#@[(0, 22, 574, 476)]
199.png@#@[(0, 16, 574, 468)]
178.png@#@[(0, 26, 569, 485)]
244.png@#@[(66, 42, 568, 464)]
204.png@#@[(66, 0, 538, 500)]
350.png@#@[(5, 20, 568, 475)]
157.png@#@[(0, 22, 547, 472)]
145.png@#@[(0, 5, 574, 476)]
222.png@#@[(113, 22, 572, 370)]
269.png@#@[(0, 18, 569, 468)]
258.png@#@[(266, 212, 356, 318)]
164.png@#@[(0, 5, 569, 478)]
366.png@#@[(114, 157, 243, 286)]
294.png@#@[(66, 160, 538, 462)]
1.png@#@[(227, 137, 309, 235)]
331.png@#@[(400, 355, 414, 380)]
322.png@#@[(0, 23, 572, 491)]
8.png@#@[(0, 18, 572, 484)]
96.png@#@[(298, 258, 388, 321)]
266.png@#@[(0, 18, 569, 484)]
233.png@#@[(187, 295, 267, 424)]
201.png@#@[(0, 5, 569, 476)]
81.png@#@[(0, 5, 544, 476)]
4.png@#@[(0, 22, 574, 470)]
89.png@#@[(151, 98, 309, 364)]
379.png@#@[(113, 185, 317, 382)]
90.png@#@[(0, 22, 570, 481)]
163.png@#@[(0, 22, 570, 472)]
194.png@#@[(0, 5, 540, 466)]
351.png@#@[(0, 22, 570, 481)]
186.png@#@[(0, 10, 574, 470)]
255.png@#@[(266, 212, 356, 318)]
368.png@#@[(164, 176, 191, 227)]
61.png@#@[(0, 16, 572, 484)]
349.png@#@[(12, 35, 536, 463)]
228.png@#@[(230, 74, 416, 235)]
13.png@#@[(0, 23, 574, 476)]
67.png@#@[(0, 11, 572, 470)]
308.png@#@[(0, 22, 572, 483)]
37.png@#@[(0, 16, 570, 470)]
94.png@#@[(0, 22, 572, 476)]
127.png@#@[(0, 22, 570, 491)]
218.png@#@[(66, 131, 424, 322)]
27.png@#@[(0, 22, 570, 481)]
259.png@#@[(66, 42, 568, 464)]
167.png@#@[(0, 22, 572, 481)]
