Can you point out the polyps in the image <image> and provide the coordinates of their locations?
117.png@#@[(519, 426, 1107, 862)]
144.png@#@[(22, 21, 1205, 928)]
41.png@#@[(0, 0, 1218, 955)]
106.png@#@[(0, 0, 1218, 955)]
56.png@#@[(0, 0, 1215, 952)]
195.png@#@[(0, 0, 1217, 955)]
134.png@#@[(249, 316, 367, 416)]
30.png@#@[(0, 0, 1225, 956)]
119.png@#@[(248, 347, 784, 819)]
155.png@#@[(0, 0, 1222, 952)]
126.png@#@[(22, 11, 1212, 956)]
31.png@#@[(15, 0, 1201, 950)]
151.png@#@[(12, 0, 1212, 955)]
19.png@#@[(12, 0, 1205, 952)]
185.png@#@[(0, 0, 1220, 955)]
33.png@#@[(0, 0, 1222, 955)]
139.png@#@[(0, 23, 1222, 950)]
153.png@#@[(0, 14, 1217, 952)]
60.png@#@[(0, 0, 1217, 948)]
108.png@#@[(0, 0, 1217, 948)]
49.png@#@[(53, 16, 1212, 948)]
150.png@#@[(0, 7, 1225, 955)]
129.png@#@[(0, 0, 1222, 952)]
184.png@#@[(0, 0, 1222, 955)]
124.png@#@[(13, 0, 1209, 952)]
190.png@#@[(360, 376, 578, 588)]
138.png@#@[(568, 365, 637, 441)]
51.png@#@[(0, 0, 1222, 952)]
143.png@#@[(22, 9, 1217, 948)]
196.png@#@[(0, 0, 1222, 952)]
128.png@#@[(0, 0, 1218, 959)]
97.png@#@[(53, 0, 1163, 938)]
79.png@#@[(654, 483, 727, 563)]
152.png@#@[(0, 0, 1222, 955)]
69.png@#@[(0, 0, 1217, 955)]
159.png@#@[(0, 0, 1217, 955)]
9.png@#@[(0, 2, 1217, 952)]
50.png@#@[(850, 526, 989, 728)]
53.png@#@[(316, 732, 482, 934)]
147.png@#@[(0, 0, 1225, 956)]
177.png@#@[(323, 210, 1048, 713)]
156.png@#@[(0, 0, 1222, 950)]
29.png@#@[(15, 0, 1201, 950)]
180.png@#@[(0, 21, 1215, 933)]
57.png@#@[(0, 2, 1215, 948)]
120.png@#@[(248, 322, 861, 899)]
82.png@#@[(0, 0, 1220, 952)]
98.png@#@[(0, 0, 1221, 955)]
18.png@#@[(12, 0, 1205, 948)]
43.png@#@[(0, 0, 1222, 955)]
3.png@#@[(13, 0, 1210, 955)]
123.png@#@[(22, 0, 1205, 952)]
113.png@#@[(519, 404, 1082, 860)]
87.png@#@[(0, 0, 1225, 959)]
77.png@#@[(810, 368, 867, 439)]
146.png@#@[(15, 23, 1222, 950)]
59.png@#@[(497, 169, 761, 439)]
116.png@#@[(463, 366, 1139, 901)]
92.png@#@[(2, 14, 1222, 948)]
112.png@#@[(0, 0, 1221, 955)]
70.png@#@[(17, 0, 1201, 952)]
47.png@#@[(49, 0, 1222, 952)]
16.png@#@[(12, 0, 1202, 948)]
42.png@#@[(0, 0, 1215, 957)]
38.png@#@[(0, 0, 1218, 955)]
84.png@#@[(720, 228, 1102, 581)]
76.png@#@[(810, 294, 889, 407)]
160.png@#@[(0, 0, 1222, 952)]
22.png@#@[(12, 14, 1180, 951)]
65.png@#@[(323, 171, 637, 376)]
75.png@#@[(916, 237, 1063, 399)]
73.png@#@[(0, 0, 1215, 955)]
100.png@#@[(0, 0, 1222, 956)]
175.png@#@[(0, 0, 1222, 952)]
171.png@#@[(0, 0, 1221, 955)]
45.png@#@[(53, 0, 1222, 952)]
162.png@#@[(377, 450, 663, 710)]
149.png@#@[(0, 5, 1217, 948)]
72.png@#@[(249, 355, 367, 483)]
132.png@#@[(0, 0, 1222, 956)]
55.png@#@[(0, 6, 1217, 950)]
130.png@#@[(0, 0, 1222, 955)]
26.png@#@[(13, 0, 1222, 950)]
136.png@#@[(612, 483, 825, 757)]
17.png@#@[(12, 0, 1222, 952)]
40.png@#@[(0, 0, 1218, 955)]
188.png@#@[(595, 157, 953, 360)]
105.png@#@[(0, 0, 1218, 955)]
142.png@#@[(0, 2, 1217, 952)]
78.png@#@[(688, 413, 759, 507)]
11.png@#@[(0, 2, 1163, 955)]
25.png@#@[(15, 0, 1218, 959)]
193.png@#@[(0, 0, 1218, 952)]
191.png@#@[(0, 0, 1222, 955)]
32.png@#@[(0, 2, 1217, 948)]
166.png@#@[(0, 26, 1222, 948)]
5.png@#@[(0, 0, 1218, 955)]
192.png@#@[(0, 0, 1222, 952)]
58.png@#@[(0, 0, 1215, 948)]
122.png@#@[(22, 5, 1167, 952)]
187.png@#@[(618, 161, 882, 357)]
2.png@#@[(0, 0, 1218, 955)]
66.png@#@[(294, 284, 808, 737)]
54.png@#@[(0, 21, 1222, 952)]
189.png@#@[(494, 260, 735, 558)]
103.png@#@[(22, 0, 1205, 952)]
23.png@#@[(242, 78, 774, 483)]
68.png@#@[(0, 0, 1217, 948)]
63.png@#@[(0, 0, 1217, 955)]
71.png@#@[(0, 0, 1218, 955)]
115.png@#@[(561, 416, 1085, 847)]
46.png@#@[(49, 0, 1222, 952)]
168.png@#@[(0, 26, 1222, 948)]
91.png@#@[(0, 2, 1222, 952)]
85.png@#@[(810, 399, 1119, 715)]
114.png@#@[(510, 413, 1139, 875)]
52.png@#@[(561, 389, 906, 867)]
110.png@#@[(0, 0, 1218, 955)]
36.png@#@[(17, 0, 1201, 950)]
35.png@#@[(0, 6, 1222, 952)]
7.png@#@[(0, 0, 1222, 952)]
48.png@#@[(0, 0, 1222, 955)]
109.png@#@[(0, 0, 1218, 955)]
121.png@#@[(22, 0, 1201, 950)]
183.png@#@[(592, 120, 894, 281)]
174.png@#@[(0, 0, 1221, 955)]
140.png@#@[(0, 2, 1222, 948)]
99.png@#@[(22, 2, 1205, 948)]
182.png@#@[(19, 63, 1171, 926)]
111.png@#@[(0, 0, 1221, 955)]
165.png@#@[(0, 14, 1222, 952)]
161.png@#@[(0, 0, 1222, 952)]
86.png@#@[(0, 0, 1222, 952)]
104.png@#@[(22, 0, 1201, 952)]
12.png@#@[(301, 560, 791, 894)]
80.png@#@[(24, 5, 1205, 951)]
34.png@#@[(0, 0, 1222, 948)]
158.png@#@[(0, 0, 1222, 952)]
14.png@#@[(95, 2, 708, 622)]
6.png@#@[(0, 0, 1218, 955)]
21.png@#@[(316, 255, 597, 450)]
101.png@#@[(22, 0, 1201, 952)]
88.png@#@[(0, 0, 1222, 952)]
170.png@#@[(0, 0, 1222, 956)]
154.png@#@[(0, 0, 1222, 952)]
44.png@#@[(0, 0, 1222, 955)]
176.png@#@[(0, 0, 1218, 955)]
62.png@#@[(556, 200, 654, 376)]
118.png@#@[(561, 413, 1075, 865)]
173.png@#@[(0, 0, 1222, 965)]
93.png@#@[(0, 0, 1221, 955)]
181.png@#@[(17, 63, 1166, 907)]
24.png@#@[(85, 14, 592, 468)]
64.png@#@[(316, 292, 850, 771)]
131.png@#@[(0, 0, 1222, 952)]
141.png@#@[(0, 0, 1220, 948)]
102.png@#@[(22, 0, 1205, 951)]
148.png@#@[(0, 0, 1225, 956)]
107.png@#@[(105, 389, 333, 754)]
28.png@#@[(0, 21, 1222, 941)]
83.png@#@[(0, 0, 1220, 952)]
125.png@#@[(0, 0, 1218, 951)]
137.png@#@[(274, 355, 338, 426)]
39.png@#@[(0, 0, 1218, 959)]
74.png@#@[(0, 0, 1222, 955)]
20.png@#@[(12, 14, 1180, 951)]
95.png@#@[(0, 0, 1215, 957)]
10.png@#@[(0, 13, 1217, 957)]
133.png@#@[(396, 255, 436, 299)]
172.png@#@[(0, 0, 1222, 952)]
169.png@#@[(0, 6, 1213, 950)]
135.png@#@[(561, 365, 649, 439)]
15.png@#@[(22, 0, 1205, 955)]
179.png@#@[(19, 32, 1210, 926)]
178.png@#@[(34, 44, 1163, 926)]
157.png@#@[(0, 0, 1222, 955)]
145.png@#@[(22, 9, 1213, 950)]
164.png@#@[(0, 0, 1222, 952)]
1.png@#@[(0, 0, 1218, 955)]
8.png@#@[(0, 0, 1222, 952)]
96.png@#@[(801, 169, 950, 333)]
81.png@#@[(686, 483, 1080, 907)]
4.png@#@[(0, 0, 1218, 955)]
89.png@#@[(0, 0, 1222, 952)]
90.png@#@[(12, 2, 1222, 952)]
163.png@#@[(0, 0, 1222, 952)]
194.png@#@[(0, 0, 1212, 955)]
186.png@#@[(0, 0, 1222, 952)]
61.png@#@[(565, 169, 957, 643)]
13.png@#@[(17, 0, 1201, 950)]
67.png@#@[(323, 163, 612, 376)]
37.png@#@[(0, 0, 1222, 952)]
94.png@#@[(401, 255, 536, 387)]
127.png@#@[(0, 0, 1222, 952)]
27.png@#@[(15, 0, 1201, 950)]
167.png@#@[(0, 14, 1217, 948)]
