Can you point out the skin lesions in the image <image> and provide the coordinates of their locations?
ISIC_0012428.jpg@#@[(703, 470, 1921, 1800)]
ISIC_0015941.jpg@#@[(1070, 651, 1714, 1222)]
ISIC_0013269.jpg@#@[(1612, 1311, 2255, 1877)]
ISIC_0014454.jpg@#@[(0, 1577, 883, 2380)]
ISIC_0012323.jpg@#@[(0, 0, 3001, 1992)]
ISIC_0015060.jpg@#@[(0, 0, 2125, 2373)]
ISIC_0014006.jpg@#@[(514, 266, 2825, 2280)]
ISIC_0015127.jpg@#@[(1389, 643, 4677, 3502)]
ISIC_0016056.jpg@#@[(2692, 317, 3053, 591)]
ISIC_0014729.jpg@#@[(1768, 744, 4853, 2737)]
ISIC_0015149.jpg@#@[(5095, 2375, 6482, 3655)]
ISIC_0015969.jpg@#@[(1185, 657, 1816, 1300)]
ISIC_0014619.jpg@#@[(1099, 728, 1783, 1334)]
ISIC_0012223.jpg@#@[(0, 0, 4288, 2807)]
ISIC_0014255.jpg@#@[(2950, 600, 3267, 934)]
ISIC_0016071.jpg@#@[(1749, 1199, 2547, 1886)]
ISIC_0013987.jpg@#@[(1161, 614, 1798, 1385)]
ISIC_0015943.jpg@#@[(2057, 266, 2225, 458)]
ISIC_0013072.jpg@#@[(0, 0, 3008, 2000)]
ISIC_0015485.jpg@#@[(0, 0, 6608, 4413)]
ISIC_0014600.jpg@#@[(819, 562, 1607, 1237)]
ISIC_0013813.jpg@#@[(0, 0, 4275, 2816)]
ISIC_0016028.jpg@#@[(1486, 698, 2129, 1194)]
ISIC_0016054.jpg@#@[(0, 0, 4288, 2807)]
ISIC_0014912.jpg@#@[(0, 0, 6687, 4439)]
ISIC_0014854.jpg@#@[(704, 145, 5923, 4084)]
ISIC_0012522.jpg@#@[(1449, 1199, 2092, 2066)]
ISIC_0013988.jpg@#@[(0, 0, 3008, 1971)]
ISIC_0015125.jpg@#@[(1705, 1450, 4916, 3702)]
ISIC_0015041.jpg@#@[(1893, 1193, 4542, 2518)]
ISIC_0013291.jpg@#@[(2658, 34, 3430, 591)]
ISIC_0014077.jpg@#@[(1226, 470, 2941, 1972)]
ISIC_0014703.jpg@#@[(3683, 404, 4476, 893)]
ISIC_0015309.jpg@#@[(720, 1179, 3213, 4326)]
ISIC_0014369.jpg@#@[(1226, 925, 2773, 2306)]
ISIC_0012848.jpg@#@[(1138, 80, 2516, 1760)]
ISIC_0016024.jpg@#@[(3113, 204, 3422, 552)]
ISIC_0015264.jpg@#@[(0, 0, 6694, 4433)]
ISIC_0014559.jpg@#@[(1226, 352, 2469, 2178)]
ISIC_0014792.jpg@#@[(0, 0, 6580, 4398)]
ISIC_0015250.jpg@#@[(1230, 533, 4721, 3288)]
ISIC_0016065.jpg@#@[(866, 470, 3241, 1586)]
ISIC_0014541.jpg@#@[(2152, 633, 3713, 2109)]
ISIC_0014474.jpg@#@[(0, 0, 4279, 2804)]
ISIC_0012414.jpg@#@[(0, 0, 4288, 2816)]
ISIC_0012904.jpg@#@[(2191, 126, 2996, 783)]
ISIC_0015232.jpg@#@[(0, 15, 6627, 4398)]
ISIC_0015383.jpg@#@[(0, 25, 6674, 4385)]
ISIC_0014790.jpg@#@[(0, 8, 6641, 4431)]
ISIC_0014963.jpg@#@[(13, 55, 6667, 4402)]
ISIC_0012989.jpg@#@[(0, 0, 2998, 1968)]
ISIC_0015974.jpg@#@[(250, 78, 744, 536)]
ISIC_0013169.jpg@#@[(0, 0, 3008, 1977)]
ISIC_0015237.jpg@#@[(0, 2, 2012, 4362)]
ISIC_0015212.jpg@#@[(3479, 907, 4833, 3045)]
ISIC_0016043.jpg@#@[(1740, 1414, 2358, 1963)]
ISIC_0014478.jpg@#@[(780, 213, 1097, 489)]
ISIC_0015184.jpg@#@[(1797, 1168, 4862, 3374)]
ISIC_0013977.jpg@#@[(0, 1, 3001, 1977)]
ISIC_0014653.jpg@#@[(974, 672, 1932, 1578)]
ISIC_0013588.jpg@#@[(1689, 1113, 2504, 1972)]
ISIC_0014968.jpg@#@[(1096, 173, 4975, 2353)]
ISIC_0014677.jpg@#@[(1899, 575, 4118, 2926)]
ISIC_0014994.jpg@#@[(0, 0, 6628, 4432)]
ISIC_0015216.jpg@#@[(0, 0, 1721, 4394)]
ISIC_0015395.jpg@#@[(1658, 735, 5082, 3596)]
ISIC_0013529.jpg@#@[(1749, 994, 2598, 1826)]
ISIC_0015226.jpg@#@[(3703, 274, 3996, 607)]
ISIC_0013600.jpg@#@[(1703, 1172, 2214, 1675)]
ISIC_0014942.jpg@#@[(3520, 728, 4454, 1489)]
ISIC_0015614.jpg@#@[(811, 3642, 1090, 4200)]
ISIC_0014720.jpg@#@[(1086, 103, 4688, 1441)]
ISIC_0015142.jpg@#@[(1376, 7, 5586, 4190)]
ISIC_0012152.jpg@#@[(0, 0, 2998, 2000)]
ISIC_0014944.jpg@#@[(3865, 118, 4601, 774)]
ISIC_0014177.jpg@#@[(0, 0, 4288, 2791)]
ISIC_0014749.jpg@#@[(0, 22, 6608, 4422)]
ISIC_0014626.jpg@#@[(429, 926, 714, 1174)]
ISIC_0015251.jpg@#@[(1223, 630, 5056, 3607)]
ISIC_0016069.jpg@#@[(1809, 1424, 2521, 2185)]
ISIC_0012852.jpg@#@[(1002, 2, 2516, 1469)]
ISIC_0013270.jpg@#@[(1912, 565, 2838, 1698)]
ISIC_0014567.jpg@#@[(0, 2, 2576, 1905)]
ISIC_0015481.jpg@#@[(2552, 723, 3244, 2411)]
ISIC_0012266.jpg@#@[(1492, 900, 2692, 1774)]
ISIC_0013216.jpg@#@[(1533, 707, 2462, 1558)]
ISIC_0015476.jpg@#@[(0, 5, 6654, 4406)]
ISIC_0012086.jpg@#@[(283, 0, 4288, 2807)]
ISIC_0015023.jpg@#@[(4667, 1109, 5534, 2042)]
ISIC_0013271.jpg@#@[(1809, 976, 2692, 1705)]
ISIC_0013472.jpg@#@[(0, 0, 4288, 2807)]
ISIC_0014233.jpg@#@[(0, 0, 4275, 2804)]
ISIC_0016070.jpg@#@[(0, 34, 4219, 2830)]
ISIC_0014725.jpg@#@[(0, 8, 6588, 4399)]
ISIC_0015298.jpg@#@[(3490, 583, 5056, 2148)]
ISIC_0012757.jpg@#@[(1417, 737, 2756, 1751)]
ISIC_0012786.jpg@#@[(0, 2, 3872, 2585)]
ISIC_0014336.jpg@#@[(0, 0, 4288, 2816)]
ISIC_0015938.jpg@#@[(1239, 717, 1690, 1264)]
ISIC_0013226.jpg@#@[(61, 853, 805, 1558)]
ISIC_0016061.jpg@#@[(0, 0, 4288, 2848)]
ISIC_0014129.jpg@#@[(1749, 1732, 2649, 2392)]
ISIC_0015417.jpg@#@[(0, 0, 6734, 4391)]
ISIC_0015960.jpg@#@[(1070, 657, 1672, 1294)]
ISIC_0013459.jpg@#@[(960, 470, 2735, 1886)]
ISIC_0015942.jpg@#@[(745, 711, 1118, 1234)]
ISIC_0014423.jpg@#@[(0, 0, 4288, 2816)]
ISIC_0013602.jpg@#@[(3206, 946, 3531, 1318)]
ISIC_0015993.jpg@#@[(1221, 795, 1780, 1222)]
ISIC_0015155.jpg@#@[(1340, 757, 4653, 4024)]
ISIC_0014921.jpg@#@[(0, 0, 6694, 4439)]
ISIC_0016050.jpg@#@[(0, 8, 4288, 2791)]
ISIC_0012372.jpg@#@[(0, 0, 3008, 1977)]
ISIC_0014186.jpg@#@[(849, 746, 1319, 1208)]
ISIC_0015955.jpg@#@[(1690, 55, 1864, 217)]
ISIC_0013073.jpg@#@[(1185, 254, 1485, 548)]
ISIC_0014949.jpg@#@[(1234, 592, 4990, 3611)]
ISIC_0014181.jpg@#@[(703, 891, 874, 1062)]
ISIC_0014728.jpg@#@[(1086, 157, 5632, 4226)]
ISIC_0012369.jpg@#@[(1260, 522, 2761, 2194)]
ISIC_0014807.jpg@#@[(0, 1, 6607, 4391)]
ISIC_0015089.jpg@#@[(0, 0, 6687, 4389)]
ISIC_0015416.jpg@#@[(0, 0, 6654, 4409)]
ISIC_0014219.jpg@#@[(1552, 1551, 2838, 2238)]
ISIC_0014500.jpg@#@[(3799, 900, 4185, 1285)]
ISIC_0016027.jpg@#@[(0, 4, 4288, 2807)]
ISIC_0015180.jpg@#@[(4546, 118, 6614, 3047)]
ISIC_0014868.jpg@#@[(1090, 504, 4879, 1813)]
ISIC_0016066.jpg@#@[(1800, 1500, 2692, 2289)]
ISIC_0013678.jpg@#@[(0, 0, 3008, 1995)]
ISIC_0015030.jpg@#@[(1340, 942, 4918, 3067)]
ISIC_0013455.jpg@#@[(1140, 1637, 2838, 2280)]
ISIC_0014221.jpg@#@[(1312, 324, 2855, 2057)]
ISIC_0015152.jpg@#@[(0, 0, 6581, 4325)]
ISIC_0013321.jpg@#@[(0, 0, 1200, 2837)]
ISIC_0013891.jpg@#@[(3807, 1542, 4193, 1886)]
ISIC_0013794.jpg@#@[(0, 1, 3008, 1968)]
ISIC_0015982.jpg@#@[(1230, 521, 2054, 1327)]
ISIC_0016001.jpg@#@[(625, 235, 2292, 1445)]
ISIC_0015973.jpg@#@[(701, 145, 805, 242)]
ISIC_0016023.jpg@#@[(0, 9, 3872, 2546)]
ISIC_0013203.jpg@#@[(2243, 723, 2635, 1096)]
ISIC_0015440.jpg@#@[(0, 0, 6608, 4408)]
ISIC_0015078.jpg@#@[(1893, 498, 4542, 2882)]
ISIC_0014974.jpg@#@[(4454, 949, 5574, 1949)]
ISIC_0013767.jpg@#@[(1045, 598, 2880, 1906)]
ISIC_0014947.jpg@#@[(0, 25, 6667, 4372)]
ISIC_0012510.jpg@#@[(2658, 299, 3301, 1723)]
ISIC_0014103.jpg@#@[(0, 0, 4288, 2791)]
ISIC_0015369.jpg@#@[(0, 0, 6674, 4456)]
ISIC_0014643.jpg@#@[(1026, 697, 1674, 1226)]
ISIC_0015273.jpg@#@[(0, 0, 6674, 4426)]
ISIC_0012803.jpg@#@[(1997, 1258, 2189, 1379)]
ISIC_0016000.jpg@#@[(1610, 885, 2400, 1620)]
ISIC_0014765.jpg@#@[(0, 2, 6681, 4351)]
ISIC_0014863.jpg@#@[(66, 68, 6634, 4389)]
ISIC_0014503.jpg@#@[(2950, 934, 3764, 2280)]
ISIC_0015946.jpg@#@[(0, 0, 3008, 1977)]
ISIC_0015310.jpg@#@[(0, 0, 6647, 4426)]
ISIC_0014961.jpg@#@[(708, 798, 1832, 1734)]
ISIC_0015949.jpg@#@[(2256, 867, 2556, 1108)]
ISIC_0016062.jpg@#@[(1912, 1113, 2512, 1688)]
ISIC_0014319.jpg@#@[(2932, 514, 3336, 772)]
ISIC_0015991.jpg@#@[(481, 193, 1094, 1216)]
ISIC_0015161.jpg@#@[(1280, 52, 4871, 3715)]
ISIC_0012548.jpg@#@[(0, 0, 4275, 2807)]
ISIC_0013948.jpg@#@[(1155, 783, 2598, 1601)]
ISIC_0014959.jpg@#@[(0, 0, 6674, 4439)]
ISIC_0014666.jpg@#@[(973, 619, 3574, 2259)]
ISIC_0016011.jpg@#@[(0, 4, 4288, 2816)]
ISIC_0015115.jpg@#@[(1095, 466, 5044, 3133)]
ISIC_0014349.jpg@#@[(0, 8, 4288, 2816)]
ISIC_0012654.jpg@#@[(884, 628, 1244, 984)]
ISIC_0012395.jpg@#@[(0, 0, 2998, 2000)]
ISIC_0014766.jpg@#@[(781, 1865, 2330, 4049)]
ISIC_0016005.jpg@#@[(1453, 1015, 2808, 1874)]
ISIC_0014506.jpg@#@[(0, 0, 4288, 2791)]
ISIC_0013615.jpg@#@[(3370, 1243, 3533, 1431)]
ISIC_0015163.jpg@#@[(0, 8, 2889, 2261)]
ISIC_0015129.jpg@#@[(3810, 398, 4356, 930)]
ISIC_0013411.jpg@#@[(1059, 4, 4288, 2807)]
ISIC_0015966.jpg@#@[(1060, 435, 1641, 1729)]
ISIC_0015353.jpg@#@[(0, 9, 963, 4423)]
ISIC_0015312.jpg@#@[(5245, 3906, 5956, 4403)]
ISIC_0014814.jpg@#@[(1324, 1190, 2449, 2711)]
ISIC_0015015.jpg@#@[(0, 1, 6593, 4409)]
ISIC_0014090.jpg@#@[(1998, 1148, 2401, 1466)]
ISIC_0014907.jpg@#@[(0, 9, 6674, 4456)]
ISIC_0015972.jpg@#@[(0, 5, 3872, 2534)]
ISIC_0015270.jpg@#@[(0, 0, 6648, 4413)]
ISIC_0014419.jpg@#@[(1037, 479, 2684, 1449)]
ISIC_0014992.jpg@#@[(5485, 1303, 6548, 3548)]
ISIC_0015464.jpg@#@[(0, 0, 6587, 4422)]
ISIC_0016042.jpg@#@[(1783, 1002, 2701, 1844)]
ISIC_0014027.jpg@#@[(0, 0, 4275, 2842)]
ISIC_0016014.jpg@#@[(1440, 1389, 2478, 2185)]
ISIC_0015150.jpg@#@[(0, 0, 6608, 4380)]
ISIC_0013319.jpg@#@[(1818, 763, 2692, 1826)]
ISIC_0015011.jpg@#@[(1303, 753, 4853, 2748)]
ISIC_0013966.jpg@#@[(0, 0, 3008, 1977)]
ISIC_0015021.jpg@#@[(2147, 1175, 5196, 3535)]
ISIC_0014956.jpg@#@[(1391, 533, 5243, 3557)]
ISIC_0013473.jpg@#@[(0, 0, 4288, 2816)]
ISIC_0015997.jpg@#@[(1417, 977, 2346, 1721)]
ISIC_0015016.jpg@#@[(960, 125, 5574, 3966)]
ISIC_0012147.jpg@#@[(1281, 260, 1413, 422)]
ISIC_0014927.jpg@#@[(720, 32, 5854, 4386)]
ISIC_0015330.jpg@#@[(1190, 735, 2059, 1884)]
ISIC_0015582.jpg@#@[(0, 22, 6634, 4368)]
ISIC_0014740.jpg@#@[(853, 5, 5574, 4352)]
ISIC_0015956.jpg@#@[(1112, 530, 2147, 1216)]
ISIC_0015566.jpg@#@[(829, 45, 5778, 4432)]
ISIC_0014957.jpg@#@[(1787, 1046, 4987, 3739)]
ISIC_0015019.jpg@#@[(1116, 411, 2978, 2072)]
ISIC_0013325.jpg@#@[(3378, 2572, 3559, 2830)]
ISIC_0016038.jpg@#@[(2430, 326, 3001, 843)]
ISIC_0015940.jpg@#@[(0, 1, 3001, 1968)]
ISIC_0012705.jpg@#@[(0, 0, 3008, 1977)]
ISIC_0015202.jpg@#@[(1851, 1439, 4183, 3318)]
ISIC_0016012.jpg@#@[(1723, 1672, 2512, 2289)]
ISIC_0014936.jpg@#@[(1226, 1738, 4160, 3592)]
ISIC_0015357.jpg@#@[(0, 0, 6688, 4439)]
ISIC_0014284.jpg@#@[(0, 0, 4288, 2816)]
ISIC_0013230.jpg@#@[(2008, 175, 2189, 416)]
ISIC_0015133.jpg@#@[(2721, 534, 5647, 3401)]
ISIC_0014627.jpg@#@[(844, 562, 1503, 1542)]
ISIC_0016058.jpg@#@[(1749, 1758, 2272, 2331)]
ISIC_0015291.jpg@#@[(0, 9, 6674, 4402)]
ISIC_0015102.jpg@#@[(0, 0, 6681, 4390)]
ISIC_0014964.jpg@#@[(1361, 467, 6392, 3707)]
ISIC_0016057.jpg@#@[(2658, 607, 3216, 1122)]
ISIC_0014941.jpg@#@[(1797, 773, 5017, 4208)]
ISIC_0015987.jpg@#@[(1221, 663, 1653, 1144)]
ISIC_0015254.jpg@#@[(0, 16, 6654, 4449)]
ISIC_0013809.jpg@#@[(0, 0, 4288, 2795)]
ISIC_0015004.jpg@#@[(0, 29, 6614, 4363)]
ISIC_0015990.jpg@#@[(0, 0, 2998, 2000)]
ISIC_0012092.jpg@#@[(0, 0, 4288, 2816)]
ISIC_0015979.jpg@#@[(0, 0, 2998, 2000)]
ISIC_0015466.jpg@#@[(0, 2, 3467, 949)]
ISIC_0012240.jpg@#@[(0, 0, 4279, 2807)]
ISIC_0015203.jpg@#@[(0, 4, 797, 4336)]
ISIC_0013281.jpg@#@[(1054, 728, 2169, 1542)]
ISIC_0012974.jpg@#@[(1486, 87, 2416, 1296)]
ISIC_0014634.jpg@#@[(938, 44, 1772, 1029)]
ISIC_0014973.jpg@#@[(0, 8, 2224, 1952)]
ISIC_0014962.jpg@#@[(0, 0, 6674, 4372)]
ISIC_0014148.jpg@#@[(1372, 470, 2444, 1637)]
ISIC_0015978.jpg@#@[(0, 2, 3872, 2585)]
ISIC_0014969.jpg@#@[(0, 0, 1043, 4435)]
ISIC_0014513.jpg@#@[(3370, 1243, 3559, 1517)]
ISIC_0015293.jpg@#@[(3907, 1713, 4667, 2405)]
ISIC_0016060.jpg@#@[(1809, 960, 2598, 1710)]
ISIC_0015957.jpg@#@[(1355, 691, 2551, 1856)]
ISIC_0014883.jpg@#@[(0, 5, 6627, 4352)]
ISIC_0015139.jpg@#@[(0, 0, 6662, 4208)]
ISIC_0015037.jpg@#@[(976, 627, 4674, 3110)]
ISIC_0012837.jpg@#@[(0, 5, 3872, 2534)]
ISIC_0012708.jpg@#@[(1070, 614, 1864, 1330)]
ISIC_0014958.jpg@#@[(2447, 529, 3183, 931)]
ISIC_0015559.jpg@#@[(775, 0, 5457, 4402)]
ISIC_0014693.jpg@#@[(0, 4, 6614, 4426)]
ISIC_0016048.jpg@#@[(1826, 1424, 2272, 1869)]
ISIC_0015526.jpg@#@[(807, 2238, 1363, 2968)]
ISIC_0016007.jpg@#@[(0, 0, 4288, 2795)]
ISIC_0013998.jpg@#@[(1226, 514, 2770, 1285)]
ISIC_0015988.jpg@#@[(2388, 524, 2580, 825)]
ISIC_0013109.jpg@#@[(1347, 753, 1822, 1216)]
ISIC_0014853.jpg@#@[(1700, 1208, 4028, 3069)]
ISIC_0014470.jpg@#@[(870, 4, 3344, 2443)]
ISIC_0014948.jpg@#@[(0, 0, 6674, 4439)]
ISIC_0015146.jpg@#@[(0, 531, 1665, 4329)]
ISIC_0015568.jpg@#@[(1110, 988, 1712, 1456)]
ISIC_0015971.jpg@#@[(30, 963, 342, 1324)]
ISIC_0016052.jpg@#@[(0, 0, 4288, 2848)]
ISIC_0015593.jpg@#@[(1638, 721, 5035, 2387)]
ISIC_0014647.jpg@#@[(25, 2, 2576, 1895)]
ISIC_0014278.jpg@#@[(1646, 1166, 2482, 2048)]
ISIC_0014117.jpg@#@[(1818, 1338, 2658, 2169)]
ISIC_0014629.jpg@#@[(782, 558, 1923, 1516)]
ISIC_0015989.jpg@#@[(1251, 705, 1708, 1192)]
ISIC_0012356.jpg@#@[(0, 0, 3008, 1959)]
ISIC_0016037.jpg@#@[(0, 0, 4288, 2848)]
ISIC_0012493.jpg@#@[(2006, 772, 3207, 1672)]
ISIC_0016036.jpg@#@[(0, 0, 4288, 2848)]
ISIC_0015020.jpg@#@[(0, 22, 6634, 4422)]
ISIC_0012330.jpg@#@[(0, 0, 3008, 1962)]
ISIC_0016009.jpg@#@[(0, 0, 4288, 2795)]
ISIC_0015390.jpg@#@[(976, 735, 2340, 3075)]
ISIC_0015208.jpg@#@[(807, 65, 2463, 1019)]
ISIC_0013164.jpg@#@[(1359, 771, 1660, 1114)]
ISIC_0013374.jpg@#@[(891, 85, 3087, 1208)]
ISIC_0014998.jpg@#@[(0, 0, 1524, 2331)]
ISIC_0015040.jpg@#@[(0, 11, 6607, 4381)]
ISIC_0014675.jpg@#@[(4682, 260, 5433, 1064)]
ISIC_0016040.jpg@#@[(2821, 934, 3250, 1174)]
ISIC_0014932.jpg@#@[(1872, 1456, 2875, 4333)]
ISIC_0013565.jpg@#@[(454, 0, 2058, 1002)]
ISIC_0014798.jpg@#@[(0, 0, 6648, 4431)]
ISIC_0012388.jpg@#@[(1131, 633, 1732, 1036)]
ISIC_0015638.jpg@#@[(1401, 702, 5850, 4420)]
ISIC_0015985.jpg@#@[(1726, 1001, 2431, 1712)]
ISIC_0014386.jpg@#@[(454, 1774, 686, 2100)]
ISIC_0014796.jpg@#@[(4569, 2740, 5790, 4069)]
ISIC_0015984.jpg@#@[(487, 1001, 3120, 2526)]
ISIC_0015245.jpg@#@[(912, 730, 5352, 3935)]
ISIC_0016053.jpg@#@[(1166, 308, 2684, 1723)]
ISIC_0016033.jpg@#@[(38, 48, 758, 396)]
ISIC_0015002.jpg@#@[(1289, 464, 4853, 2259)]
ISIC_0015999.jpg@#@[(1275, 783, 1786, 1174)]
ISIC_0014457.jpg@#@[(0, 0, 4275, 2848)]
ISIC_0014270.jpg@#@[(0, 0, 4288, 2816)]
ISIC_0015964.jpg@#@[(818, 1, 1010, 181)]
ISIC_0015136.jpg@#@[(5331, 140, 6667, 1249)]
ISIC_0012432.jpg@#@[(0, 0, 3008, 1971)]
ISIC_0016072.jpg@#@[(1946, 1243, 2761, 2203)]
ISIC_0015976.jpg@#@[(1239, 771, 1792, 1282)]
ISIC_0014800.jpg@#@[(1899, 204, 5300, 3591)]
ISIC_0015959.jpg@#@[(18, 13, 2998, 1962)]
ISIC_0015244.jpg@#@[(1656, 0, 4937, 4265)]
ISIC_0012364.jpg@#@[(0, 0, 3008, 1971)]
ISIC_0015071.jpg@#@[(0, 0, 6667, 4422)]
ISIC_0015537.jpg@#@[(1202, 1, 5903, 4402)]
ISIC_0015455.jpg@#@[(0, 0, 6627, 4399)]
ISIC_0015347.jpg@#@[(2253, 1181, 4720, 3383)]
ISIC_0016041.jpg@#@[(1227, 771, 1888, 1421)]
ISIC_0013176.jpg@#@[(1269, 620, 2015, 1360)]
ISIC_0015962.jpg@#@[(0, 0, 3008, 2000)]
ISIC_0013673.jpg@#@[(0, 1, 1112, 753)]
ISIC_0014489.jpg@#@[(0, 0, 4288, 2848)]
ISIC_0014546.jpg@#@[(1054, 136, 1415, 454)]
ISIC_0012425.jpg@#@[(368, 616, 600, 934)]
ISIC_0015224.jpg@#@[(0, 0, 6607, 4414)]
ISIC_0015998.jpg@#@[(0, 2, 3872, 2546)]
ISIC_0013867.jpg@#@[(3224, 1963, 3490, 2264)]
ISIC_0015950.jpg@#@[(1257, 729, 1738, 1150)]
ISIC_0014409.jpg@#@[(0, 0, 4262, 2804)]
ISIC_0012215.jpg@#@[(1973, 205, 2514, 1601)]
ISIC_0014059.jpg@#@[(1535, 1363, 2692, 2066)]
ISIC_0013170.jpg@#@[(0, 7, 2866, 1983)]
ISIC_0013636.jpg@#@[(1226, 377, 3083, 2366)]
ISIC_0015160.jpg@#@[(0, 0, 6601, 4336)]
ISIC_0015607.jpg@#@[(1893, 57, 3442, 1911)]
ISIC_0015217.jpg@#@[(0, 2, 6667, 4425)]
ISIC_0013511.jpg@#@[(0, 0, 3008, 1971)]
ISIC_0015255.jpg@#@[(0, 0, 2273, 2269)]
ISIC_0015034.jpg@#@[(0, 6, 6528, 4297)]
ISIC_0013953.jpg@#@[(809, 109, 3430, 2050)]
ISIC_0015064.jpg@#@[(0, 0, 6587, 4380)]
ISIC_0013416.jpg@#@[(1800, 1080, 2409, 1705)]
ISIC_0014879.jpg@#@[(1103, 2246, 1794, 3042)]
ISIC_0015223.jpg@#@[(654, 3654, 1723, 4402)]
ISIC_0015961.jpg@#@[(0, 0, 3008, 1977)]
ISIC_0012447.jpg@#@[(794, 446, 2225, 1318)]
ISIC_0014652.jpg@#@[(254, 54, 2286, 1854)]
ISIC_0014872.jpg@#@[(0, 2, 6647, 4436)]
ISIC_0015258.jpg@#@[(0, 0, 6674, 4439)]
ISIC_0016022.jpg@#@[(0, 0, 4288, 2816)]
ISIC_0014631.jpg@#@[(1809, 334, 2016, 448)]
ISIC_0015171.jpg@#@[(1502, 2742, 2012, 3212)]
ISIC_0012248.jpg@#@[(831, 454, 3361, 1449)]
ISIC_0014743.jpg@#@[(0, 0, 6614, 4332)]
ISIC_0012273.jpg@#@[(0, 0, 3008, 2000)]
ISIC_0015364.jpg@#@[(4654, 1379, 5054, 1806)]
ISIC_0015412.jpg@#@[(1349, 620, 5185, 3093)]
ISIC_0015363.jpg@#@[(0, 0, 1003, 4024)]
ISIC_0013733.jpg@#@[(1723, 1113, 2572, 1851)]
ISIC_0016019.jpg@#@[(1227, 825, 1660, 1246)]
ISIC_0013457.jpg@#@[(1226, 394, 3177, 2496)]
ISIC_0015975.jpg@#@[(1269, 741, 2057, 1234)]
ISIC_0015176.jpg@#@[(940, 523, 4891, 4339)]
ISIC_0015274.jpg@#@[(0, 2, 6654, 4449)]
ISIC_0013035.jpg@#@[(0, 0, 3008, 1977)]
ISIC_0013399.jpg@#@[(1740, 1199, 2504, 1886)]
ISIC_0013842.jpg@#@[(0, 0, 2998, 1968)]
ISIC_0014649.jpg@#@[(1099, 448, 1876, 1547)]
ISIC_0014940.jpg@#@[(5285, 2769, 5903, 3506)]
ISIC_0014876.jpg@#@[(853, 1858, 4654, 3605)]
ISIC_0016008.jpg@#@[(1192, 891, 1955, 1963)]
ISIC_0015645.jpg@#@[(2632, 1204, 4256, 3597)]
ISIC_0014727.jpg@#@[(4117, 573, 4542, 905)]
ISIC_0014588.jpg@#@[(1607, 562, 1876, 806)]
ISIC_0014542.jpg@#@[(283, 556, 1921, 1851)]
ISIC_0014574.jpg@#@[(1783, 443, 1938, 567)]
ISIC_0012551.jpg@#@[(1372, 626, 2169, 1482)]
ISIC_0015936.jpg@#@[(0, 0, 2304, 1516)]
ISIC_0013030.jpg@#@[(0, 0, 3008, 2000)]
ISIC_0015418.jpg@#@[(0, 0, 6654, 4425)]
ISIC_0015360.jpg@#@[(922, 1727, 3049, 3199)]
ISIC_0015026.jpg@#@[(4574, 1713, 5041, 2405)]
ISIC_0012314.jpg@#@[(0, 0, 2998, 1971)]
ISIC_0014862.jpg@#@[(0, 5, 6654, 4425)]
ISIC_0015945.jpg@#@[(0, 0, 3008, 1977)]
ISIC_0015994.jpg@#@[(1633, 946, 2176, 1411)]
ISIC_0012134.jpg@#@[(800, 332, 1864, 1246)]
ISIC_0014548.jpg@#@[(0, 0, 4288, 2807)]
ISIC_0014645.jpg@#@[(1764, 428, 3780, 2888)]
ISIC_0015118.jpg@#@[(0, 5, 6659, 4360)]
ISIC_0015193.jpg@#@[(1043, 597, 5724, 4075)]
ISIC_0013577.jpg@#@[(0, 4, 4288, 2795)]
ISIC_0015952.jpg@#@[(1218, 762, 1738, 1258)]
ISIC_0012836.jpg@#@[(1251, 813, 1756, 1276)]
ISIC_0012387.jpg@#@[(2008, 1547, 2292, 1770)]
ISIC_0013242.jpg@#@[(38, 41, 3864, 2556)]
ISIC_0014786.jpg@#@[(0, 0, 6642, 4420)]
ISIC_0015130.jpg@#@[(5208, 2746, 5901, 3572)]
ISIC_0015986.jpg@#@[(1227, 657, 1629, 1150)]
ISIC_0015132.jpg@#@[(0, 0, 6667, 4415)]
ISIC_0015419.jpg@#@[(3097, 2136, 4799, 3559)]
ISIC_0014160.jpg@#@[(1818, 857, 2478, 1860)]
ISIC_0013617.jpg@#@[(642, 776, 2857, 2340)]
ISIC_0014780.jpg@#@[(0, 2, 6668, 4426)]
ISIC_0016059.jpg@#@[(1826, 1354, 2487, 2143)]
ISIC_0012272.jpg@#@[(956, 76, 2701, 2730)]
ISIC_0016031.jpg@#@[(0, 0, 4279, 2848)]
ISIC_0014648.jpg@#@[(1099, 448, 1617, 915)]
ISIC_0015179.jpg@#@[(1722, 674, 4546, 2768)]
ISIC_0015404.jpg@#@[(1635, 573, 2326, 2129)]
ISIC_0014943.jpg@#@[(0, 5, 6654, 4419)]
ISIC_0014910.jpg@#@[(1310, 529, 5591, 4021)]
ISIC_0014844.jpg@#@[(2131, 944, 4905, 3069)]
ISIC_0015031.jpg@#@[(1624, 80, 4991, 2826)]
ISIC_0015617.jpg@#@[(0, 2, 6634, 4389)]
ISIC_0014586.jpg@#@[(0, 814, 922, 1851)]
ISIC_0014587.jpg@#@[(974, 822, 1399, 1350)]
ISIC_0012928.jpg@#@[(3074, 466, 3438, 853)]
ISIC_0012722.jpg@#@[(1949, 1475, 2370, 1745)]
ISIC_0014575.jpg@#@[(1000, 573, 1482, 1206)]
ISIC_0013191.jpg@#@[(0, 0, 3008, 1977)]
ISIC_0015279.jpg@#@[(2568, 225, 3905, 1270)]
ISIC_0015283.jpg@#@[(813, 726, 5521, 4206)]
ISIC_0016025.jpg@#@[(0, 0, 2998, 1968)]
ISIC_0015636.jpg@#@[(1348, 34, 5551, 4371)]
ISIC_0012375.jpg@#@[(733, 1120, 1245, 1619)]
ISIC_0016055.jpg@#@[(3516, 1902, 4236, 2693)]
ISIC_0014928.jpg@#@[(0, 0, 6674, 4426)]
ISIC_0012136.jpg@#@[(860, 248, 2123, 681)]
ISIC_0015018.jpg@#@[(0, 0, 6614, 4419)]
ISIC_0015631.jpg@#@[(1357, 912, 4715, 3546)]
ISIC_0016045.jpg@#@[(0, 9, 3864, 2585)]
ISIC_0016017.jpg@#@[(1826, 1285, 2315, 1714)]
ISIC_0014772.jpg@#@[(1434, 526, 2643, 2717)]
ISIC_0016018.jpg@#@[(1569, 1612, 2572, 2297)]
ISIC_0013465.jpg@#@[(0, 0, 4288, 2791)]
ISIC_0016049.jpg@#@[(1355, 540, 2538, 1679)]
ISIC_0015173.jpg@#@[(837, 22, 4826, 3624)]
ISIC_0015218.jpg@#@[(4397, 2795, 5619, 4150)]
ISIC_0014952.jpg@#@[(1605, 403, 4949, 2021)]
ISIC_0013393.jpg@#@[(0, 0, 4275, 2807)]
ISIC_0015046.jpg@#@[(1062, 523, 3453, 2343)]
ISIC_0015944.jpg@#@[(0, 0, 517, 1968)]
ISIC_0014938.jpg@#@[(0, 0, 6674, 4372)]
ISIC_0014110.jpg@#@[(1149, 633, 3027, 2212)]
ISIC_0013738.jpg@#@[(2083, 1774, 2529, 2229)]
ISIC_0015641.jpg@#@[(1673, 433, 5551, 3528)]
ISIC_0015436.jpg@#@[(5264, 121, 6667, 4343)]
ISIC_0013045.jpg@#@[(3275, 1636, 3825, 2526)]
ISIC_0015625.jpg@#@[(5256, 2770, 5898, 3600)]
ISIC_0015174.jpg@#@[(1103, 929, 4932, 2950)]
ISIC_0016063.jpg@#@[(703, 2143, 1063, 2744)]
ISIC_0013512.jpg@#@[(0, 1, 2995, 1998)]
ISIC_0015967.jpg@#@[(1167, 657, 2087, 1379)]
ISIC_0012199.jpg@#@[(950, 542, 1955, 1752)]
ISIC_0013070.jpg@#@[(1270, 977, 2044, 1705)]
ISIC_0015009.jpg@#@[(5294, 3299, 6627, 4365)]
ISIC_0015368.jpg@#@[(0, 0, 6608, 4347)]
ISIC_0014695.jpg@#@[(3040, 1713, 5707, 3553)]
ISIC_0016030.jpg@#@[(1132, 686, 2349, 1714)]
ISIC_0015156.jpg@#@[(631, 97, 4935, 1255)]
ISIC_0015056.jpg@#@[(0, 8, 686, 1289)]
ISIC_0015157.jpg@#@[(4542, 3407, 5360, 4160)]
ISIC_0015355.jpg@#@[(1440, 1046, 4800, 2779)]
ISIC_0016068.jpg@#@[(1809, 763, 2812, 2224)]
ISIC_0013925.jpg@#@[(0, 1, 3001, 1971)]
ISIC_0015057.jpg@#@[(1396, 319, 4229, 3586)]
ISIC_0014820.jpg@#@[(4158, 128, 4555, 538)]
ISIC_0013908.jpg@#@[(625, 614, 926, 927)]
ISIC_0014697.jpg@#@[(0, 0, 6622, 4358)]
ISIC_0015563.jpg@#@[(0, 0, 6654, 4356)]
ISIC_0013414.jpg@#@[(1783, 1055, 2409, 1791)]
ISIC_0015983.jpg@#@[(968, 435, 2516, 1790)]
ISIC_0014787.jpg@#@[(0, 0, 6627, 4401)]
ISIC_0015140.jpg@#@[(0, 0, 6648, 4382)]
ISIC_0014784.jpg@#@[(0, 0, 6642, 4369)]
ISIC_0012656.jpg@#@[(1400, 666, 1585, 859)]
ISIC_0015981.jpg@#@[(0, 0, 2998, 2000)]
ISIC_0014755.jpg@#@[(4574, 72, 6641, 3739)]
ISIC_0012149.jpg@#@[(724, 663, 2180, 1117)]
ISIC_0014815.jpg@#@[(2517, 796, 5248, 3449)]
ISIC_0014687.jpg@#@[(0, 0, 2147, 3219)]
ISIC_0012941.jpg@#@[(73, 14, 3860, 2541)]
ISIC_0013897.jpg@#@[(0, 0, 4288, 2816)]
ISIC_0012537.jpg@#@[(1140, 25, 1569, 257)]
ISIC_0014773.jpg@#@[(0, 4, 6628, 4387)]
ISIC_0016029.jpg@#@[(480, 1714, 1132, 2289)]
ISIC_0015937.jpg@#@[(935, 504, 1336, 813)]
ISIC_0015980.jpg@#@[(0, 0, 2998, 2000)]
ISIC_0016044.jpg@#@[(0, 0, 4240, 2804)]
ISIC_0015050.jpg@#@[(0, 0, 6601, 4303)]
ISIC_0014698.jpg@#@[(0, 0, 6628, 4391)]
ISIC_0012967.jpg@#@[(1053, 335, 1572, 846)]
ISIC_0015954.jpg@#@[(1221, 873, 1822, 1336)]
ISIC_0015965.jpg@#@[(1269, 831, 1756, 1252)]
ISIC_0015403.jpg@#@[(4640, 587, 5797, 1744)]
ISIC_0015951.jpg@#@[(0, 0, 3008, 1977)]
ISIC_0015963.jpg@#@[(1440, 970, 2408, 1666)]
ISIC_0015996.jpg@#@[(1161, 819, 1864, 1601)]
ISIC_0014982.jpg@#@[(1633, 1200, 5087, 3618)]
ISIC_0014746.jpg@#@[(0, 4, 1195, 4321)]
ISIC_0015411.jpg@#@[(0, 0, 2533, 2342)]
ISIC_0014590.jpg@#@[(1280, 672, 1591, 863)]
ISIC_0014901.jpg@#@[(3668, 3398, 4070, 3880)]
ISIC_0012258.jpg@#@[(334, 1113, 643, 1345)]
ISIC_0016035.jpg@#@[(3490, 1028, 3799, 1363)]
ISIC_0016003.jpg@#@[(0, 0, 3008, 1977)]
ISIC_0015167.jpg@#@[(0, 0, 6634, 4418)]
ISIC_0015947.jpg@#@[(1287, 783, 1738, 1114)]
ISIC_0015544.jpg@#@[(2754, 484, 5005, 4338)]
ISIC_0012178.jpg@#@[(0, 0, 3008, 2000)]
ISIC_0015331.jpg@#@[(0, 0, 6674, 4439)]
ISIC_0014644.jpg@#@[(3720, 3536, 4260, 3956)]
ISIC_0013917.jpg@#@[(1749, 1208, 2504, 2229)]
ISIC_0015206.jpg@#@[(1763, 476, 4527, 2844)]
ISIC_0016013.jpg@#@[(0, 0, 4288, 2816)]
ISIC_0015968.jpg@#@[(0, 1, 3001, 1962)]
ISIC_0014955.jpg@#@[(0, 0, 6688, 4379)]
ISIC_0014833.jpg@#@[(1766, 280, 1992, 785)]
ISIC_0015276.jpg@#@[(5151, 206, 6694, 4352)]
ISIC_0013833.jpg@#@[(0, 0, 4288, 2791)]
ISIC_0015953.jpg@#@[(1094, 711, 1816, 1330)]
ISIC_0015201.jpg@#@[(935, 744, 5077, 3576)]
ISIC_0015035.jpg@#@[(4132, 0, 6574, 2071)]
ISIC_0016006.jpg@#@[(1689, 1542, 2435, 2280)]
ISIC_0014867.jpg@#@[(0, 16, 6654, 4417)]
ISIC_0012095.jpg@#@[(1371, 693, 1973, 1174)]
ISIC_0015510.jpg@#@[(4596, 369, 5665, 1838)]
ISIC_0013696.jpg@#@[(1569, 514, 2092, 1011)]
ISIC_0014392.jpg@#@[(1372, 180, 3010, 2366)]
ISIC_0014288.jpg@#@[(0, 0, 4288, 2816)]
ISIC_0016015.jpg@#@[(1766, 1106, 2611, 2139)]
ISIC_0015007.jpg@#@[(1453, 785, 4493, 3163)]
ISIC_0014966.jpg@#@[(0, 0, 6667, 4456)]
ISIC_0016051.jpg@#@[(1560, 1113, 2418, 1818)]
ISIC_0013159.jpg@#@[(1486, 435, 2710, 1999)]
ISIC_0015386.jpg@#@[(5337, 2784, 5551, 3052)]
ISIC_0013766.jpg@#@[(2658, 496, 2950, 772)]
ISIC_0015119.jpg@#@[(0, 0, 6661, 4376)]
ISIC_0015185.jpg@#@[(0, 15, 2933, 4376)]
ISIC_0014822.jpg@#@[(1638, 2170, 4237, 4249)]
ISIC_0013764.jpg@#@[(1649, 583, 2516, 1449)]
ISIC_0012758.jpg@#@[(0, 7, 637, 602)]
ISIC_0015229.jpg@#@[(0, 0, 6661, 4374)]
ISIC_0012903.jpg@#@[(487, 1775, 1881, 2565)]
ISIC_0015051.jpg@#@[(1247, 526, 4218, 3510)]
ISIC_0014826.jpg@#@[(1589, 624, 4899, 2544)]
ISIC_0014434.jpg@#@[(926, 1285, 3284, 2331)]
ISIC_0012358.jpg@#@[(1221, 843, 2153, 1577)]
ISIC_0015215.jpg@#@[(1992, 705, 4543, 3588)]
ISIC_0014835.jpg@#@[(721, 733, 5064, 1801)]
ISIC_0015939.jpg@#@[(1311, 723, 1768, 1174)]
ISIC_0015468.jpg@#@[(0, 0, 6694, 4433)]
ISIC_0016064.jpg@#@[(1818, 1028, 2469, 1542)]
ISIC_0015995.jpg@#@[(0, 0, 3008, 1977)]
ISIC_0013085.jpg@#@[(1218, 690, 2063, 1583)]
ISIC_0015311.jpg@#@[(1113, 2, 5607, 4375)]
ISIC_0015008.jpg@#@[(0, 0, 6628, 4479)]
ISIC_0015207.jpg@#@[(1806, 789, 5286, 3404)]
ISIC_0015447.jpg@#@[(850, 709, 2178, 2222)]
ISIC_0015948.jpg@#@[(1010, 813, 1792, 1324)]
ISIC_0014977.jpg@#@[(0, 9, 6674, 4423)]
ISIC_0015482.jpg@#@[(1374, 256, 5180, 3322)]
ISIC_0016026.jpg@#@[(1245, 723, 1738, 1246)]
ISIC_0015958.jpg@#@[(0, 2, 3872, 2585)]
ISIC_0016016.jpg@#@[(703, 626, 2058, 2194)]
ISIC_0012955.jpg@#@[(1107, 498, 2787, 1597)]
ISIC_0012265.jpg@#@[(1646, 514, 2950, 1131)]
ISIC_0015013.jpg@#@[(0, 0, 6628, 4432)]
ISIC_0012448.jpg@#@[(0, 0, 3001, 2000)]
ISIC_0012216.jpg@#@[(625, 235, 2292, 1445)]
ISIC_0016046.jpg@#@[(1263, 578, 1828, 1258)]
ISIC_0015241.jpg@#@[(1090, 922, 4673, 3110)]
ISIC_0016034.jpg@#@[(3190, 719, 3764, 1396)]
ISIC_0016002.jpg@#@[(0, 0, 3008, 2000)]
ISIC_0012207.jpg@#@[(0, 0, 3008, 1959)]
ISIC_0013708.jpg@#@[(7, 2, 3864, 2585)]
ISIC_0012357.jpg@#@[(1203, 536, 1955, 1258)]
ISIC_0014663.jpg@#@[(1513, 6, 5927, 4472)]
ISIC_0015175.jpg@#@[(1369, 1846, 5025, 4345)]
ISIC_0013739.jpg@#@[(1100, 542, 1701, 1475)]
ISIC_0015992.jpg@#@[(1626, 1233, 2346, 1875)]
ISIC_0013277.jpg@#@[(1155, 356, 1895, 957)]
ISIC_0014251.jpg@#@[(3267, 76, 3713, 394)]
ISIC_0016004.jpg@#@[(3336, 651, 4065, 2143)]
ISIC_0014768.jpg@#@[(0, 18, 6628, 4421)]
ISIC_0014753.jpg@#@[(1040, 72, 2040, 565)]
ISIC_0015003.jpg@#@[(0, 0, 6634, 4432)]
ISIC_0013911.jpg@#@[(385, 356, 1347, 1619)]
ISIC_0013814.jpg@#@[(0, 0, 4288, 2816)]
ISIC_0012484.jpg@#@[(2675, 463, 3773, 2306)]
ISIC_0015603.jpg@#@[(2771, 530, 3797, 1062)]
