Can you point out the anomalies in the image <image> and provide the coordinates of their locations?
wood/test/liquid/000.png@#@[(292, 483, 460, 663)]
wood/test/liquid/007.png@#@[(389, 385, 727, 610)]
wood/test/liquid/002.png@#@[(675, 139, 884, 436)]
wood/test/liquid/006.png@#@[(196, 595, 536, 831)]
wood/test/liquid/008.png@#@[(389, 296, 931, 624)]
wood/test/liquid/005.png@#@[(288, 546, 495, 831)]
wood/test/liquid/004.png@#@[(370, 249, 571, 503)]
wood/test/liquid/003.png@#@[(217, 610, 684, 788)]
wood/test/liquid/009.png@#@[(307, 403, 608, 624)]
wood/test/liquid/001.png@#@[(153, 282, 995, 499)]
wood/test/color/000.png@#@[(188, 598, 428, 761)]
wood/test/color/007.png@#@[(638, 673, 817, 878)]
wood/test/color/002.png@#@[(247, 352, 606, 618)]
wood/test/color/006.png@#@[(159, 253, 730, 894)]
wood/test/color/005.png@#@[(247, 206, 872, 477)]
wood/test/color/004.png@#@[(196, 440, 309, 532)]
wood/test/color/003.png@#@[(59, 305, 212, 421)]
wood/test/color/001.png@#@[(247, 98, 729, 499)]
wood/test/combined/000.png@#@[(307, 288, 655, 718)]
wood/test/combined/007.png@#@[(155, 473, 882, 751)]
wood/test/combined/002.png@#@[(155, 245, 247, 348)]
wood/test/combined/006.png@#@[(417, 456, 745, 655)]
wood/test/combined/008.png@#@[(288, 528, 995, 739)]
wood/test/combined/005.png@#@[(352, 741, 454, 851)]
wood/test/combined/004.png@#@[(317, 223, 602, 663)]
wood/test/combined/003.png@#@[(0, 706, 184, 839)]
wood/test/combined/010.png@#@[(157, 372, 849, 600)]
wood/test/combined/009.png@#@[(188, 747, 327, 911)]
wood/test/combined/001.png@#@[(204, 307, 665, 727)]
wood/test/hole/000.png@#@[(215, 241, 438, 452)]
wood/test/hole/007.png@#@[(247, 155, 348, 266)]
wood/test/hole/002.png@#@[(389, 204, 665, 696)]
wood/test/hole/006.png@#@[(288, 800, 407, 903)]
wood/test/hole/008.png@#@[(186, 288, 278, 391)]
wood/test/hole/005.png@#@[(417, 2, 473, 1015)]
wood/test/hole/004.png@#@[(184, 575, 305, 694)]
wood/test/hole/003.png@#@[(145, 829, 229, 931)]
wood/test/hole/009.png@#@[(131, 233, 247, 337)]
wood/test/hole/001.png@#@[(233, 309, 309, 421)]
wood/test/scratch/000.png@#@[(116, 335, 458, 673)]
wood/test/scratch/007.png@#@[(186, 126, 913, 569)]
wood/test/scratch/002.png@#@[(0, 409, 841, 700)]
wood/test/scratch/020.png@#@[(83, 747, 262, 921)]
wood/test/scratch/006.png@#@[(0, 0, 1024, 1018)]
wood/test/scratch/019.png@#@[(262, 266, 1021, 548)]
wood/test/scratch/013.png@#@[(206, 360, 870, 512)]
wood/test/scratch/008.png@#@[(2, 524, 606, 778)]
wood/test/scratch/011.png@#@[(731, 284, 1024, 593)]
wood/test/scratch/014.png@#@[(188, 372, 356, 542)]
wood/test/scratch/015.png@#@[(0, 2, 1024, 1018)]
wood/test/scratch/016.png@#@[(565, 6, 1015, 385)]
wood/test/scratch/012.png@#@[(256, 137, 552, 358)]
wood/test/scratch/005.png@#@[(208, 440, 387, 929)]
wood/test/scratch/017.png@#@[(59, 628, 811, 833)]
wood/test/scratch/004.png@#@[(288, 430, 565, 829)]
wood/test/scratch/003.png@#@[(339, 153, 536, 399)]
wood/test/scratch/018.png@#@[(0, 241, 301, 489)]
wood/test/scratch/010.png@#@[(143, 493, 348, 964)]
wood/test/scratch/009.png@#@[(184, 419, 389, 757)]
wood/test/scratch/001.png@#@[(555, 2, 657, 862)]
grid/test/metal_contamination/000.png@#@[(491, 247, 546, 313)]
grid/test/metal_contamination/007.png@#@[(417, 200, 632, 327)]
grid/test/metal_contamination/002.png@#@[(403, 307, 536, 473)]
grid/test/metal_contamination/006.png@#@[(552, 83, 665, 206)]
grid/test/metal_contamination/008.png@#@[(247, 143, 389, 274)]
grid/test/metal_contamination/005.png@#@[(557, 206, 645, 301)]
grid/test/metal_contamination/004.png@#@[(350, 194, 571, 307)]
grid/test/metal_contamination/003.png@#@[(593, 206, 706, 370)]
grid/test/metal_contamination/010.png@#@[(708, 61, 876, 184)]
grid/test/metal_contamination/009.png@#@[(100, 552, 305, 757)]
grid/test/metal_contamination/001.png@#@[(657, 81, 835, 196)]
grid/test/bent/000.png@#@[(20, 247, 307, 575)]
grid/test/bent/007.png@#@[(0, 229, 409, 567)]
grid/test/bent/002.png@#@[(417, 235, 479, 290)]
grid/test/bent/006.png@#@[(202, 448, 409, 573)]
grid/test/bent/008.png@#@[(0, 258, 194, 462)]
grid/test/bent/011.png@#@[(612, 520, 716, 626)]
grid/test/bent/005.png@#@[(708, 638, 831, 720)]
grid/test/bent/004.png@#@[(153, 464, 225, 546)]
grid/test/bent/003.png@#@[(212, 460, 294, 542)]
grid/test/bent/010.png@#@[(290, 307, 552, 536)]
grid/test/bent/009.png@#@[(212, 153, 540, 536)]
grid/test/bent/001.png@#@[(417, 757, 595, 899)]
grid/test/broken/000.png@#@[(509, 563, 649, 684)]
grid/test/broken/007.png@#@[(264, 483, 858, 657)]
grid/test/broken/002.png@#@[(368, 503, 450, 606)]
grid/test/broken/006.png@#@[(264, 348, 643, 729)]
grid/test/broken/008.png@#@[(233, 491, 499, 765)]
grid/test/broken/011.png@#@[(286, 350, 634, 534)]
grid/test/broken/005.png@#@[(131, 350, 643, 565)]
grid/test/broken/004.png@#@[(417, 563, 573, 757)]
grid/test/broken/003.png@#@[(159, 358, 364, 532)]
grid/test/broken/010.png@#@[(395, 247, 573, 620)]
grid/test/broken/009.png@#@[(352, 290, 813, 622)]
grid/test/broken/001.png@#@[(307, 217, 638, 438)]
grid/test/thread/000.png@#@[(870, 522, 993, 624)]
grid/test/thread/007.png@#@[(8, 194, 438, 485)]
grid/test/thread/002.png@#@[(0, 227, 1017, 346)]
grid/test/thread/006.png@#@[(253, 8, 491, 1011)]
grid/test/thread/008.png@#@[(0, 2, 1024, 1018)]
grid/test/thread/005.png@#@[(288, 40, 638, 471)]
grid/test/thread/004.png@#@[(434, 358, 1017, 641)]
grid/test/thread/003.png@#@[(253, 385, 643, 768)]
grid/test/thread/010.png@#@[(417, 61, 765, 536)]
grid/test/thread/009.png@#@[(395, 194, 634, 495)]
grid/test/thread/001.png@#@[(708, 573, 851, 757)]
grid/test/glue/000.png@#@[(698, 30, 790, 92)]
grid/test/glue/007.png@#@[(247, 573, 313, 673)]
grid/test/glue/002.png@#@[(288, 198, 366, 288)]
grid/test/glue/006.png@#@[(614, 440, 716, 563)]
grid/test/glue/008.png@#@[(0, 2, 1024, 1018)]
grid/test/glue/005.png@#@[(368, 143, 491, 276)]
grid/test/glue/004.png@#@[(434, 589, 536, 716)]
grid/test/glue/003.png@#@[(57, 638, 102, 684)]
grid/test/glue/010.png@#@[(288, 145, 403, 288)]
grid/test/glue/009.png@#@[(698, 30, 829, 153)]
grid/test/glue/001.png@#@[(380, 51, 647, 215)]
capsule/test/squeeze/000.png@#@[(542, 352, 738, 632)]
capsule/test/squeeze/007.png@#@[(88, 300, 910, 670)]
capsule/test/squeeze/002.png@#@[(86, 300, 948, 639)]
capsule/test/squeeze/006.png@#@[(542, 352, 898, 682)]
capsule/test/squeeze/019.png@#@[(556, 462, 830, 584)]
capsule/test/squeeze/013.png@#@[(562, 428, 802, 558)]
capsule/test/squeeze/008.png@#@[(500, 390, 910, 620)]
capsule/test/squeeze/011.png@#@[(98, 308, 908, 699)]
capsule/test/squeeze/014.png@#@[(98, 305, 905, 670)]
capsule/test/squeeze/015.png@#@[(80, 360, 910, 620)]
capsule/test/squeeze/016.png@#@[(502, 328, 910, 662)]
capsule/test/squeeze/012.png@#@[(562, 370, 792, 620)]
capsule/test/squeeze/005.png@#@[(556, 380, 866, 580)]
capsule/test/squeeze/017.png@#@[(500, 359, 917, 648)]
capsule/test/squeeze/004.png@#@[(500, 359, 917, 648)]
capsule/test/squeeze/003.png@#@[(556, 450, 776, 542)]
capsule/test/squeeze/018.png@#@[(550, 390, 908, 594)]
capsule/test/squeeze/010.png@#@[(552, 392, 808, 532)]
capsule/test/squeeze/009.png@#@[(562, 380, 802, 576)]
capsule/test/squeeze/001.png@#@[(500, 310, 910, 660)]
capsule/test/poke/000.png@#@[(482, 332, 918, 660)]
capsule/test/poke/007.png@#@[(542, 350, 908, 636)]
capsule/test/poke/002.png@#@[(556, 480, 798, 584)]
capsule/test/poke/020.png@#@[(550, 462, 630, 520)]
capsule/test/poke/006.png@#@[(550, 380, 800, 530)]
capsule/test/poke/019.png@#@[(542, 372, 898, 594)]
capsule/test/poke/013.png@#@[(86, 302, 948, 692)]
capsule/test/poke/008.png@#@[(482, 382, 602, 476)]
capsule/test/poke/011.png@#@[(550, 390, 832, 560)]
capsule/test/poke/014.png@#@[(558, 394, 802, 546)]
capsule/test/poke/015.png@#@[(556, 380, 836, 580)]
capsule/test/poke/016.png@#@[(550, 370, 890, 610)]
capsule/test/poke/012.png@#@[(562, 448, 612, 518)]
capsule/test/poke/005.png@#@[(556, 460, 798, 564)]
capsule/test/poke/017.png@#@[(542, 380, 878, 630)]
capsule/test/poke/004.png@#@[(556, 458, 836, 592)]
capsule/test/poke/003.png@#@[(524, 480, 562, 524)]
capsule/test/poke/018.png@#@[(556, 420, 798, 538)]
capsule/test/poke/010.png@#@[(544, 448, 784, 542)]
capsule/test/poke/009.png@#@[(88, 300, 912, 692)]
capsule/test/poke/001.png@#@[(80, 300, 948, 699)]
capsule/test/crack/022.png@#@[(544, 458, 798, 582)]
capsule/test/crack/000.png@#@[(86, 300, 938, 699)]
capsule/test/crack/007.png@#@[(878, 528, 942, 602)]
capsule/test/crack/002.png@#@[(500, 382, 838, 526)]
capsule/test/crack/020.png@#@[(482, 352, 898, 632)]
capsule/test/crack/021.png@#@[(542, 458, 802, 578)]
capsule/test/crack/006.png@#@[(556, 462, 798, 582)]
capsule/test/crack/019.png@#@[(552, 380, 832, 530)]
capsule/test/crack/013.png@#@[(544, 422, 794, 542)]
capsule/test/crack/008.png@#@[(542, 380, 898, 636)]
capsule/test/crack/011.png@#@[(56, 330, 536, 648)]
capsule/test/crack/014.png@#@[(78, 300, 938, 936)]
capsule/test/crack/015.png@#@[(402, 408, 534, 524)]
capsule/test/crack/016.png@#@[(550, 448, 794, 578)]
capsule/test/crack/012.png@#@[(86, 300, 938, 649)]
capsule/test/crack/005.png@#@[(80, 300, 910, 660)]
capsule/test/crack/017.png@#@[(608, 330, 738, 442)]
capsule/test/crack/004.png@#@[(558, 352, 888, 608)]
capsule/test/crack/003.png@#@[(556, 468, 616, 528)]
capsule/test/crack/018.png@#@[(556, 380, 836, 580)]
capsule/test/crack/010.png@#@[(372, 320, 918, 646)]
capsule/test/crack/009.png@#@[(556, 460, 798, 584)]
capsule/test/crack/001.png@#@[(100, 422, 424, 630)]
capsule/test/faulty_imprint/000.png@#@[(540, 390, 790, 530)]
capsule/test/faulty_imprint/007.png@#@[(542, 352, 908, 632)]
capsule/test/faulty_imprint/002.png@#@[(544, 352, 898, 594)]
capsule/test/faulty_imprint/020.png@#@[(500, 330, 918, 620)]
capsule/test/faulty_imprint/021.png@#@[(544, 458, 802, 578)]
capsule/test/faulty_imprint/006.png@#@[(542, 442, 782, 532)]
capsule/test/faulty_imprint/019.png@#@[(542, 352, 898, 602)]
capsule/test/faulty_imprint/013.png@#@[(544, 428, 802, 542)]
capsule/test/faulty_imprint/008.png@#@[(562, 446, 832, 540)]
capsule/test/faulty_imprint/011.png@#@[(542, 350, 892, 600)]
capsule/test/faulty_imprint/014.png@#@[(608, 444, 782, 584)]
capsule/test/faulty_imprint/015.png@#@[(562, 448, 632, 538)]
capsule/test/faulty_imprint/016.png@#@[(546, 380, 898, 580)]
capsule/test/faulty_imprint/012.png@#@[(544, 422, 928, 630)]
capsule/test/faulty_imprint/005.png@#@[(464, 328, 928, 636)]
capsule/test/faulty_imprint/017.png@#@[(540, 430, 810, 550)]
capsule/test/faulty_imprint/004.png@#@[(454, 314, 942, 648)]
capsule/test/faulty_imprint/003.png@#@[(544, 352, 908, 636)]
capsule/test/faulty_imprint/018.png@#@[(556, 450, 600, 500)]
capsule/test/faulty_imprint/010.png@#@[(562, 466, 602, 500)]
capsule/test/faulty_imprint/009.png@#@[(544, 458, 798, 582)]
capsule/test/faulty_imprint/001.png@#@[(556, 440, 808, 546)]
capsule/test/scratch/022.png@#@[(562, 448, 786, 546)]
capsule/test/scratch/000.png@#@[(556, 380, 836, 580)]
capsule/test/scratch/007.png@#@[(562, 480, 794, 580)]
capsule/test/scratch/002.png@#@[(542, 380, 838, 580)]
capsule/test/scratch/020.png@#@[(556, 390, 808, 580)]
capsule/test/scratch/021.png@#@[(556, 460, 600, 508)]
capsule/test/scratch/006.png@#@[(542, 466, 798, 576)]
capsule/test/scratch/019.png@#@[(558, 458, 768, 612)]
capsule/test/scratch/013.png@#@[(542, 354, 832, 530)]
capsule/test/scratch/008.png@#@[(608, 560, 712, 638)]
capsule/test/scratch/011.png@#@[(80, 300, 948, 948)]
capsule/test/scratch/014.png@#@[(550, 350, 830, 540)]
capsule/test/scratch/015.png@#@[(556, 440, 756, 554)]
capsule/test/scratch/016.png@#@[(558, 398, 802, 542)]
capsule/test/scratch/012.png@#@[(556, 390, 808, 560)]
capsule/test/scratch/005.png@#@[(556, 380, 794, 610)]
capsule/test/scratch/017.png@#@[(542, 458, 786, 582)]
capsule/test/scratch/004.png@#@[(552, 420, 794, 540)]
capsule/test/scratch/003.png@#@[(550, 460, 790, 550)]
capsule/test/scratch/018.png@#@[(562, 370, 792, 560)]
capsule/test/scratch/010.png@#@[(556, 560, 698, 620)]
capsule/test/scratch/009.png@#@[(556, 390, 836, 530)]
capsule/test/scratch/001.png@#@[(558, 378, 802, 562)]
transistor/test/bent_lead/000.png@#@[(247, 609, 478, 921)]
transistor/test/bent_lead/007.png@#@[(249, 585, 686, 921)]
transistor/test/bent_lead/002.png@#@[(217, 647, 759, 876)]
transistor/test/bent_lead/006.png@#@[(434, 421, 593, 571)]
transistor/test/bent_lead/008.png@#@[(249, 589, 716, 899)]
transistor/test/bent_lead/005.png@#@[(88, 598, 759, 899)]
transistor/test/bent_lead/004.png@#@[(507, 612, 759, 837)]
transistor/test/bent_lead/003.png@#@[(272, 129, 747, 870)]
transistor/test/bent_lead/009.png@#@[(249, 188, 788, 634)]
transistor/test/bent_lead/001.png@#@[(249, 524, 759, 876)]
transistor/test/damaged_case/000.png@#@[(247, 141, 716, 642)]
transistor/test/damaged_case/007.png@#@[(247, 124, 768, 661)]
transistor/test/damaged_case/002.png@#@[(276, 312, 768, 636)]
transistor/test/damaged_case/006.png@#@[(276, 159, 747, 616)]
transistor/test/damaged_case/008.png@#@[(249, 204, 716, 802)]
transistor/test/damaged_case/005.png@#@[(249, 159, 716, 819)]
transistor/test/damaged_case/004.png@#@[(289, 212, 801, 849)]
transistor/test/damaged_case/003.png@#@[(256, 188, 747, 614)]
transistor/test/damaged_case/009.png@#@[(387, 235, 729, 614)]
transistor/test/damaged_case/001.png@#@[(317, 241, 757, 641)]
transistor/test/misplaced/000.png@#@[(212, 587, 665, 864)]
transistor/test/misplaced/007.png@#@[(0, 122, 1020, 1011)]
transistor/test/misplaced/002.png@#@[(202, 331, 329, 450)]
transistor/test/misplaced/006.png@#@[(0, 124, 1000, 1018)]
transistor/test/misplaced/008.png@#@[(100, 337, 593, 663)]
transistor/test/misplaced/005.png@#@[(389, 124, 555, 454)]
transistor/test/misplaced/004.png@#@[(247, 122, 768, 411)]
transistor/test/misplaced/003.png@#@[(434, 557, 585, 671)]
transistor/test/misplaced/009.png@#@[(219, 483, 747, 835)]
transistor/test/misplaced/001.png@#@[(276, 524, 802, 931)]
transistor/test/cut_lead/000.png@#@[(249, 256, 751, 892)]
transistor/test/cut_lead/007.png@#@[(493, 671, 778, 802)]
transistor/test/cut_lead/002.png@#@[(247, 124, 747, 661)]
transistor/test/cut_lead/006.png@#@[(421, 669, 747, 892)]
transistor/test/cut_lead/008.png@#@[(249, 122, 716, 593)]
transistor/test/cut_lead/005.png@#@[(256, 604, 716, 829)]
transistor/test/cut_lead/004.png@#@[(249, 548, 665, 835)]
transistor/test/cut_lead/003.png@#@[(249, 176, 716, 661)]
transistor/test/cut_lead/009.png@#@[(249, 528, 782, 860)]
transistor/test/cut_lead/001.png@#@[(249, 176, 716, 642)]
zipper/test/fabric_interior/000.png@#@[(288, 741, 403, 892)]
zipper/test/fabric_interior/007.png@#@[(434, 249, 595, 1021)]
zipper/test/fabric_interior/002.png@#@[(401, 2, 663, 1011)]
zipper/test/fabric_interior/006.png@#@[(370, 536, 434, 659)]
zipper/test/fabric_interior/013.png@#@[(643, 350, 724, 438)]
zipper/test/fabric_interior/008.png@#@[(288, 780, 372, 925)]
zipper/test/fabric_interior/011.png@#@[(626, 57, 811, 184)]
zipper/test/fabric_interior/014.png@#@[(258, 595, 387, 753)]
zipper/test/fabric_interior/015.png@#@[(698, 536, 868, 831)]
zipper/test/fabric_interior/012.png@#@[(370, 0, 622, 1021)]
zipper/test/fabric_interior/005.png@#@[(595, 698, 673, 833)]
zipper/test/fabric_interior/004.png@#@[(288, 800, 438, 1019)]
zipper/test/fabric_interior/003.png@#@[(575, 196, 659, 301)]
zipper/test/fabric_interior/010.png@#@[(237, 817, 356, 995)]
zipper/test/fabric_interior/009.png@#@[(575, 741, 675, 864)]
zipper/test/fabric_interior/001.png@#@[(370, 0, 653, 1011)]
zipper/test/split_teeth/000.png@#@[(421, 249, 602, 1017)]
zipper/test/split_teeth/007.png@#@[(417, 0, 663, 1021)]
zipper/test/split_teeth/002.png@#@[(417, 243, 555, 1015)]
zipper/test/split_teeth/006.png@#@[(423, 284, 593, 1021)]
zipper/test/split_teeth/013.png@#@[(417, 0, 622, 1021)]
zipper/test/split_teeth/008.png@#@[(493, 0, 557, 1017)]
zipper/test/split_teeth/011.png@#@[(417, 182, 561, 929)]
zipper/test/split_teeth/014.png@#@[(411, 741, 595, 1017)]
zipper/test/split_teeth/015.png@#@[(417, 741, 595, 888)]
zipper/test/split_teeth/016.png@#@[(417, 704, 643, 1021)]
zipper/test/split_teeth/012.png@#@[(417, 708, 602, 1019)]
zipper/test/split_teeth/005.png@#@[(411, 327, 595, 1021)]
zipper/test/split_teeth/017.png@#@[(423, 260, 591, 1021)]
zipper/test/split_teeth/004.png@#@[(499, 135, 561, 206)]
zipper/test/split_teeth/003.png@#@[(421, 720, 458, 782)]
zipper/test/split_teeth/010.png@#@[(423, 522, 595, 1017)]
zipper/test/split_teeth/009.png@#@[(421, 264, 585, 1021)]
zipper/test/split_teeth/001.png@#@[(415, 0, 595, 1021)]
zipper/test/broken_teeth/000.png@#@[(434, 249, 595, 1017)]
zipper/test/broken_teeth/007.png@#@[(417, 321, 602, 1017)]
zipper/test/broken_teeth/002.png@#@[(499, 741, 540, 784)]
zipper/test/broken_teeth/006.png@#@[(415, 403, 593, 1021)]
zipper/test/broken_teeth/013.png@#@[(247, 83, 606, 249)]
zipper/test/broken_teeth/008.png@#@[(417, 247, 663, 1015)]
zipper/test/broken_teeth/011.png@#@[(428, 759, 479, 831)]
zipper/test/broken_teeth/014.png@#@[(473, 434, 561, 526)]
zipper/test/broken_teeth/015.png@#@[(425, 397, 585, 1021)]
zipper/test/broken_teeth/016.png@#@[(473, 40, 595, 147)]
zipper/test/broken_teeth/012.png@#@[(499, 393, 636, 534)]
zipper/test/broken_teeth/005.png@#@[(415, 677, 565, 1021)]
zipper/test/broken_teeth/017.png@#@[(346, 0, 630, 1021)]
zipper/test/broken_teeth/004.png@#@[(417, 196, 595, 1021)]
zipper/test/broken_teeth/003.png@#@[(473, 350, 595, 495)]
zipper/test/broken_teeth/018.png@#@[(438, 755, 669, 882)]
zipper/test/broken_teeth/010.png@#@[(417, 530, 622, 1021)]
zipper/test/broken_teeth/009.png@#@[(429, 0, 653, 1011)]
zipper/test/broken_teeth/001.png@#@[(415, 872, 493, 995)]
zipper/test/combined/000.png@#@[(473, 137, 587, 276)]
zipper/test/combined/007.png@#@[(544, 434, 669, 544)]
zipper/test/combined/002.png@#@[(417, 0, 663, 1011)]
zipper/test/combined/006.png@#@[(57, 434, 215, 634)]
zipper/test/combined/013.png@#@[(831, 151, 964, 309)]
zipper/test/combined/008.png@#@[(417, 602, 561, 1021)]
zipper/test/combined/011.png@#@[(831, 34, 964, 176)]
zipper/test/combined/014.png@#@[(370, 466, 413, 546)]
zipper/test/combined/015.png@#@[(417, 200, 663, 1021)]
zipper/test/combined/012.png@#@[(618, 741, 892, 909)]
zipper/test/combined/005.png@#@[(434, 294, 600, 1021)]
zipper/test/combined/004.png@#@[(288, 268, 387, 352)]
zipper/test/combined/003.png@#@[(288, 741, 413, 868)]
zipper/test/combined/010.png@#@[(874, 643, 966, 831)]
zipper/test/combined/009.png@#@[(497, 202, 598, 266)]
zipper/test/combined/001.png@#@[(425, 0, 559, 1021)]
zipper/test/rough/000.png@#@[(432, 731, 616, 880)]
zipper/test/rough/007.png@#@[(452, 182, 561, 1021)]
zipper/test/rough/002.png@#@[(411, 403, 495, 819)]
zipper/test/rough/006.png@#@[(415, 755, 595, 1021)]
zipper/test/rough/013.png@#@[(432, 714, 495, 798)]
zipper/test/rough/008.png@#@[(473, 403, 638, 1017)]
zipper/test/rough/011.png@#@[(434, 522, 618, 1017)]
zipper/test/rough/014.png@#@[(438, 247, 591, 1021)]
zipper/test/rough/015.png@#@[(417, 0, 602, 1021)]
zipper/test/rough/016.png@#@[(411, 741, 458, 831)]
zipper/test/rough/012.png@#@[(417, 202, 595, 1017)]
zipper/test/rough/005.png@#@[(421, 45, 602, 987)]
zipper/test/rough/004.png@#@[(411, 0, 585, 1021)]
zipper/test/rough/003.png@#@[(425, 49, 593, 985)]
zipper/test/rough/010.png@#@[(415, 677, 495, 800)]
zipper/test/rough/009.png@#@[(473, 260, 595, 1017)]
zipper/test/rough/001.png@#@[(432, 829, 495, 983)]
zipper/test/squeezed_teeth/000.png@#@[(438, 595, 561, 1021)]
zipper/test/squeezed_teeth/007.png@#@[(423, 397, 458, 1021)]
zipper/test/squeezed_teeth/002.png@#@[(417, 0, 663, 864)]
zipper/test/squeezed_teeth/006.png@#@[(434, 0, 659, 1013)]
zipper/test/squeezed_teeth/013.png@#@[(423, 0, 663, 1011)]
zipper/test/squeezed_teeth/008.png@#@[(434, 317, 659, 997)]
zipper/test/squeezed_teeth/011.png@#@[(434, 346, 638, 1015)]
zipper/test/squeezed_teeth/014.png@#@[(421, 0, 638, 1015)]
zipper/test/squeezed_teeth/015.png@#@[(473, 0, 595, 1013)]
zipper/test/squeezed_teeth/012.png@#@[(434, 249, 595, 1017)]
zipper/test/squeezed_teeth/005.png@#@[(417, 299, 663, 1021)]
zipper/test/squeezed_teeth/004.png@#@[(561, 311, 591, 342)]
zipper/test/squeezed_teeth/003.png@#@[(421, 247, 602, 1021)]
zipper/test/squeezed_teeth/010.png@#@[(417, 0, 595, 995)]
zipper/test/squeezed_teeth/009.png@#@[(423, 800, 458, 1021)]
zipper/test/squeezed_teeth/001.png@#@[(417, 182, 602, 1021)]
zipper/test/fabric_border/000.png@#@[(884, 331, 985, 450)]
zipper/test/fabric_border/007.png@#@[(862, 575, 946, 813)]
zipper/test/fabric_border/002.png@#@[(60, 8, 960, 1011)]
zipper/test/fabric_border/006.png@#@[(866, 675, 946, 802)]
zipper/test/fabric_border/013.png@#@[(57, 354, 184, 495)]
zipper/test/fabric_border/008.png@#@[(860, 83, 935, 575)]
zipper/test/fabric_border/011.png@#@[(880, 100, 946, 278)]
zipper/test/fabric_border/014.png@#@[(63, 708, 239, 882)]
zipper/test/fabric_border/015.png@#@[(98, 395, 208, 608)]
zipper/test/fabric_border/016.png@#@[(866, 194, 940, 311)]
zipper/test/fabric_border/012.png@#@[(69, 581, 233, 755)]
zipper/test/fabric_border/005.png@#@[(32, 741, 319, 878)]
zipper/test/fabric_border/004.png@#@[(841, 595, 964, 833)]
zipper/test/fabric_border/003.png@#@[(6, 444, 124, 655)]
zipper/test/fabric_border/010.png@#@[(876, 729, 964, 845)]
zipper/test/fabric_border/009.png@#@[(57, 466, 227, 1019)]
zipper/test/fabric_border/001.png@#@[(860, 741, 956, 864)]
tile/test/crack/000.png@#@[(0, 0, 840, 835)]
tile/test/crack/007.png@#@[(1, 0, 840, 831)]
tile/test/crack/002.png@#@[(0, 0, 840, 829)]
tile/test/crack/006.png@#@[(329, 467, 648, 740)]
tile/test/crack/013.png@#@[(0, 0, 840, 835)]
tile/test/crack/008.png@#@[(0, 1, 840, 835)]
tile/test/crack/011.png@#@[(287, 1, 609, 204)]
tile/test/crack/014.png@#@[(337, 357, 467, 445)]
tile/test/crack/015.png@#@[(0, 0, 840, 827)]
tile/test/crack/016.png@#@[(0, 1, 840, 832)]
tile/test/crack/012.png@#@[(0, 5, 840, 838)]
tile/test/crack/005.png@#@[(0, 1, 840, 831)]
tile/test/crack/004.png@#@[(304, 206, 386, 337)]
tile/test/crack/003.png@#@[(0, 0, 840, 835)]
tile/test/crack/010.png@#@[(132, 584, 295, 708)]
tile/test/crack/009.png@#@[(1, 0, 840, 831)]
tile/test/crack/001.png@#@[(0, 0, 840, 829)]
tile/test/glue_strip/000.png@#@[(413, 366, 673, 665)]
tile/test/glue_strip/007.png@#@[(314, 314, 821, 834)]
tile/test/glue_strip/002.png@#@[(543, 258, 840, 603)]
tile/test/glue_strip/006.png@#@[(206, 198, 529, 484)]
tile/test/glue_strip/013.png@#@[(337, 372, 529, 589)]
tile/test/glue_strip/008.png@#@[(0, 1, 840, 831)]
tile/test/glue_strip/011.png@#@[(0, 149, 235, 594)]
tile/test/glue_strip/014.png@#@[(384, 204, 640, 473)]
tile/test/glue_strip/015.png@#@[(540, 320, 781, 571)]
tile/test/glue_strip/016.png@#@[(0, 158, 840, 826)]
tile/test/glue_strip/012.png@#@[(0, 0, 840, 835)]
tile/test/glue_strip/005.png@#@[(227, 432, 446, 677)]
tile/test/glue_strip/017.png@#@[(227, 179, 690, 616)]
tile/test/glue_strip/004.png@#@[(159, 169, 697, 656)]
tile/test/glue_strip/003.png@#@[(0, 0, 840, 835)]
tile/test/glue_strip/010.png@#@[(488, 1, 840, 833)]
tile/test/glue_strip/009.png@#@[(0, 130, 840, 829)]
tile/test/glue_strip/001.png@#@[(236, 330, 725, 512)]
tile/test/rough/000.png@#@[(346, 327, 530, 596)]
tile/test/rough/007.png@#@[(0, 211, 835, 829)]
tile/test/rough/002.png@#@[(240, 275, 623, 636)]
tile/test/rough/006.png@#@[(0, 0, 840, 835)]
tile/test/rough/013.png@#@[(0, 0, 840, 831)]
tile/test/rough/008.png@#@[(0, 0, 840, 835)]
tile/test/rough/011.png@#@[(388, 357, 834, 551)]
tile/test/rough/014.png@#@[(1, 0, 840, 831)]
tile/test/rough/012.png@#@[(0, 0, 840, 831)]
tile/test/rough/005.png@#@[(0, 0, 840, 831)]
tile/test/rough/004.png@#@[(0, 204, 840, 829)]
tile/test/rough/003.png@#@[(0, 0, 840, 835)]
tile/test/rough/010.png@#@[(0, 432, 460, 719)]
tile/test/rough/009.png@#@[(0, 0, 840, 831)]
tile/test/rough/001.png@#@[(322, 189, 455, 621)]
tile/test/oil/000.png@#@[(179, 193, 619, 653)]
tile/test/oil/007.png@#@[(131, 159, 488, 493)]
tile/test/oil/002.png@#@[(426, 126, 781, 543)]
tile/test/oil/006.png@#@[(383, 482, 695, 836)]
tile/test/oil/013.png@#@[(214, 298, 530, 624)]
tile/test/oil/008.png@#@[(0, 0, 840, 835)]
tile/test/oil/011.png@#@[(253, 330, 574, 624)]
tile/test/oil/014.png@#@[(330, 240, 771, 656)]
tile/test/oil/015.png@#@[(159, 198, 658, 645)]
tile/test/oil/016.png@#@[(169, 173, 534, 687)]
tile/test/oil/012.png@#@[(295, 366, 624, 614)]
tile/test/oil/005.png@#@[(298, 304, 623, 619)]
tile/test/oil/017.png@#@[(158, 48, 622, 396)]
tile/test/oil/004.png@#@[(519, 125, 840, 445)]
tile/test/oil/003.png@#@[(131, 250, 445, 572)]
tile/test/oil/010.png@#@[(0, 388, 367, 707)]
tile/test/oil/009.png@#@[(334, 287, 608, 648)]
tile/test/oil/001.png@#@[(324, 342, 618, 670)]
tile/test/gray_stroke/000.png@#@[(379, 512, 599, 665)]
tile/test/gray_stroke/007.png@#@[(151, 344, 487, 621)]
tile/test/gray_stroke/002.png@#@[(0, 0, 840, 835)]
tile/test/gray_stroke/006.png@#@[(403, 105, 683, 404)]
tile/test/gray_stroke/013.png@#@[(253, 0, 554, 171)]
tile/test/gray_stroke/008.png@#@[(588, 329, 829, 475)]
tile/test/gray_stroke/011.png@#@[(0, 413, 272, 834)]
tile/test/gray_stroke/014.png@#@[(159, 450, 428, 710)]
tile/test/gray_stroke/015.png@#@[(673, 411, 836, 650)]
tile/test/gray_stroke/012.png@#@[(203, 193, 530, 428)]
tile/test/gray_stroke/005.png@#@[(509, 99, 682, 475)]
tile/test/gray_stroke/004.png@#@[(134, 430, 403, 675)]
tile/test/gray_stroke/003.png@#@[(240, 334, 576, 690)]
tile/test/gray_stroke/010.png@#@[(80, 198, 408, 436)]
tile/test/gray_stroke/009.png@#@[(509, 48, 834, 294)]
tile/test/gray_stroke/001.png@#@[(126, 361, 404, 648)]
cable/test/missing_cable/000.png@#@[(188, 411, 550, 716)]
cable/test/missing_cable/007.png@#@[(194, 440, 512, 761)]
cable/test/missing_cable/002.png@#@[(292, 169, 654, 493)]
cable/test/missing_cable/006.png@#@[(202, 161, 751, 741)]
cable/test/missing_cable/008.png@#@[(331, 241, 645, 520)]
cable/test/missing_cable/011.png@#@[(192, 421, 544, 765)]
cable/test/missing_cable/005.png@#@[(358, 226, 707, 545)]
cable/test/missing_cable/004.png@#@[(326, 139, 645, 456)]
cable/test/missing_cable/003.png@#@[(331, 118, 673, 479)]
cable/test/missing_cable/010.png@#@[(187, 437, 531, 828)]
cable/test/missing_cable/009.png@#@[(464, 446, 761, 768)]
cable/test/missing_cable/001.png@#@[(307, 190, 654, 491)]
cable/test/cable_swap/000.png@#@[(366, 163, 647, 454)]
cable/test/cable_swap/007.png@#@[(358, 165, 710, 473)]
cable/test/cable_swap/002.png@#@[(193, 446, 537, 768)]
cable/test/cable_swap/006.png@#@[(331, 151, 669, 434)]
cable/test/cable_swap/008.png@#@[(184, 411, 491, 798)]
cable/test/cable_swap/011.png@#@[(193, 398, 497, 765)]
cable/test/cable_swap/005.png@#@[(187, 421, 493, 783)]
cable/test/cable_swap/004.png@#@[(184, 398, 493, 739)]
cable/test/cable_swap/003.png@#@[(331, 196, 724, 493)]
cable/test/cable_swap/010.png@#@[(331, 166, 685, 512)]
cable/test/cable_swap/009.png@#@[(366, 166, 654, 460)]
cable/test/cable_swap/001.png@#@[(187, 440, 561, 753)]
cable/test/poke_insulation/000.png@#@[(473, 436, 828, 750)]
cable/test/poke_insulation/007.png@#@[(331, 149, 700, 411)]
cable/test/poke_insulation/002.png@#@[(331, 129, 684, 411)]
cable/test/poke_insulation/006.png@#@[(331, 169, 665, 483)]
cable/test/poke_insulation/008.png@#@[(377, 169, 753, 540)]
cable/test/poke_insulation/005.png@#@[(331, 167, 660, 514)]
cable/test/poke_insulation/004.png@#@[(184, 446, 491, 759)]
cable/test/poke_insulation/003.png@#@[(362, 200, 718, 540)]
cable/test/poke_insulation/009.png@#@[(144, 434, 503, 759)]
cable/test/poke_insulation/001.png@#@[(358, 174, 686, 512)]
cable/test/cut_inner_insulation/000.png@#@[(452, 436, 849, 806)]
cable/test/cut_inner_insulation/007.png@#@[(478, 414, 798, 762)]
cable/test/cut_inner_insulation/002.png@#@[(159, 404, 503, 738)]
cable/test/cut_inner_insulation/006.png@#@[(168, 432, 548, 762)]
cable/test/cut_inner_insulation/013.png@#@[(286, 139, 671, 540)]
cable/test/cut_inner_insulation/008.png@#@[(309, 129, 675, 458)]
cable/test/cut_inner_insulation/011.png@#@[(364, 187, 699, 555)]
cable/test/cut_inner_insulation/012.png@#@[(358, 100, 714, 478)]
cable/test/cut_inner_insulation/005.png@#@[(307, 107, 711, 478)]
cable/test/cut_inner_insulation/004.png@#@[(491, 415, 821, 768)]
cable/test/cut_inner_insulation/003.png@#@[(292, 100, 699, 481)]
cable/test/cut_inner_insulation/010.png@#@[(193, 493, 548, 824)]
cable/test/cut_inner_insulation/009.png@#@[(269, 131, 710, 528)]
cable/test/cut_inner_insulation/001.png@#@[(131, 404, 503, 759)]
cable/test/bent_wire/000.png@#@[(194, 398, 491, 726)]
cable/test/bent_wire/007.png@#@[(350, 166, 718, 491)]
cable/test/bent_wire/002.png@#@[(358, 159, 696, 452)]
cable/test/bent_wire/006.png@#@[(122, 427, 491, 804)]
cable/test/bent_wire/008.png@#@[(193, 421, 537, 759)]
cable/test/bent_wire/011.png@#@[(281, 161, 801, 417)]
cable/test/bent_wire/012.png@#@[(358, 148, 670, 474)]
cable/test/bent_wire/005.png@#@[(358, 129, 663, 411)]
cable/test/bent_wire/004.png@#@[(184, 414, 499, 759)]
cable/test/bent_wire/003.png@#@[(326, 184, 659, 512)]
cable/test/bent_wire/010.png@#@[(122, 427, 494, 763)]
cable/test/bent_wire/009.png@#@[(122, 385, 411, 765)]
cable/test/bent_wire/001.png@#@[(194, 419, 542, 761)]
cable/test/combined/000.png@#@[(131, 434, 458, 772)]
cable/test/combined/007.png@#@[(148, 404, 503, 738)]
cable/test/combined/002.png@#@[(122, 427, 466, 762)]
cable/test/combined/006.png@#@[(190, 388, 478, 719)]
cable/test/combined/008.png@#@[(520, 404, 852, 762)]
cable/test/combined/005.png@#@[(155, 432, 462, 741)]
cable/test/combined/004.png@#@[(331, 149, 669, 520)]
cable/test/combined/003.png@#@[(360, 149, 667, 478)]
cable/test/combined/010.png@#@[(331, 166, 700, 552)]
cable/test/combined/009.png@#@[(129, 129, 714, 862)]
cable/test/combined/001.png@#@[(377, 133, 699, 456)]
cable/test/cut_outer_insulation/000.png@#@[(155, 434, 409, 720)]
cable/test/cut_outer_insulation/007.png@#@[(555, 446, 860, 757)]
cable/test/cut_outer_insulation/002.png@#@[(269, 165, 619, 517)]
cable/test/cut_outer_insulation/006.png@#@[(185, 404, 545, 762)]
cable/test/cut_outer_insulation/008.png@#@[(358, 174, 655, 460)]
cable/test/cut_outer_insulation/005.png@#@[(362, 129, 744, 488)]
cable/test/cut_outer_insulation/004.png@#@[(478, 427, 852, 773)]
cable/test/cut_outer_insulation/003.png@#@[(161, 448, 466, 720)]
cable/test/cut_outer_insulation/009.png@#@[(172, 448, 544, 765)]
cable/test/cut_outer_insulation/001.png@#@[(358, 142, 711, 463)]
cable/test/missing_wire/000.png@#@[(331, 149, 665, 477)]
cable/test/missing_wire/007.png@#@[(118, 446, 493, 763)]
cable/test/missing_wire/002.png@#@[(362, 166, 718, 542)]
cable/test/missing_wire/006.png@#@[(190, 421, 493, 761)]
cable/test/missing_wire/008.png@#@[(360, 190, 742, 517)]
cable/test/missing_wire/005.png@#@[(185, 421, 508, 770)]
cable/test/missing_wire/004.png@#@[(331, 129, 684, 456)]
cable/test/missing_wire/003.png@#@[(190, 421, 493, 806)]
cable/test/missing_wire/009.png@#@[(331, 149, 665, 432)]
cable/test/missing_wire/001.png@#@[(331, 188, 660, 463)]
leather/test/poke/000.png@#@[(0, 573, 327, 829)]
leather/test/poke/007.png@#@[(395, 503, 481, 573)]
leather/test/poke/002.png@#@[(186, 634, 288, 788)]
leather/test/poke/006.png@#@[(0, 811, 399, 1015)]
leather/test/poke/013.png@#@[(307, 180, 675, 354)]
leather/test/poke/008.png@#@[(622, 598, 888, 813)]
leather/test/poke/011.png@#@[(327, 174, 552, 327)]
leather/test/poke/014.png@#@[(186, 634, 313, 757)]
leather/test/poke/015.png@#@[(555, 430, 677, 542)]
leather/test/poke/016.png@#@[(286, 245, 430, 440)]
leather/test/poke/012.png@#@[(215, 419, 481, 583)]
leather/test/poke/005.png@#@[(286, 430, 399, 532)]
leather/test/poke/017.png@#@[(790, 634, 923, 802)]
leather/test/poke/004.png@#@[(819, 440, 921, 542)]
leather/test/poke/003.png@#@[(329, 231, 575, 450)]
leather/test/poke/010.png@#@[(493, 210, 765, 411)]
leather/test/poke/009.png@#@[(493, 595, 673, 731)]
leather/test/poke/001.png@#@[(493, 245, 673, 411)]
leather/test/color/000.png@#@[(677, 532, 759, 624)]
leather/test/color/007.png@#@[(493, 256, 636, 389)]
leather/test/color/002.png@#@[(614, 757, 768, 890)]
leather/test/color/006.png@#@[(245, 241, 348, 327)]
leather/test/color/013.png@#@[(370, 696, 595, 802)]
leather/test/color/008.png@#@[(675, 450, 819, 645)]
leather/test/color/011.png@#@[(282, 600, 393, 790)]
leather/test/color/014.png@#@[(493, 81, 602, 178)]
leather/test/color/015.png@#@[(288, 385, 468, 606)]
leather/test/color/016.png@#@[(292, 552, 401, 645)]
leather/test/color/012.png@#@[(614, 389, 788, 593)]
leather/test/color/005.png@#@[(765, 468, 899, 565)]
leather/test/color/017.png@#@[(595, 378, 776, 593)]
leather/test/color/004.png@#@[(313, 661, 538, 825)]
leather/test/color/003.png@#@[(493, 159, 598, 378)]
leather/test/color/018.png@#@[(692, 692, 794, 839)]
leather/test/color/010.png@#@[(757, 122, 839, 194)]
leather/test/color/009.png@#@[(493, 698, 735, 897)]
leather/test/color/001.png@#@[(614, 348, 788, 522)]
leather/test/cut/000.png@#@[(432, 450, 493, 522)]
leather/test/cut/007.png@#@[(645, 552, 716, 696)]
leather/test/cut/002.png@#@[(102, 256, 327, 471)]
leather/test/cut/006.png@#@[(256, 593, 532, 788)]
leather/test/cut/013.png@#@[(696, 450, 880, 655)]
leather/test/cut/008.png@#@[(512, 452, 792, 690)]
leather/test/cut/011.png@#@[(512, 391, 757, 534)]
leather/test/cut/014.png@#@[(395, 665, 600, 829)]
leather/test/cut/015.png@#@[(493, 563, 735, 653)]
leather/test/cut/016.png@#@[(595, 495, 739, 747)]
leather/test/cut/012.png@#@[(368, 245, 491, 409)]
leather/test/cut/005.png@#@[(370, 249, 534, 382)]
leather/test/cut/017.png@#@[(600, 266, 761, 475)]
leather/test/cut/004.png@#@[(266, 800, 430, 1005)]
leather/test/cut/003.png@#@[(610, 456, 800, 614)]
leather/test/cut/018.png@#@[(493, 245, 825, 495)]
leather/test/cut/010.png@#@[(522, 634, 675, 829)]
leather/test/cut/009.png@#@[(307, 456, 624, 665)]
leather/test/cut/001.png@#@[(288, 473, 489, 729)]
leather/test/fold/000.png@#@[(286, 174, 634, 327)]
leather/test/fold/007.png@#@[(370, 292, 602, 811)]
leather/test/fold/002.png@#@[(595, 438, 886, 561)]
leather/test/fold/006.png@#@[(626, 413, 780, 829)]
leather/test/fold/013.png@#@[(493, 6, 636, 208)]
leather/test/fold/008.png@#@[(417, 399, 626, 608)]
leather/test/fold/011.png@#@[(206, 217, 493, 356)]
leather/test/fold/014.png@#@[(417, 450, 765, 634)]
leather/test/fold/015.png@#@[(288, 542, 845, 720)]
leather/test/fold/016.png@#@[(432, 210, 1019, 313)]
leather/test/fold/012.png@#@[(696, 430, 942, 614)]
leather/test/fold/005.png@#@[(0, 421, 430, 811)]
leather/test/fold/004.png@#@[(192, 681, 831, 829)]
leather/test/fold/003.png@#@[(61, 430, 358, 655)]
leather/test/fold/010.png@#@[(520, 589, 1021, 847)]
leather/test/fold/009.png@#@[(473, 296, 985, 450)]
leather/test/fold/001.png@#@[(411, 747, 636, 880)]
leather/test/glue/000.png@#@[(563, 317, 727, 522)]
leather/test/glue/007.png@#@[(417, 180, 784, 430)]
leather/test/glue/002.png@#@[(542, 522, 665, 624)]
leather/test/glue/006.png@#@[(595, 497, 708, 610)]
leather/test/glue/013.png@#@[(90, 684, 235, 831)]
leather/test/glue/008.png@#@[(555, 122, 636, 235)]
leather/test/glue/011.png@#@[(512, 221, 655, 313)]
leather/test/glue/014.png@#@[(245, 133, 389, 266)]
leather/test/glue/015.png@#@[(286, 393, 409, 524)]
leather/test/glue/016.png@#@[(716, 595, 962, 731)]
leather/test/glue/012.png@#@[(307, 348, 563, 471)]
leather/test/glue/005.png@#@[(235, 634, 389, 829)]
leather/test/glue/017.png@#@[(593, 399, 890, 624)]
leather/test/glue/004.png@#@[(288, 595, 403, 720)]
leather/test/glue/003.png@#@[(593, 153, 798, 389)]
leather/test/glue/018.png@#@[(688, 122, 841, 245)]
leather/test/glue/010.png@#@[(135, 446, 268, 542)]
leather/test/glue/009.png@#@[(0, 421, 247, 557)]
leather/test/glue/001.png@#@[(184, 430, 327, 604)]
bottle/test/broken_large/000.png@#@[(304, 509, 781, 784)]
bottle/test/broken_large/007.png@#@[(113, 234, 291, 639)]
bottle/test/broken_large/002.png@#@[(145, 338, 752, 477)]
bottle/test/broken_large/006.png@#@[(79, 432, 250, 630)]
bottle/test/broken_large/019.png@#@[(334, 639, 604, 774)]
bottle/test/broken_large/013.png@#@[(244, 158, 680, 324)]
bottle/test/broken_large/008.png@#@[(207, 538, 304, 703)]
bottle/test/broken_large/011.png@#@[(565, 574, 687, 664)]
bottle/test/broken_large/014.png@#@[(198, 554, 432, 734)]
bottle/test/broken_large/015.png@#@[(165, 554, 642, 756)]
bottle/test/broken_large/016.png@#@[(469, 196, 730, 649)]
bottle/test/broken_large/012.png@#@[(457, 172, 613, 275)]
bottle/test/broken_large/005.png@#@[(615, 252, 745, 514)]
bottle/test/broken_large/017.png@#@[(336, 171, 655, 311)]
bottle/test/broken_large/004.png@#@[(163, 293, 297, 428)]
bottle/test/broken_large/003.png@#@[(457, 601, 691, 772)]
bottle/test/broken_large/018.png@#@[(163, 163, 635, 288)]
bottle/test/broken_large/010.png@#@[(270, 157, 800, 757)]
bottle/test/broken_large/009.png@#@[(370, 171, 505, 255)]
bottle/test/broken_large/001.png@#@[(113, 414, 707, 662)]
bottle/test/broken_small/000.png@#@[(217, 523, 275, 604)]
bottle/test/broken_small/007.png@#@[(640, 333, 777, 468)]
bottle/test/broken_small/002.png@#@[(556, 255, 754, 475)]
bottle/test/broken_small/020.png@#@[(595, 477, 725, 639)]
bottle/test/broken_small/021.png@#@[(619, 466, 727, 631)]
bottle/test/broken_small/006.png@#@[(432, 171, 585, 270)]
bottle/test/broken_small/019.png@#@[(167, 466, 334, 640)]
bottle/test/broken_small/013.png@#@[(547, 243, 673, 313)]
bottle/test/broken_small/008.png@#@[(457, 601, 673, 745)]
bottle/test/broken_small/011.png@#@[(136, 392, 271, 639)]
bottle/test/broken_small/014.png@#@[(163, 466, 264, 594)]
bottle/test/broken_small/015.png@#@[(113, 229, 734, 743)]
bottle/test/broken_small/016.png@#@[(577, 226, 725, 428)]
bottle/test/broken_small/012.png@#@[(165, 518, 732, 756)]
bottle/test/broken_small/005.png@#@[(244, 594, 388, 729)]
bottle/test/broken_small/017.png@#@[(140, 345, 275, 475)]
bottle/test/broken_small/004.png@#@[(163, 511, 370, 700)]
bottle/test/broken_small/003.png@#@[(163, 507, 707, 747)]
bottle/test/broken_small/018.png@#@[(163, 345, 437, 723)]
bottle/test/broken_small/010.png@#@[(505, 198, 662, 306)]
bottle/test/broken_small/009.png@#@[(244, 622, 433, 725)]
bottle/test/broken_small/001.png@#@[(163, 250, 343, 388)]
bottle/test/contamination/000.png@#@[(257, 282, 617, 558)]
bottle/test/contamination/007.png@#@[(288, 172, 666, 316)]
bottle/test/contamination/002.png@#@[(289, 477, 478, 630)]
bottle/test/contamination/020.png@#@[(309, 270, 610, 642)]
bottle/test/contamination/006.png@#@[(257, 338, 635, 635)]
bottle/test/contamination/019.png@#@[(113, 378, 226, 653)]
bottle/test/contamination/013.png@#@[(288, 420, 580, 656)]
bottle/test/contamination/008.png@#@[(370, 342, 577, 522)]
bottle/test/contamination/011.png@#@[(309, 306, 574, 619)]
bottle/test/contamination/014.png@#@[(297, 234, 666, 549)]
bottle/test/contamination/015.png@#@[(288, 260, 662, 579)]
bottle/test/contamination/016.png@#@[(207, 302, 657, 617)]
bottle/test/contamination/012.png@#@[(376, 709, 439, 775)]
bottle/test/contamination/005.png@#@[(285, 302, 530, 592)]
bottle/test/contamination/017.png@#@[(52, 97, 376, 414)]
bottle/test/contamination/004.png@#@[(217, 219, 680, 477)]
bottle/test/contamination/003.png@#@[(307, 684, 595, 783)]
bottle/test/contamination/018.png@#@[(597, 293, 763, 504)]
bottle/test/contamination/010.png@#@[(396, 387, 576, 531)]
bottle/test/contamination/009.png@#@[(385, 342, 547, 534)]
bottle/test/contamination/001.png@#@[(207, 244, 666, 640)]
carpet/test/metal_contamination/000.png@#@[(389, 563, 495, 649)]
carpet/test/metal_contamination/007.png@#@[(497, 600, 800, 880)]
carpet/test/metal_contamination/002.png@#@[(600, 608, 716, 729)]
carpet/test/metal_contamination/006.png@#@[(290, 301, 495, 462)]
carpet/test/metal_contamination/013.png@#@[(143, 684, 280, 827)]
carpet/test/metal_contamination/008.png@#@[(655, 493, 757, 688)]
carpet/test/metal_contamination/011.png@#@[(636, 665, 759, 790)]
carpet/test/metal_contamination/014.png@#@[(536, 708, 684, 837)]
carpet/test/metal_contamination/015.png@#@[(438, 673, 606, 800)]
carpet/test/metal_contamination/016.png@#@[(247, 493, 395, 581)]
carpet/test/metal_contamination/012.png@#@[(161, 247, 350, 395)]
carpet/test/metal_contamination/005.png@#@[(411, 698, 700, 860)]
carpet/test/metal_contamination/004.png@#@[(624, 610, 837, 739)]
carpet/test/metal_contamination/003.png@#@[(229, 491, 335, 600)]
carpet/test/metal_contamination/010.png@#@[(311, 659, 534, 884)]
carpet/test/metal_contamination/009.png@#@[(172, 419, 294, 505)]
carpet/test/metal_contamination/001.png@#@[(178, 571, 301, 698)]
carpet/test/color/000.png@#@[(102, 501, 389, 819)]
carpet/test/color/007.png@#@[(512, 483, 761, 729)]
carpet/test/color/002.png@#@[(212, 217, 458, 483)]
carpet/test/color/006.png@#@[(434, 600, 659, 829)]
carpet/test/color/013.png@#@[(0, 610, 112, 735)]
carpet/test/color/008.png@#@[(307, 288, 665, 667)]
carpet/test/color/011.png@#@[(614, 247, 792, 337)]
carpet/test/color/014.png@#@[(600, 430, 698, 638)]
carpet/test/color/015.png@#@[(555, 256, 675, 409)]
carpet/test/color/016.png@#@[(313, 600, 643, 727)]
carpet/test/color/012.png@#@[(411, 747, 536, 899)]
carpet/test/color/005.png@#@[(196, 212, 364, 434)]
carpet/test/color/017.png@#@[(286, 493, 532, 698)]
carpet/test/color/004.png@#@[(712, 286, 890, 503)]
carpet/test/color/003.png@#@[(153, 299, 331, 505)]
carpet/test/color/018.png@#@[(245, 579, 358, 686)]
carpet/test/color/010.png@#@[(12, 555, 249, 825)]
carpet/test/color/009.png@#@[(131, 233, 499, 432)]
carpet/test/color/001.png@#@[(286, 546, 522, 765)]
carpet/test/cut/000.png@#@[(100, 358, 335, 655)]
carpet/test/cut/007.png@#@[(655, 634, 800, 870)]
carpet/test/cut/002.png@#@[(493, 290, 761, 593)]
carpet/test/cut/006.png@#@[(526, 512, 731, 747)]
carpet/test/cut/013.png@#@[(512, 401, 757, 647)]
carpet/test/cut/008.png@#@[(0, 376, 276, 534)]
carpet/test/cut/011.png@#@[(145, 419, 233, 497)]
carpet/test/cut/014.png@#@[(309, 624, 468, 849)]
carpet/test/cut/015.png@#@[(512, 83, 731, 380)]
carpet/test/cut/016.png@#@[(411, 450, 673, 716)]
carpet/test/cut/012.png@#@[(0, 276, 286, 563)]
carpet/test/cut/005.png@#@[(0, 399, 256, 624)]
carpet/test/cut/004.png@#@[(116, 235, 335, 540)]
carpet/test/cut/003.png@#@[(370, 430, 638, 604)]
carpet/test/cut/010.png@#@[(493, 434, 776, 686)]
carpet/test/cut/009.png@#@[(512, 217, 761, 571)]
carpet/test/cut/001.png@#@[(634, 491, 778, 727)]
carpet/test/thread/000.png@#@[(229, 256, 540, 434)]
carpet/test/thread/007.png@#@[(434, 389, 593, 884)]
carpet/test/thread/002.png@#@[(395, 512, 598, 608)]
carpet/test/thread/006.png@#@[(299, 2, 643, 811)]
carpet/test/thread/013.png@#@[(387, 378, 1011, 532)]
carpet/test/thread/008.png@#@[(434, 641, 839, 929)]
carpet/test/thread/011.png@#@[(196, 493, 366, 761)]
carpet/test/thread/014.png@#@[(233, 737, 335, 860)]
carpet/test/thread/015.png@#@[(196, 2, 311, 1017)]
carpet/test/thread/016.png@#@[(12, 10, 446, 378)]
carpet/test/thread/012.png@#@[(217, 585, 352, 755)]
carpet/test/thread/005.png@#@[(0, 2, 1024, 1018)]
carpet/test/thread/017.png@#@[(0, 522, 317, 1013)]
carpet/test/thread/004.png@#@[(204, 327, 645, 512)]
carpet/test/thread/003.png@#@[(194, 708, 294, 856)]
carpet/test/thread/018.png@#@[(370, 727, 479, 860)]
carpet/test/thread/010.png@#@[(288, 440, 722, 849)]
carpet/test/thread/009.png@#@[(335, 299, 452, 423)]
carpet/test/thread/001.png@#@[(542, 348, 624, 430)]
carpet/test/hole/000.png@#@[(184, 618, 294, 714)]
carpet/test/hole/007.png@#@[(555, 385, 735, 655)]
carpet/test/hole/002.png@#@[(499, 215, 704, 327)]
carpet/test/hole/006.png@#@[(434, 491, 638, 655)]
carpet/test/hole/013.png@#@[(161, 430, 335, 593)]
carpet/test/hole/008.png@#@[(0, 536, 356, 798)]
carpet/test/hole/011.png@#@[(215, 299, 430, 452)]
carpet/test/hole/014.png@#@[(184, 563, 327, 706)]
carpet/test/hole/015.png@#@[(217, 634, 391, 819)]
carpet/test/hole/016.png@#@[(196, 493, 313, 618)]
carpet/test/hole/012.png@#@[(624, 317, 747, 471)]
carpet/test/hole/005.png@#@[(116, 595, 315, 761)]
carpet/test/hole/004.png@#@[(708, 491, 823, 638)]
carpet/test/hole/003.png@#@[(376, 503, 534, 675)]
carpet/test/hole/010.png@#@[(186, 552, 352, 716)]
carpet/test/hole/009.png@#@[(217, 264, 483, 536)]
carpet/test/hole/001.png@#@[(196, 579, 292, 694)]
toothbrush/test/defective/022.png@#@[(292, 110, 729, 724)]
toothbrush/test/defective/000.png@#@[(241, 448, 436, 684)]
toothbrush/test/defective/024.png@#@[(332, 124, 711, 913)]
toothbrush/test/defective/007.png@#@[(401, 559, 671, 927)]
toothbrush/test/defective/002.png@#@[(403, 780, 665, 962)]
toothbrush/test/defective/020.png@#@[(403, 247, 614, 417)]
toothbrush/test/defective/021.png@#@[(329, 296, 700, 905)]
toothbrush/test/defective/023.png@#@[(261, 79, 710, 896)]
toothbrush/test/defective/006.png@#@[(401, 406, 691, 719)]
toothbrush/test/defective/019.png@#@[(407, 166, 761, 862)]
toothbrush/test/defective/013.png@#@[(407, 780, 509, 915)]
toothbrush/test/defective/028.png@#@[(495, 436, 600, 555)]
toothbrush/test/defective/026.png@#@[(278, 312, 694, 926)]
toothbrush/test/defective/008.png@#@[(326, 86, 699, 990)]
toothbrush/test/defective/011.png@#@[(331, 100, 694, 929)]
toothbrush/test/defective/014.png@#@[(393, 46, 651, 299)]
toothbrush/test/defective/015.png@#@[(374, 395, 702, 817)]
toothbrush/test/defective/025.png@#@[(247, 88, 716, 962)]
toothbrush/test/defective/029.png@#@[(331, 88, 700, 411)]
toothbrush/test/defective/016.png@#@[(253, 94, 714, 905)]
toothbrush/test/defective/012.png@#@[(335, 79, 704, 278)]
toothbrush/test/defective/005.png@#@[(403, 107, 699, 360)]
toothbrush/test/defective/017.png@#@[(395, 245, 630, 899)]
toothbrush/test/defective/004.png@#@[(493, 710, 671, 792)]
toothbrush/test/defective/003.png@#@[(403, 107, 654, 369)]
toothbrush/test/defective/018.png@#@[(332, 59, 700, 915)]
toothbrush/test/defective/027.png@#@[(387, 292, 686, 856)]
toothbrush/test/defective/010.png@#@[(393, 104, 627, 718)]
toothbrush/test/defective/009.png@#@[(377, 111, 651, 719)]
toothbrush/test/defective/001.png@#@[(399, 798, 501, 921)]
pill/test/crack/022.png@#@[(260, 331, 524, 488)]
pill/test/crack/000.png@#@[(238, 275, 520, 504)]
pill/test/crack/024.png@#@[(249, 312, 524, 508)]
pill/test/crack/007.png@#@[(252, 334, 524, 508)]
pill/test/crack/002.png@#@[(488, 463, 620, 560)]
pill/test/crack/020.png@#@[(252, 318, 524, 518)]
pill/test/crack/021.png@#@[(250, 304, 584, 491)]
pill/test/crack/023.png@#@[(649, 312, 740, 424)]
pill/test/crack/006.png@#@[(283, 331, 508, 491)]
pill/test/crack/019.png@#@[(252, 296, 555, 508)]
pill/test/crack/013.png@#@[(249, 315, 524, 508)]
pill/test/crack/008.png@#@[(249, 185, 547, 496)]
pill/test/crack/011.png@#@[(470, 475, 628, 643)]
pill/test/crack/014.png@#@[(249, 300, 524, 504)]
pill/test/crack/015.png@#@[(249, 283, 539, 504)]
pill/test/crack/025.png@#@[(249, 280, 516, 475)]
pill/test/crack/016.png@#@[(252, 296, 524, 508)]
pill/test/crack/012.png@#@[(252, 344, 524, 488)]
pill/test/crack/005.png@#@[(628, 411, 728, 548)]
pill/test/crack/017.png@#@[(545, 217, 672, 307)]
pill/test/crack/004.png@#@[(417, 304, 561, 424)]
pill/test/crack/003.png@#@[(238, 283, 518, 504)]
pill/test/crack/018.png@#@[(216, 296, 552, 504)]
pill/test/crack/010.png@#@[(235, 275, 542, 480)]
pill/test/crack/009.png@#@[(385, 534, 451, 622)]
pill/test/crack/001.png@#@[(262, 328, 526, 488)]
pill/test/faulty_imprint/000.png@#@[(400, 302, 553, 509)]
pill/test/faulty_imprint/007.png@#@[(252, 275, 571, 512)]
pill/test/faulty_imprint/002.png@#@[(250, 300, 520, 500)]
pill/test/faulty_imprint/006.png@#@[(249, 268, 595, 520)]
pill/test/faulty_imprint/013.png@#@[(233, 254, 604, 505)]
pill/test/faulty_imprint/008.png@#@[(235, 296, 555, 508)]
pill/test/faulty_imprint/011.png@#@[(250, 301, 526, 509)]
pill/test/faulty_imprint/014.png@#@[(262, 298, 588, 512)]
pill/test/faulty_imprint/015.png@#@[(241, 296, 550, 520)]
pill/test/faulty_imprint/016.png@#@[(249, 267, 585, 491)]
pill/test/faulty_imprint/012.png@#@[(412, 440, 528, 528)]
pill/test/faulty_imprint/005.png@#@[(250, 250, 528, 488)]
pill/test/faulty_imprint/017.png@#@[(400, 297, 592, 520)]
pill/test/faulty_imprint/004.png@#@[(260, 283, 540, 504)]
pill/test/faulty_imprint/003.png@#@[(252, 296, 528, 504)]
pill/test/faulty_imprint/018.png@#@[(225, 300, 555, 504)]
pill/test/faulty_imprint/010.png@#@[(250, 296, 558, 504)]
pill/test/faulty_imprint/009.png@#@[(235, 280, 515, 504)]
pill/test/faulty_imprint/001.png@#@[(250, 280, 595, 518)]
pill/test/color/022.png@#@[(544, 345, 616, 411)]
pill/test/color/000.png@#@[(249, 315, 524, 492)]
pill/test/color/024.png@#@[(545, 348, 620, 388)]
pill/test/color/007.png@#@[(438, 250, 488, 307)]
pill/test/color/002.png@#@[(252, 296, 555, 508)]
pill/test/color/020.png@#@[(323, 216, 425, 300)]
pill/test/color/021.png@#@[(318, 505, 443, 609)]
pill/test/color/023.png@#@[(86, 318, 238, 446)]
pill/test/color/006.png@#@[(318, 198, 428, 284)]
pill/test/color/019.png@#@[(148, 355, 231, 463)]
pill/test/color/013.png@#@[(249, 344, 524, 480)]
pill/test/color/008.png@#@[(592, 424, 627, 472)]
pill/test/color/011.png@#@[(321, 184, 417, 281)]
pill/test/color/014.png@#@[(486, 448, 654, 540)]
pill/test/color/015.png@#@[(438, 556, 480, 635)]
pill/test/color/016.png@#@[(124, 304, 222, 400)]
pill/test/color/012.png@#@[(624, 336, 664, 424)]
pill/test/color/005.png@#@[(252, 316, 524, 488)]
pill/test/color/017.png@#@[(486, 448, 598, 504)]
pill/test/color/004.png@#@[(216, 240, 544, 504)]
pill/test/color/003.png@#@[(246, 298, 586, 596)]
pill/test/color/018.png@#@[(592, 384, 640, 424)]
pill/test/color/010.png@#@[(249, 304, 555, 508)]
pill/test/color/009.png@#@[(262, 328, 558, 508)]
pill/test/color/001.png@#@[(544, 364, 632, 424)]
pill/test/combined/000.png@#@[(561, 340, 643, 413)]
pill/test/combined/007.png@#@[(252, 304, 524, 488)]
pill/test/combined/002.png@#@[(150, 304, 241, 371)]
pill/test/combined/006.png@#@[(250, 296, 555, 508)]
pill/test/combined/013.png@#@[(545, 200, 696, 307)]
pill/test/combined/008.png@#@[(145, 393, 204, 483)]
pill/test/combined/011.png@#@[(545, 426, 652, 526)]
pill/test/combined/014.png@#@[(560, 304, 734, 459)]
pill/test/combined/015.png@#@[(545, 544, 630, 619)]
pill/test/combined/016.png@#@[(548, 238, 760, 463)]
pill/test/combined/012.png@#@[(289, 300, 524, 473)]
pill/test/combined/005.png@#@[(486, 553, 628, 627)]
pill/test/combined/004.png@#@[(545, 304, 665, 440)]
pill/test/combined/003.png@#@[(521, 356, 579, 419)]
pill/test/combined/010.png@#@[(673, 372, 737, 536)]
pill/test/combined/009.png@#@[(560, 312, 664, 411)]
pill/test/combined/001.png@#@[(417, 248, 529, 536)]
pill/test/pill_type/000.png@#@[(235, 298, 562, 505)]
pill/test/pill_type/007.png@#@[(86, 316, 556, 508)]
pill/test/pill_type/002.png@#@[(252, 296, 524, 512)]
pill/test/pill_type/006.png@#@[(248, 303, 596, 505)]
pill/test/pill_type/008.png@#@[(256, 328, 576, 488)]
pill/test/pill_type/005.png@#@[(250, 296, 552, 488)]
pill/test/pill_type/004.png@#@[(252, 302, 524, 518)]
pill/test/pill_type/003.png@#@[(545, 340, 652, 518)]
pill/test/pill_type/001.png@#@[(250, 303, 584, 512)]
pill/test/contamination/000.png@#@[(252, 308, 587, 500)]
pill/test/contamination/007.png@#@[(544, 416, 720, 568)]
pill/test/contamination/002.png@#@[(92, 358, 204, 462)]
pill/test/contamination/020.png@#@[(252, 275, 524, 504)]
pill/test/contamination/006.png@#@[(92, 398, 148, 488)]
pill/test/contamination/019.png@#@[(250, 296, 520, 491)]
pill/test/contamination/013.png@#@[(545, 300, 620, 368)]
pill/test/contamination/008.png@#@[(252, 308, 520, 518)]
pill/test/contamination/011.png@#@[(97, 398, 212, 486)]
pill/test/contamination/014.png@#@[(283, 491, 344, 571)]
pill/test/contamination/015.png@#@[(243, 296, 534, 504)]
pill/test/contamination/016.png@#@[(308, 544, 433, 638)]
pill/test/contamination/012.png@#@[(246, 298, 593, 501)]
pill/test/contamination/005.png@#@[(241, 206, 384, 313)]
pill/test/contamination/017.png@#@[(483, 363, 585, 483)]
pill/test/contamination/004.png@#@[(384, 216, 424, 272)]
pill/test/contamination/003.png@#@[(252, 308, 524, 488)]
pill/test/contamination/018.png@#@[(225, 288, 520, 504)]
pill/test/contamination/010.png@#@[(465, 188, 652, 297)]
pill/test/contamination/009.png@#@[(249, 280, 537, 504)]
pill/test/contamination/001.png@#@[(465, 344, 572, 463)]
pill/test/scratch/022.png@#@[(545, 328, 604, 385)]
pill/test/scratch/000.png@#@[(409, 329, 595, 537)]
pill/test/scratch/007.png@#@[(249, 331, 524, 504)]
pill/test/scratch/002.png@#@[(545, 313, 702, 505)]
pill/test/scratch/020.png@#@[(315, 304, 508, 568)]
pill/test/scratch/021.png@#@[(449, 424, 649, 584)]
pill/test/scratch/023.png@#@[(92, 318, 270, 550)]
pill/test/scratch/006.png@#@[(283, 296, 635, 504)]
pill/test/scratch/019.png@#@[(249, 331, 524, 504)]
pill/test/scratch/013.png@#@[(501, 393, 694, 564)]
pill/test/scratch/008.png@#@[(92, 312, 262, 488)]
pill/test/scratch/011.png@#@[(153, 316, 227, 433)]
pill/test/scratch/014.png@#@[(252, 312, 528, 508)]
pill/test/scratch/015.png@#@[(200, 200, 313, 360)]
pill/test/scratch/016.png@#@[(249, 296, 524, 488)]
pill/test/scratch/012.png@#@[(81, 398, 204, 518)]
pill/test/scratch/005.png@#@[(249, 307, 528, 491)]
pill/test/scratch/017.png@#@[(545, 424, 652, 560)]
pill/test/scratch/004.png@#@[(257, 312, 521, 488)]
pill/test/scratch/003.png@#@[(249, 296, 592, 536)]
pill/test/scratch/018.png@#@[(501, 339, 710, 542)]
pill/test/scratch/010.png@#@[(318, 296, 595, 488)]
pill/test/scratch/009.png@#@[(252, 296, 524, 488)]
pill/test/scratch/001.png@#@[(283, 280, 595, 518)]
hazelnut/test/crack/000.png@#@[(434, 303, 757, 540)]
hazelnut/test/crack/007.png@#@[(358, 327, 522, 481)]
hazelnut/test/crack/002.png@#@[(335, 440, 622, 868)]
hazelnut/test/crack/006.png@#@[(128, 187, 878, 827)]
hazelnut/test/crack/013.png@#@[(193, 166, 875, 846)]
hazelnut/test/crack/008.png@#@[(196, 189, 838, 862)]
hazelnut/test/crack/011.png@#@[(227, 274, 555, 626)]
hazelnut/test/crack/014.png@#@[(555, 456, 774, 704)]
hazelnut/test/crack/015.png@#@[(512, 304, 856, 865)]
hazelnut/test/crack/016.png@#@[(696, 258, 798, 739)]
hazelnut/test/crack/012.png@#@[(331, 215, 765, 483)]
hazelnut/test/crack/005.png@#@[(288, 219, 657, 624)]
hazelnut/test/crack/017.png@#@[(413, 350, 759, 720)]
hazelnut/test/crack/004.png@#@[(495, 612, 753, 837)]
hazelnut/test/crack/003.png@#@[(182, 235, 858, 862)]
hazelnut/test/crack/010.png@#@[(202, 138, 833, 865)]
hazelnut/test/crack/009.png@#@[(413, 301, 747, 495)]
hazelnut/test/crack/001.png@#@[(540, 432, 856, 718)]
hazelnut/test/print/000.png@#@[(512, 304, 852, 659)]
hazelnut/test/print/007.png@#@[(417, 442, 780, 643)]
hazelnut/test/print/002.png@#@[(634, 282, 849, 753)]
hazelnut/test/print/006.png@#@[(589, 307, 804, 591)]
hazelnut/test/print/013.png@#@[(696, 411, 839, 647)]
hazelnut/test/print/008.png@#@[(389, 317, 757, 532)]
hazelnut/test/print/011.png@#@[(290, 278, 495, 585)]
hazelnut/test/print/014.png@#@[(176, 312, 856, 841)]
hazelnut/test/print/015.png@#@[(151, 454, 421, 854)]
hazelnut/test/print/016.png@#@[(258, 352, 628, 528)]
hazelnut/test/print/012.png@#@[(493, 256, 718, 419)]
hazelnut/test/print/005.png@#@[(131, 233, 397, 724)]
hazelnut/test/print/004.png@#@[(290, 247, 460, 602)]
hazelnut/test/print/003.png@#@[(696, 399, 839, 645)]
hazelnut/test/print/010.png@#@[(512, 283, 893, 609)]
hazelnut/test/print/009.png@#@[(634, 411, 849, 811)]
hazelnut/test/print/001.png@#@[(258, 245, 534, 389)]
hazelnut/test/cut/000.png@#@[(401, 589, 581, 720)]
hazelnut/test/cut/007.png@#@[(468, 509, 757, 626)]
hazelnut/test/cut/002.png@#@[(595, 407, 743, 555)]
hazelnut/test/cut/006.png@#@[(331, 421, 575, 532)]
hazelnut/test/cut/013.png@#@[(288, 258, 552, 589)]
hazelnut/test/cut/008.png@#@[(413, 450, 643, 833)]
hazelnut/test/cut/011.png@#@[(335, 438, 565, 626)]
hazelnut/test/cut/014.png@#@[(165, 196, 872, 881)]
hazelnut/test/cut/015.png@#@[(288, 436, 598, 544)]
hazelnut/test/cut/016.png@#@[(370, 196, 493, 569)]
hazelnut/test/cut/012.png@#@[(493, 411, 595, 722)]
hazelnut/test/cut/005.png@#@[(331, 430, 571, 614)]
hazelnut/test/cut/004.png@#@[(561, 258, 765, 538)]
hazelnut/test/cut/003.png@#@[(622, 278, 847, 749)]
hazelnut/test/cut/010.png@#@[(395, 454, 491, 706)]
hazelnut/test/cut/009.png@#@[(440, 436, 757, 620)]
hazelnut/test/cut/001.png@#@[(512, 362, 624, 720)]
hazelnut/test/hole/000.png@#@[(411, 352, 618, 518)]
hazelnut/test/hole/007.png@#@[(493, 450, 544, 512)]
hazelnut/test/hole/002.png@#@[(165, 158, 892, 872)]
hazelnut/test/hole/006.png@#@[(335, 522, 450, 665)]
hazelnut/test/hole/013.png@#@[(473, 256, 692, 487)]
hazelnut/test/hole/008.png@#@[(276, 348, 389, 450)]
hazelnut/test/hole/011.png@#@[(563, 430, 741, 614)]
hazelnut/test/hole/014.png@#@[(614, 378, 814, 609)]
hazelnut/test/hole/015.png@#@[(389, 401, 552, 534)]
hazelnut/test/hole/016.png@#@[(159, 456, 395, 702)]
hazelnut/test/hole/012.png@#@[(124, 139, 905, 862)]
hazelnut/test/hole/005.png@#@[(335, 458, 509, 622)]
hazelnut/test/hole/017.png@#@[(165, 233, 421, 811)]
hazelnut/test/hole/004.png@#@[(432, 327, 636, 512)]
hazelnut/test/hole/003.png@#@[(165, 189, 822, 862)]
hazelnut/test/hole/010.png@#@[(327, 288, 657, 514)]
hazelnut/test/hole/009.png@#@[(512, 401, 692, 606)]
hazelnut/test/hole/001.png@#@[(434, 509, 587, 622)]
metal_nut/test/flip/022.png@#@[(226, 261, 469, 453)]
metal_nut/test/flip/000.png@#@[(68, 64, 635, 644)]
metal_nut/test/flip/007.png@#@[(54, 200, 667, 662)]
metal_nut/test/flip/002.png@#@[(229, 239, 481, 466)]
metal_nut/test/flip/020.png@#@[(70, 68, 643, 642)]
metal_nut/test/flip/021.png@#@[(61, 59, 633, 632)]
metal_nut/test/flip/006.png@#@[(229, 240, 460, 462)]
metal_nut/test/flip/019.png@#@[(40, 169, 670, 667)]
metal_nut/test/flip/013.png@#@[(61, 40, 700, 691)]
metal_nut/test/flip/008.png@#@[(61, 40, 630, 649)]
metal_nut/test/flip/011.png@#@[(225, 239, 473, 462)]
metal_nut/test/flip/014.png@#@[(54, 229, 152, 523)]
metal_nut/test/flip/015.png@#@[(61, 40, 670, 658)]
metal_nut/test/flip/016.png@#@[(22, 173, 667, 667)]
metal_nut/test/flip/012.png@#@[(61, 40, 700, 649)]
metal_nut/test/flip/005.png@#@[(60, 261, 167, 491)]
metal_nut/test/flip/017.png@#@[(226, 261, 469, 460)]
metal_nut/test/flip/004.png@#@[(42, 192, 657, 656)]
metal_nut/test/flip/003.png@#@[(264, 259, 428, 427)]
metal_nut/test/flip/018.png@#@[(61, 59, 640, 651)]
metal_nut/test/flip/010.png@#@[(68, 59, 630, 633)]
metal_nut/test/flip/009.png@#@[(68, 53, 635, 662)]
metal_nut/test/flip/001.png@#@[(54, 194, 669, 669)]
metal_nut/test/bent/022.png@#@[(60, 130, 662, 666)]
metal_nut/test/bent/000.png@#@[(575, 194, 655, 404)]
metal_nut/test/bent/024.png@#@[(78, 75, 660, 630)]
metal_nut/test/bent/007.png@#@[(68, 71, 630, 630)]
metal_nut/test/bent/002.png@#@[(47, 60, 638, 651)]
metal_nut/test/bent/020.png@#@[(546, 322, 665, 482)]
metal_nut/test/bent/021.png@#@[(68, 67, 635, 662)]
metal_nut/test/bent/023.png@#@[(200, 39, 515, 162)]
metal_nut/test/bent/006.png@#@[(53, 159, 631, 669)]
metal_nut/test/bent/019.png@#@[(68, 64, 667, 624)]
metal_nut/test/bent/013.png@#@[(68, 73, 624, 651)]
metal_nut/test/bent/008.png@#@[(442, 64, 609, 173)]
metal_nut/test/bent/011.png@#@[(75, 57, 637, 638)]
metal_nut/test/bent/014.png@#@[(68, 49, 635, 665)]
metal_nut/test/bent/015.png@#@[(210, 47, 476, 162)]
metal_nut/test/bent/016.png@#@[(533, 437, 616, 544)]
metal_nut/test/bent/012.png@#@[(53, 134, 662, 670)]
metal_nut/test/bent/005.png@#@[(68, 71, 630, 630)]
metal_nut/test/bent/017.png@#@[(489, 359, 645, 492)]
metal_nut/test/bent/004.png@#@[(68, 54, 635, 661)]
metal_nut/test/bent/003.png@#@[(568, 207, 651, 352)]
metal_nut/test/bent/018.png@#@[(159, 43, 264, 145)]
metal_nut/test/bent/010.png@#@[(489, 217, 663, 432)]
metal_nut/test/bent/009.png@#@[(64, 60, 632, 635)]
metal_nut/test/bent/001.png@#@[(53, 172, 631, 669)]
metal_nut/test/color/000.png@#@[(393, 170, 462, 215)]
metal_nut/test/color/007.png@#@[(476, 215, 567, 312)]
metal_nut/test/color/002.png@#@[(54, 75, 630, 669)]
metal_nut/test/color/020.png@#@[(239, 68, 340, 229)]
metal_nut/test/color/021.png@#@[(54, 161, 495, 667)]
metal_nut/test/color/006.png@#@[(78, 187, 198, 302)]
metal_nut/test/color/019.png@#@[(546, 203, 581, 371)]
metal_nut/test/color/013.png@#@[(385, 379, 613, 564)]
metal_nut/test/color/008.png@#@[(54, 40, 635, 670)]
metal_nut/test/color/011.png@#@[(301, 68, 474, 271)]
metal_nut/test/color/014.png@#@[(489, 272, 651, 364)]
metal_nut/test/color/015.png@#@[(239, 170, 473, 453)]
metal_nut/test/color/016.png@#@[(489, 176, 609, 302)]
metal_nut/test/color/012.png@#@[(393, 64, 624, 301)]
metal_nut/test/color/005.png@#@[(267, 471, 366, 539)]
metal_nut/test/color/017.png@#@[(239, 249, 455, 436)]
metal_nut/test/color/004.png@#@[(40, 60, 642, 667)]
metal_nut/test/color/003.png@#@[(462, 489, 588, 609)]
metal_nut/test/color/018.png@#@[(54, 40, 635, 662)]
metal_nut/test/color/010.png@#@[(546, 229, 653, 489)]
metal_nut/test/color/009.png@#@[(54, 207, 632, 667)]
metal_nut/test/color/001.png@#@[(424, 205, 607, 309)]
metal_nut/test/scratch/022.png@#@[(315, 489, 489, 658)]
metal_nut/test/scratch/000.png@#@[(365, 424, 498, 568)]
metal_nut/test/scratch/007.png@#@[(57, 54, 631, 670)]
metal_nut/test/scratch/002.png@#@[(53, 88, 631, 670)]
metal_nut/test/scratch/020.png@#@[(224, 471, 334, 567)]
metal_nut/test/scratch/021.png@#@[(53, 296, 469, 670)]
metal_nut/test/scratch/006.png@#@[(57, 74, 660, 670)]
metal_nut/test/scratch/019.png@#@[(442, 102, 639, 338)]
metal_nut/test/scratch/013.png@#@[(68, 40, 635, 662)]
metal_nut/test/scratch/008.png@#@[(78, 75, 639, 637)]
metal_nut/test/scratch/011.png@#@[(71, 71, 638, 638)]
metal_nut/test/scratch/014.png@#@[(78, 86, 624, 632)]
metal_nut/test/scratch/015.png@#@[(54, 40, 663, 667)]
metal_nut/test/scratch/016.png@#@[(39, 37, 638, 670)]
metal_nut/test/scratch/012.png@#@[(60, 39, 631, 670)]
metal_nut/test/scratch/005.png@#@[(39, 28, 630, 670)]
metal_nut/test/scratch/017.png@#@[(68, 64, 624, 667)]
metal_nut/test/scratch/004.png@#@[(224, 231, 476, 462)]
metal_nut/test/scratch/003.png@#@[(88, 67, 624, 632)]
metal_nut/test/scratch/018.png@#@[(57, 53, 631, 662)]
metal_nut/test/scratch/010.png@#@[(75, 75, 641, 627)]
metal_nut/test/scratch/009.png@#@[(50, 54, 700, 691)]
metal_nut/test/scratch/001.png@#@[(337, 375, 548, 611)]
screw/test/thread_top/022.png@#@[(159, 806, 280, 901)]
screw/test/thread_top/000.png@#@[(245, 288, 327, 380)]
screw/test/thread_top/007.png@#@[(493, 430, 657, 573)]
screw/test/thread_top/002.png@#@[(131, 698, 217, 786)]
screw/test/thread_top/020.png@#@[(493, 186, 598, 301)]
screw/test/thread_top/021.png@#@[(155, 179, 901, 872)]
screw/test/thread_top/006.png@#@[(268, 622, 385, 724)]
screw/test/thread_top/019.png@#@[(575, 708, 634, 798)]
screw/test/thread_top/013.png@#@[(389, 575, 534, 831)]
screw/test/thread_top/008.png@#@[(334, 59, 699, 965)]
screw/test/thread_top/011.png@#@[(327, 575, 419, 636)]
screw/test/thread_top/014.png@#@[(563, 567, 716, 645)]
screw/test/thread_top/015.png@#@[(230, 63, 778, 930)]
screw/test/thread_top/016.png@#@[(595, 53, 698, 217)]
screw/test/thread_top/012.png@#@[(258, 100, 718, 921)]
screw/test/thread_top/005.png@#@[(493, 514, 671, 962)]
screw/test/thread_top/017.png@#@[(81, 334, 965, 667)]
screw/test/thread_top/004.png@#@[(565, 534, 729, 677)]
screw/test/thread_top/003.png@#@[(233, 806, 309, 929)]
screw/test/thread_top/018.png@#@[(561, 491, 626, 536)]
screw/test/thread_top/010.png@#@[(327, 278, 495, 497)]
screw/test/thread_top/009.png@#@[(188, 110, 532, 489)]
screw/test/thread_top/001.png@#@[(368, 817, 491, 952)]
screw/test/thread_side/022.png@#@[(81, 493, 133, 606)]
screw/test/thread_side/000.png@#@[(368, 45, 655, 976)]
screw/test/thread_side/007.png@#@[(532, 493, 614, 585)]
screw/test/thread_side/002.png@#@[(561, 612, 724, 780)]
screw/test/thread_side/020.png@#@[(129, 749, 268, 870)]
screw/test/thread_side/021.png@#@[(110, 202, 931, 890)]
screw/test/thread_side/006.png@#@[(389, 391, 450, 442)]
screw/test/thread_side/019.png@#@[(159, 131, 241, 233)]
screw/test/thread_side/013.png@#@[(430, 575, 460, 616)]
screw/test/thread_side/008.png@#@[(100, 237, 929, 831)]
screw/test/thread_side/011.png@#@[(100, 258, 921, 727)]
screw/test/thread_side/014.png@#@[(327, 268, 565, 495)]
screw/test/thread_side/015.png@#@[(69, 245, 540, 512)]
screw/test/thread_side/016.png@#@[(51, 395, 491, 659)]
screw/test/thread_side/012.png@#@[(335, 575, 421, 745)]
screw/test/thread_side/005.png@#@[(389, 391, 452, 466)]
screw/test/thread_side/017.png@#@[(360, 806, 606, 962)]
screw/test/thread_side/004.png@#@[(159, 499, 503, 868)]
screw/test/thread_side/003.png@#@[(51, 565, 112, 626)]
screw/test/thread_side/018.png@#@[(327, 302, 373, 409)]
screw/test/thread_side/010.png@#@[(327, 493, 358, 524)]
screw/test/thread_side/009.png@#@[(176, 633, 392, 865)]
screw/test/thread_side/001.png@#@[(51, 367, 975, 664)]
screw/test/manipulated_front/022.png@#@[(233, 104, 786, 921)]
screw/test/manipulated_front/000.png@#@[(206, 747, 309, 864)]
screw/test/manipulated_front/007.png@#@[(102, 692, 217, 761)]
screw/test/manipulated_front/002.png@#@[(389, 63, 618, 913)]
screw/test/manipulated_front/020.png@#@[(159, 798, 270, 874)]
screw/test/manipulated_front/021.png@#@[(116, 577, 348, 827)]
screw/test/manipulated_front/023.png@#@[(100, 589, 135, 688)]
screw/test/manipulated_front/006.png@#@[(159, 757, 233, 876)]
screw/test/manipulated_front/019.png@#@[(81, 432, 962, 595)]
screw/test/manipulated_front/013.png@#@[(557, 565, 626, 622)]
screw/test/manipulated_front/008.png@#@[(368, 69, 593, 952)]
screw/test/manipulated_front/011.png@#@[(862, 247, 927, 309)]
screw/test/manipulated_front/014.png@#@[(196, 100, 747, 892)]
screw/test/manipulated_front/015.png@#@[(81, 493, 137, 618)]
screw/test/manipulated_front/016.png@#@[(368, 800, 473, 927)]
screw/test/manipulated_front/012.png@#@[(395, 714, 540, 827)]
screw/test/manipulated_front/005.png@#@[(612, 862, 729, 956)]
screw/test/manipulated_front/017.png@#@[(827, 215, 929, 296)]
screw/test/manipulated_front/004.png@#@[(542, 237, 761, 534)]
screw/test/manipulated_front/003.png@#@[(81, 268, 133, 360)]
screw/test/manipulated_front/018.png@#@[(890, 503, 935, 585)]
screw/test/manipulated_front/010.png@#@[(358, 802, 512, 933)]
screw/test/manipulated_front/009.png@#@[(124, 743, 249, 864)]
screw/test/manipulated_front/001.png@#@[(757, 800, 827, 876)]
screw/test/scratch_head/022.png@#@[(51, 360, 921, 544)]
screw/test/scratch_head/000.png@#@[(227, 129, 321, 251)]
screw/test/scratch_head/007.png@#@[(40, 360, 975, 662)]
screw/test/scratch_head/002.png@#@[(188, 188, 299, 296)]
screw/test/scratch_head/020.png@#@[(51, 358, 126, 495)]
screw/test/scratch_head/021.png@#@[(51, 567, 126, 626)]
screw/test/scratch_head/023.png@#@[(233, 718, 438, 892)]
screw/test/scratch_head/006.png@#@[(233, 741, 438, 909)]
screw/test/scratch_head/019.png@#@[(159, 499, 555, 888)]
screw/test/scratch_head/013.png@#@[(206, 100, 1024, 929)]
screw/test/scratch_head/008.png@#@[(147, 165, 905, 873)]
screw/test/scratch_head/011.png@#@[(839, 575, 911, 626)]
screw/test/scratch_head/014.png@#@[(81, 307, 188, 485)]
screw/test/scratch_head/015.png@#@[(307, 63, 581, 266)]
screw/test/scratch_head/016.png@#@[(839, 575, 911, 626)]
screw/test/scratch_head/012.png@#@[(229, 172, 335, 274)]
screw/test/scratch_head/005.png@#@[(827, 540, 903, 745)]
screw/test/scratch_head/017.png@#@[(332, 59, 665, 970)]
screw/test/scratch_head/004.png@#@[(204, 116, 389, 278)]
screw/test/scratch_head/003.png@#@[(307, 47, 645, 975)]
screw/test/scratch_head/018.png@#@[(368, 800, 614, 962)]
screw/test/scratch_head/010.png@#@[(81, 647, 157, 770)]
screw/test/scratch_head/009.png@#@[(430, 57, 593, 139)]
screw/test/scratch_head/001.png@#@[(0, 309, 1024, 1010)]
screw/test/scratch_neck/022.png@#@[(430, 581, 491, 626)]
screw/test/scratch_neck/000.png@#@[(389, 483, 512, 585)]
screw/test/scratch_neck/024.png@#@[(307, 493, 368, 544)]
screw/test/scratch_neck/007.png@#@[(307, 811, 557, 958)]
screw/test/scratch_neck/002.png@#@[(622, 196, 759, 319)]
screw/test/scratch_neck/020.png@#@[(327, 334, 361, 446)]
screw/test/scratch_neck/021.png@#@[(520, 493, 595, 555)]
screw/test/scratch_neck/023.png@#@[(327, 348, 512, 501)]
screw/test/scratch_neck/006.png@#@[(430, 612, 505, 821)]
screw/test/scratch_neck/019.png@#@[(595, 440, 677, 516)]
screw/test/scratch_neck/013.png@#@[(595, 493, 686, 577)]
screw/test/scratch_neck/008.png@#@[(288, 479, 391, 555)]
screw/test/scratch_neck/011.png@#@[(493, 391, 532, 473)]
screw/test/scratch_neck/014.png@#@[(102, 247, 942, 739)]
screw/test/scratch_neck/015.png@#@[(493, 595, 555, 673)]
screw/test/scratch_neck/016.png@#@[(430, 573, 491, 665)]
screw/test/scratch_neck/012.png@#@[(114, 182, 931, 835)]
screw/test/scratch_neck/005.png@#@[(331, 315, 540, 516)]
screw/test/scratch_neck/017.png@#@[(389, 430, 505, 542)]
screw/test/scratch_neck/004.png@#@[(634, 479, 696, 524)]
screw/test/scratch_neck/003.png@#@[(409, 292, 522, 376)]
screw/test/scratch_neck/018.png@#@[(307, 462, 337, 536)]
screw/test/scratch_neck/010.png@#@[(327, 352, 532, 503)]
screw/test/scratch_neck/009.png@#@[(309, 468, 348, 550)]
screw/test/scratch_neck/001.png@#@[(389, 411, 593, 595)]
