Can you point out the anomalies in the image <image> and provide the coordinates of their locations?
pcb1/Data/Images/Anomaly/035.JPG@#@[(193, 307, 1147, 793)]
pcb1/Data/Images/Anomaly/019.JPG@#@[(182, 304, 1137, 796)]
pcb1/Data/Images/Anomaly/083.JPG@#@[(193, 378, 553, 754)]
pcb1/Data/Images/Anomaly/084.JPG@#@[(140, 272, 1184, 769)]
pcb1/Data/Images/Anomaly/049.JPG@#@[(182, 289, 1145, 796)]
pcb1/Data/Images/Anomaly/069.JPG@#@[(176, 304, 1207, 809)]
pcb1/Data/Images/Anomaly/012.JPG@#@[(1207, 798, 1367, 944)]
pcb1/Data/Images/Anomaly/014.JPG@#@[(193, 307, 1158, 810)]
pcb1/Data/Images/Anomaly/078.JPG@#@[(760, 315, 1103, 713)]
pcb1/Data/Images/Anomaly/061.JPG@#@[(808, 315, 1134, 717)]
pcb1/Data/Images/Anomaly/043.JPG@#@[(233, 370, 561, 717)]
pcb1/Data/Images/Anomaly/021.JPG@#@[(233, 304, 612, 730)]
pcb1/Data/Images/Anomaly/063.JPG@#@[(553, 458, 786, 733)]
pcb1/Data/Images/Anomaly/023.JPG@#@[(193, 304, 1207, 781)]
pcb1/Data/Images/Anomaly/086.JPG@#@[(204, 348, 1120, 764)]
pcb1/Data/Images/Anomaly/070.JPG@#@[(182, 304, 533, 683)]
pcb1/Data/Images/Anomaly/099.JPG@#@[(182, 304, 1120, 809)]
pcb1/Data/Images/Anomaly/007.JPG@#@[(137, 307, 1118, 768)]
pcb1/Data/Images/Anomaly/050.JPG@#@[(233, 306, 598, 685)]
pcb1/Data/Images/Anomaly/073.JPG@#@[(171, 289, 1117, 727)]
pcb1/Data/Images/Anomaly/080.JPG@#@[(193, 304, 533, 666)]
pcb1/Data/Images/Anomaly/034.JPG@#@[(193, 307, 585, 709)]
pcb1/Data/Images/Anomaly/015.JPG@#@[(182, 306, 1131, 798)]
pcb1/Data/Images/Anomaly/062.JPG@#@[(505, 515, 772, 725)]
pcb1/Data/Images/Anomaly/066.JPG@#@[(233, 304, 612, 702)]
pcb1/Data/Images/Anomaly/008.JPG@#@[(738, 306, 1069, 713)]
pcb1/Data/Images/Anomaly/065.JPG@#@[(182, 304, 533, 668)]
pcb1/Data/Images/Anomaly/045.JPG@#@[(233, 315, 513, 683)]
pcb1/Data/Images/Anomaly/058.JPG@#@[(808, 289, 1120, 725)]
pcb1/Data/Images/Anomaly/000.JPG@#@[(193, 307, 568, 712)]
pcb1/Data/Images/Anomaly/009.JPG@#@[(738, 360, 1103, 720)]
pcb1/Data/Images/Anomaly/052.JPG@#@[(182, 296, 1100, 727)]
pcb1/Data/Images/Anomaly/018.JPG@#@[(289, 304, 1243, 725)]
pcb1/Data/Images/Anomaly/042.JPG@#@[(233, 301, 584, 683)]
pcb1/Data/Images/Anomaly/068.JPG@#@[(550, 624, 744, 840)]
pcb1/Data/Images/Anomaly/020.JPG@#@[(233, 343, 570, 722)]
pcb1/Data/Images/Anomaly/087.JPG@#@[(204, 348, 1120, 720)]
pcb1/Data/Images/Anomaly/024.JPG@#@[(233, 318, 612, 675)]
pcb1/Data/Images/Anomaly/001.JPG@#@[(233, 304, 612, 688)]
pcb1/Data/Images/Anomaly/031.JPG@#@[(233, 315, 541, 646)]
pcb1/Data/Images/Anomaly/088.JPG@#@[(233, 301, 612, 713)]
pcb1/Data/Images/Anomaly/076.JPG@#@[(193, 306, 1114, 713)]
pcb1/Data/Images/Anomaly/037.JPG@#@[(233, 301, 570, 725)]
pcb1/Data/Images/Anomaly/060.JPG@#@[(233, 318, 570, 767)]
pcb1/Data/Images/Anomaly/032.JPG@#@[(182, 304, 533, 683)]
pcb1/Data/Images/Anomaly/095.JPG@#@[(176, 304, 1120, 691)]
pcb1/Data/Images/Anomaly/033.JPG@#@[(772, 343, 1095, 693)]
pcb1/Data/Images/Anomaly/074.JPG@#@[(795, 315, 1096, 709)]
pcb1/Data/Images/Anomaly/006.JPG@#@[(137, 292, 1145, 776)]
pcb1/Data/Images/Anomaly/041.JPG@#@[(227, 304, 564, 683)]
pcb1/Data/Images/Anomaly/046.JPG@#@[(193, 296, 1158, 776)]
pcb1/Data/Images/Anomaly/082.JPG@#@[(171, 368, 1187, 781)]
pcb1/Data/Images/Anomaly/096.JPG@#@[(182, 304, 1114, 742)]
pcb1/Data/Images/Anomaly/048.JPG@#@[(182, 304, 1165, 739)]
pcb1/Data/Images/Anomaly/016.JPG@#@[(193, 307, 1217, 800)]
pcb1/Data/Images/Anomaly/079.JPG@#@[(233, 304, 561, 725)]
pcb1/Data/Images/Anomaly/013.JPG@#@[(233, 304, 595, 725)]
pcb1/Data/Images/Anomaly/053.JPG@#@[(226, 307, 568, 712)]
pcb1/Data/Images/Anomaly/040.JPG@#@[(182, 304, 1165, 739)]
pcb1/Data/Images/Anomaly/055.JPG@#@[(193, 304, 578, 710)]
pcb1/Data/Images/Anomaly/075.JPG@#@[(772, 315, 1067, 693)]
pcb1/Data/Images/Anomaly/071.JPG@#@[(511, 458, 786, 752)]
pcb1/Data/Images/Anomaly/044.JPG@#@[(182, 304, 533, 683)]
pcb1/Data/Images/Anomaly/057.JPG@#@[(193, 307, 553, 699)]
pcb1/Data/Images/Anomaly/098.JPG@#@[(738, 374, 1027, 671)]
pcb1/Data/Images/Anomaly/059.JPG@#@[(233, 346, 561, 710)]
pcb1/Data/Images/Anomaly/038.JPG@#@[(190, 301, 1111, 742)]
pcb1/Data/Images/Anomaly/027.JPG@#@[(182, 306, 1142, 798)]
pcb1/Data/Images/Anomaly/072.JPG@#@[(168, 306, 1111, 700)]
pcb1/Data/Images/Anomaly/093.JPG@#@[(193, 304, 1145, 806)]
pcb1/Data/Images/Anomaly/064.JPG@#@[(233, 301, 584, 683)]
pcb1/Data/Images/Anomaly/092.JPG@#@[(775, 318, 1069, 683)]
pcb1/Data/Images/Anomaly/004.JPG@#@[(137, 304, 1100, 742)]
pcb1/Data/Images/Anomaly/005.JPG@#@[(182, 304, 1137, 739)]
pcb1/Data/Images/Anomaly/051.JPG@#@[(171, 304, 553, 697)]
pcb1/Data/Images/Anomaly/026.JPG@#@[(233, 301, 570, 693)]
pcb1/Data/Images/Anomaly/029.JPG@#@[(561, 624, 808, 756)]
pcb1/Data/Images/Anomaly/036.JPG@#@[(182, 304, 533, 683)]
pcb1/Data/Images/Anomaly/011.JPG@#@[(182, 304, 1114, 742)]
pcb1/Data/Images/Anomaly/039.JPG@#@[(783, 306, 1097, 713)]
pcb1/Data/Images/Anomaly/003.JPG@#@[(233, 307, 596, 721)]
pcb1/Data/Images/Anomaly/091.JPG@#@[(176, 304, 1111, 693)]
pcb1/Data/Images/Anomaly/077.JPG@#@[(803, 315, 1097, 671)]
pcb1/Data/Images/Anomaly/054.JPG@#@[(182, 304, 1207, 781)]
pcb1/Data/Images/Anomaly/028.JPG@#@[(193, 304, 1145, 742)]
pcb1/Data/Images/Anomaly/081.JPG@#@[(233, 318, 581, 675)]
pcb1/Data/Images/Anomaly/025.JPG@#@[(182, 343, 1184, 798)]
pcb1/Data/Images/Anomaly/056.JPG@#@[(182, 304, 1111, 834)]
pcb1/Data/Images/Anomaly/017.JPG@#@[(182, 304, 1207, 809)]
pcb1/Data/Images/Anomaly/094.JPG@#@[(783, 315, 1103, 727)]
pcb1/Data/Images/Anomaly/097.JPG@#@[(738, 306, 1103, 727)]
pcb1/Data/Images/Anomaly/030.JPG@#@[(193, 304, 1114, 713)]
pcb1/Data/Images/Anomaly/010.JPG@#@[(193, 304, 1114, 742)]
pcb1/Data/Images/Anomaly/002.JPG@#@[(137, 307, 1103, 863)]
pcb1/Data/Images/Anomaly/022.JPG@#@[(182, 304, 1207, 796)]
pcb1/Data/Images/Anomaly/067.JPG@#@[(233, 301, 1215, 784)]
pcb1/Data/Images/Anomaly/085.JPG@#@[(137, 296, 1103, 742)]
pcb1/Data/Images/Anomaly/047.JPG@#@[(822, 306, 1131, 693)]
pcb1/Data/Images/Anomaly/089.JPG@#@[(176, 304, 1120, 691)]
pcb1/Data/Images/Anomaly/090.JPG@#@[(738, 306, 1069, 693)]
pipe_fryum/Data/Images/Anomaly/035.JPG@#@[(758, 498, 824, 602)]
pipe_fryum/Data/Images/Anomaly/019.JPG@#@[(374, 378, 938, 782)]
pipe_fryum/Data/Images/Anomaly/083.JPG@#@[(410, 392, 891, 786)]
pipe_fryum/Data/Images/Anomaly/084.JPG@#@[(325, 378, 909, 732)]
pipe_fryum/Data/Images/Anomaly/049.JPG@#@[(501, 503, 624, 625)]
pipe_fryum/Data/Images/Anomaly/069.JPG@#@[(631, 651, 676, 716)]
pipe_fryum/Data/Images/Anomaly/012.JPG@#@[(689, 553, 780, 631)]
pipe_fryum/Data/Images/Anomaly/014.JPG@#@[(600, 607, 676, 708)]
pipe_fryum/Data/Images/Anomaly/078.JPG@#@[(546, 557, 715, 675)]
pipe_fryum/Data/Images/Anomaly/061.JPG@#@[(626, 599, 678, 644)]
pipe_fryum/Data/Images/Anomaly/043.JPG@#@[(546, 521, 590, 579)]
pipe_fryum/Data/Images/Anomaly/021.JPG@#@[(332, 347, 881, 742)]
pipe_fryum/Data/Images/Anomaly/063.JPG@#@[(343, 428, 899, 768)]
pipe_fryum/Data/Images/Anomaly/023.JPG@#@[(325, 516, 421, 651)]
pipe_fryum/Data/Images/Anomaly/086.JPG@#@[(738, 521, 816, 651)]
pipe_fryum/Data/Images/Anomaly/070.JPG@#@[(364, 412, 896, 734)]
pipe_fryum/Data/Images/Anomaly/099.JPG@#@[(325, 311, 915, 818)]
pipe_fryum/Data/Images/Anomaly/007.JPG@#@[(365, 480, 499, 607)]
pipe_fryum/Data/Images/Anomaly/050.JPG@#@[(332, 352, 896, 748)]
pipe_fryum/Data/Images/Anomaly/073.JPG@#@[(325, 358, 909, 786)]
pipe_fryum/Data/Images/Anomaly/080.JPG@#@[(416, 404, 962, 768)]
pipe_fryum/Data/Images/Anomaly/034.JPG@#@[(394, 392, 936, 768)]
pipe_fryum/Data/Images/Anomaly/015.JPG@#@[(397, 362, 899, 752)]
pipe_fryum/Data/Images/Anomaly/062.JPG@#@[(338, 378, 902, 758)]
pipe_fryum/Data/Images/Anomaly/066.JPG@#@[(756, 602, 795, 646)]
pipe_fryum/Data/Images/Anomaly/008.JPG@#@[(332, 388, 899, 740)]
pipe_fryum/Data/Images/Anomaly/065.JPG@#@[(365, 557, 416, 607)]
pipe_fryum/Data/Images/Anomaly/045.JPG@#@[(387, 508, 829, 656)]
pipe_fryum/Data/Images/Anomaly/058.JPG@#@[(689, 644, 758, 696)]
pipe_fryum/Data/Images/Anomaly/000.JPG@#@[(756, 557, 834, 615)]
pipe_fryum/Data/Images/Anomaly/009.JPG@#@[(332, 396, 899, 738)]
pipe_fryum/Data/Images/Anomaly/052.JPG@#@[(665, 521, 704, 579)]
pipe_fryum/Data/Images/Anomaly/018.JPG@#@[(332, 444, 902, 794)]
pipe_fryum/Data/Images/Anomaly/042.JPG@#@[(527, 501, 676, 610)]
pipe_fryum/Data/Images/Anomaly/068.JPG@#@[(626, 472, 681, 516)]
pipe_fryum/Data/Images/Anomaly/020.JPG@#@[(325, 386, 881, 716)]
pipe_fryum/Data/Images/Anomaly/087.JPG@#@[(397, 355, 969, 732)]
pipe_fryum/Data/Images/Anomaly/024.JPG@#@[(390, 613, 494, 734)]
pipe_fryum/Data/Images/Anomaly/001.JPG@#@[(728, 700, 806, 779)]
pipe_fryum/Data/Images/Anomaly/031.JPG@#@[(551, 498, 603, 555)]
pipe_fryum/Data/Images/Anomaly/088.JPG@#@[(332, 378, 899, 734)]
pipe_fryum/Data/Images/Anomaly/076.JPG@#@[(325, 358, 902, 748)]
pipe_fryum/Data/Images/Anomaly/037.JPG@#@[(548, 422, 600, 488)]
pipe_fryum/Data/Images/Anomaly/060.JPG@#@[(332, 430, 917, 768)]
pipe_fryum/Data/Images/Anomaly/032.JPG@#@[(332, 344, 865, 734)]
pipe_fryum/Data/Images/Anomaly/095.JPG@#@[(394, 313, 915, 768)]
pipe_fryum/Data/Images/Anomaly/033.JPG@#@[(348, 392, 912, 794)]
pipe_fryum/Data/Images/Anomaly/074.JPG@#@[(332, 430, 917, 786)]
pipe_fryum/Data/Images/Anomaly/006.JPG@#@[(397, 392, 962, 786)]
pipe_fryum/Data/Images/Anomaly/041.JPG@#@[(559, 565, 754, 724)]
pipe_fryum/Data/Images/Anomaly/046.JPG@#@[(334, 428, 902, 706)]
pipe_fryum/Data/Images/Anomaly/082.JPG@#@[(390, 428, 896, 726)]
pipe_fryum/Data/Images/Anomaly/096.JPG@#@[(304, 404, 904, 810)]
pipe_fryum/Data/Images/Anomaly/048.JPG@#@[(626, 553, 707, 633)]
pipe_fryum/Data/Images/Anomaly/016.JPG@#@[(371, 428, 917, 784)]
pipe_fryum/Data/Images/Anomaly/079.JPG@#@[(332, 366, 899, 794)]
pipe_fryum/Data/Images/Anomaly/013.JPG@#@[(338, 422, 920, 784)]
pipe_fryum/Data/Images/Anomaly/053.JPG@#@[(365, 428, 912, 766)]
pipe_fryum/Data/Images/Anomaly/040.JPG@#@[(525, 485, 650, 631)]
pipe_fryum/Data/Images/Anomaly/055.JPG@#@[(806, 587, 837, 625)]
pipe_fryum/Data/Images/Anomaly/075.JPG@#@[(394, 388, 899, 704)]
pipe_fryum/Data/Images/Anomaly/071.JPG@#@[(365, 428, 886, 740)]
pipe_fryum/Data/Images/Anomaly/044.JPG@#@[(332, 344, 899, 734)]
pipe_fryum/Data/Images/Anomaly/057.JPG@#@[(343, 366, 915, 712)]
pipe_fryum/Data/Images/Anomaly/098.JPG@#@[(156, 477, 767, 854)]
pipe_fryum/Data/Images/Anomaly/059.JPG@#@[(332, 428, 899, 810)]
pipe_fryum/Data/Images/Anomaly/038.JPG@#@[(397, 404, 923, 760)]
pipe_fryum/Data/Images/Anomaly/027.JPG@#@[(884, 607, 941, 712)]
pipe_fryum/Data/Images/Anomaly/072.JPG@#@[(338, 414, 896, 766)]
pipe_fryum/Data/Images/Anomaly/093.JPG@#@[(325, 352, 967, 768)]
pipe_fryum/Data/Images/Anomaly/064.JPG@#@[(717, 472, 769, 529)]
pipe_fryum/Data/Images/Anomaly/092.JPG@#@[(332, 301, 956, 613)]
pipe_fryum/Data/Images/Anomaly/004.JPG@#@[(332, 402, 917, 776)]
pipe_fryum/Data/Images/Anomaly/005.JPG@#@[(520, 625, 603, 716)]
pipe_fryum/Data/Images/Anomaly/051.JPG@#@[(756, 651, 806, 696)]
pipe_fryum/Data/Images/Anomaly/026.JPG@#@[(330, 366, 907, 734)]
pipe_fryum/Data/Images/Anomaly/029.JPG@#@[(334, 428, 909, 810)]
pipe_fryum/Data/Images/Anomaly/036.JPG@#@[(394, 428, 936, 776)]
pipe_fryum/Data/Images/Anomaly/011.JPG@#@[(631, 462, 699, 553)]
pipe_fryum/Data/Images/Anomaly/039.JPG@#@[(330, 366, 902, 768)]
pipe_fryum/Data/Images/Anomaly/003.JPG@#@[(371, 444, 917, 813)]
pipe_fryum/Data/Images/Anomaly/091.JPG@#@[(215, 173, 767, 524)]
pipe_fryum/Data/Images/Anomaly/077.JPG@#@[(397, 402, 909, 766)]
pipe_fryum/Data/Images/Anomaly/054.JPG@#@[(397, 366, 943, 734)]
pipe_fryum/Data/Images/Anomaly/028.JPG@#@[(374, 440, 486, 565)]
pipe_fryum/Data/Images/Anomaly/081.JPG@#@[(371, 428, 917, 784)]
pipe_fryum/Data/Images/Anomaly/025.JPG@#@[(334, 388, 958, 784)]
pipe_fryum/Data/Images/Anomaly/056.JPG@#@[(334, 644, 365, 696)]
pipe_fryum/Data/Images/Anomaly/017.JPG@#@[(348, 428, 902, 738)]
pipe_fryum/Data/Images/Anomaly/094.JPG@#@[(348, 319, 941, 899)]
pipe_fryum/Data/Images/Anomaly/097.JPG@#@[(338, 344, 951, 813)]
pipe_fryum/Data/Images/Anomaly/030.JPG@#@[(668, 579, 699, 631)]
pipe_fryum/Data/Images/Anomaly/010.JPG@#@[(327, 358, 899, 734)]
pipe_fryum/Data/Images/Anomaly/002.JPG@#@[(387, 472, 494, 587)]
pipe_fryum/Data/Images/Anomaly/022.JPG@#@[(418, 378, 912, 768)]
pipe_fryum/Data/Images/Anomaly/067.JPG@#@[(551, 549, 595, 607)]
pipe_fryum/Data/Images/Anomaly/085.JPG@#@[(416, 362, 962, 740)]
pipe_fryum/Data/Images/Anomaly/047.JPG@#@[(626, 485, 704, 555)]
pipe_fryum/Data/Images/Anomaly/089.JPG@#@[(397, 428, 962, 779)]
pipe_fryum/Data/Images/Anomaly/090.JPG@#@[(189, 181, 777, 480)]
fryum/Data/Images/Anomaly/035.JPG@#@[(486, 209, 1065, 800)]
fryum/Data/Images/Anomaly/019.JPG@#@[(402, 437, 492, 616)]
fryum/Data/Images/Anomaly/083.JPG@#@[(486, 200, 1092, 791)]
fryum/Data/Images/Anomaly/084.JPG@#@[(642, 413, 813, 563)]
fryum/Data/Images/Anomaly/049.JPG@#@[(417, 137, 1062, 737)]
fryum/Data/Images/Anomaly/069.JPG@#@[(882, 383, 957, 479)]
fryum/Data/Images/Anomaly/012.JPG@#@[(453, 172, 1053, 737)]
fryum/Data/Images/Anomaly/014.JPG@#@[(489, 172, 1050, 809)]
fryum/Data/Images/Anomaly/078.JPG@#@[(825, 524, 930, 659)]
fryum/Data/Images/Anomaly/061.JPG@#@[(483, 233, 1059, 851)]
fryum/Data/Images/Anomaly/043.JPG@#@[(492, 203, 1143, 839)]
fryum/Data/Images/Anomaly/021.JPG@#@[(420, 218, 1071, 818)]
fryum/Data/Images/Anomaly/063.JPG@#@[(450, 242, 1071, 812)]
fryum/Data/Images/Anomaly/023.JPG@#@[(642, 407, 687, 473)]
fryum/Data/Images/Anomaly/086.JPG@#@[(420, 233, 1071, 809)]
fryum/Data/Images/Anomaly/070.JPG@#@[(483, 212, 1059, 788)]
fryum/Data/Images/Anomaly/099.JPG@#@[(486, 329, 987, 794)]
fryum/Data/Images/Anomaly/007.JPG@#@[(420, 175, 1062, 821)]
fryum/Data/Images/Anomaly/050.JPG@#@[(402, 137, 1188, 827)]
fryum/Data/Images/Anomaly/073.JPG@#@[(684, 383, 921, 607)]
fryum/Data/Images/Anomaly/080.JPG@#@[(453, 194, 1062, 833)]
fryum/Data/Images/Anomaly/034.JPG@#@[(483, 167, 1059, 788)]
fryum/Data/Images/Anomaly/015.JPG@#@[(486, 197, 1062, 818)]
fryum/Data/Images/Anomaly/062.JPG@#@[(489, 172, 1050, 809)]
fryum/Data/Images/Anomaly/066.JPG@#@[(786, 278, 927, 434)]
fryum/Data/Images/Anomaly/008.JPG@#@[(921, 461, 1062, 677)]
fryum/Data/Images/Anomaly/065.JPG@#@[(486, 175, 1065, 806)]
fryum/Data/Images/Anomaly/045.JPG@#@[(492, 128, 1107, 758)]
fryum/Data/Images/Anomaly/058.JPG@#@[(453, 161, 1068, 812)]
fryum/Data/Images/Anomaly/000.JPG@#@[(480, 236, 1062, 848)]
fryum/Data/Images/Anomaly/009.JPG@#@[(834, 257, 1047, 767)]
fryum/Data/Images/Anomaly/052.JPG@#@[(465, 155, 1050, 755)]
fryum/Data/Images/Anomaly/018.JPG@#@[(453, 194, 1062, 821)]
fryum/Data/Images/Anomaly/042.JPG@#@[(468, 239, 1059, 926)]
fryum/Data/Images/Anomaly/068.JPG@#@[(483, 178, 1059, 800)]
fryum/Data/Images/Anomaly/020.JPG@#@[(483, 164, 1068, 770)]
fryum/Data/Images/Anomaly/087.JPG@#@[(486, 170, 1062, 791)]
fryum/Data/Images/Anomaly/024.JPG@#@[(486, 212, 1044, 800)]
fryum/Data/Images/Anomaly/001.JPG@#@[(483, 170, 1059, 821)]
fryum/Data/Images/Anomaly/031.JPG@#@[(468, 170, 1083, 815)]
fryum/Data/Images/Anomaly/088.JPG@#@[(483, 188, 1059, 773)]
fryum/Data/Images/Anomaly/076.JPG@#@[(483, 170, 1059, 770)]
fryum/Data/Images/Anomaly/037.JPG@#@[(420, 197, 1050, 797)]
fryum/Data/Images/Anomaly/060.JPG@#@[(453, 172, 1068, 788)]
fryum/Data/Images/Anomaly/032.JPG@#@[(453, 233, 1068, 809)]
fryum/Data/Images/Anomaly/095.JPG@#@[(468, 233, 1068, 809)]
fryum/Data/Images/Anomaly/033.JPG@#@[(492, 218, 1068, 800)]
fryum/Data/Images/Anomaly/074.JPG@#@[(483, 167, 1074, 788)]
fryum/Data/Images/Anomaly/006.JPG@#@[(480, 200, 1050, 770)]
fryum/Data/Images/Anomaly/041.JPG@#@[(363, 98, 1074, 749)]
fryum/Data/Images/Anomaly/046.JPG@#@[(402, 175, 987, 797)]
fryum/Data/Images/Anomaly/082.JPG@#@[(480, 170, 1071, 785)]
fryum/Data/Images/Anomaly/096.JPG@#@[(486, 212, 1065, 773)]
fryum/Data/Images/Anomaly/048.JPG@#@[(453, 191, 1104, 782)]
fryum/Data/Images/Anomaly/016.JPG@#@[(1035, 410, 1116, 557)]
fryum/Data/Images/Anomaly/079.JPG@#@[(528, 203, 1074, 803)]
fryum/Data/Images/Anomaly/013.JPG@#@[(438, 212, 1068, 800)]
fryum/Data/Images/Anomaly/053.JPG@#@[(732, 368, 1032, 788)]
fryum/Data/Images/Anomaly/040.JPG@#@[(468, 200, 984, 800)]
fryum/Data/Images/Anomaly/055.JPG@#@[(834, 233, 1080, 764)]
fryum/Data/Images/Anomaly/075.JPG@#@[(732, 371, 942, 653)]
fryum/Data/Images/Anomaly/071.JPG@#@[(483, 212, 1038, 773)]
fryum/Data/Images/Anomaly/044.JPG@#@[(129, 68, 1044, 821)]
fryum/Data/Images/Anomaly/057.JPG@#@[(894, 317, 1026, 443)]
fryum/Data/Images/Anomaly/098.JPG@#@[(480, 218, 1050, 788)]
fryum/Data/Images/Anomaly/059.JPG@#@[(453, 143, 1068, 938)]
fryum/Data/Images/Anomaly/038.JPG@#@[(420, 197, 1050, 818)]
fryum/Data/Images/Anomaly/027.JPG@#@[(453, 178, 1068, 794)]
fryum/Data/Images/Anomaly/072.JPG@#@[(453, 172, 1068, 812)]
fryum/Data/Images/Anomaly/093.JPG@#@[(468, 170, 1053, 821)]
fryum/Data/Images/Anomaly/064.JPG@#@[(483, 212, 1119, 809)]
fryum/Data/Images/Anomaly/092.JPG@#@[(489, 242, 1029, 812)]
fryum/Data/Images/Anomaly/004.JPG@#@[(723, 542, 798, 653)]
fryum/Data/Images/Anomaly/005.JPG@#@[(483, 377, 708, 632)]
fryum/Data/Images/Anomaly/051.JPG@#@[(453, 233, 1038, 842)]
fryum/Data/Images/Anomaly/026.JPG@#@[(453, 191, 1059, 812)]
fryum/Data/Images/Anomaly/029.JPG@#@[(465, 212, 1071, 812)]
fryum/Data/Images/Anomaly/036.JPG@#@[(420, 175, 1050, 758)]
fryum/Data/Images/Anomaly/011.JPG@#@[(453, 233, 1053, 821)]
fryum/Data/Images/Anomaly/039.JPG@#@[(483, 203, 1074, 809)]
fryum/Data/Images/Anomaly/003.JPG@#@[(486, 170, 1056, 800)]
fryum/Data/Images/Anomaly/091.JPG@#@[(486, 200, 1077, 821)]
fryum/Data/Images/Anomaly/077.JPG@#@[(453, 191, 1068, 791)]
fryum/Data/Images/Anomaly/054.JPG@#@[(492, 233, 1068, 839)]
fryum/Data/Images/Anomaly/028.JPG@#@[(483, 178, 1074, 824)]
fryum/Data/Images/Anomaly/081.JPG@#@[(434, 233, 1050, 788)]
fryum/Data/Images/Anomaly/025.JPG@#@[(453, 178, 1059, 821)]
fryum/Data/Images/Anomaly/056.JPG@#@[(411, 206, 1020, 797)]
fryum/Data/Images/Anomaly/017.JPG@#@[(453, 191, 1065, 794)]
fryum/Data/Images/Anomaly/094.JPG@#@[(453, 203, 1038, 812)]
fryum/Data/Images/Anomaly/097.JPG@#@[(486, 323, 987, 788)]
fryum/Data/Images/Anomaly/030.JPG@#@[(453, 194, 1089, 800)]
fryum/Data/Images/Anomaly/010.JPG@#@[(453, 194, 1062, 800)]
fryum/Data/Images/Anomaly/002.JPG@#@[(453, 170, 1053, 800)]
fryum/Data/Images/Anomaly/022.JPG@#@[(465, 212, 1050, 812)]
fryum/Data/Images/Anomaly/067.JPG@#@[(768, 323, 948, 533)]
fryum/Data/Images/Anomaly/085.JPG@#@[(492, 203, 1053, 788)]
fryum/Data/Images/Anomaly/047.JPG@#@[(375, 164, 1050, 779)]
fryum/Data/Images/Anomaly/089.JPG@#@[(489, 203, 1065, 788)]
fryum/Data/Images/Anomaly/090.JPG@#@[(486, 233, 1065, 848)]
macaroni1/Data/Images/Anomaly/035.JPG@#@[(891, 197, 1195, 437)]
macaroni1/Data/Images/Anomaly/019.JPG@#@[(330, 128, 688, 386)]
macaroni1/Data/Images/Anomaly/083.JPG@#@[(345, 128, 675, 353)]
macaroni1/Data/Images/Anomaly/084.JPG@#@[(822, 129, 1218, 383)]
macaroni1/Data/Images/Anomaly/049.JPG@#@[(330, 137, 675, 362)]
macaroni1/Data/Images/Anomaly/069.JPG@#@[(330, 137, 688, 362)]
macaroni1/Data/Images/Anomaly/012.JPG@#@[(330, 137, 675, 425)]
macaroni1/Data/Images/Anomaly/014.JPG@#@[(361, 554, 729, 833)]
macaroni1/Data/Images/Anomaly/078.JPG@#@[(330, 134, 675, 389)]
macaroni1/Data/Images/Anomaly/061.JPG@#@[(300, 129, 678, 383)]
macaroni1/Data/Images/Anomaly/043.JPG@#@[(816, 134, 1116, 378)]
macaroni1/Data/Images/Anomaly/021.JPG@#@[(336, 107, 684, 362)]
macaroni1/Data/Images/Anomaly/063.JPG@#@[(330, 137, 675, 392)]
macaroni1/Data/Images/Anomaly/023.JPG@#@[(330, 203, 720, 495)]
macaroni1/Data/Images/Anomaly/086.JPG@#@[(333, 191, 1203, 488)]
macaroni1/Data/Images/Anomaly/070.JPG@#@[(330, 134, 675, 434)]
macaroni1/Data/Images/Anomaly/099.JPG@#@[(316, 213, 678, 495)]
macaroni1/Data/Images/Anomaly/007.JPG@#@[(316, 126, 670, 387)]
macaroni1/Data/Images/Anomaly/050.JPG@#@[(316, 137, 670, 387)]
macaroni1/Data/Images/Anomaly/073.JPG@#@[(828, 533, 1203, 803)]
macaroni1/Data/Images/Anomaly/080.JPG@#@[(345, 128, 678, 392)]
macaroni1/Data/Images/Anomaly/034.JPG@#@[(837, 533, 1197, 788)]
macaroni1/Data/Images/Anomaly/015.JPG@#@[(828, 579, 1188, 804)]
macaroni1/Data/Images/Anomaly/062.JPG@#@[(330, 128, 688, 387)]
macaroni1/Data/Images/Anomaly/066.JPG@#@[(318, 107, 687, 422)]
macaroni1/Data/Images/Anomaly/008.JPG@#@[(330, 128, 688, 402)]
macaroni1/Data/Images/Anomaly/065.JPG@#@[(828, 579, 1207, 854)]
macaroni1/Data/Images/Anomaly/045.JPG@#@[(330, 137, 687, 437)]
macaroni1/Data/Images/Anomaly/058.JPG@#@[(822, 137, 1212, 392)]
macaroni1/Data/Images/Anomaly/000.JPG@#@[(316, 83, 729, 354)]
macaroni1/Data/Images/Anomaly/009.JPG@#@[(300, 83, 688, 387)]
macaroni1/Data/Images/Anomaly/052.JPG@#@[(838, 537, 1188, 809)]
macaroni1/Data/Images/Anomaly/018.JPG@#@[(330, 125, 745, 425)]
macaroni1/Data/Images/Anomaly/042.JPG@#@[(822, 551, 1176, 800)]
macaroni1/Data/Images/Anomaly/068.JPG@#@[(822, 129, 1207, 383)]
macaroni1/Data/Images/Anomaly/020.JPG@#@[(316, 125, 678, 408)]
macaroni1/Data/Images/Anomaly/087.JPG@#@[(361, 584, 762, 833)]
macaroni1/Data/Images/Anomaly/024.JPG@#@[(804, 184, 1146, 434)]
macaroni1/Data/Images/Anomaly/001.JPG@#@[(822, 137, 1176, 392)]
macaroni1/Data/Images/Anomaly/031.JPG@#@[(345, 212, 721, 453)]
macaroni1/Data/Images/Anomaly/088.JPG@#@[(361, 570, 736, 809)]
macaroni1/Data/Images/Anomaly/076.JPG@#@[(330, 134, 687, 434)]
macaroni1/Data/Images/Anomaly/037.JPG@#@[(316, 167, 678, 434)]
macaroni1/Data/Images/Anomaly/060.JPG@#@[(345, 128, 694, 404)]
macaroni1/Data/Images/Anomaly/032.JPG@#@[(361, 134, 679, 437)]
macaroni1/Data/Images/Anomaly/095.JPG@#@[(330, 137, 688, 387)]
macaroni1/Data/Images/Anomaly/033.JPG@#@[(399, 512, 736, 771)]
macaroni1/Data/Images/Anomaly/074.JPG@#@[(330, 128, 688, 387)]
macaroni1/Data/Images/Anomaly/006.JPG@#@[(316, 233, 699, 479)]
macaroni1/Data/Images/Anomaly/041.JPG@#@[(300, 195, 1207, 795)]
macaroni1/Data/Images/Anomaly/046.JPG@#@[(300, 129, 679, 423)]
macaroni1/Data/Images/Anomaly/082.JPG@#@[(330, 134, 675, 434)]
macaroni1/Data/Images/Anomaly/096.JPG@#@[(300, 131, 675, 392)]
macaroni1/Data/Images/Anomaly/048.JPG@#@[(330, 554, 675, 809)]
macaroni1/Data/Images/Anomaly/016.JPG@#@[(330, 137, 687, 437)]
macaroni1/Data/Images/Anomaly/079.JPG@#@[(330, 125, 688, 425)]
macaroni1/Data/Images/Anomaly/013.JPG@#@[(300, 107, 675, 362)]
macaroni1/Data/Images/Anomaly/053.JPG@#@[(330, 128, 688, 380)]
macaroni1/Data/Images/Anomaly/040.JPG@#@[(838, 537, 1207, 803)]
macaroni1/Data/Images/Anomaly/055.JPG@#@[(300, 129, 688, 425)]
macaroni1/Data/Images/Anomaly/075.JPG@#@[(318, 134, 640, 390)]
macaroni1/Data/Images/Anomaly/071.JPG@#@[(822, 579, 1170, 833)]
macaroni1/Data/Images/Anomaly/044.JPG@#@[(838, 129, 1174, 375)]
macaroni1/Data/Images/Anomaly/057.JPG@#@[(318, 134, 687, 413)]
macaroni1/Data/Images/Anomaly/098.JPG@#@[(309, 129, 679, 434)]
macaroni1/Data/Images/Anomaly/059.JPG@#@[(330, 137, 687, 422)]
macaroni1/Data/Images/Anomaly/038.JPG@#@[(828, 554, 1213, 800)]
macaroni1/Data/Images/Anomaly/027.JPG@#@[(345, 175, 678, 437)]
macaroni1/Data/Images/Anomaly/072.JPG@#@[(300, 129, 678, 423)]
macaroni1/Data/Images/Anomaly/093.JPG@#@[(807, 579, 1170, 803)]
macaroni1/Data/Images/Anomaly/064.JPG@#@[(330, 137, 675, 425)]
macaroni1/Data/Images/Anomaly/092.JPG@#@[(330, 512, 675, 785)]
macaroni1/Data/Images/Anomaly/004.JPG@#@[(822, 137, 1213, 383)]
macaroni1/Data/Images/Anomaly/005.JPG@#@[(828, 549, 1216, 801)]
macaroni1/Data/Images/Anomaly/051.JPG@#@[(330, 137, 675, 422)]
macaroni1/Data/Images/Anomaly/026.JPG@#@[(318, 191, 687, 434)]
macaroni1/Data/Images/Anomaly/029.JPG@#@[(822, 137, 1176, 413)]
macaroni1/Data/Images/Anomaly/036.JPG@#@[(330, 167, 1207, 828)]
macaroni1/Data/Images/Anomaly/011.JPG@#@[(336, 137, 687, 422)]
macaroni1/Data/Images/Anomaly/039.JPG@#@[(316, 554, 661, 809)]
macaroni1/Data/Images/Anomaly/003.JPG@#@[(300, 129, 678, 429)]
macaroni1/Data/Images/Anomaly/091.JPG@#@[(361, 554, 678, 786)]
macaroni1/Data/Images/Anomaly/077.JPG@#@[(361, 134, 729, 392)]
macaroni1/Data/Images/Anomaly/054.JPG@#@[(330, 125, 688, 405)]
macaroni1/Data/Images/Anomaly/028.JPG@#@[(838, 129, 1180, 423)]
macaroni1/Data/Images/Anomaly/081.JPG@#@[(316, 524, 678, 786)]
macaroni1/Data/Images/Anomaly/025.JPG@#@[(822, 579, 1213, 813)]
macaroni1/Data/Images/Anomaly/056.JPG@#@[(333, 134, 678, 389)]
macaroni1/Data/Images/Anomaly/017.JPG@#@[(330, 137, 687, 422)]
macaroni1/Data/Images/Anomaly/094.JPG@#@[(361, 525, 729, 788)]
macaroni1/Data/Images/Anomaly/097.JPG@#@[(330, 575, 745, 854)]
macaroni1/Data/Images/Anomaly/030.JPG@#@[(828, 533, 1203, 788)]
macaroni1/Data/Images/Anomaly/010.JPG@#@[(345, 128, 703, 408)]
macaroni1/Data/Images/Anomaly/002.JPG@#@[(288, 134, 678, 419)]
macaroni1/Data/Images/Anomaly/022.JPG@#@[(345, 128, 694, 404)]
macaroni1/Data/Images/Anomaly/067.JPG@#@[(309, 134, 684, 434)]
macaroni1/Data/Images/Anomaly/085.JPG@#@[(330, 175, 694, 437)]
macaroni1/Data/Images/Anomaly/047.JPG@#@[(828, 178, 1179, 383)]
macaroni1/Data/Images/Anomaly/089.JPG@#@[(330, 512, 720, 797)]
macaroni1/Data/Images/Anomaly/090.JPG@#@[(345, 509, 720, 794)]
chewinggum/Data/Images/Anomaly/035.JPG@#@[(260, 435, 998, 869)]
chewinggum/Data/Images/Anomaly/019.JPG@#@[(214, 418, 1062, 861)]
chewinggum/Data/Images/Anomaly/083.JPG@#@[(817, 566, 893, 650)]
chewinggum/Data/Images/Anomaly/084.JPG@#@[(646, 552, 697, 604)]
chewinggum/Data/Images/Anomaly/049.JPG@#@[(542, 607, 823, 802)]
chewinggum/Data/Images/Anomaly/069.JPG@#@[(391, 483, 805, 646)]
chewinggum/Data/Images/Anomaly/012.JPG@#@[(628, 539, 866, 685)]
chewinggum/Data/Images/Anomaly/014.JPG@#@[(684, 585, 858, 791)]
chewinggum/Data/Images/Anomaly/078.JPG@#@[(268, 429, 1065, 843)]
chewinggum/Data/Images/Anomaly/061.JPG@#@[(542, 563, 703, 770)]
chewinggum/Data/Images/Anomaly/043.JPG@#@[(697, 539, 979, 727)]
chewinggum/Data/Images/Anomaly/021.JPG@#@[(711, 568, 952, 783)]
chewinggum/Data/Images/Anomaly/063.JPG@#@[(544, 539, 720, 737)]
chewinggum/Data/Images/Anomaly/023.JPG@#@[(552, 805, 628, 872)]
chewinggum/Data/Images/Anomaly/086.JPG@#@[(840, 724, 893, 776)]
chewinggum/Data/Images/Anomaly/070.JPG@#@[(268, 515, 644, 829)]
chewinggum/Data/Images/Anomaly/099.JPG@#@[(569, 765, 622, 832)]
chewinggum/Data/Images/Anomaly/007.JPG@#@[(342, 466, 1121, 896)]
chewinggum/Data/Images/Anomaly/050.JPG@#@[(375, 579, 778, 754)]
chewinggum/Data/Images/Anomaly/073.JPG@#@[(563, 461, 797, 757)]
chewinggum/Data/Images/Anomaly/080.JPG@#@[(268, 483, 1065, 937)]
chewinggum/Data/Images/Anomaly/034.JPG@#@[(268, 340, 1065, 783)]
chewinggum/Data/Images/Anomaly/015.JPG@#@[(268, 466, 662, 735)]
chewinggum/Data/Images/Anomaly/062.JPG@#@[(671, 577, 864, 776)]
chewinggum/Data/Images/Anomaly/066.JPG@#@[(389, 635, 474, 797)]
chewinggum/Data/Images/Anomaly/008.JPG@#@[(254, 426, 1052, 869)]
chewinggum/Data/Images/Anomaly/065.JPG@#@[(563, 552, 724, 713)]
chewinggum/Data/Images/Anomaly/045.JPG@#@[(544, 522, 852, 716)]
chewinggum/Data/Images/Anomaly/058.JPG@#@[(268, 418, 644, 687)]
chewinggum/Data/Images/Anomaly/000.JPG@#@[(300, 477, 1127, 939)]
chewinggum/Data/Images/Anomaly/009.JPG@#@[(483, 607, 563, 700)]
chewinggum/Data/Images/Anomaly/052.JPG@#@[(504, 583, 794, 797)]
chewinggum/Data/Images/Anomaly/018.JPG@#@[(308, 539, 569, 743)]
chewinggum/Data/Images/Anomaly/042.JPG@#@[(214, 392, 995, 843)]
chewinggum/Data/Images/Anomaly/068.JPG@#@[(571, 579, 1057, 711)]
chewinggum/Data/Images/Anomaly/020.JPG@#@[(563, 674, 797, 832)]
chewinggum/Data/Images/Anomaly/087.JPG@#@[(684, 620, 727, 670)]
chewinggum/Data/Images/Anomaly/024.JPG@#@[(794, 724, 909, 832)]
chewinggum/Data/Images/Anomaly/001.JPG@#@[(397, 456, 523, 593)]
chewinggum/Data/Images/Anomaly/031.JPG@#@[(268, 420, 1065, 850)]
chewinggum/Data/Images/Anomaly/088.JPG@#@[(611, 635, 700, 703)]
chewinggum/Data/Images/Anomaly/076.JPG@#@[(268, 429, 1065, 869)]
chewinggum/Data/Images/Anomaly/037.JPG@#@[(300, 448, 1081, 845)]
chewinggum/Data/Images/Anomaly/060.JPG@#@[(491, 635, 590, 751)]
chewinggum/Data/Images/Anomaly/032.JPG@#@[(268, 450, 1068, 869)]
chewinggum/Data/Images/Anomaly/095.JPG@#@[(817, 620, 866, 670)]
chewinggum/Data/Images/Anomaly/033.JPG@#@[(221, 351, 1060, 839)]
chewinggum/Data/Images/Anomaly/074.JPG@#@[(491, 450, 571, 572)]
chewinggum/Data/Images/Anomaly/006.JPG@#@[(429, 526, 630, 687)]
chewinggum/Data/Images/Anomaly/041.JPG@#@[(547, 596, 687, 703)]
chewinggum/Data/Images/Anomaly/046.JPG@#@[(539, 542, 829, 787)]
chewinggum/Data/Images/Anomaly/082.JPG@#@[(268, 515, 501, 703)]
chewinggum/Data/Images/Anomaly/096.JPG@#@[(936, 502, 993, 579)]
chewinggum/Data/Images/Anomaly/048.JPG@#@[(542, 657, 747, 815)]
chewinggum/Data/Images/Anomaly/016.JPG@#@[(536, 440, 649, 533)]
chewinggum/Data/Images/Anomaly/079.JPG@#@[(789, 502, 893, 574)]
chewinggum/Data/Images/Anomaly/013.JPG@#@[(786, 698, 963, 850)]
chewinggum/Data/Images/Anomaly/053.JPG@#@[(671, 568, 993, 811)]
chewinggum/Data/Images/Anomaly/040.JPG@#@[(526, 590, 727, 751)]
chewinggum/Data/Images/Anomaly/055.JPG@#@[(563, 498, 858, 713)]
chewinggum/Data/Images/Anomaly/075.JPG@#@[(342, 797, 410, 869)]
chewinggum/Data/Images/Anomaly/071.JPG@#@[(571, 674, 644, 805)]
chewinggum/Data/Images/Anomaly/044.JPG@#@[(520, 604, 747, 757)]
chewinggum/Data/Images/Anomaly/057.JPG@#@[(614, 522, 711, 670)]
chewinggum/Data/Images/Anomaly/098.JPG@#@[(268, 407, 1076, 863)]
chewinggum/Data/Images/Anomaly/059.JPG@#@[(496, 617, 636, 783)]
chewinggum/Data/Images/Anomaly/038.JPG@#@[(268, 407, 1076, 885)]
chewinggum/Data/Images/Anomaly/027.JPG@#@[(263, 537, 1065, 971)]
chewinggum/Data/Images/Anomaly/072.JPG@#@[(509, 539, 832, 713)]
chewinggum/Data/Images/Anomaly/093.JPG@#@[(747, 604, 807, 670)]
chewinggum/Data/Images/Anomaly/064.JPG@#@[(539, 609, 794, 776)]
chewinggum/Data/Images/Anomaly/092.JPG@#@[(293, 420, 1070, 886)]
chewinggum/Data/Images/Anomaly/004.JPG@#@[(563, 488, 823, 681)]
chewinggum/Data/Images/Anomaly/005.JPG@#@[(531, 435, 652, 583)]
chewinggum/Data/Images/Anomaly/051.JPG@#@[(268, 472, 1076, 941)]
chewinggum/Data/Images/Anomaly/026.JPG@#@[(300, 418, 1068, 832)]
chewinggum/Data/Images/Anomaly/029.JPG@#@[(346, 336, 1127, 826)]
chewinggum/Data/Images/Anomaly/036.JPG@#@[(279, 459, 1081, 884)]
chewinggum/Data/Images/Anomaly/011.JPG@#@[(464, 577, 724, 821)]
chewinggum/Data/Images/Anomaly/039.JPG@#@[(300, 327, 1127, 772)]
chewinggum/Data/Images/Anomaly/003.JPG@#@[(569, 765, 730, 872)]
chewinggum/Data/Images/Anomaly/091.JPG@#@[(920, 650, 974, 730)]
chewinggum/Data/Images/Anomaly/077.JPG@#@[(754, 674, 807, 748)]
chewinggum/Data/Images/Anomaly/054.JPG@#@[(577, 674, 739, 783)]
chewinggum/Data/Images/Anomaly/028.JPG@#@[(238, 430, 1006, 874)]
chewinggum/Data/Images/Anomaly/081.JPG@#@[(569, 668, 617, 735)]
chewinggum/Data/Images/Anomaly/025.JPG@#@[(214, 429, 998, 850)]
chewinggum/Data/Images/Anomaly/056.JPG@#@[(268, 420, 1129, 850)]
chewinggum/Data/Images/Anomaly/017.JPG@#@[(402, 711, 638, 878)]
chewinggum/Data/Images/Anomaly/094.JPG@#@[(778, 552, 864, 622)]
chewinggum/Data/Images/Anomaly/097.JPG@#@[(483, 765, 542, 839)]
chewinggum/Data/Images/Anomaly/030.JPG@#@[(327, 459, 453, 650)]
chewinggum/Data/Images/Anomaly/010.JPG@#@[(569, 450, 720, 539)]
chewinggum/Data/Images/Anomaly/002.JPG@#@[(437, 733, 523, 832)]
chewinggum/Data/Images/Anomaly/022.JPG@#@[(195, 407, 1003, 856)]
chewinggum/Data/Images/Anomaly/067.JPG@#@[(571, 596, 786, 709)]
chewinggum/Data/Images/Anomaly/085.JPG@#@[(901, 596, 968, 668)]
chewinggum/Data/Images/Anomaly/047.JPG@#@[(544, 604, 751, 724)]
chewinggum/Data/Images/Anomaly/089.JPG@#@[(577, 783, 636, 843)]
chewinggum/Data/Images/Anomaly/090.JPG@#@[(716, 674, 856, 800)]
pcb2/Data/Images/Anomaly/035.JPG@#@[(752, 370, 1131, 713)]
pcb2/Data/Images/Anomaly/019.JPG@#@[(541, 489, 699, 747)]
pcb2/Data/Images/Anomaly/083.JPG@#@[(162, 461, 470, 700)]
pcb2/Data/Images/Anomaly/084.JPG@#@[(162, 292, 1187, 776)]
pcb2/Data/Images/Anomaly/049.JPG@#@[(373, 399, 584, 626)]
pcb2/Data/Images/Anomaly/069.JPG@#@[(366, 370, 513, 680)]
pcb2/Data/Images/Anomaly/012.JPG@#@[(193, 321, 1207, 776)]
pcb2/Data/Images/Anomaly/014.JPG@#@[(204, 292, 1187, 750)]
pcb2/Data/Images/Anomaly/078.JPG@#@[(780, 432, 870, 601)]
pcb2/Data/Images/Anomaly/061.JPG@#@[(190, 304, 1215, 776)]
pcb2/Data/Images/Anomaly/043.JPG@#@[(452, 461, 584, 601)]
pcb2/Data/Images/Anomaly/021.JPG@#@[(202, 321, 1184, 744)]
pcb2/Data/Images/Anomaly/063.JPG@#@[(738, 405, 864, 629)]
pcb2/Data/Images/Anomaly/023.JPG@#@[(322, 315, 1053, 717)]
pcb2/Data/Images/Anomaly/086.JPG@#@[(322, 315, 1095, 710)]
pcb2/Data/Images/Anomaly/070.JPG@#@[(395, 315, 949, 683)]
pcb2/Data/Images/Anomaly/099.JPG@#@[(182, 304, 1095, 739)]
pcb2/Data/Images/Anomaly/007.JPG@#@[(654, 370, 1041, 717)]
pcb2/Data/Images/Anomaly/050.JPG@#@[(561, 175, 789, 651)]
pcb2/Data/Images/Anomaly/073.JPG@#@[(454, 449, 575, 616)]
pcb2/Data/Images/Anomaly/080.JPG@#@[(404, 321, 1103, 713)]
pcb2/Data/Images/Anomaly/034.JPG@#@[(443, 427, 584, 638)]
pcb2/Data/Images/Anomaly/015.JPG@#@[(366, 318, 1061, 702)]
pcb2/Data/Images/Anomaly/062.JPG@#@[(480, 430, 780, 710)]
pcb2/Data/Images/Anomaly/066.JPG@#@[(395, 430, 600, 609)]
pcb2/Data/Images/Anomaly/008.JPG@#@[(190, 304, 1184, 744)]
pcb2/Data/Images/Anomaly/065.JPG@#@[(198, 370, 373, 756)]
pcb2/Data/Images/Anomaly/045.JPG@#@[(415, 321, 1047, 688)]
pcb2/Data/Images/Anomaly/058.JPG@#@[(233, 370, 1159, 612)]
pcb2/Data/Images/Anomaly/000.JPG@#@[(409, 430, 575, 626)]
pcb2/Data/Images/Anomaly/009.JPG@#@[(190, 315, 1151, 739)]
pcb2/Data/Images/Anomaly/052.JPG@#@[(404, 416, 600, 604)]
pcb2/Data/Images/Anomaly/018.JPG@#@[(196, 343, 1123, 764)]
pcb2/Data/Images/Anomaly/042.JPG@#@[(508, 191, 783, 304)]
pcb2/Data/Images/Anomaly/068.JPG@#@[(513, 197, 668, 296)]
pcb2/Data/Images/Anomaly/020.JPG@#@[(570, 489, 783, 713)]
pcb2/Data/Images/Anomaly/087.JPG@#@[(404, 321, 631, 678)]
pcb2/Data/Images/Anomaly/024.JPG@#@[(373, 399, 530, 683)]
pcb2/Data/Images/Anomaly/001.JPG@#@[(190, 296, 1215, 739)]
pcb2/Data/Images/Anomaly/031.JPG@#@[(198, 289, 1173, 739)]
pcb2/Data/Images/Anomaly/088.JPG@#@[(322, 315, 1095, 725)]
pcb2/Data/Images/Anomaly/076.JPG@#@[(769, 405, 859, 629)]
pcb2/Data/Images/Anomaly/037.JPG@#@[(176, 272, 1173, 781)]
pcb2/Data/Images/Anomaly/060.JPG@#@[(322, 315, 1092, 727)]
pcb2/Data/Images/Anomaly/032.JPG@#@[(198, 289, 1190, 739)]
pcb2/Data/Images/Anomaly/095.JPG@#@[(359, 370, 1041, 658)]
pcb2/Data/Images/Anomaly/033.JPG@#@[(190, 296, 1215, 739)]
pcb2/Data/Images/Anomaly/074.JPG@#@[(190, 292, 1145, 769)]
pcb2/Data/Images/Anomaly/006.JPG@#@[(322, 402, 505, 612)]
pcb2/Data/Images/Anomaly/041.JPG@#@[(926, 424, 1095, 649)]
pcb2/Data/Images/Anomaly/046.JPG@#@[(233, 430, 365, 626)]
pcb2/Data/Images/Anomaly/082.JPG@#@[(760, 405, 862, 658)]
pcb2/Data/Images/Anomaly/096.JPG@#@[(193, 304, 1207, 781)]
pcb2/Data/Images/Anomaly/048.JPG@#@[(162, 304, 1120, 733)]
pcb2/Data/Images/Anomaly/016.JPG@#@[(937, 779, 1022, 877)]
pcb2/Data/Images/Anomaly/079.JPG@#@[(212, 304, 1210, 781)]
pcb2/Data/Images/Anomaly/013.JPG@#@[(176, 461, 365, 616)]
pcb2/Data/Images/Anomaly/053.JPG@#@[(626, 432, 822, 649)]
pcb2/Data/Images/Anomaly/040.JPG@#@[(862, 461, 937, 649)]
pcb2/Data/Images/Anomaly/055.JPG@#@[(404, 416, 578, 604)]
pcb2/Data/Images/Anomaly/075.JPG@#@[(409, 315, 1041, 700)]
pcb2/Data/Images/Anomaly/071.JPG@#@[(129, 272, 1103, 737)]
pcb2/Data/Images/Anomaly/044.JPG@#@[(176, 304, 1151, 742)]
pcb2/Data/Images/Anomaly/057.JPG@#@[(760, 394, 856, 545)]
pcb2/Data/Images/Anomaly/098.JPG@#@[(409, 458, 637, 626)]
pcb2/Data/Images/Anomaly/059.JPG@#@[(129, 276, 1173, 739)]
pcb2/Data/Images/Anomaly/038.JPG@#@[(443, 419, 586, 616)]
pcb2/Data/Images/Anomaly/027.JPG@#@[(179, 292, 1165, 737)]
pcb2/Data/Images/Anomaly/072.JPG@#@[(233, 292, 1103, 742)]
pcb2/Data/Images/Anomaly/093.JPG@#@[(162, 430, 365, 641)]
pcb2/Data/Images/Anomaly/064.JPG@#@[(850, 370, 1182, 727)]
pcb2/Data/Images/Anomaly/092.JPG@#@[(452, 458, 791, 626)]
pcb2/Data/Images/Anomaly/004.JPG@#@[(204, 461, 418, 629)]
pcb2/Data/Images/Anomaly/005.JPG@#@[(626, 570, 772, 720)]
pcb2/Data/Images/Anomaly/051.JPG@#@[(322, 315, 1095, 680)]
pcb2/Data/Images/Anomaly/026.JPG@#@[(561, 175, 814, 301)]
pcb2/Data/Images/Anomaly/029.JPG@#@[(233, 370, 584, 710)]
pcb2/Data/Images/Anomaly/036.JPG@#@[(366, 315, 1103, 710)]
pcb2/Data/Images/Anomaly/011.JPG@#@[(233, 430, 322, 626)]
pcb2/Data/Images/Anomaly/039.JPG@#@[(595, 427, 828, 671)]
pcb2/Data/Images/Anomaly/003.JPG@#@[(198, 272, 1182, 737)]
pcb2/Data/Images/Anomaly/091.JPG@#@[(176, 432, 365, 629)]
pcb2/Data/Images/Anomaly/077.JPG@#@[(628, 458, 775, 601)]
pcb2/Data/Images/Anomaly/054.JPG@#@[(129, 272, 1114, 739)]
pcb2/Data/Images/Anomaly/028.JPG@#@[(196, 289, 1207, 739)]
pcb2/Data/Images/Anomaly/081.JPG@#@[(769, 432, 862, 545)]
pcb2/Data/Images/Anomaly/025.JPG@#@[(864, 377, 1173, 655)]
pcb2/Data/Images/Anomaly/056.JPG@#@[(760, 370, 971, 651)]
pcb2/Data/Images/Anomaly/017.JPG@#@[(786, 370, 1095, 717)]
pcb2/Data/Images/Anomaly/094.JPG@#@[(488, 205, 772, 326)]
pcb2/Data/Images/Anomaly/097.JPG@#@[(190, 304, 1179, 750)]
pcb2/Data/Images/Anomaly/030.JPG@#@[(760, 394, 856, 646)]
pcb2/Data/Images/Anomaly/010.JPG@#@[(395, 399, 575, 616)]
pcb2/Data/Images/Anomaly/002.JPG@#@[(176, 178, 1215, 781)]
pcb2/Data/Images/Anomaly/022.JPG@#@[(415, 321, 963, 713)]
pcb2/Data/Images/Anomaly/067.JPG@#@[(760, 405, 862, 545)]
pcb2/Data/Images/Anomaly/085.JPG@#@[(198, 318, 1182, 750)]
pcb2/Data/Images/Anomaly/047.JPG@#@[(233, 402, 1173, 643)]
pcb2/Data/Images/Anomaly/089.JPG@#@[(143, 402, 365, 655)]
pcb2/Data/Images/Anomaly/090.JPG@#@[(190, 292, 1193, 776)]
candle/Data/Images/Anomaly/035.JPG@#@[(130, 98, 572, 521)]
candle/Data/Images/Anomaly/019.JPG@#@[(130, 656, 552, 1030)]
candle/Data/Images/Anomaly/083.JPG@#@[(138, 98, 572, 525)]
candle/Data/Images/Anomaly/084.JPG@#@[(707, 649, 1111, 1074)]
candle/Data/Images/Anomaly/049.JPG@#@[(130, 98, 572, 521)]
candle/Data/Images/Anomaly/069.JPG@#@[(154, 98, 621, 574)]
candle/Data/Images/Anomaly/012.JPG@#@[(721, 46, 1119, 470)]
candle/Data/Images/Anomaly/014.JPG@#@[(726, 655, 1153, 1070)]
candle/Data/Images/Anomaly/078.JPG@#@[(687, 98, 1153, 496)]
candle/Data/Images/Anomaly/061.JPG@#@[(734, 649, 1132, 1066)]
candle/Data/Images/Anomaly/043.JPG@#@[(707, 649, 1158, 1047)]
candle/Data/Images/Anomaly/021.JPG@#@[(707, 649, 1153, 1074)]
candle/Data/Images/Anomaly/063.JPG@#@[(734, 103, 1153, 547)]
candle/Data/Images/Anomaly/023.JPG@#@[(721, 664, 1119, 1089)]
candle/Data/Images/Anomaly/086.JPG@#@[(707, 98, 1158, 482)]
candle/Data/Images/Anomaly/070.JPG@#@[(711, 656, 1120, 1045)]
candle/Data/Images/Anomaly/099.JPG@#@[(148, 655, 534, 1058)]
candle/Data/Images/Anomaly/007.JPG@#@[(195, 103, 585, 551)]
candle/Data/Images/Anomaly/050.JPG@#@[(707, 649, 1145, 1047)]
candle/Data/Images/Anomaly/073.JPG@#@[(130, 653, 575, 1076)]
candle/Data/Images/Anomaly/080.JPG@#@[(136, 653, 559, 1051)]
candle/Data/Images/Anomaly/034.JPG@#@[(138, 98, 557, 482)]
candle/Data/Images/Anomaly/015.JPG@#@[(154, 98, 549, 529)]
candle/Data/Images/Anomaly/062.JPG@#@[(160, 678, 572, 1094)]
candle/Data/Images/Anomaly/066.JPG@#@[(160, 680, 575, 1078)]
candle/Data/Images/Anomaly/008.JPG@#@[(181, 136, 546, 534)]
candle/Data/Images/Anomaly/065.JPG@#@[(130, 653, 529, 1081)]
candle/Data/Images/Anomaly/045.JPG@#@[(707, 649, 1158, 1047)]
candle/Data/Images/Anomaly/058.JPG@#@[(160, 684, 575, 1089)]
candle/Data/Images/Anomaly/000.JPG@#@[(128, 103, 557, 501)]
candle/Data/Images/Anomaly/009.JPG@#@[(707, 701, 1140, 1099)]
candle/Data/Images/Anomaly/052.JPG@#@[(148, 679, 575, 1089)]
candle/Data/Images/Anomaly/018.JPG@#@[(715, 98, 1153, 482)]
candle/Data/Images/Anomaly/042.JPG@#@[(715, 98, 1153, 496)]
candle/Data/Images/Anomaly/068.JPG@#@[(160, 98, 559, 547)]
candle/Data/Images/Anomaly/020.JPG@#@[(130, 98, 572, 521)]
candle/Data/Images/Anomaly/087.JPG@#@[(156, 707, 593, 1094)]
candle/Data/Images/Anomaly/024.JPG@#@[(138, 653, 572, 1051)]
candle/Data/Images/Anomaly/001.JPG@#@[(715, 666, 1126, 1107)]
candle/Data/Images/Anomaly/031.JPG@#@[(138, 666, 552, 1076)]
candle/Data/Images/Anomaly/088.JPG@#@[(160, 668, 588, 1078)]
candle/Data/Images/Anomaly/076.JPG@#@[(130, 649, 559, 1099)]
candle/Data/Images/Anomaly/037.JPG@#@[(160, 663, 585, 1086)]
candle/Data/Images/Anomaly/060.JPG@#@[(160, 653, 559, 1051)]
candle/Data/Images/Anomaly/032.JPG@#@[(130, 653, 575, 1089)]
candle/Data/Images/Anomaly/095.JPG@#@[(721, 98, 1153, 529)]
candle/Data/Images/Anomaly/033.JPG@#@[(156, 103, 549, 526)]
candle/Data/Images/Anomaly/074.JPG@#@[(136, 665, 544, 1078)]
candle/Data/Images/Anomaly/006.JPG@#@[(715, 693, 1153, 1080)]
candle/Data/Images/Anomaly/041.JPG@#@[(154, 680, 557, 1094)]
candle/Data/Images/Anomaly/046.JPG@#@[(154, 657, 570, 1055)]
candle/Data/Images/Anomaly/082.JPG@#@[(707, 649, 1145, 1066)]
candle/Data/Images/Anomaly/096.JPG@#@[(130, 653, 552, 1081)]
candle/Data/Images/Anomaly/048.JPG@#@[(157, 98, 552, 529)]
candle/Data/Images/Anomaly/016.JPG@#@[(160, 98, 544, 501)]
candle/Data/Images/Anomaly/079.JPG@#@[(767, 649, 1151, 1090)]
candle/Data/Images/Anomaly/013.JPG@#@[(721, 649, 1214, 1061)]
candle/Data/Images/Anomaly/053.JPG@#@[(143, 103, 549, 547)]
candle/Data/Images/Anomaly/040.JPG@#@[(160, 678, 575, 1081)]
candle/Data/Images/Anomaly/055.JPG@#@[(160, 649, 585, 1053)]
candle/Data/Images/Anomaly/075.JPG@#@[(715, 696, 1153, 1092)]
candle/Data/Images/Anomaly/071.JPG@#@[(707, 103, 1153, 513)]
candle/Data/Images/Anomaly/044.JPG@#@[(130, 98, 552, 547)]
candle/Data/Images/Anomaly/057.JPG@#@[(707, 98, 1153, 513)]
candle/Data/Images/Anomaly/098.JPG@#@[(715, 98, 1153, 482)]
candle/Data/Images/Anomaly/059.JPG@#@[(160, 678, 572, 1070)]
candle/Data/Images/Anomaly/038.JPG@#@[(715, 98, 1126, 496)]
candle/Data/Images/Anomaly/027.JPG@#@[(707, 98, 1153, 513)]
candle/Data/Images/Anomaly/072.JPG@#@[(156, 103, 559, 488)]
candle/Data/Images/Anomaly/093.JPG@#@[(715, 98, 1126, 496)]
candle/Data/Images/Anomaly/064.JPG@#@[(160, 649, 559, 1086)]
candle/Data/Images/Anomaly/092.JPG@#@[(703, 98, 1119, 496)]
candle/Data/Images/Anomaly/004.JPG@#@[(715, 98, 1126, 496)]
candle/Data/Images/Anomaly/005.JPG@#@[(674, 98, 1126, 527)]
candle/Data/Images/Anomaly/051.JPG@#@[(154, 80, 549, 496)]
candle/Data/Images/Anomaly/026.JPG@#@[(160, 98, 544, 529)]
candle/Data/Images/Anomaly/029.JPG@#@[(156, 680, 567, 1081)]
candle/Data/Images/Anomaly/036.JPG@#@[(160, 649, 588, 1053)]
candle/Data/Images/Anomaly/011.JPG@#@[(721, 649, 1145, 1066)]
candle/Data/Images/Anomaly/039.JPG@#@[(156, 103, 572, 551)]
candle/Data/Images/Anomaly/003.JPG@#@[(181, 103, 585, 526)]
candle/Data/Images/Anomaly/091.JPG@#@[(130, 653, 552, 1030)]
candle/Data/Images/Anomaly/077.JPG@#@[(707, 651, 1153, 1051)]
candle/Data/Images/Anomaly/054.JPG@#@[(715, 653, 1153, 1058)]
candle/Data/Images/Anomaly/028.JPG@#@[(148, 98, 559, 540)]
candle/Data/Images/Anomaly/081.JPG@#@[(130, 98, 552, 529)]
candle/Data/Images/Anomaly/025.JPG@#@[(715, 653, 1153, 1062)]
candle/Data/Images/Anomaly/056.JPG@#@[(130, 103, 575, 493)]
candle/Data/Images/Anomaly/017.JPG@#@[(160, 655, 559, 1053)]
candle/Data/Images/Anomaly/094.JPG@#@[(160, 684, 544, 1070)]
candle/Data/Images/Anomaly/097.JPG@#@[(687, 657, 1153, 1074)]
candle/Data/Images/Anomaly/030.JPG@#@[(160, 684, 549, 1074)]
candle/Data/Images/Anomaly/010.JPG@#@[(130, 98, 559, 521)]
candle/Data/Images/Anomaly/002.JPG@#@[(130, 655, 572, 1105)]
candle/Data/Images/Anomaly/022.JPG@#@[(154, 657, 552, 1055)]
candle/Data/Images/Anomaly/067.JPG@#@[(707, 72, 1111, 488)]
candle/Data/Images/Anomaly/085.JPG@#@[(735, 656, 1147, 1062)]
candle/Data/Images/Anomaly/047.JPG@#@[(707, 103, 1158, 475)]
candle/Data/Images/Anomaly/089.JPG@#@[(734, 612, 1132, 1016)]
candle/Data/Images/Anomaly/090.JPG@#@[(154, 655, 575, 1076)]
cashew/Data/Images/Anomaly/035.JPG@#@[(644, 571, 777, 716)]
cashew/Data/Images/Anomaly/019.JPG@#@[(379, 358, 1057, 835)]
cashew/Data/Images/Anomaly/083.JPG@#@[(382, 381, 1037, 837)]
cashew/Data/Images/Anomaly/084.JPG@#@[(389, 324, 1044, 776)]
cashew/Data/Images/Anomaly/049.JPG@#@[(389, 363, 1039, 814)]
cashew/Data/Images/Anomaly/069.JPG@#@[(374, 407, 986, 844)]
cashew/Data/Images/Anomaly/012.JPG@#@[(886, 569, 993, 727)]
cashew/Data/Images/Anomaly/014.JPG@#@[(840, 620, 917, 722)]
cashew/Data/Images/Anomaly/078.JPG@#@[(318, 360, 935, 837)]
cashew/Data/Images/Anomaly/061.JPG@#@[(619, 625, 648, 694)]
cashew/Data/Images/Anomaly/043.JPG@#@[(323, 304, 1024, 767)]
cashew/Data/Images/Anomaly/021.JPG@#@[(389, 390, 1039, 835)]
cashew/Data/Images/Anomaly/063.JPG@#@[(336, 299, 986, 816)]
cashew/Data/Images/Anomaly/023.JPG@#@[(389, 365, 1039, 837)]
cashew/Data/Images/Anomaly/086.JPG@#@[(336, 360, 947, 870)]
cashew/Data/Images/Anomaly/070.JPG@#@[(379, 403, 1019, 897)]
cashew/Data/Images/Anomaly/099.JPG@#@[(619, 454, 738, 569)]
cashew/Data/Images/Anomaly/007.JPG@#@[(338, 394, 1005, 850)]
cashew/Data/Images/Anomaly/050.JPG@#@[(350, 358, 1026, 814)]
cashew/Data/Images/Anomaly/073.JPG@#@[(349, 324, 998, 809)]
cashew/Data/Images/Anomaly/080.JPG@#@[(336, 488, 986, 959)]
cashew/Data/Images/Anomaly/034.JPG@#@[(542, 526, 675, 646)]
cashew/Data/Images/Anomaly/015.JPG@#@[(323, 339, 1024, 809)]
cashew/Data/Images/Anomaly/062.JPG@#@[(817, 498, 871, 562)]
cashew/Data/Images/Anomaly/066.JPG@#@[(326, 378, 1026, 850)]
cashew/Data/Images/Anomaly/008.JPG@#@[(389, 358, 1052, 793)]
cashew/Data/Images/Anomaly/065.JPG@#@[(708, 590, 930, 697)]
cashew/Data/Images/Anomaly/045.JPG@#@[(402, 299, 1039, 712)]
cashew/Data/Images/Anomaly/058.JPG@#@[(453, 332, 1039, 835)]
cashew/Data/Images/Anomaly/000.JPG@#@[(466, 745, 547, 822)]
cashew/Data/Images/Anomaly/009.JPG@#@[(379, 363, 1009, 799)]
cashew/Data/Images/Anomaly/052.JPG@#@[(247, 390, 861, 791)]
cashew/Data/Images/Anomaly/018.JPG@#@[(326, 337, 968, 806)]
cashew/Data/Images/Anomaly/042.JPG@#@[(764, 498, 845, 567)]
cashew/Data/Images/Anomaly/068.JPG@#@[(379, 403, 1026, 850)]
cashew/Data/Images/Anomaly/020.JPG@#@[(275, 355, 1026, 857)]
cashew/Data/Images/Anomaly/087.JPG@#@[(350, 343, 978, 831)]
cashew/Data/Images/Anomaly/024.JPG@#@[(383, 407, 1026, 844)]
cashew/Data/Images/Anomaly/001.JPG@#@[(555, 745, 712, 822)]
cashew/Data/Images/Anomaly/031.JPG@#@[(389, 339, 1065, 791)]
cashew/Data/Images/Anomaly/088.JPG@#@[(349, 407, 1024, 844)]
cashew/Data/Images/Anomaly/076.JPG@#@[(614, 697, 677, 778)]
cashew/Data/Images/Anomaly/037.JPG@#@[(745, 520, 871, 673)]
cashew/Data/Images/Anomaly/060.JPG@#@[(400, 360, 1037, 809)]
cashew/Data/Images/Anomaly/032.JPG@#@[(323, 394, 1011, 819)]
cashew/Data/Images/Anomaly/095.JPG@#@[(540, 304, 1159, 870)]
cashew/Data/Images/Anomaly/033.JPG@#@[(517, 635, 712, 780)]
cashew/Data/Images/Anomaly/074.JPG@#@[(415, 520, 529, 648)]
cashew/Data/Images/Anomaly/006.JPG@#@[(402, 330, 1057, 793)]
cashew/Data/Images/Anomaly/041.JPG@#@[(619, 618, 675, 673)]
cashew/Data/Images/Anomaly/046.JPG@#@[(349, 416, 1011, 850)]
cashew/Data/Images/Anomaly/082.JPG@#@[(361, 358, 1009, 816)]
cashew/Data/Images/Anomaly/096.JPG@#@[(262, 328, 942, 926)]
cashew/Data/Images/Anomaly/048.JPG@#@[(389, 401, 466, 571)]
cashew/Data/Images/Anomaly/016.JPG@#@[(338, 378, 947, 811)]
cashew/Data/Images/Anomaly/079.JPG@#@[(389, 388, 1039, 852)]
cashew/Data/Images/Anomaly/013.JPG@#@[(761, 814, 828, 870)]
cashew/Data/Images/Anomaly/053.JPG@#@[(383, 381, 1072, 852)]
cashew/Data/Images/Anomaly/040.JPG@#@[(789, 633, 879, 722)]
cashew/Data/Images/Anomaly/055.JPG@#@[(349, 332, 1037, 793)]
cashew/Data/Images/Anomaly/075.JPG@#@[(326, 394, 968, 819)]
cashew/Data/Images/Anomaly/071.JPG@#@[(326, 394, 980, 835)]
cashew/Data/Images/Anomaly/044.JPG@#@[(374, 332, 1024, 793)]
cashew/Data/Images/Anomaly/057.JPG@#@[(349, 332, 1009, 801)]
cashew/Data/Images/Anomaly/098.JPG@#@[(415, 213, 1070, 863)]
cashew/Data/Images/Anomaly/059.JPG@#@[(257, 311, 963, 773)]
cashew/Data/Images/Anomaly/038.JPG@#@[(326, 401, 968, 870)]
cashew/Data/Images/Anomaly/027.JPG@#@[(700, 697, 794, 780)]
cashew/Data/Images/Anomaly/072.JPG@#@[(326, 299, 937, 745)]
cashew/Data/Images/Anomaly/093.JPG@#@[(383, 407, 1026, 878)]
cashew/Data/Images/Anomaly/064.JPG@#@[(326, 426, 1011, 882)]
cashew/Data/Images/Anomaly/092.JPG@#@[(326, 358, 980, 801)]
cashew/Data/Images/Anomaly/004.JPG@#@[(338, 411, 1009, 850)]
cashew/Data/Images/Anomaly/005.JPG@#@[(792, 416, 871, 511)]
cashew/Data/Images/Anomaly/051.JPG@#@[(690, 569, 782, 648)]
cashew/Data/Images/Anomaly/026.JPG@#@[(580, 505, 675, 620)]
cashew/Data/Images/Anomaly/029.JPG@#@[(349, 311, 1009, 776)]
cashew/Data/Images/Anomaly/036.JPG@#@[(389, 490, 547, 635)]
cashew/Data/Images/Anomaly/011.JPG@#@[(555, 511, 723, 643)]
cashew/Data/Images/Anomaly/039.JPG@#@[(797, 564, 835, 605)]
cashew/Data/Images/Anomaly/003.JPG@#@[(402, 407, 1039, 870)]
cashew/Data/Images/Anomaly/091.JPG@#@[(382, 388, 1037, 852)]
cashew/Data/Images/Anomaly/077.JPG@#@[(262, 416, 937, 875)]
cashew/Data/Images/Anomaly/054.JPG@#@[(389, 401, 1052, 859)]
cashew/Data/Images/Anomaly/028.JPG@#@[(886, 347, 993, 437)]
cashew/Data/Images/Anomaly/081.JPG@#@[(275, 368, 908, 844)]
cashew/Data/Images/Anomaly/025.JPG@#@[(326, 337, 1014, 784)]
cashew/Data/Images/Anomaly/056.JPG@#@[(350, 394, 1014, 829)]
cashew/Data/Images/Anomaly/017.JPG@#@[(835, 635, 922, 729)]
cashew/Data/Images/Anomaly/094.JPG@#@[(220, 215, 1166, 843)]
cashew/Data/Images/Anomaly/097.JPG@#@[(535, 304, 1025, 738)]
cashew/Data/Images/Anomaly/030.JPG@#@[(868, 492, 998, 615)]
cashew/Data/Images/Anomaly/010.JPG@#@[(588, 569, 675, 635)]
cashew/Data/Images/Anomaly/002.JPG@#@[(379, 403, 1034, 875)]
cashew/Data/Images/Anomaly/022.JPG@#@[(323, 352, 935, 784)]
cashew/Data/Images/Anomaly/067.JPG@#@[(379, 426, 1057, 865)]
cashew/Data/Images/Anomaly/085.JPG@#@[(326, 465, 1039, 941)]
cashew/Data/Images/Anomaly/047.JPG@#@[(400, 407, 1070, 814)]
cashew/Data/Images/Anomaly/089.JPG@#@[(389, 401, 1077, 837)]
cashew/Data/Images/Anomaly/090.JPG@#@[(379, 401, 1009, 852)]
pcb3/Data/Images/Anomaly/035.JPG@#@[(337, 314, 1144, 683)]
pcb3/Data/Images/Anomaly/019.JPG@#@[(368, 314, 1327, 686)]
pcb3/Data/Images/Anomaly/083.JPG@#@[(331, 314, 1337, 667)]
pcb3/Data/Images/Anomaly/084.JPG@#@[(440, 362, 596, 519)]
pcb3/Data/Images/Anomaly/049.JPG@#@[(443, 398, 537, 491)]
pcb3/Data/Images/Anomaly/069.JPG@#@[(359, 310, 1374, 685)]
pcb3/Data/Images/Anomaly/012.JPG@#@[(1087, 301, 1305, 597)]
pcb3/Data/Images/Anomaly/014.JPG@#@[(328, 297, 1327, 678)]
pcb3/Data/Images/Anomaly/078.JPG@#@[(328, 297, 1377, 644)]
pcb3/Data/Images/Anomaly/061.JPG@#@[(431, 328, 1124, 691)]
pcb3/Data/Images/Anomaly/043.JPG@#@[(415, 304, 1149, 670)]
pcb3/Data/Images/Anomaly/021.JPG@#@[(359, 314, 1130, 691)]
pcb3/Data/Images/Anomaly/063.JPG@#@[(440, 328, 1102, 626)]
pcb3/Data/Images/Anomaly/023.JPG@#@[(346, 294, 1358, 681)]
pcb3/Data/Images/Anomaly/086.JPG@#@[(409, 297, 1152, 647)]
pcb3/Data/Images/Anomaly/070.JPG@#@[(328, 297, 1374, 681)]
pcb3/Data/Images/Anomaly/099.JPG@#@[(187, 283, 1302, 623)]
pcb3/Data/Images/Anomaly/007.JPG@#@[(346, 323, 1096, 681)]
pcb3/Data/Images/Anomaly/050.JPG@#@[(440, 328, 1105, 681)]
pcb3/Data/Images/Anomaly/073.JPG@#@[(384, 325, 1180, 675)]
pcb3/Data/Images/Anomaly/080.JPG@#@[(328, 297, 1312, 660)]
pcb3/Data/Images/Anomaly/034.JPG@#@[(696, 328, 865, 606)]
pcb3/Data/Images/Anomaly/015.JPG@#@[(318, 320, 1374, 670)]
pcb3/Data/Images/Anomaly/062.JPG@#@[(374, 314, 1374, 641)]
pcb3/Data/Images/Anomaly/066.JPG@#@[(440, 398, 789, 616)]
pcb3/Data/Images/Anomaly/008.JPG@#@[(328, 297, 1318, 678)]
pcb3/Data/Images/Anomaly/065.JPG@#@[(1130, 304, 1365, 436)]
pcb3/Data/Images/Anomaly/045.JPG@#@[(443, 328, 1146, 647)]
pcb3/Data/Images/Anomaly/058.JPG@#@[(328, 297, 1318, 685)]
pcb3/Data/Images/Anomaly/000.JPG@#@[(443, 348, 980, 660)]
pcb3/Data/Images/Anomaly/009.JPG@#@[(440, 328, 1102, 641)]
pcb3/Data/Images/Anomaly/052.JPG@#@[(368, 325, 1237, 691)]
pcb3/Data/Images/Anomaly/018.JPG@#@[(443, 362, 1065, 667)]
pcb3/Data/Images/Anomaly/042.JPG@#@[(328, 320, 1374, 681)]
pcb3/Data/Images/Anomaly/068.JPG@#@[(1149, 323, 1399, 644)]
pcb3/Data/Images/Anomaly/020.JPG@#@[(343, 314, 1358, 688)]
pcb3/Data/Images/Anomaly/087.JPG@#@[(440, 328, 1130, 681)]
pcb3/Data/Images/Anomaly/024.JPG@#@[(328, 297, 1374, 641)]
pcb3/Data/Images/Anomaly/001.JPG@#@[(440, 457, 531, 525)]
pcb3/Data/Images/Anomaly/031.JPG@#@[(359, 320, 1374, 681)]
pcb3/Data/Images/Anomaly/088.JPG@#@[(328, 297, 1337, 685)]
pcb3/Data/Images/Anomaly/076.JPG@#@[(346, 314, 1358, 688)]
pcb3/Data/Images/Anomaly/037.JPG@#@[(437, 325, 1171, 681)]
pcb3/Data/Images/Anomaly/060.JPG@#@[(448, 328, 1124, 663)]
pcb3/Data/Images/Anomaly/032.JPG@#@[(346, 314, 1358, 688)]
pcb3/Data/Images/Anomaly/095.JPG@#@[(384, 335, 1171, 685)]
pcb3/Data/Images/Anomaly/033.JPG@#@[(359, 314, 1358, 675)]
pcb3/Data/Images/Anomaly/074.JPG@#@[(440, 362, 568, 488)]
pcb3/Data/Images/Anomaly/006.JPG@#@[(340, 320, 1343, 678)]
pcb3/Data/Images/Anomaly/041.JPG@#@[(384, 297, 1390, 675)]
pcb3/Data/Images/Anomaly/046.JPG@#@[(440, 362, 596, 597)]
pcb3/Data/Images/Anomaly/082.JPG@#@[(368, 325, 1327, 691)]
pcb3/Data/Images/Anomaly/096.JPG@#@[(384, 325, 1383, 681)]
pcb3/Data/Images/Anomaly/048.JPG@#@[(328, 323, 1171, 650)]
pcb3/Data/Images/Anomaly/016.JPG@#@[(440, 328, 1124, 685)]
pcb3/Data/Images/Anomaly/079.JPG@#@[(440, 328, 1149, 681)]
pcb3/Data/Images/Anomaly/013.JPG@#@[(974, 161, 1152, 395)]
pcb3/Data/Images/Anomaly/053.JPG@#@[(178, 314, 1212, 644)]
pcb3/Data/Images/Anomaly/040.JPG@#@[(328, 320, 1093, 681)]
pcb3/Data/Images/Anomaly/055.JPG@#@[(331, 301, 1149, 675)]
pcb3/Data/Images/Anomaly/075.JPG@#@[(328, 297, 1374, 688)]
pcb3/Data/Images/Anomaly/071.JPG@#@[(343, 314, 1358, 688)]
pcb3/Data/Images/Anomaly/044.JPG@#@[(331, 294, 1358, 691)]
pcb3/Data/Images/Anomaly/057.JPG@#@[(346, 307, 1337, 667)]
pcb3/Data/Images/Anomaly/098.JPG@#@[(331, 301, 1343, 681)]
pcb3/Data/Images/Anomaly/059.JPG@#@[(328, 297, 1174, 647)]
pcb3/Data/Images/Anomaly/038.JPG@#@[(328, 320, 1374, 667)]
pcb3/Data/Images/Anomaly/027.JPG@#@[(346, 314, 1358, 688)]
pcb3/Data/Images/Anomaly/072.JPG@#@[(1096, 323, 1358, 647)]
pcb3/Data/Images/Anomaly/093.JPG@#@[(448, 297, 1371, 647)]
pcb3/Data/Images/Anomaly/064.JPG@#@[(440, 457, 593, 597)]
pcb3/Data/Images/Anomaly/092.JPG@#@[(346, 297, 1371, 694)]
pcb3/Data/Images/Anomaly/004.JPG@#@[(346, 325, 1240, 681)]
pcb3/Data/Images/Anomaly/005.JPG@#@[(328, 297, 1374, 667)]
pcb3/Data/Images/Anomaly/051.JPG@#@[(328, 323, 1124, 681)]
pcb3/Data/Images/Anomaly/026.JPG@#@[(1149, 331, 1358, 681)]
pcb3/Data/Images/Anomaly/029.JPG@#@[(328, 323, 1327, 681)]
pcb3/Data/Images/Anomaly/036.JPG@#@[(384, 328, 1171, 678)]
pcb3/Data/Images/Anomaly/011.JPG@#@[(1024, 395, 1224, 644)]
pcb3/Data/Images/Anomaly/039.JPG@#@[(328, 297, 1358, 681)]
pcb3/Data/Images/Anomaly/003.JPG@#@[(346, 314, 1358, 688)]
pcb3/Data/Images/Anomaly/091.JPG@#@[(340, 314, 1377, 678)]
pcb3/Data/Images/Anomaly/077.JPG@#@[(349, 314, 1374, 681)]
pcb3/Data/Images/Anomaly/054.JPG@#@[(837, 385, 905, 453)]
pcb3/Data/Images/Anomaly/028.JPG@#@[(409, 328, 1143, 694)]
pcb3/Data/Images/Anomaly/081.JPG@#@[(868, 341, 1087, 667)]
pcb3/Data/Images/Anomaly/025.JPG@#@[(359, 314, 1358, 675)]
pcb3/Data/Images/Anomaly/056.JPG@#@[(346, 294, 1358, 691)]
pcb3/Data/Images/Anomaly/017.JPG@#@[(331, 294, 1358, 691)]
pcb3/Data/Images/Anomaly/094.JPG@#@[(384, 335, 1168, 667)]
pcb3/Data/Images/Anomaly/097.JPG@#@[(328, 310, 1374, 670)]
pcb3/Data/Images/Anomaly/030.JPG@#@[(415, 328, 1130, 681)]
pcb3/Data/Images/Anomaly/010.JPG@#@[(340, 301, 1171, 675)]
pcb3/Data/Images/Anomaly/002.JPG@#@[(346, 314, 1358, 675)]
pcb3/Data/Images/Anomaly/022.JPG@#@[(328, 297, 1358, 675)]
pcb3/Data/Images/Anomaly/067.JPG@#@[(359, 314, 1374, 688)]
pcb3/Data/Images/Anomaly/085.JPG@#@[(443, 328, 1171, 650)]
pcb3/Data/Images/Anomaly/047.JPG@#@[(440, 328, 1143, 641)]
pcb3/Data/Images/Anomaly/089.JPG@#@[(384, 328, 1124, 675)]
pcb3/Data/Images/Anomaly/090.JPG@#@[(443, 398, 599, 559)]
pcb4/Data/Images/Anomaly/035.JPG@#@[(274, 195, 1075, 828)]
pcb4/Data/Images/Anomaly/019.JPG@#@[(757, 507, 952, 703)]
pcb4/Data/Images/Anomaly/083.JPG@#@[(274, 192, 1061, 777)]
pcb4/Data/Images/Anomaly/084.JPG@#@[(252, 399, 437, 630)]
pcb4/Data/Images/Anomaly/049.JPG@#@[(708, 480, 966, 671)]
pcb4/Data/Images/Anomaly/069.JPG@#@[(274, 192, 1086, 815)]
pcb4/Data/Images/Anomaly/012.JPG@#@[(274, 260, 1080, 822)]
pcb4/Data/Images/Anomaly/014.JPG@#@[(274, 192, 1086, 798)]
pcb4/Data/Images/Anomaly/078.JPG@#@[(252, 345, 496, 595)]
pcb4/Data/Images/Anomaly/061.JPG@#@[(274, 192, 1075, 806)]
pcb4/Data/Images/Anomaly/043.JPG@#@[(274, 192, 1040, 839)]
pcb4/Data/Images/Anomaly/021.JPG@#@[(274, 336, 483, 644)]
pcb4/Data/Images/Anomaly/063.JPG@#@[(171, 372, 464, 630)]
pcb4/Data/Images/Anomaly/023.JPG@#@[(274, 339, 496, 619)]
pcb4/Data/Images/Anomaly/086.JPG@#@[(247, 372, 496, 624)]
pcb4/Data/Images/Anomaly/070.JPG@#@[(274, 410, 455, 630)]
pcb4/Data/Images/Anomaly/099.JPG@#@[(274, 195, 1075, 815)]
pcb4/Data/Images/Anomaly/007.JPG@#@[(809, 534, 956, 662)]
pcb4/Data/Images/Anomaly/050.JPG@#@[(248, 372, 439, 602)]
pcb4/Data/Images/Anomaly/073.JPG@#@[(274, 206, 1061, 777)]
pcb4/Data/Images/Anomaly/080.JPG@#@[(274, 410, 513, 665)]
pcb4/Data/Images/Anomaly/034.JPG@#@[(274, 331, 524, 644)]
pcb4/Data/Images/Anomaly/015.JPG@#@[(301, 334, 545, 640)]
pcb4/Data/Images/Anomaly/062.JPG@#@[(304, 588, 390, 671)]
pcb4/Data/Images/Anomaly/066.JPG@#@[(171, 372, 415, 624)]
pcb4/Data/Images/Anomaly/008.JPG@#@[(684, 494, 920, 662)]
pcb4/Data/Images/Anomaly/065.JPG@#@[(562, 480, 730, 624)]
pcb4/Data/Images/Anomaly/045.JPG@#@[(600, 505, 781, 649)]
pcb4/Data/Images/Anomaly/058.JPG@#@[(274, 195, 1086, 815)]
pcb4/Data/Images/Anomaly/000.JPG@#@[(252, 480, 488, 689)]
pcb4/Data/Images/Anomaly/009.JPG@#@[(274, 413, 496, 662)]
pcb4/Data/Images/Anomaly/052.JPG@#@[(679, 235, 1004, 725)]
pcb4/Data/Images/Anomaly/018.JPG@#@[(757, 507, 939, 676)]
pcb4/Data/Images/Anomaly/042.JPG@#@[(274, 410, 499, 644)]
pcb4/Data/Images/Anomaly/068.JPG@#@[(304, 222, 1080, 822)]
pcb4/Data/Images/Anomaly/020.JPG@#@[(662, 467, 757, 581)]
pcb4/Data/Images/Anomaly/087.JPG@#@[(274, 410, 496, 660)]
pcb4/Data/Images/Anomaly/024.JPG@#@[(274, 192, 1086, 790)]
pcb4/Data/Images/Anomaly/001.JPG@#@[(274, 410, 486, 630)]
pcb4/Data/Images/Anomaly/031.JPG@#@[(274, 341, 488, 644)]
pcb4/Data/Images/Anomaly/088.JPG@#@[(247, 369, 472, 644)]
pcb4/Data/Images/Anomaly/076.JPG@#@[(274, 206, 1061, 777)]
pcb4/Data/Images/Anomaly/037.JPG@#@[(274, 206, 1067, 766)]
pcb4/Data/Images/Anomaly/060.JPG@#@[(619, 624, 733, 766)]
pcb4/Data/Images/Anomaly/032.JPG@#@[(274, 399, 496, 630)]
pcb4/Data/Images/Anomaly/095.JPG@#@[(684, 494, 893, 662)]
pcb4/Data/Images/Anomaly/033.JPG@#@[(274, 410, 455, 630)]
pcb4/Data/Images/Anomaly/074.JPG@#@[(179, 397, 437, 622)]
pcb4/Data/Images/Anomaly/006.JPG@#@[(274, 383, 499, 611)]
pcb4/Data/Images/Anomaly/041.JPG@#@[(287, 410, 499, 644)]
pcb4/Data/Images/Anomaly/046.JPG@#@[(274, 206, 1094, 826)]
pcb4/Data/Images/Anomaly/082.JPG@#@[(274, 331, 496, 630)]
pcb4/Data/Images/Anomaly/096.JPG@#@[(320, 206, 1080, 777)]
pcb4/Data/Images/Anomaly/048.JPG@#@[(274, 192, 1075, 798)]
pcb4/Data/Images/Anomaly/016.JPG@#@[(336, 399, 532, 630)]
pcb4/Data/Images/Anomaly/079.JPG@#@[(274, 336, 469, 588)]
pcb4/Data/Images/Anomaly/013.JPG@#@[(274, 331, 524, 662)]
pcb4/Data/Images/Anomaly/053.JPG@#@[(312, 478, 448, 599)]
pcb4/Data/Images/Anomaly/040.JPG@#@[(274, 410, 499, 698)]
pcb4/Data/Images/Anomaly/055.JPG@#@[(274, 410, 486, 630)]
pcb4/Data/Images/Anomaly/075.JPG@#@[(274, 345, 496, 615)]
pcb4/Data/Images/Anomaly/071.JPG@#@[(679, 314, 733, 424)]
pcb4/Data/Images/Anomaly/044.JPG@#@[(831, 507, 1026, 662)]
pcb4/Data/Images/Anomaly/057.JPG@#@[(312, 235, 1064, 602)]
pcb4/Data/Images/Anomaly/098.JPG@#@[(274, 345, 483, 635)]
pcb4/Data/Images/Anomaly/059.JPG@#@[(266, 345, 510, 624)]
pcb4/Data/Images/Anomaly/038.JPG@#@[(274, 206, 1086, 822)]
pcb4/Data/Images/Anomaly/027.JPG@#@[(820, 678, 931, 793)]
pcb4/Data/Images/Anomaly/072.JPG@#@[(548, 318, 646, 417)]
pcb4/Data/Images/Anomaly/093.JPG@#@[(274, 399, 491, 630)]
pcb4/Data/Images/Anomaly/064.JPG@#@[(274, 369, 513, 644)]
pcb4/Data/Images/Anomaly/092.JPG@#@[(274, 397, 496, 619)]
pcb4/Data/Images/Anomaly/004.JPG@#@[(277, 331, 540, 644)]
pcb4/Data/Images/Anomaly/005.JPG@#@[(274, 345, 461, 630)]
pcb4/Data/Images/Anomaly/051.JPG@#@[(771, 507, 920, 662)]
pcb4/Data/Images/Anomaly/026.JPG@#@[(274, 410, 472, 644)]
pcb4/Data/Images/Anomaly/029.JPG@#@[(274, 328, 535, 681)]
pcb4/Data/Images/Anomaly/036.JPG@#@[(524, 260, 597, 406)]
pcb4/Data/Images/Anomaly/011.JPG@#@[(893, 500, 988, 595)]
pcb4/Data/Images/Anomaly/039.JPG@#@[(239, 399, 459, 644)]
pcb4/Data/Images/Anomaly/003.JPG@#@[(621, 480, 790, 752)]
pcb4/Data/Images/Anomaly/091.JPG@#@[(274, 331, 474, 644)]
pcb4/Data/Images/Anomaly/077.JPG@#@[(260, 323, 496, 622)]
pcb4/Data/Images/Anomaly/054.JPG@#@[(171, 345, 442, 624)]
pcb4/Data/Images/Anomaly/028.JPG@#@[(771, 480, 977, 662)]
pcb4/Data/Images/Anomaly/081.JPG@#@[(274, 413, 455, 630)]
pcb4/Data/Images/Anomaly/025.JPG@#@[(274, 195, 1086, 784)]
pcb4/Data/Images/Anomaly/056.JPG@#@[(274, 413, 496, 644)]
pcb4/Data/Images/Anomaly/017.JPG@#@[(274, 331, 524, 644)]
pcb4/Data/Images/Anomaly/094.JPG@#@[(274, 413, 496, 644)]
pcb4/Data/Images/Anomaly/097.JPG@#@[(274, 331, 537, 644)]
pcb4/Data/Images/Anomaly/030.JPG@#@[(662, 417, 966, 770)]
pcb4/Data/Images/Anomaly/010.JPG@#@[(274, 331, 537, 630)]
pcb4/Data/Images/Anomaly/002.JPG@#@[(260, 393, 583, 828)]
pcb4/Data/Images/Anomaly/022.JPG@#@[(315, 206, 1094, 777)]
pcb4/Data/Images/Anomaly/067.JPG@#@[(266, 345, 486, 644)]
pcb4/Data/Images/Anomaly/085.JPG@#@[(266, 393, 459, 644)]
pcb4/Data/Images/Anomaly/047.JPG@#@[(247, 192, 1067, 826)]
pcb4/Data/Images/Anomaly/089.JPG@#@[(564, 480, 852, 766)]
pcb4/Data/Images/Anomaly/090.JPG@#@[(697, 532, 831, 651)]
macaroni2/Data/Images/Anomaly/035.JPG@#@[(195, 107, 490, 467)]
macaroni2/Data/Images/Anomaly/019.JPG@#@[(150, 345, 450, 607)]
macaroni2/Data/Images/Anomaly/083.JPG@#@[(195, 134, 468, 449)]
macaroni2/Data/Images/Anomaly/084.JPG@#@[(1029, 113, 1350, 387)]
macaroni2/Data/Images/Anomaly/049.JPG@#@[(207, 74, 425, 467)]
macaroni2/Data/Images/Anomaly/069.JPG@#@[(195, 134, 450, 495)]
macaroni2/Data/Images/Anomaly/012.JPG@#@[(333, 524, 633, 800)]
macaroni2/Data/Images/Anomaly/014.JPG@#@[(157, 345, 465, 668)]
macaroni2/Data/Images/Anomaly/078.JPG@#@[(1029, 519, 1329, 873)]
macaroni2/Data/Images/Anomaly/061.JPG@#@[(1029, 113, 1350, 387)]
macaroni2/Data/Images/Anomaly/043.JPG@#@[(99, 29, 349, 392)]
macaroni2/Data/Images/Anomaly/021.JPG@#@[(1170, 68, 1408, 368)]
macaroni2/Data/Images/Anomaly/063.JPG@#@[(1021, 113, 1299, 434)]
macaroni2/Data/Images/Anomaly/023.JPG@#@[(99, 197, 375, 567)]
macaroni2/Data/Images/Anomaly/086.JPG@#@[(699, 554, 1045, 828)]
macaroni2/Data/Images/Anomaly/070.JPG@#@[(195, 104, 468, 495)]
macaroni2/Data/Images/Anomaly/099.JPG@#@[(576, 83, 766, 387)]
macaroni2/Data/Images/Anomaly/007.JPG@#@[(1029, 549, 1329, 800)]
macaroni2/Data/Images/Anomaly/050.JPG@#@[(972, 104, 1317, 335)]
macaroni2/Data/Images/Anomaly/073.JPG@#@[(546, 104, 822, 434)]
macaroni2/Data/Images/Anomaly/080.JPG@#@[(207, 137, 468, 449)]
macaroni2/Data/Images/Anomaly/034.JPG@#@[(838, 116, 1132, 383)]
macaroni2/Data/Images/Anomaly/015.JPG@#@[(84, 101, 375, 498)]
macaroni2/Data/Images/Anomaly/062.JPG@#@[(546, 83, 771, 495)]
macaroni2/Data/Images/Anomaly/066.JPG@#@[(192, 125, 462, 495)]
macaroni2/Data/Images/Anomaly/008.JPG@#@[(525, 134, 780, 495)]
macaroni2/Data/Images/Anomaly/065.JPG@#@[(1029, 128, 1272, 417)]
macaroni2/Data/Images/Anomaly/045.JPG@#@[(234, 131, 471, 498)]
macaroni2/Data/Images/Anomaly/058.JPG@#@[(190, 125, 447, 495)]
macaroni2/Data/Images/Anomaly/000.JPG@#@[(895, 116, 1090, 458)]
macaroni2/Data/Images/Anomaly/009.JPG@#@[(192, 107, 492, 386)]
macaroni2/Data/Images/Anomaly/052.JPG@#@[(147, 107, 387, 467)]
macaroni2/Data/Images/Anomaly/018.JPG@#@[(1029, 113, 1401, 408)]
macaroni2/Data/Images/Anomaly/042.JPG@#@[(930, 584, 1263, 869)]
macaroni2/Data/Images/Anomaly/068.JPG@#@[(1023, 296, 1312, 492)]
macaroni2/Data/Images/Anomaly/020.JPG@#@[(984, 83, 1305, 359)]
macaroni2/Data/Images/Anomaly/087.JPG@#@[(157, 83, 438, 450)]
macaroni2/Data/Images/Anomaly/024.JPG@#@[(333, 438, 640, 762)]
macaroni2/Data/Images/Anomaly/001.JPG@#@[(195, 134, 522, 437)]
macaroni2/Data/Images/Anomaly/031.JPG@#@[(984, 134, 1278, 383)]
macaroni2/Data/Images/Anomaly/088.JPG@#@[(138, 92, 474, 495)]
macaroni2/Data/Images/Anomaly/076.JPG@#@[(150, 83, 465, 498)]
macaroni2/Data/Images/Anomaly/037.JPG@#@[(1021, 104, 1357, 387)]
macaroni2/Data/Images/Anomaly/060.JPG@#@[(192, 83, 468, 449)]
macaroni2/Data/Images/Anomaly/032.JPG@#@[(525, 104, 780, 495)]
macaroni2/Data/Images/Anomaly/095.JPG@#@[(138, 104, 408, 383)]
macaroni2/Data/Images/Anomaly/033.JPG@#@[(138, 80, 468, 363)]
macaroni2/Data/Images/Anomaly/074.JPG@#@[(190, 554, 562, 843)]
macaroni2/Data/Images/Anomaly/006.JPG@#@[(198, 68, 465, 495)]
macaroni2/Data/Images/Anomaly/041.JPG@#@[(516, 178, 736, 554)]
macaroni2/Data/Images/Anomaly/046.JPG@#@[(1038, 123, 1338, 458)]
macaroni2/Data/Images/Anomaly/082.JPG@#@[(192, 125, 436, 453)]
macaroni2/Data/Images/Anomaly/096.JPG@#@[(1029, 533, 1362, 873)]
macaroni2/Data/Images/Anomaly/048.JPG@#@[(928, 516, 1254, 788)]
macaroni2/Data/Images/Anomaly/016.JPG@#@[(138, 405, 456, 723)]
macaroni2/Data/Images/Anomaly/079.JPG@#@[(195, 104, 450, 495)]
macaroni2/Data/Images/Anomaly/013.JPG@#@[(330, 524, 597, 828)]
macaroni2/Data/Images/Anomaly/053.JPG@#@[(928, 587, 1272, 917)]
macaroni2/Data/Images/Anomaly/040.JPG@#@[(534, 178, 789, 516)]
macaroni2/Data/Images/Anomaly/055.JPG@#@[(969, 201, 1317, 473)]
macaroni2/Data/Images/Anomaly/075.JPG@#@[(192, 107, 417, 422)]
macaroni2/Data/Images/Anomaly/071.JPG@#@[(204, 83, 468, 450)]
macaroni2/Data/Images/Anomaly/044.JPG@#@[(984, 104, 1345, 371)]
macaroni2/Data/Images/Anomaly/057.JPG@#@[(192, 107, 522, 437)]
macaroni2/Data/Images/Anomaly/098.JPG@#@[(195, 74, 465, 404)]
macaroni2/Data/Images/Anomaly/059.JPG@#@[(195, 134, 465, 437)]
macaroni2/Data/Images/Anomaly/038.JPG@#@[(930, 480, 1263, 723)]
macaroni2/Data/Images/Anomaly/027.JPG@#@[(78, 178, 354, 549)]
macaroni2/Data/Images/Anomaly/072.JPG@#@[(138, 104, 412, 498)]
macaroni2/Data/Images/Anomaly/093.JPG@#@[(234, 122, 468, 449)]
macaroni2/Data/Images/Anomaly/064.JPG@#@[(1029, 134, 1305, 386)]
macaroni2/Data/Images/Anomaly/092.JPG@#@[(192, 107, 447, 449)]
macaroni2/Data/Images/Anomaly/004.JPG@#@[(192, 107, 447, 449)]
macaroni2/Data/Images/Anomaly/005.JPG@#@[(866, 158, 1195, 390)]
macaroni2/Data/Images/Anomaly/051.JPG@#@[(1021, 125, 1357, 488)]
macaroni2/Data/Images/Anomaly/026.JPG@#@[(399, 549, 766, 903)]
macaroni2/Data/Images/Anomaly/029.JPG@#@[(189, 287, 417, 653)]
macaroni2/Data/Images/Anomaly/036.JPG@#@[(1029, 134, 1347, 423)]
macaroni2/Data/Images/Anomaly/011.JPG@#@[(133, 38, 379, 392)]
macaroni2/Data/Images/Anomaly/039.JPG@#@[(183, 80, 465, 498)]
macaroni2/Data/Images/Anomaly/003.JPG@#@[(78, 80, 474, 347)]
macaroni2/Data/Images/Anomaly/091.JPG@#@[(150, 83, 1116, 894)]
macaroni2/Data/Images/Anomaly/077.JPG@#@[(234, 83, 490, 495)]
macaroni2/Data/Images/Anomaly/054.JPG@#@[(288, 542, 579, 828)]
macaroni2/Data/Images/Anomaly/028.JPG@#@[(333, 579, 607, 918)]
macaroni2/Data/Images/Anomaly/081.JPG@#@[(1029, 113, 1350, 453)]
macaroni2/Data/Images/Anomaly/025.JPG@#@[(192, 554, 537, 926)]
macaroni2/Data/Images/Anomaly/056.JPG@#@[(234, 134, 468, 467)]
macaroni2/Data/Images/Anomaly/017.JPG@#@[(1104, 194, 1428, 539)]
macaroni2/Data/Images/Anomaly/094.JPG@#@[(330, 524, 597, 839)]
macaroni2/Data/Images/Anomaly/097.JPG@#@[(129, 74, 408, 347)]
macaroni2/Data/Images/Anomaly/030.JPG@#@[(207, 137, 468, 488)]
macaroni2/Data/Images/Anomaly/010.JPG@#@[(450, 180, 822, 579)]
macaroni2/Data/Images/Anomaly/002.JPG@#@[(138, 584, 456, 809)]
macaroni2/Data/Images/Anomaly/022.JPG@#@[(138, 287, 421, 564)]
macaroni2/Data/Images/Anomaly/067.JPG@#@[(1029, 498, 1282, 843)]
macaroni2/Data/Images/Anomaly/085.JPG@#@[(1029, 83, 1345, 384)]
macaroni2/Data/Images/Anomaly/047.JPG@#@[(540, 134, 822, 488)]
macaroni2/Data/Images/Anomaly/089.JPG@#@[(1029, 74, 1324, 462)]
macaroni2/Data/Images/Anomaly/090.JPG@#@[(954, 164, 1305, 419)]
capsules/Data/Images/Anomaly/035.JPG@#@[(138, 554, 425, 863)]
capsules/Data/Images/Anomaly/019.JPG@#@[(63, 371, 372, 725)]
capsules/Data/Images/Anomaly/083.JPG@#@[(0, 0, 1500, 999)]
capsules/Data/Images/Anomaly/084.JPG@#@[(30, 0, 1500, 717)]
capsules/Data/Images/Anomaly/049.JPG@#@[(969, 404, 1117, 573)]
capsules/Data/Images/Anomaly/069.JPG@#@[(67, 233, 1425, 923)]
capsules/Data/Images/Anomaly/012.JPG@#@[(67, 598, 271, 843)]
capsules/Data/Images/Anomaly/014.JPG@#@[(124, 92, 1396, 867)]
capsules/Data/Images/Anomaly/078.JPG@#@[(60, 21, 1429, 947)]
capsules/Data/Images/Anomaly/061.JPG@#@[(157, 167, 1455, 911)]
capsules/Data/Images/Anomaly/043.JPG@#@[(46, 380, 1350, 933)]
capsules/Data/Images/Anomaly/021.JPG@#@[(78, 569, 1416, 908)]
capsules/Data/Images/Anomaly/063.JPG@#@[(124, 347, 276, 567)]
capsules/Data/Images/Anomaly/023.JPG@#@[(150, 635, 405, 860)]
capsules/Data/Images/Anomaly/086.JPG@#@[(63, 386, 1467, 917)]
capsules/Data/Images/Anomaly/070.JPG@#@[(1029, 122, 1258, 345)]
capsules/Data/Images/Anomaly/099.JPG@#@[(124, 636, 1366, 917)]
capsules/Data/Images/Anomaly/007.JPG@#@[(124, 470, 372, 918)]
capsules/Data/Images/Anomaly/050.JPG@#@[(124, 0, 1429, 867)]
capsules/Data/Images/Anomaly/073.JPG@#@[(375, 38, 1446, 293)]
capsules/Data/Images/Anomaly/080.JPG@#@[(183, 405, 1495, 978)]
capsules/Data/Images/Anomaly/034.JPG@#@[(0, 125, 1371, 875)]
capsules/Data/Images/Anomaly/015.JPG@#@[(114, 116, 1434, 917)]
capsules/Data/Images/Anomaly/062.JPG@#@[(288, 59, 462, 230)]
capsules/Data/Images/Anomaly/066.JPG@#@[(150, 524, 1500, 930)]
capsules/Data/Images/Anomaly/008.JPG@#@[(138, 123, 1396, 903)]
capsules/Data/Images/Anomaly/065.JPG@#@[(120, 26, 1458, 872)]
capsules/Data/Images/Anomaly/045.JPG@#@[(124, 587, 372, 834)]
capsules/Data/Images/Anomaly/058.JPG@#@[(67, 375, 1429, 939)]
capsules/Data/Images/Anomaly/000.JPG@#@[(124, 560, 372, 882)]
capsules/Data/Images/Anomaly/009.JPG@#@[(114, 14, 1362, 980)]
capsules/Data/Images/Anomaly/052.JPG@#@[(253, 26, 1459, 900)]
capsules/Data/Images/Anomaly/018.JPG@#@[(666, 38, 900, 242)]
capsules/Data/Images/Anomaly/042.JPG@#@[(138, 33, 1500, 942)]
capsules/Data/Images/Anomaly/068.JPG@#@[(138, 242, 1380, 978)]
capsules/Data/Images/Anomaly/020.JPG@#@[(124, 86, 1396, 867)]
capsules/Data/Images/Anomaly/087.JPG@#@[(121, 92, 1357, 917)]
capsules/Data/Images/Anomaly/024.JPG@#@[(159, 110, 1401, 872)]
capsules/Data/Images/Anomaly/001.JPG@#@[(217, 512, 1374, 933)]
capsules/Data/Images/Anomaly/031.JPG@#@[(157, 638, 1471, 974)]
capsules/Data/Images/Anomaly/088.JPG@#@[(138, 134, 1407, 962)]
capsules/Data/Images/Anomaly/076.JPG@#@[(124, 0, 1500, 977)]
capsules/Data/Images/Anomaly/037.JPG@#@[(124, 0, 1500, 942)]
capsules/Data/Images/Anomaly/060.JPG@#@[(603, 86, 913, 345)]
capsules/Data/Images/Anomaly/032.JPG@#@[(67, 129, 1366, 917)]
capsules/Data/Images/Anomaly/095.JPG@#@[(120, 33, 1395, 908)]
capsules/Data/Images/Anomaly/033.JPG@#@[(46, 380, 1416, 996)]
capsules/Data/Images/Anomaly/074.JPG@#@[(0, 0, 1425, 980)]
capsules/Data/Images/Anomaly/006.JPG@#@[(157, 638, 391, 875)]
capsules/Data/Images/Anomaly/041.JPG@#@[(63, 524, 1371, 801)]
capsules/Data/Images/Anomaly/046.JPG@#@[(225, 197, 1296, 896)]
capsules/Data/Images/Anomaly/082.JPG@#@[(121, 524, 1467, 977)]
capsules/Data/Images/Anomaly/096.JPG@#@[(138, 546, 403, 875)]
capsules/Data/Images/Anomaly/048.JPG@#@[(813, 425, 1053, 607)]
capsules/Data/Images/Anomaly/016.JPG@#@[(543, 117, 1396, 738)]
capsules/Data/Images/Anomaly/079.JPG@#@[(124, 47, 1429, 903)]
capsules/Data/Images/Anomaly/013.JPG@#@[(138, 645, 417, 873)]
capsules/Data/Images/Anomaly/053.JPG@#@[(603, 71, 771, 212)]
capsules/Data/Images/Anomaly/040.JPG@#@[(138, 333, 1395, 963)]
capsules/Data/Images/Anomaly/055.JPG@#@[(540, 539, 720, 689)]
capsules/Data/Images/Anomaly/075.JPG@#@[(211, 47, 1336, 912)]
capsules/Data/Images/Anomaly/071.JPG@#@[(91, 380, 1429, 966)]
capsules/Data/Images/Anomaly/044.JPG@#@[(63, 414, 1429, 942)]
capsules/Data/Images/Anomaly/057.JPG@#@[(307, 167, 517, 392)]
capsules/Data/Images/Anomaly/098.JPG@#@[(78, 569, 1332, 872)]
capsules/Data/Images/Anomaly/059.JPG@#@[(124, 117, 1429, 933)]
capsules/Data/Images/Anomaly/038.JPG@#@[(157, 33, 1476, 945)]
capsules/Data/Images/Anomaly/027.JPG@#@[(67, 507, 1449, 899)]
capsules/Data/Images/Anomaly/072.JPG@#@[(138, 116, 1321, 971)]
capsules/Data/Images/Anomaly/093.JPG@#@[(120, 119, 1380, 861)]
capsules/Data/Images/Anomaly/064.JPG@#@[(150, 125, 1459, 933)]
capsules/Data/Images/Anomaly/092.JPG@#@[(150, 644, 360, 863)]
capsules/Data/Images/Anomaly/004.JPG@#@[(124, 117, 1354, 905)]
capsules/Data/Images/Anomaly/005.JPG@#@[(124, 638, 307, 854)]
capsules/Data/Images/Anomaly/051.JPG@#@[(120, 110, 1350, 860)]
capsules/Data/Images/Anomaly/026.JPG@#@[(138, 116, 1428, 903)]
capsules/Data/Images/Anomaly/029.JPG@#@[(186, 383, 1449, 947)]
capsules/Data/Images/Anomaly/036.JPG@#@[(120, 434, 1470, 950)]
capsules/Data/Images/Anomaly/011.JPG@#@[(138, 411, 517, 725)]
capsules/Data/Images/Anomaly/039.JPG@#@[(60, 524, 1467, 965)]
capsules/Data/Images/Anomaly/003.JPG@#@[(138, 71, 1401, 890)]
capsules/Data/Images/Anomaly/091.JPG@#@[(124, 621, 420, 947)]
capsules/Data/Images/Anomaly/077.JPG@#@[(124, 38, 1396, 978)]
capsules/Data/Images/Anomaly/054.JPG@#@[(720, 392, 882, 593)]
capsules/Data/Images/Anomaly/028.JPG@#@[(150, 104, 1401, 860)]
capsules/Data/Images/Anomaly/081.JPG@#@[(0, 644, 1320, 965)]
capsules/Data/Images/Anomaly/025.JPG@#@[(212, 675, 553, 950)]
capsules/Data/Images/Anomaly/056.JPG@#@[(138, 0, 1395, 900)]
capsules/Data/Images/Anomaly/017.JPG@#@[(157, 561, 456, 884)]
capsules/Data/Images/Anomaly/094.JPG@#@[(219, 23, 1467, 974)]
capsules/Data/Images/Anomaly/097.JPG@#@[(138, 150, 1395, 866)]
capsules/Data/Images/Anomaly/030.JPG@#@[(120, 371, 1467, 933)]
capsules/Data/Images/Anomaly/010.JPG@#@[(138, 540, 1357, 930)]
capsules/Data/Images/Anomaly/002.JPG@#@[(138, 104, 1428, 861)]
capsules/Data/Images/Anomaly/022.JPG@#@[(138, 569, 366, 801)]
capsules/Data/Images/Anomaly/067.JPG@#@[(124, 668, 1492, 974)]
capsules/Data/Images/Anomaly/085.JPG@#@[(157, 636, 394, 884)]
capsules/Data/Images/Anomaly/047.JPG@#@[(195, 116, 1440, 866)]
capsules/Data/Images/Anomaly/089.JPG@#@[(180, 74, 1416, 917)]
capsules/Data/Images/Anomaly/090.JPG@#@[(157, 638, 361, 908)]
