1.png@#@[186, 157, 235, 192]; 
10.png@#@[117, 368, 210, 431]; 
100.png@#@[348, 171, 430, 395]; 
101.png@#@[322, 148, 413, 308]; 
102.png@#@[131, 147, 341, 368]; 
103.png@#@[215, 97, 400, 347]; 
104.png@#@[117, 181, 345, 432]; 
105.png@#@[190, 202, 381, 431]; 
106.png@#@[57, 256, 291, 433]; 
107.png@#@[37, 269, 253, 431]; 
108.png@#@[285, 200, 430, 430]; 
109.png@#@[351, 192, 431, 412]; 
11.png@#@[281, 104, 419, 326]; 
110.png@#@[326, 187, 430, 426]; 
111.png@#@[295, 123, 430, 364]; 
112.png@#@[327, 93, 430, 299]; 
113.png@#@[122, 150, 322, 362]; 
114.png@#@[88, 132, 260, 295]; 
115.png@#@[93, 177, 196, 282]; 
116.png@#@[112, 179, 188, 275]; 
117.png@#@[361, 159, 431, 299]; 
118.png@#@[345, 153, 427, 307]; 
119.png@#@[330, 175, 391, 351]; 
12.png@#@[9, 296, 85, 414]; 
120.png@#@[360, 114, 423, 293]; 
121.png@#@[302, 32, 432, 403]; 
122.png@#@[296, 18, 430, 356]; 
123.png@#@[302, 22, 432, 336]; 
124.png@#@[199, 206, 420, 433]; 
125.png@#@[237, 157, 430, 434]; 
126.png@#@[201, 221, 397, 434]; 
127.png@#@[272, 132, 431, 384]; 
128.png@#@[329, 79, 431, 282]; 
129.png@#@[163, 119, 377, 367]; 
13.png@#@[34, 254, 103, 356]; 
130.png@#@[179, 120, 385, 362]; 
131.png@#@[89, 133, 269, 303]; 
132.png@#@[308, 200, 399, 366]; 
133.png@#@[282, 220, 388, 384]; 
134.png@#@[320, 162, 418, 343]; 
135.png@#@[303, 192, 409, 380]; 
136.png@#@[272, 218, 398, 416]; 
137.png@#@[116, 191, 345, 432]; 
138.png@#@[186, 197, 384, 434]; 
139.png@#@[281, 193, 431, 431]; 
14.png@#@[170, 261, 273, 387]; 
140.png@#@[264, 215, 425, 433]; 
141.png@#@[261, 184, 416, 405]; 
142.png@#@[259, 186, 411, 409]; 
143.png@#@[349, 185, 430, 409]; 
144.png@#@[242, 192, 423, 432]; 
145.png@#@[194, 196, 394, 431]; 
146.png@#@[345, 182, 432, 426]; 
147.png@#@[283, 223, 388, 386]; 
148.png@#@[313, 216, 425, 427]; 
149.png@#@[139, 60, 285, 252]; 
15.png@#@[268, 256, 352, 372]; 
150.png@#@[147, 122, 281, 281]; 
151.png@#@[126, 153, 242, 273]; 
152.png@#@[180, 184, 288, 292]; 
153.png@#@[209, 224, 331, 330]; 
154.png@#@[193, 270, 298, 378]; 
155.png@#@[150, 131, 241, 240]; 
156.png@#@[189, 335, 279, 428]; 
157.png@#@[155, 317, 231, 401]; 
158.png@#@[128, 297, 205, 377]; 
159.png@#@[138, 225, 222, 306]; 
16.png@#@[222, 186, 356, 375]; 
160.png@#@[140, 164, 222, 237]; 
161.png@#@[142, 140, 229, 214]; 
162.png@#@[86, 142, 164, 206]; 
163.png@#@[97, 195, 189, 280]; 
164.png@#@[86, 243, 187, 335]; 
165.png@#@[92, 257, 202, 360]; 
166.png@#@[96, 291, 213, 411]; 
167.png@#@[104, 329, 192, 419]; 
168.png@#@[106, 335, 190, 420]; 
169.png@#@[167, 315, 280, 413]; 
17.png@#@[206, 155, 330, 312]; 
170.png@#@[141, 287, 287, 423]; 
171.png@#@[99, 235, 328, 432]; 
172.png@#@[195, 122, 292, 202]; 
173.png@#@[126, 107, 226, 202]; 
174.png@#@[123, 122, 217, 205]; 
175.png@#@[175, 235, 281, 343]; 
176.png@#@[141, 195, 249, 300]; 
177.png@#@[172, 171, 256, 256]; 
178.png@#@[251, 140, 338, 222]; 
179.png@#@[64, 114, 157, 196]; 
18.png@#@[245, 246, 349, 383]; 
180.png@#@[140, 186, 254, 297]; 
181.png@#@[44, 215, 135, 318]; 
182.png@#@[31, 226, 110, 320]; 
183.png@#@[21, 252, 87, 336]; 
184.png@#@[91, 225, 164, 307]; 
185.png@#@[117, 217, 176, 268]; 
186.png@#@[139, 195, 199, 258]; 
187.png@#@[163, 157, 228, 220]; 
188.png@#@[166, 224, 226, 288]; 
189.png@#@[220, 254, 300, 354]; 
19.png@#@[161, 201, 270, 359]; 
190.png@#@[263, 200, 342, 279]; 
191.png@#@[75, 90, 189, 184]; 
192.png@#@[110, 115, 210, 206]; 
193.png@#@[170, 278, 270, 381]; 
194.png@#@[138, 186, 246, 289]; 
195.png@#@[159, 144, 249, 225]; 
196.png@#@[57, 108, 150, 189]; 
197.png@#@[138, 183, 261, 299]; 
198.png@#@[20, 254, 86, 331]; 
199.png@#@[85, 266, 168, 354]; 
2.png@#@[196, 68, 237, 102]; 
20.png@#@[89, 140, 228, 339]; 
200.png@#@[169, 160, 238, 224]; 
201.png@#@[160, 257, 219, 316]; 
202.png@#@[162, 177, 260, 273]; 
203.png@#@[263, 194, 341, 279]; 
204.png@#@[314, 212, 403, 273]; 
205.png@#@[270, 233, 338, 274]; 
206.png@#@[223, 207, 295, 251]; 
207.png@#@[271, 257, 355, 301]; 
208.png@#@[211, 206, 274, 242]; 
209.png@#@[338, 338, 392, 388]; 
21.png@#@[76, 153, 185, 333]; 
210.png@#@[256, 342, 344, 409]; 
211.png@#@[249, 332, 337, 402]; 
212.png@#@[214, 297, 332, 395]; 
213.png@#@[220, 289, 333, 383]; 
214.png@#@[204, 261, 305, 342]; 
215.png@#@[185, 249, 288, 332]; 
216.png@#@[185, 254, 290, 354]; 
217.png@#@[367, 180, 429, 313]; 
218.png@#@[291, 197, 420, 339]; 
219.png@#@[227, 235, 356, 358]; 
22.png@#@[59, 194, 153, 357]; 
220.png@#@[216, 239, 319, 342]; 
221.png@#@[74, 287, 207, 383]; 
222.png@#@[63, 307, 170, 426]; 
223.png@#@[174, 331, 298, 418]; 
224.png@#@[148, 365, 239, 429]; 
225.png@#@[142, 381, 215, 429]; 
226.png@#@[299, 251, 385, 418]; 
227.png@#@[100, 122, 285, 404]; 
228.png@#@[158, 51, 346, 320]; 
229.png@#@[242, 143, 361, 347]; 
23.png@#@[256, 252, 370, 390]; 
230.png@#@[275, 180, 368, 348]; 
231.png@#@[328, 210, 397, 324]; 
232.png@#@[82, 276, 182, 407]; 
233.png@#@[119, 250, 218, 406]; 
234.png@#@[192, 182, 286, 326]; 
235.png@#@[95, 320, 171, 419]; 
236.png@#@[65, 278, 185, 429]; 
237.png@#@[129, 149, 288, 366]; 
238.png@#@[178, 130, 322, 330]; 
239.png@#@[142, 108, 271, 261]; 
24.png@#@[156, 207, 295, 382]; 
240.png@#@[88, 96, 199, 239]; 
241.png@#@[163, 128, 260, 241]; 
242.png@#@[161, 228, 252, 338]; 
243.png@#@[206, 191, 285, 295]; 
244.png@#@[240, 341, 342, 420]; 
245.png@#@[161, 228, 252, 338]; 
246.png@#@[206, 191, 285, 295]; 
247.png@#@[240, 341, 342, 420]; 
248.png@#@[161, 228, 252, 338]; 
249.png@#@[206, 191, 285, 295]; 
25.png@#@[138, 338, 252, 426]; 
250.png@#@[240, 341, 342, 420]; 
251.png@#@[161, 228, 252, 338]; 
252.png@#@[206, 191, 285, 295]; 
253.png@#@[240, 341, 342, 420]; 
254.png@#@[161, 228, 252, 338]; 
255.png@#@[206, 191, 285, 295]; 
256.png@#@[240, 341, 342, 420]; 
257.png@#@[161, 228, 252, 338]; 
258.png@#@[206, 191, 285, 295]; 
259.png@#@[240, 341, 342, 420]; 
26.png@#@[153, 126, 231, 202]; 
260.png@#@[161, 228, 252, 338]; 
261.png@#@[206, 191, 285, 295]; 
262.png@#@[240, 341, 342, 420]; 
263.png@#@[161, 228, 252, 338]; 
264.png@#@[111, 202, 150, 316]; 
265.png@#@[336, 160, 383, 257]; 
266.png@#@[148, 294, 238, 417]; 
267.png@#@[254, 153, 297, 212]; 
268.png@#@[85, 177, 117, 284]; 
269.png@#@[117, 200, 159, 334]; 
27.png@#@[298, 347, 374, 419]; 
270.png@#@[129, 165, 207, 400]; 
271.png@#@[111, 202, 150, 316]; 
272.png@#@[336, 160, 383, 257]; 
273.png@#@[244, 298, 315, 404]; 
274.png@#@[176, 132, 432, 301]; 
275.png@#@[167, 155, 430, 317]; 
276.png@#@[173, 153, 436, 323]; 
277.png@#@[210, 136, 430, 297]; 
278.png@#@[227, 114, 430, 230]; 
279.png@#@[245, 177, 428, 325]; 
28.png@#@[284, 131, 413, 336]; 
280.png@#@[266, 195, 429, 348]; 
281.png@#@[278, 218, 429, 373]; 
282.png@#@[323, 291, 420, 390]; 
283.png@#@[323, 328, 406, 430]; 
284.png@#@[221, 323, 382, 431]; 
285.png@#@[191, 293, 376, 430]; 
286.png@#@[114, 271, 430, 432]; 
287.png@#@[167, 149, 427, 322]; 
288.png@#@[168, 157, 430, 323]; 
289.png@#@[173, 150, 430, 314]; 
29.png@#@[310, 75, 430, 272]; 
290.png@#@[185, 173, 429, 308]; 
291.png@#@[169, 181, 409, 305]; 
292.png@#@[143, 10, 370, 200]; 
293.png@#@[95, 101, 352, 239]; 
294.png@#@[176, 132, 432, 301]; 
295.png@#@[167, 155, 430, 317]; 
296.png@#@[173, 153, 436, 323]; 
297.png@#@[210, 136, 430, 297]; 
298.png@#@[227, 114, 430, 230]; 
299.png@#@[245, 177, 428, 325]; 
3.png@#@[18, 276, 144, 394]; 
30.png@#@[7, 309, 89, 428]; 
300.png@#@[266, 195, 429, 348]; 
301.png@#@[71, 131, 379, 432]; 
302.png@#@[0, 0, 448, 448]; 
303.png@#@[0, 0, 448, 448]; 
304.png@#@[0, 0, 448, 448]; 
305.png@#@[79, 53, 427, 432]; 
306.png@#@[112, 44, 420, 429]; 
307.png@#@[119, 90, 424, 375]; 
308.png@#@[6, 81, 360, 435]; 
309.png@#@[73, 130, 340, 414]; 
31.png@#@[188, 262, 288, 382]; 
310.png@#@[0, 0, 448, 448]; 
311.png@#@[109, 86, 432, 431]; 
312.png@#@[116, 80, 428, 431]; 
313.png@#@[157, 43, 389, 385]; 
314.png@#@[153, 77, 418, 431]; 
315.png@#@[165, 108, 384, 431]; 
316.png@#@[15, 106, 221, 374]; 
317.png@#@[118, 91, 413, 435]; 
318.png@#@[101, 67, 392, 433]; 
319.png@#@[172, 75, 429, 433]; 
32.png@#@[96, 210, 234, 391]; 
320.png@#@[144, 84, 429, 436]; 
321.png@#@[0, 180, 290, 434]; 
322.png@#@[0, 9, 268, 429]; 
323.png@#@[0, 10, 194, 420]; 
324.png@#@[0, 0, 172, 292]; 
325.png@#@[0, 0, 270, 195]; 
326.png@#@[65, 5, 333, 157]; 
327.png@#@[92, 0, 359, 160]; 
328.png@#@[94, 6, 360, 209]; 
329.png@#@[119, 5, 386, 200]; 
33.png@#@[245, 250, 345, 388]; 
330.png@#@[14, 6, 366, 272]; 
331.png@#@[0, 110, 237, 433]; 
332.png@#@[0, 101, 306, 433]; 
333.png@#@[0, 115, 199, 427]; 
334.png@#@[0, 70, 201, 392]; 
335.png@#@[0, 35, 278, 379]; 
336.png@#@[11, 18, 306, 338]; 
337.png@#@[7, 9, 308, 336]; 
338.png@#@[66, 23, 349, 365]; 
339.png@#@[69, 6, 339, 321]; 
34.png@#@[60, 182, 158, 355]; 
340.png@#@[0, 190, 323, 430]; 
341.png@#@[213, 8, 257, 41]; 
342.png@#@[211, 6, 250, 31]; 
343.png@#@[210, 71, 268, 134]; 
344.png@#@[220, 23, 292, 67]; 
345.png@#@[219, 6, 290, 40]; 
346.png@#@[226, 114, 324, 178]; 
347.png@#@[227, 175, 324, 244]; 
348.png@#@[210, 202, 302, 260]; 
349.png@#@[277, 267, 360, 321]; 
35.png@#@[159, 202, 299, 374]; 
350.png@#@[313, 293, 402, 346]; 
351.png@#@[252, 162, 306, 208]; 
352.png@#@[239, 163, 292, 209]; 
353.png@#@[217, 180, 269, 223]; 
354.png@#@[212, 195, 260, 235]; 
355.png@#@[188, 200, 233, 236]; 
356.png@#@[178, 180, 222, 218]; 
357.png@#@[172, 160, 215, 195]; 
358.png@#@[169, 163, 204, 198]; 
359.png@#@[168, 158, 206, 197]; 
36.png@#@[87, 243, 199, 405]; 
360.png@#@[161, 69, 205, 104]; 
361.png@#@[131, 60, 239, 161]; 
362.png@#@[128, 78, 235, 168]; 
363.png@#@[122, 121, 204, 194]; 
364.png@#@[117, 135, 192, 191]; 
365.png@#@[114, 135, 188, 194]; 
366.png@#@[115, 140, 189, 200]; 
367.png@#@[112, 129, 181, 197]; 
368.png@#@[117, 138, 181, 198]; 
369.png@#@[112, 152, 170, 201]; 
37.png@#@[247, 266, 355, 413]; 
370.png@#@[109, 148, 164, 201]; 
371.png@#@[108, 151, 160, 195]; 
372.png@#@[115, 149, 161, 195]; 
373.png@#@[111, 142, 158, 194]; 
374.png@#@[115, 145, 162, 202]; 
375.png@#@[120, 149, 169, 201]; 
376.png@#@[139, 146, 189, 196]; 
377.png@#@[137, 149, 192, 201]; 
378.png@#@[133, 156, 189, 205]; 
379.png@#@[123, 163, 174, 208]; 
38.png@#@[178, 192, 306, 352]; 
380.png@#@[119, 158, 167, 204]; 
39.png@#@[221, 208, 278, 278]; 
4.png@#@[113, 321, 227, 413]; 
40.png@#@[202, 185, 283, 292]; 
41.png@#@[160, 122, 238, 214]; 
42.png@#@[195, 106, 259, 191]; 
43.png@#@[219, 131, 291, 236]; 
44.png@#@[142, 220, 192, 282]; 
45.png@#@[117, 92, 214, 207]; 
46.png@#@[107, 80, 186, 167]; 
47.png@#@[146, 141, 206, 227]; 
48.png@#@[113, 107, 195, 201]; 
49.png@#@[152, 195, 247, 315]; 
5.png@#@[145, 330, 246, 413]; 
50.png@#@[107, 234, 152, 295]; 
51.png@#@[123, 252, 164, 310]; 
52.png@#@[151, 106, 220, 198]; 
53.png@#@[195, 100, 256, 173]; 
54.png@#@[153, 123, 210, 205]; 
55.png@#@[156, 218, 206, 282]; 
56.png@#@[156, 171, 200, 237]; 
57.png@#@[78, 127, 164, 241]; 
58.png@#@[136, 112, 235, 230]; 
59.png@#@[120, 109, 203, 218]; 
6.png@#@[153, 248, 232, 319]; 
60.png@#@[110, 144, 170, 231]; 
61.png@#@[350, 231, 430, 360]; 
62.png@#@[176, 217, 363, 432]; 
63.png@#@[170, 218, 337, 433]; 
64.png@#@[146, 194, 305, 404]; 
65.png@#@[218, 177, 367, 379]; 
66.png@#@[216, 188, 338, 358]; 
67.png@#@[300, 217, 417, 362]; 
68.png@#@[330, 229, 428, 360]; 
69.png@#@[284, 249, 356, 369]; 
7.png@#@[148, 227, 228, 299]; 
70.png@#@[277, 267, 335, 354]; 
71.png@#@[346, 23, 405, 112]; 
72.png@#@[290, 212, 424, 406]; 
73.png@#@[266, 213, 370, 363]; 
74.png@#@[201, 290, 258, 399]; 
75.png@#@[294, 213, 431, 431]; 
76.png@#@[212, 194, 330, 356]; 
77.png@#@[196, 124, 286, 198]; 
78.png@#@[212, 147, 324, 217]; 
79.png@#@[203, 178, 288, 238]; 
8.png@#@[127, 142, 206, 213]; 
80.png@#@[219, 121, 283, 175]; 
81.png@#@[203, 95, 270, 139]; 
82.png@#@[249, 121, 319, 166]; 
83.png@#@[302, 164, 356, 210]; 
84.png@#@[263, 115, 331, 165]; 
85.png@#@[202, 143, 261, 192]; 
86.png@#@[189, 140, 248, 187]; 
87.png@#@[218, 184, 273, 233]; 
88.png@#@[227, 173, 274, 215]; 
89.png@#@[254, 94, 298, 136]; 
9.png@#@[134, 107, 217, 182]; 
90.png@#@[228, 204, 282, 253]; 
91.png@#@[266, 219, 307, 259]; 
92.png@#@[309, 190, 354, 230]; 
93.png@#@[338, 192, 417, 260]; 
94.png@#@[261, 124, 323, 175]; 
95.png@#@[243, 254, 320, 324]; 
96.png@#@[242, 231, 327, 309]; 
97.png@#@[205, 219, 280, 293]; 
98.png@#@[283, 223, 388, 386]; 
99.png@#@[313, 216, 425, 427]; 
