1.png@#@[172, 165, 211, 247]; 
10.png@#@[120, 235, 158, 307]; 
100.png@#@[282, 123, 333, 232]; 
101.png@#@[273, 148, 318, 247]; 
102.png@#@[274, 150, 319, 248]; 
103.png@#@[283, 131, 333, 243]; 
104.png@#@[273, 149, 320, 248]; 
105.png@#@[0, 174, 120, 354]; 
106.png@#@[0, 167, 114, 353]; 
107.png@#@[5, 173, 122, 353]; 
108.png@#@[28, 216, 148, 391]; 
109.png@#@[0, 173, 120, 352]; 
11.png@#@[131, 284, 161, 343]; 
110.png@#@[148, 212, 220, 319]; 
111.png@#@[97, 186, 182, 301]; 
112.png@#@[105, 196, 161, 284]; 
113.png@#@[185, 184, 393, 405]; 
114.png@#@[185, 187, 402, 413]; 
115.png@#@[182, 184, 396, 407]; 
116.png@#@[161, 165, 416, 431]; 
117.png@#@[185, 190, 395, 411]; 
118.png@#@[186, 196, 392, 411]; 
119.png@#@[78, 150, 293, 380]; 
12.png@#@[118, 219, 153, 301]; 
120.png@#@[81, 135, 302, 376]; 
121.png@#@[16, 320, 68, 401]; 
122.png@#@[22, 306, 76, 379]; 
123.png@#@[28, 293, 69, 356]; 
124.png@#@[57, 0, 204, 172]; 
125.png@#@[51, 0, 200, 174]; 
126.png@#@[13, 326, 71, 411]; 
127.png@#@[167, 332, 220, 390]; 
128.png@#@[158, 195, 206, 242]; 
129.png@#@[158, 185, 208, 232]; 
13.png@#@[191, 103, 310, 391]; 
130.png@#@[132, 167, 187, 220]; 
131.png@#@[167, 332, 220, 387]; 
132.png@#@[156, 204, 204, 252]; 
133.png@#@[224, 193, 292, 301]; 
134.png@#@[166, 190, 224, 293]; 
135.png@#@[201, 155, 242, 223]; 
136.png@#@[225, 216, 307, 339]; 
137.png@#@[171, 187, 231, 299]; 
138.png@#@[200, 155, 241, 230]; 
139.png@#@[320, 89, 396, 161]; 
14.png@#@[201, 34, 326, 360]; 
140.png@#@[296, 181, 350, 249]; 
141.png@#@[293, 206, 340, 274]; 
142.png@#@[304, 183, 366, 262]; 
143.png@#@[377, 102, 448, 186]; 
144.png@#@[345, 145, 417, 217]; 
145.png@#@[352, 92, 437, 169]; 
146.png@#@[286, 254, 334, 322]; 
147.png@#@[203, 133, 288, 190]; 
148.png@#@[248, 24, 325, 111]; 
149.png@#@[183, 196, 268, 239]; 
15.png@#@[249, 75, 403, 378]; 
150.png@#@[145, 133, 293, 218]; 
151.png@#@[250, 66, 314, 126]; 
152.png@#@[155, 132, 261, 180]; 
153.png@#@[138, 79, 208, 166]; 
154.png@#@[21, 297, 72, 355]; 
155.png@#@[155, 51, 222, 120]; 
156.png@#@[18, 289, 63, 347]; 
157.png@#@[22, 298, 74, 357]; 
158.png@#@[157, 60, 218, 118]; 
159.png@#@[123, 202, 243, 346]; 
16.png@#@[265, 54, 408, 341]; 
160.png@#@[107, 226, 225, 365]; 
161.png@#@[42, 249, 149, 369]; 
162.png@#@[125, 199, 243, 343]; 
163.png@#@[111, 223, 232, 363]; 
164.png@#@[63, 246, 179, 367]; 
165.png@#@[80, 336, 169, 386]; 
166.png@#@[69, 360, 173, 428]; 
167.png@#@[171, 291, 271, 370]; 
168.png@#@[67, 348, 152, 402]; 
169.png@#@[236, 275, 292, 321]; 
17.png@#@[262, 153, 400, 404]; 
170.png@#@[255, 342, 309, 383]; 
171.png@#@[143, 274, 327, 428]; 
172.png@#@[97, 125, 295, 310]; 
173.png@#@[70, 166, 297, 365]; 
174.png@#@[147, 238, 317, 372]; 
175.png@#@[106, 127, 288, 311]; 
176.png@#@[104, 168, 291, 350]; 
177.png@#@[94, 64, 381, 356]; 
178.png@#@[148, 29, 388, 282]; 
179.png@#@[78, 29, 307, 311]; 
18.png@#@[273, 212, 401, 448]; 
180.png@#@[130, 101, 346, 392]; 
181.png@#@[160, 106, 417, 412]; 
182.png@#@[143, 62, 391, 385]; 
183.png@#@[233, 56, 310, 133]; 
184.png@#@[231, 82, 318, 157]; 
185.png@#@[238, 184, 315, 266]; 
186.png@#@[204, 213, 281, 291]; 
187.png@#@[236, 76, 306, 153]; 
188.png@#@[228, 57, 310, 132]; 
189.png@#@[167, 158, 247, 255]; 
19.png@#@[315, 308, 381, 411]; 
190.png@#@[141, 159, 236, 286]; 
191.png@#@[290, 161, 306, 190]; 
192.png@#@[323, 236, 340, 266]; 
193.png@#@[329, 374, 345, 404]; 
194.png@#@[363, 223, 383, 259]; 
195.png@#@[322, 241, 338, 271]; 
196.png@#@[353, 297, 370, 329]; 
2.png@#@[171, 154, 212, 236]; 
20.png@#@[315, 325, 367, 419]; 
21.png@#@[115, 110, 219, 228]; 
22.png@#@[315, 307, 362, 421]; 
23.png@#@[279, 155, 309, 200]; 
24.png@#@[277, 196, 307, 240]; 
25.png@#@[106, 225, 228, 364]; 
26.png@#@[103, 228, 226, 367]; 
27.png@#@[102, 218, 228, 362]; 
28.png@#@[146, 248, 256, 402]; 
29.png@#@[110, 223, 229, 362]; 
3.png@#@[174, 221, 212, 304]; 
30.png@#@[106, 223, 228, 365]; 
31.png@#@[78, 259, 197, 373]; 
32.png@#@[91, 157, 235, 312]; 
33.png@#@[95, 214, 236, 368]; 
34.png@#@[66, 219, 231, 388]; 
35.png@#@[120, 288, 263, 395]; 
36.png@#@[154, 317, 227, 364]; 
37.png@#@[193, 283, 263, 363]; 
38.png@#@[267, 278, 331, 361]; 
39.png@#@[274, 281, 341, 361]; 
4.png@#@[173, 158, 212, 239]; 
40.png@#@[217, 251, 317, 361]; 
41.png@#@[190, 266, 290, 384]; 
42.png@#@[181, 337, 247, 412]; 
43.png@#@[382, 213, 401, 240]; [105, 107, 178, 282]; [34, 165, 104, 282];
44.png@#@[380, 215, 398, 239]; [89, 146, 170, 260]; [18, 165, 91, 282];
45.png@#@[378, 205, 399, 234]; [18, 158, 84, 265]; [97, 131, 164, 239]; 
46.png@#@[375, 199, 396, 226]; [11, 134, 69, 232]; [78, 104, 148, 213]; 
47.png@#@[377, 193, 402, 218]; [0, 94, 44, 202]; [62, 77, 124, 181]; 
48.png@#@[375, 214, 398, 240]; [17, 158, 81, 270]; [92, 132, 164, 252]; 
49.png@#@[321, 234, 380, 343]; 
5.png@#@[178, 218, 211, 302]; 
50.png@#@[306, 222, 364, 328]; 
51.png@#@[254, 152, 311, 252]; 
52.png@#@[190, 170, 328, 418]; 
53.png@#@[55, 200, 91, 271]; 
54.png@#@[63, 183, 117, 274]; 
55.png@#@[325, 232, 386, 343]; 
56.png@#@[253, 150, 314, 247]; 
57.png@#@[212, 354, 251, 415]; 
58.png@#@[209, 311, 246, 374]; 
59.png@#@[229, 140, 340, 298]; 
6.png@#@[172, 157, 212, 235]; 
60.png@#@[220, 359, 245, 411]; 
61.png@#@[231, 117, 342, 289]; 
62.png@#@[230, 133, 328, 291]; 
63.png@#@[194, 0, 400, 231]; 
64.png@#@[109, 143, 306, 365]; 
65.png@#@[126, 83, 235, 186]; 
66.png@#@[105, 121, 310, 355]; 
67.png@#@[123, 87, 231, 184]; 
68.png@#@[72, 128, 156, 194]; 
69.png@#@[162, 292, 197, 332]; 
7.png@#@[125, 247, 161, 320]; 
70.png@#@[175, 229, 205, 264]; 
71.png@#@[125, 378, 169, 426]; 
72.png@#@[148, 345, 183, 392]; 
73.png@#@[169, 285, 200, 320]; 
74.png@#@[125, 374, 169, 417]; 
75.png@#@[329, 121, 367, 186]; 
76.png@#@[290, 139, 321, 193]; 
77.png@#@[288, 164, 316, 213]; 
78.png@#@[252, 217, 276, 256]; 
79.png@#@[241, 228, 270, 270]; 
8.png@#@[119, 234, 158, 309]; 
80.png@#@[374, 158, 418, 232]; 
81.png@#@[253, 228, 390, 426]; 
82.png@#@[311, 171, 392, 287]; 
83.png@#@[315, 115, 448, 272]; 
84.png@#@[264, 102, 414, 265]; 
85.png@#@[296, 185, 417, 322]; 
86.png@#@[314, 170, 394, 287]; 
87.png@#@[122, 169, 253, 356]; 
88.png@#@[49, 155, 161, 322]; 
89.png@#@[77, 144, 109, 180]; 
9.png@#@[128, 258, 158, 321]; 
90.png@#@[161, 49, 198, 91]; 
91.png@#@[138, 131, 257, 304]; 
92.png@#@[157, 88, 248, 221]; 
93.png@#@[145, 107, 189, 179]; 
94.png@#@[159, 120, 201, 184]; 
95.png@#@[165, 149, 202, 200]; 
96.png@#@[101, 231, 138, 277]; 
97.png@#@[120, 138, 161, 191]; 
98.png@#@[150, 115, 194, 178]; 
99.png@#@[276, 145, 327, 254]; 
