ISIC_0012086_segmentation.png@#@[76, 15, 377, 434]; 
ISIC_0012092_segmentation.png@#@[135, 152, 284, 382]; 
ISIC_0012095_segmentation.png@#@[199, 143, 308, 267]; 
ISIC_0012134_segmentation.png@#@[0, 0, 448, 448]; 
ISIC_0012136_segmentation.png@#@[53, 82, 399, 448]; 
ISIC_0012147_segmentation.png@#@[187, 121, 279, 271]; 
ISIC_0012149_segmentation.png@#@[198, 156, 299, 294]; 
ISIC_0012152_segmentation.png@#@[194, 99, 296, 283]; 
ISIC_0012178_segmentation.png@#@[116, 83, 279, 293]; 
ISIC_0012199_segmentation.png@#@[133, 118, 301, 394]; 
ISIC_0012207_segmentation.png@#@[135, 114, 302, 339]; 
ISIC_0012215_segmentation.png@#@[0, 0, 448, 448]; 
ISIC_0012216_segmentation.png@#@[131, 59, 317, 376]; 
ISIC_0012223_segmentation.png@#@[0, 0, 448, 448]; 
ISIC_0012240_segmentation.png@#@[88, 26, 346, 448]; 
ISIC_0012248_segmentation.png@#@[100, 0, 322, 443]; 
ISIC_0012258_segmentation.png@#@[216, 182, 309, 349]; 
ISIC_0012265_segmentation.png@#@[0, 0, 448, 448]; 
ISIC_0012266_segmentation.png@#@[78, 66, 312, 325]; 
ISIC_0012272_segmentation.png@#@[109, 25, 280, 439]; 
ISIC_0012273_segmentation.png@#@[34, 45, 334, 388]; 
ISIC_0012314_segmentation.png@#@[92, 31, 336, 373]; 
ISIC_0012323_segmentation.png@#@[0, 0, 448, 448]; 
ISIC_0012330_segmentation.png@#@[194, 149, 326, 306]; 
ISIC_0012356_segmentation.png@#@[0, 0, 448, 448]; 
ISIC_0012357_segmentation.png@#@[177, 86, 298, 325]; 
ISIC_0012358_segmentation.png@#@[173, 206, 338, 352]; 
ISIC_0012364_segmentation.png@#@[171, 93, 368, 367]; 
ISIC_0012369_segmentation.png@#@[144, 160, 318, 372]; 
ISIC_0012372_segmentation.png@#@[185, 151, 289, 310]; 
ISIC_0012375_segmentation.png@#@[0, 0, 448, 448]; 
ISIC_0012387_segmentation.png@#@[183, 138, 333, 383]; 
ISIC_0012388_segmentation.png@#@[85, 23, 344, 448]; 
ISIC_0012395_segmentation.png@#@[160, 93, 313, 330]; 
ISIC_0012414_segmentation.png@#@[59, 0, 323, 372]; 
ISIC_0012425_segmentation.png@#@[130, 127, 200, 216]; 
ISIC_0012428_segmentation.png@#@[0, 0, 448, 448]; 
ISIC_0012432_segmentation.png@#@[150, 90, 326, 353]; 
ISIC_0012447_segmentation.png@#@[152, 119, 306, 390]; 
ISIC_0012448_segmentation.png@#@[191, 174, 248, 264]; 
ISIC_0012484_segmentation.png@#@[145, 123, 293, 348]; 
ISIC_0012493_segmentation.png@#@[188, 119, 329, 262]; 
ISIC_0012510_segmentation.png@#@[0, 0, 448, 448]; 
ISIC_0012522_segmentation.png@#@[91, 162, 251, 361]; 
ISIC_0012537_segmentation.png@#@[118, 165, 220, 302]; 
ISIC_0012548_segmentation.png@#@[105, 50, 323, 376]; 
ISIC_0012551_segmentation.png@#@[148, 109, 238, 232]; 
ISIC_0012654_segmentation.png@#@[168, 192, 246, 285]; 
ISIC_0012656_segmentation.png@#@[140, 127, 279, 317]; 
ISIC_0012705_segmentation.png@#@[182, 174, 261, 278]; 
ISIC_0012708_segmentation.png@#@[161, 134, 279, 310]; 
ISIC_0012722_segmentation.png@#@[199, 181, 253, 260]; 
ISIC_0012757_segmentation.png@#@[146, 111, 356, 330]; 
ISIC_0012758_segmentation.png@#@[140, 158, 294, 290]; 
ISIC_0012786_segmentation.png@#@[59, 61, 260, 344]; 
ISIC_0012803_segmentation.png@#@[155, 146, 281, 290]; 
ISIC_0012836_segmentation.png@#@[190, 188, 260, 277]; 
ISIC_0012837_segmentation.png@#@[0, 0, 448, 448]; 
ISIC_0012848_segmentation.png@#@[99, 0, 343, 333]; 
ISIC_0012852_segmentation.png@#@[156, 84, 280, 287]; 
ISIC_0012903_segmentation.png@#@[183, 184, 273, 311]; 
ISIC_0012904_segmentation.png@#@[155, 144, 316, 346]; 
ISIC_0012928_segmentation.png@#@[160, 139, 242, 306]; 
ISIC_0012941_segmentation.png@#@[150, 170, 284, 354]; 
ISIC_0012955_segmentation.png@#@[101, 20, 385, 365]; 
ISIC_0012967_segmentation.png@#@[148, 84, 305, 367]; 
ISIC_0012974_segmentation.png@#@[131, 0, 401, 448]; 
ISIC_0012989_segmentation.png@#@[202, 176, 275, 309]; 
ISIC_0013030_segmentation.png@#@[134, 133, 303, 347]; 
ISIC_0013035_segmentation.png@#@[179, 184, 281, 366]; 
ISIC_0013045_segmentation.png@#@[181, 164, 256, 334]; 
ISIC_0013070_segmentation.png@#@[145, 163, 237, 334]; 
ISIC_0013072_segmentation.png@#@[106, 109, 336, 427]; 
ISIC_0013073_segmentation.png@#@[0, 0, 448, 448]; 
ISIC_0013085_segmentation.png@#@[174, 123, 322, 369]; 
ISIC_0013109_segmentation.png@#@[208, 159, 269, 267]; 
ISIC_0013159_segmentation.png@#@[175, 125, 304, 338]; 
ISIC_0013164_segmentation.png@#@[199, 181, 249, 258]; 
ISIC_0013169_segmentation.png@#@[0, 0, 448, 448]; 
ISIC_0013170_segmentation.png@#@[73, 28, 345, 448]; 
ISIC_0013176_segmentation.png@#@[188, 148, 307, 300]; 
ISIC_0013191_segmentation.png@#@[145, 106, 301, 307]; 
ISIC_0013203_segmentation.png@#@[105, 82, 344, 360]; 
ISIC_0013216_segmentation.png@#@[177, 113, 283, 265]; 
ISIC_0013226_segmentation.png@#@[197, 129, 269, 256]; 
ISIC_0013230_segmentation.png@#@[180, 152, 263, 284]; 
ISIC_0013242_segmentation.png@#@[143, 103, 270, 314]; 
ISIC_0013269_segmentation.png@#@[162, 174, 234, 322]; 
ISIC_0013270_segmentation.png@#@[169, 78, 326, 293]; 
ISIC_0013271_segmentation.png@#@[193, 151, 295, 274]; 
ISIC_0013277_segmentation.png@#@[113, 23, 315, 409]; 
ISIC_0013281_segmentation.png@#@[40, 0, 286, 374]; 
ISIC_0013291_segmentation.png@#@[182, 155, 280, 340]; 
ISIC_0013319_segmentation.png@#@[175, 101, 287, 317]; 
ISIC_0013321_segmentation.png@#@[0, 0, 264, 448]; 
ISIC_0013325_segmentation.png@#@[184, 171, 264, 304]; 
ISIC_0013374_segmentation.png@#@[12, 0, 420, 420]; 
ISIC_0013393_segmentation.png@#@[113, 111, 352, 426]; 
ISIC_0013399_segmentation.png@#@[186, 171, 276, 328]; 
ISIC_0013411_segmentation.png@#@[9, 103, 317, 440]; 
ISIC_0013414_segmentation.png@#@[184, 172, 249, 288]; 
ISIC_0013416_segmentation.png@#@[194, 187, 256, 259]; 
ISIC_0013455_segmentation.png@#@[103, 69, 313, 398]; 
ISIC_0013457_segmentation.png@#@[123, 34, 347, 414]; 
ISIC_0013459_segmentation.png@#@[99, 73, 288, 343]; 
ISIC_0013465_segmentation.png@#@[189, 159, 248, 272]; 
ISIC_0013472_segmentation.png@#@[149, 201, 300, 331]; 
ISIC_0013473_segmentation.png@#@[30, 0, 448, 448]; 
ISIC_0013511_segmentation.png@#@[175, 135, 301, 298]; 
ISIC_0013512_segmentation.png@#@[199, 173, 254, 270]; 
ISIC_0013529_segmentation.png@#@[177, 156, 268, 279]; 
ISIC_0013565_segmentation.png@#@[193, 191, 275, 275]; 
ISIC_0013577_segmentation.png@#@[140, 74, 326, 365]; 
ISIC_0013588_segmentation.png@#@[140, 126, 308, 350]; 
ISIC_0013600_segmentation.png@#@[144, 183, 350, 349]; 
ISIC_0013602_segmentation.png@#@[178, 163, 264, 297]; 
ISIC_0013615_segmentation.png@#@[143, 133, 311, 390]; 
ISIC_0013617_segmentation.png@#@[73, 119, 361, 418]; 
ISIC_0013636_segmentation.png@#@[120, 36, 358, 402]; 
ISIC_0013673_segmentation.png@#@[205, 141, 272, 246]; 
ISIC_0013678_segmentation.png@#@[174, 141, 271, 273]; 
ISIC_0013696_segmentation.png@#@[162, 75, 224, 175]; 
ISIC_0013708_segmentation.png@#@[0, 0, 384, 448]; 
ISIC_0013733_segmentation.png@#@[170, 169, 272, 294]; 
ISIC_0013738_segmentation.png@#@[220, 283, 264, 347]; 
ISIC_0013739_segmentation.png@#@[158, 130, 255, 336]; 
ISIC_0013764_segmentation.png@#@[129, 44, 330, 332]; 
ISIC_0013766_segmentation.png@#@[186, 161, 269, 320]; 
ISIC_0013767_segmentation.png@#@[85, 28, 376, 435]; 
ISIC_0013794_segmentation.png@#@[177, 152, 293, 263]; 
ISIC_0013809_segmentation.png@#@[125, 79, 323, 430]; 
ISIC_0013813_segmentation.png@#@[50, 0, 360, 448]; 
ISIC_0013814_segmentation.png@#@[0, 0, 448, 448]; 
ISIC_0013833_segmentation.png@#@[0, 0, 448, 448]; 
ISIC_0013842_segmentation.png@#@[181, 124, 289, 255]; 
ISIC_0013867_segmentation.png@#@[44, 0, 337, 391]; 
ISIC_0013891_segmentation.png@#@[195, 210, 240, 282]; 
ISIC_0013897_segmentation.png@#@[180, 248, 277, 377]; 
ISIC_0013908_segmentation.png@#@[129, 79, 319, 312]; 
ISIC_0013911_segmentation.png@#@[185, 157, 266, 287]; 
ISIC_0013917_segmentation.png@#@[175, 192, 266, 362]; 
ISIC_0013925_segmentation.png@#@[30, 0, 380, 448]; 
ISIC_0013948_segmentation.png@#@[178, 135, 401, 441]; 
ISIC_0013953_segmentation.png@#@[156, 78, 313, 348]; 
ISIC_0013966_segmentation.png@#@[183, 182, 266, 282]; 
ISIC_0013977_segmentation.png@#@[191, 163, 284, 329]; 
ISIC_0013987_segmentation.png@#@[147, 129, 283, 343]; 
ISIC_0013988_segmentation.png@#@[47, 0, 274, 438]; 
ISIC_0013998_segmentation.png@#@[167, 60, 272, 175]; 
ISIC_0014006_segmentation.png@#@[117, 154, 237, 317]; 
ISIC_0014027_segmentation.png@#@[112, 81, 252, 327]; 
ISIC_0014059_segmentation.png@#@[167, 222, 283, 328]; 
ISIC_0014077_segmentation.png@#@[86, 73, 332, 448]; 
ISIC_0014090_segmentation.png@#@[204, 178, 261, 250]; 
ISIC_0014103_segmentation.png@#@[141, 63, 303, 405]; 
ISIC_0014110_segmentation.png@#@[117, 103, 325, 365]; 
ISIC_0014117_segmentation.png@#@[182, 204, 284, 338]; 
ISIC_0014129_segmentation.png@#@[107, 53, 365, 425]; 
ISIC_0014148_segmentation.png@#@[90, 48, 355, 435]; 
ISIC_0014160_segmentation.png@#@[141, 108, 294, 308]; 
ISIC_0014177_segmentation.png@#@[178, 227, 275, 385]; 
ISIC_0014181_segmentation.png@#@[56, 9, 369, 419]; 
ISIC_0014186_segmentation.png@#@[140, 113, 307, 341]; 
ISIC_0014219_segmentation.png@#@[150, 96, 331, 390]; 
ISIC_0014221_segmentation.png@#@[122, 18, 322, 402]; 
ISIC_0014233_segmentation.png@#@[105, 112, 308, 441]; 
ISIC_0014251_segmentation.png@#@[156, 75, 274, 252]; 
ISIC_0014255_segmentation.png@#@[102, 94, 352, 426]; 
ISIC_0014270_segmentation.png@#@[166, 98, 287, 313]; 
ISIC_0014278_segmentation.png@#@[170, 201, 254, 316]; 
ISIC_0014284_segmentation.png@#@[181, 207, 255, 337]; 
ISIC_0014288_segmentation.png@#@[143, 155, 319, 409]; 
ISIC_0014319_segmentation.png@#@[163, 157, 264, 310]; 
ISIC_0014336_segmentation.png@#@[81, 0, 316, 368]; 
ISIC_0014349_segmentation.png@#@[150, 188, 319, 384]; 
ISIC_0014369_segmentation.png@#@[120, 101, 328, 390]; 
ISIC_0014386_segmentation.png@#@[128, 92, 335, 448]; 
ISIC_0014392_segmentation.png@#@[134, 48, 320, 411]; 
ISIC_0014409_segmentation.png@#@[149, 148, 248, 277]; 
ISIC_0014419_segmentation.png@#@[32, 40, 313, 326]; 
ISIC_0014423_segmentation.png@#@[213, 167, 356, 362]; 
ISIC_0014434_segmentation.png@#@[186, 197, 298, 370]; 
ISIC_0014454_segmentation.png@#@[88, 0, 364, 415]; 
ISIC_0014457_segmentation.png@#@[65, 41, 377, 440]; 
ISIC_0014470_segmentation.png@#@[163, 191, 265, 359]; 
ISIC_0014474_segmentation.png@#@[157, 134, 343, 368]; 
ISIC_0014478_segmentation.png@#@[172, 225, 254, 359]; 
ISIC_0014489_segmentation.png@#@[80, 0, 440, 448]; 
ISIC_0014500_segmentation.png@#@[134, 57, 361, 386]; 
ISIC_0014503_segmentation.png@#@[119, 136, 262, 357]; 
ISIC_0014506_segmentation.png@#@[80, 0, 380, 440]; 
ISIC_0014513_segmentation.png@#@[162, 147, 288, 329]; 
ISIC_0014541_segmentation.png@#@[208, 33, 422, 367]; 
ISIC_0014542_segmentation.png@#@[169, 22, 423, 306]; 
ISIC_0014546_segmentation.png@#@[0, 0, 448, 448]; 
ISIC_0014548_segmentation.png@#@[151, 151, 339, 423]; 
ISIC_0014559_segmentation.png@#@[95, 12, 323, 376]; 
ISIC_0014567_segmentation.png@#@[140, 143, 317, 316]; 
ISIC_0014574_segmentation.png@#@[164, 152, 262, 291]; 
ISIC_0014575_segmentation.png@#@[165, 112, 258, 291]; 
ISIC_0014586_segmentation.png@#@[135, 53, 355, 345]; 
ISIC_0014587_segmentation.png@#@[158, 184, 262, 320]; 
ISIC_0014588_segmentation.png@#@[176, 200, 222, 263]; 
ISIC_0014590_segmentation.png@#@[178, 217, 257, 290]; 
ISIC_0014600_segmentation.png@#@[151, 140, 276, 282]; 
ISIC_0014619_segmentation.png@#@[183, 165, 323, 331]; 
ISIC_0014626_segmentation.png@#@[0, 0, 448, 448]; 
ISIC_0014627_segmentation.png@#@[136, 107, 274, 383]; 
ISIC_0014629_segmentation.png@#@[133, 123, 344, 381]; 
ISIC_0014631_segmentation.png@#@[189, 176, 262, 291]; 
ISIC_0014634_segmentation.png@#@[126, 0, 322, 384]; 
ISIC_0014643_segmentation.png@#@[161, 71, 325, 348]; 
ISIC_0014644_segmentation.png@#@[143, 122, 270, 284]; 
ISIC_0014645_segmentation.png@#@[111, 0, 344, 396]; 
ISIC_0014647_segmentation.png@#@[168, 140, 271, 301]; 
ISIC_0014648_segmentation.png@#@[156, 46, 356, 413]; 
ISIC_0014649_segmentation.png@#@[189, 77, 318, 376]; 
ISIC_0014652_segmentation.png@#@[0, 0, 448, 448]; 
ISIC_0014653_segmentation.png@#@[65, 0, 419, 425]; 
ISIC_0014663_segmentation.png@#@[96, 0, 399, 423]; 
ISIC_0014666_segmentation.png@#@[0, 0, 448, 448]; 
ISIC_0014675_segmentation.png@#@[135, 116, 298, 328]; 
ISIC_0014677_segmentation.png@#@[123, 22, 315, 328]; 
ISIC_0014687_segmentation.png@#@[133, 0, 380, 390]; 
ISIC_0014693_segmentation.png@#@[0, 0, 448, 448]; 
ISIC_0014695_segmentation.png@#@[98, 144, 396, 403]; 
ISIC_0014697_segmentation.png@#@[122, 63, 284, 338]; 
ISIC_0014698_segmentation.png@#@[154, 84, 293, 288]; 
ISIC_0014703_segmentation.png@#@[0, 0, 448, 448]; 
ISIC_0014720_segmentation.png@#@[0, 0, 448, 448]; 
ISIC_0014725_segmentation.png@#@[76, 52, 369, 393]; 
ISIC_0014727_segmentation.png@#@[20, 73, 340, 430]; 
ISIC_0014728_segmentation.png@#@[66, 12, 387, 440]; 
ISIC_0014729_segmentation.png@#@[0, 0, 448, 448]; 
ISIC_0014740_segmentation.png@#@[0, 0, 448, 448]; 
ISIC_0014743_segmentation.png@#@[13, 72, 381, 374]; 
ISIC_0014746_segmentation.png@#@[0, 0, 448, 448]; 
ISIC_0014749_segmentation.png@#@[55, 85, 370, 417]; 
ISIC_0014753_segmentation.png@#@[0, 0, 448, 448]; 
ISIC_0014755_segmentation.png@#@[84, 49, 339, 348]; 
ISIC_0014765_segmentation.png@#@[93, 68, 397, 393]; 
ISIC_0014766_segmentation.png@#@[0, 0, 448, 448]; 
ISIC_0014768_segmentation.png@#@[165, 103, 319, 326]; 
ISIC_0014772_segmentation.png@#@[41, 30, 363, 423]; 
ISIC_0014773_segmentation.png@#@[121, 137, 359, 387]; 
ISIC_0014780_segmentation.png@#@[75, 123, 322, 409]; 
ISIC_0014784_segmentation.png@#@[0, 0, 448, 448]; 
ISIC_0014786_segmentation.png@#@[0, 0, 448, 448]; 
ISIC_0014787_segmentation.png@#@[0, 0, 448, 448]; 
ISIC_0014790_segmentation.png@#@[0, 0, 440, 448]; 
ISIC_0014792_segmentation.png@#@[150, 119, 249, 250]; 
ISIC_0014796_segmentation.png@#@[131, 167, 315, 397]; 
ISIC_0014798_segmentation.png@#@[92, 57, 410, 359]; 
ISIC_0014800_segmentation.png@#@[128, 17, 346, 374]; 
ISIC_0014807_segmentation.png@#@[0, 0, 448, 448]; 
ISIC_0014814_segmentation.png@#@[91, 114, 310, 304]; 
ISIC_0014815_segmentation.png@#@[142, 32, 370, 351]; 
ISIC_0014820_segmentation.png@#@[174, 134, 278, 269]; 
ISIC_0014822_segmentation.png@#@[91, 59, 319, 436]; 
ISIC_0014826_segmentation.png@#@[65, 0, 382, 406]; 
ISIC_0014833_segmentation.png@#@[0, 0, 448, 448]; 
ISIC_0014835_segmentation.png@#@[40, 41, 335, 435]; 
ISIC_0014844_segmentation.png@#@[141, 90, 326, 335]; 
ISIC_0014853_segmentation.png@#@[125, 133, 282, 291]; 
ISIC_0014854_segmentation.png@#@[61, 14, 396, 411]; 
ISIC_0014862_segmentation.png@#@[32, 76, 440, 448]; 
ISIC_0014863_segmentation.png@#@[122, 118, 311, 373]; 
ISIC_0014867_segmentation.png@#@[105, 112, 302, 320]; 
ISIC_0014868_segmentation.png@#@[0, 0, 448, 448]; 
ISIC_0014872_segmentation.png@#@[0, 0, 380, 448]; 
ISIC_0014876_segmentation.png@#@[41, 21, 328, 422]; 
ISIC_0014879_segmentation.png@#@[166, 129, 241, 254]; 
ISIC_0014883_segmentation.png@#@[87, 67, 385, 448]; 
ISIC_0014901_segmentation.png@#@[80, 62, 297, 355]; 
ISIC_0014907_segmentation.png@#@[118, 113, 304, 329]; 
ISIC_0014910_segmentation.png@#@[0, 0, 448, 448]; 
ISIC_0014912_segmentation.png@#@[0, 49, 448, 442]; 
ISIC_0014921_segmentation.png@#@[103, 95, 338, 400]; 
ISIC_0014927_segmentation.png@#@[0, 0, 448, 448]; 
ISIC_0014928_segmentation.png@#@[202, 139, 325, 366]; 
ISIC_0014932_segmentation.png@#@[0, 0, 448, 448]; 
ISIC_0014936_segmentation.png@#@[73, 64, 290, 388]; 
ISIC_0014938_segmentation.png@#@[104, 80, 342, 366]; 
ISIC_0014940_segmentation.png@#@[113, 65, 345, 403]; 
ISIC_0014941_segmentation.png@#@[85, 77, 332, 436]; 
ISIC_0014942_segmentation.png@#@[94, 120, 265, 306]; 
ISIC_0014943_segmentation.png@#@[105, 76, 330, 289]; 
ISIC_0014944_segmentation.png@#@[167, 103, 338, 324]; 
ISIC_0014947_segmentation.png@#@[144, 90, 348, 390]; 
ISIC_0014948_segmentation.png@#@[0, 0, 448, 448]; 
ISIC_0014949_segmentation.png@#@[70, 28, 350, 405]; 
ISIC_0014952_segmentation.png@#@[63, 57, 342, 397]; 
ISIC_0014955_segmentation.png@#@[160, 140, 305, 395]; 
ISIC_0014956_segmentation.png@#@[97, 25, 359, 373]; 
ISIC_0014957_segmentation.png@#@[75, 64, 348, 448]; 
ISIC_0014958_segmentation.png@#@[66, 52, 430, 357]; 
ISIC_0014959_segmentation.png@#@[100, 151, 315, 373]; 
ISIC_0014961_segmentation.png@#@[0, 0, 448, 448]; 
ISIC_0014962_segmentation.png@#@[103, 7, 423, 406]; 
ISIC_0014963_segmentation.png@#@[0, 0, 448, 448]; 
ISIC_0014964_segmentation.png@#@[83, 26, 425, 371]; 
ISIC_0014966_segmentation.png@#@[95, 0, 414, 371]; 
ISIC_0014968_segmentation.png@#@[77, 24, 448, 401]; 
ISIC_0014969_segmentation.png@#@[108, 49, 384, 356]; 
ISIC_0014973_segmentation.png@#@[0, 0, 448, 448]; 
ISIC_0014974_segmentation.png@#@[124, 132, 308, 399]; 
ISIC_0014977_segmentation.png@#@[149, 89, 291, 328]; 
ISIC_0014982_segmentation.png@#@[88, 108, 374, 448]; 
ISIC_0014992_segmentation.png@#@[122, 65, 379, 393]; 
ISIC_0014994_segmentation.png@#@[172, 74, 322, 248]; 
ISIC_0014998_segmentation.png@#@[91, 5, 398, 382]; 
ISIC_0015002_segmentation.png@#@[0, 0, 448, 448]; 
ISIC_0015003_segmentation.png@#@[52, 80, 408, 448]; 
ISIC_0015004_segmentation.png@#@[0, 0, 448, 448]; 
ISIC_0015007_segmentation.png@#@[53, 78, 317, 363]; 
ISIC_0015008_segmentation.png@#@[0, 0, 448, 448]; 
ISIC_0015009_segmentation.png@#@[0, 7, 448, 448]; 
ISIC_0015011_segmentation.png@#@[50, 0, 448, 448]; 
ISIC_0015013_segmentation.png@#@[0, 0, 448, 448]; 
ISIC_0015015_segmentation.png@#@[114, 0, 413, 414]; 
ISIC_0015016_segmentation.png@#@[0, 0, 448, 448]; 
ISIC_0015018_segmentation.png@#@[135, 110, 316, 377]; 
ISIC_0015019_segmentation.png@#@[0, 0, 448, 448]; 
ISIC_0015020_segmentation.png@#@[0, 0, 448, 448]; 
ISIC_0015021_segmentation.png@#@[145, 105, 357, 400]; 
ISIC_0015023_segmentation.png@#@[122, 93, 334, 346]; 
ISIC_0015026_segmentation.png@#@[167, 134, 256, 269]; 
ISIC_0015030_segmentation.png@#@[84, 96, 337, 333]; 
ISIC_0015031_segmentation.png@#@[90, 0, 408, 315]; 
ISIC_0015034_segmentation.png@#@[154, 117, 354, 344]; 
ISIC_0015035_segmentation.png@#@[172, 175, 259, 288]; 
ISIC_0015037_segmentation.png@#@[0, 0, 448, 448]; 
ISIC_0015040_segmentation.png@#@[151, 155, 285, 310]; 
ISIC_0015041_segmentation.png@#@[86, 131, 298, 360]; 
ISIC_0015046_segmentation.png@#@[72, 46, 375, 420]; 
ISIC_0015050_segmentation.png@#@[0, 0, 448, 448]; 
ISIC_0015051_segmentation.png@#@[76, 33, 329, 375]; 
ISIC_0015056_segmentation.png@#@[0, 0, 448, 448]; 
ISIC_0015057_segmentation.png@#@[76, 10, 338, 357]; 
ISIC_0015060_segmentation.png@#@[96, 18, 322, 413]; 
ISIC_0015064_segmentation.png@#@[0, 0, 448, 448]; 
ISIC_0015071_segmentation.png@#@[116, 85, 392, 387]; 
ISIC_0015078_segmentation.png@#@[0, 0, 448, 448]; 
ISIC_0015089_segmentation.png@#@[0, 0, 448, 448]; 
ISIC_0015102_segmentation.png@#@[0, 0, 448, 448]; 
ISIC_0015115_segmentation.png@#@[51, 24, 368, 405]; 
ISIC_0015118_segmentation.png@#@[0, 0, 448, 448]; 
ISIC_0015119_segmentation.png@#@[0, 0, 448, 448]; 
ISIC_0015125_segmentation.png@#@[119, 137, 331, 385]; 
ISIC_0015127_segmentation.png@#@[89, 61, 337, 391]; 
ISIC_0015129_segmentation.png@#@[114, 81, 311, 354]; 
ISIC_0015130_segmentation.png@#@[75, 51, 345, 386]; 
ISIC_0015132_segmentation.png@#@[0, 0, 448, 448]; 
ISIC_0015133_segmentation.png@#@[181, 23, 404, 357]; 
ISIC_0015136_segmentation.png@#@[76, 71, 346, 414]; 
ISIC_0015139_segmentation.png@#@[120, 94, 281, 302]; 
ISIC_0015140_segmentation.png@#@[0, 0, 448, 448]; 
ISIC_0015142_segmentation.png@#@[0, 0, 448, 448]; 
ISIC_0015146_segmentation.png@#@[105, 75, 312, 423]; 
ISIC_0015149_segmentation.png@#@[80, 0, 389, 417]; 
ISIC_0015150_segmentation.png@#@[85, 0, 357, 396]; 
ISIC_0015152_segmentation.png@#@[120, 44, 357, 400]; 
ISIC_0015155_segmentation.png@#@[96, 83, 304, 433]; 
ISIC_0015156_segmentation.png@#@[62, 146, 417, 448]; 
ISIC_0015157_segmentation.png@#@[44, 103, 402, 434]; 
ISIC_0015160_segmentation.png@#@[71, 34, 380, 394]; 
ISIC_0015161_segmentation.png@#@[74, 0, 340, 388]; 
ISIC_0015163_segmentation.png@#@[155, 0, 350, 448]; 
ISIC_0015167_segmentation.png@#@[0, 0, 448, 448]; 
ISIC_0015171_segmentation.png@#@[0, 0, 448, 448]; 
ISIC_0015173_segmentation.png@#@[25, 0, 333, 416]; 
ISIC_0015174_segmentation.png@#@[80, 73, 342, 308]; 
ISIC_0015175_segmentation.png@#@[106, 190, 335, 448]; 
ISIC_0015176_segmentation.png@#@[0, 0, 448, 448]; 
ISIC_0015179_segmentation.png@#@[56, 37, 329, 376]; 
ISIC_0015180_segmentation.png@#@[47, 86, 324, 346]; 
ISIC_0015184_segmentation.png@#@[116, 119, 344, 340]; 
ISIC_0015185_segmentation.png@#@[0, 0, 448, 448]; 
ISIC_0015193_segmentation.png@#@[56, 51, 394, 413]; 
ISIC_0015201_segmentation.png@#@[54, 81, 341, 352]; 
ISIC_0015202_segmentation.png@#@[108, 118, 293, 343]; 
ISIC_0015203_segmentation.png@#@[0, 0, 448, 448]; 
ISIC_0015206_segmentation.png@#@[111, 27, 302, 303]; 
ISIC_0015207_segmentation.png@#@[114, 49, 369, 370]; 
ISIC_0015208_segmentation.png@#@[114, 38, 410, 448]; 
ISIC_0015212_segmentation.png@#@[162, 146, 303, 318]; 
ISIC_0015215_segmentation.png@#@[134, 71, 323, 378]; 
ISIC_0015216_segmentation.png@#@[0, 0, 448, 448]; 
ISIC_0015217_segmentation.png@#@[184, 61, 319, 267]; 
ISIC_0015218_segmentation.png@#@[55, 85, 328, 409]; 
ISIC_0015223_segmentation.png@#@[147, 160, 247, 321]; 
ISIC_0015224_segmentation.png@#@[0, 0, 448, 448]; 
ISIC_0015226_segmentation.png@#@[161, 130, 242, 250]; 
ISIC_0015229_segmentation.png@#@[0, 0, 448, 448]; 
ISIC_0015232_segmentation.png@#@[60, 61, 323, 407]; 
ISIC_0015237_segmentation.png@#@[0, 0, 448, 448]; 
ISIC_0015241_segmentation.png@#@[79, 86, 306, 315]; 
ISIC_0015244_segmentation.png@#@[98, 0, 352, 448]; 
ISIC_0015245_segmentation.png@#@[52, 19, 368, 415]; 
ISIC_0015250_segmentation.png@#@[75, 75, 299, 335]; 
ISIC_0015251_segmentation.png@#@[254, 184, 304, 313]; 
ISIC_0015254_segmentation.png@#@[128, 14, 351, 344]; 
ISIC_0015255_segmentation.png@#@[0, 0, 448, 448]; 
ISIC_0015258_segmentation.png@#@[0, 0, 448, 448]; 
ISIC_0015264_segmentation.png@#@[153, 101, 261, 307]; 
ISIC_0015270_segmentation.png@#@[110, 69, 308, 381]; 
ISIC_0015273_segmentation.png@#@[142, 180, 252, 310]; 
ISIC_0015274_segmentation.png@#@[0, 0, 448, 448]; 
ISIC_0015276_segmentation.png@#@[201, 157, 311, 302]; 
ISIC_0015279_segmentation.png@#@[115, 94, 335, 366]; 
ISIC_0015283_segmentation.png@#@[62, 65, 389, 426]; 
ISIC_0015291_segmentation.png@#@[107, 144, 312, 413]; 
ISIC_0015293_segmentation.png@#@[117, 129, 302, 361]; 
ISIC_0015298_segmentation.png@#@[123, 135, 295, 343]; 
ISIC_0015309_segmentation.png@#@[38, 122, 212, 417]; 
ISIC_0015310_segmentation.png@#@[61, 26, 400, 448]; 
ISIC_0015311_segmentation.png@#@[62, 0, 352, 448]; 
ISIC_0015312_segmentation.png@#@[77, 43, 361, 422]; 
ISIC_0015330_segmentation.png@#@[132, 100, 323, 369]; 
ISIC_0015331_segmentation.png@#@[115, 19, 370, 387]; 
ISIC_0015347_segmentation.png@#@[135, 134, 331, 351]; 
ISIC_0015353_segmentation.png@#@[22, 6, 418, 448]; 
ISIC_0015355_segmentation.png@#@[114, 123, 321, 261]; 
ISIC_0015357_segmentation.png@#@[135, 132, 264, 328]; 
ISIC_0015360_segmentation.png@#@[54, 112, 421, 360]; 
ISIC_0015363_segmentation.png@#@[0, 0, 448, 448]; 
ISIC_0015364_segmentation.png@#@[88, 8, 383, 448]; 
ISIC_0015368_segmentation.png@#@[0, 0, 448, 448]; 
ISIC_0015369_segmentation.png@#@[170, 175, 305, 366]; 
ISIC_0015383_segmentation.png@#@[138, 40, 283, 403]; 
ISIC_0015386_segmentation.png@#@[73, 19, 392, 402]; 
ISIC_0015390_segmentation.png@#@[48, 0, 448, 448]; 
ISIC_0015395_segmentation.png@#@[111, 62, 339, 396]; 
ISIC_0015403_segmentation.png@#@[103, 104, 332, 346]; 
ISIC_0015404_segmentation.png@#@[0, 0, 448, 448]; 
ISIC_0015411_segmentation.png@#@[143, 175, 293, 385]; 
ISIC_0015412_segmentation.png@#@[82, 54, 374, 380]; 
ISIC_0015416_segmentation.png@#@[0, 0, 448, 448]; 
ISIC_0015417_segmentation.png@#@[110, 64, 346, 382]; 
ISIC_0015418_segmentation.png@#@[81, 100, 383, 335]; 
ISIC_0015419_segmentation.png@#@[0, 0, 360, 448]; 
ISIC_0015436_segmentation.png@#@[58, 77, 367, 362]; 
ISIC_0015440_segmentation.png@#@[186, 115, 292, 330]; 
ISIC_0015447_segmentation.png@#@[0, 0, 448, 448]; 
ISIC_0015455_segmentation.png@#@[40, 72, 357, 351]; 
ISIC_0015464_segmentation.png@#@[42, 26, 377, 414]; 
ISIC_0015466_segmentation.png@#@[0, 0, 448, 448]; 
ISIC_0015468_segmentation.png@#@[147, 80, 287, 319]; 
ISIC_0015476_segmentation.png@#@[124, 68, 311, 365]; 
ISIC_0015481_segmentation.png@#@[195, 122, 352, 344]; 
ISIC_0015482_segmentation.png@#@[71, 0, 350, 420]; 
ISIC_0015485_segmentation.png@#@[0, 0, 448, 448]; 
ISIC_0015510_segmentation.png@#@[136, 145, 283, 363]; 
ISIC_0015526_segmentation.png@#@[129, 77, 259, 331]; 
ISIC_0015537_segmentation.png@#@[85, 0, 359, 438]; 
ISIC_0015544_segmentation.png@#@[177, 0, 343, 448]; 
ISIC_0015559_segmentation.png@#@[64, 55, 234, 400]; 
ISIC_0015563_segmentation.png@#@[179, 186, 298, 321]; 
ISIC_0015566_segmentation.png@#@[73, 38, 267, 427]; 
ISIC_0015568_segmentation.png@#@[70, 77, 257, 327]; 
ISIC_0015582_segmentation.png@#@[151, 90, 340, 289]; 
ISIC_0015593_segmentation.png@#@[60, 80, 346, 381]; 
ISIC_0015603_segmentation.png@#@[188, 133, 309, 322]; 
ISIC_0015607_segmentation.png@#@[0, 0, 430, 448]; 
ISIC_0015614_segmentation.png@#@[140, 165, 334, 358]; 
ISIC_0015617_segmentation.png@#@[0, 0, 448, 448]; 
ISIC_0015625_segmentation.png@#@[90, 17, 373, 448]; 
ISIC_0015631_segmentation.png@#@[84, 86, 331, 358]; 
ISIC_0015636_segmentation.png@#@[0, 0, 448, 448]; 
ISIC_0015638_segmentation.png@#@[95, 0, 276, 448]; 
ISIC_0015641_segmentation.png@#@[109, 34, 378, 386]; 
ISIC_0015645_segmentation.png@#@[147, 103, 317, 386]; 
ISIC_0015936_segmentation.png@#@[161, 185, 252, 355]; 
ISIC_0015937_segmentation.png@#@[178, 140, 260, 252]; 
ISIC_0015938_segmentation.png@#@[181, 126, 254, 298]; 
ISIC_0015939_segmentation.png@#@[190, 145, 263, 273]; 
ISIC_0015940_segmentation.png@#@[189, 180, 245, 266]; 
ISIC_0015941_segmentation.png@#@[168, 164, 244, 261]; 
ISIC_0015942_segmentation.png@#@[208, 179, 252, 269]; 
ISIC_0015943_segmentation.png@#@[197, 172, 248, 260]; 
ISIC_0015944_segmentation.png@#@[177, 148, 266, 286]; 
ISIC_0015945_segmentation.png@#@[199, 143, 259, 278]; 
ISIC_0015946_segmentation.png@#@[194, 140, 252, 276]; 
ISIC_0015947_segmentation.png@#@[160, 134, 293, 287]; 
ISIC_0015948_segmentation.png@#@[153, 164, 277, 318]; 
ISIC_0015949_segmentation.png@#@[198, 168, 264, 242]; 
ISIC_0015950_segmentation.png@#@[180, 158, 267, 270]; 
ISIC_0015951_segmentation.png@#@[214, 202, 243, 242]; 
ISIC_0015952_segmentation.png@#@[181, 179, 250, 290]; 
ISIC_0015953_segmentation.png@#@[152, 112, 276, 334]; 
ISIC_0015954_segmentation.png@#@[171, 181, 288, 306]; 
ISIC_0015955_segmentation.png@#@[98, 9, 343, 329]; 
ISIC_0015956_segmentation.png@#@[155, 100, 338, 299]; 
ISIC_0015957_segmentation.png@#@[155, 96, 309, 336]; 
ISIC_0015958_segmentation.png@#@[163, 173, 258, 282]; 
ISIC_0015959_segmentation.png@#@[80, 22, 268, 313]; 
ISIC_0015960_segmentation.png@#@[151, 127, 264, 303]; 
ISIC_0015961_segmentation.png@#@[182, 135, 281, 314]; 
ISIC_0015962_segmentation.png@#@[206, 159, 266, 273]; 
ISIC_0015963_segmentation.png@#@[170, 181, 279, 284]; 
ISIC_0015964_segmentation.png@#@[183, 139, 250, 263]; 
ISIC_0015965_segmentation.png@#@[182, 179, 279, 289]; 
ISIC_0015966_segmentation.png@#@[183, 98, 284, 307]; 
ISIC_0015967_segmentation.png@#@[127, 65, 327, 372]; 
ISIC_0015968_segmentation.png@#@[180, 108, 287, 325]; 
ISIC_0015969_segmentation.png@#@[165, 116, 330, 366]; 
ISIC_0015971_segmentation.png@#@[189, 166, 247, 272]; 
ISIC_0015972_segmentation.png@#@[143, 79, 267, 260]; 
ISIC_0015973_segmentation.png@#@[117, 86, 355, 359]; 
ISIC_0015974_segmentation.png@#@[97, 52, 326, 323]; 
ISIC_0015975_segmentation.png@#@[190, 157, 299, 280]; 
ISIC_0015976_segmentation.png@#@[185, 168, 278, 286]; 
ISIC_0015978_segmentation.png@#@[187, 110, 265, 228]; 
ISIC_0015979_segmentation.png@#@[198, 101, 294, 280]; 
ISIC_0015980_segmentation.png@#@[174, 147, 293, 263]; 
ISIC_0015981_segmentation.png@#@[176, 145, 260, 290]; 
ISIC_0015982_segmentation.png@#@[183, 101, 302, 302]; 
ISIC_0015983_segmentation.png@#@[94, 0, 328, 428]; 
ISIC_0015984_segmentation.png@#@[193, 139, 349, 333]; 
ISIC_0015985_segmentation.png@#@[212, 190, 279, 289]; 
ISIC_0015986_segmentation.png@#@[177, 130, 251, 316]; 
ISIC_0015987_segmentation.png@#@[179, 134, 250, 290]; 
ISIC_0015988_segmentation.png@#@[177, 142, 284, 273]; 
ISIC_0015989_segmentation.png@#@[186, 151, 252, 268]; 
ISIC_0015990_segmentation.png@#@[145, 155, 295, 307]; 
ISIC_0015991_segmentation.png@#@[171, 174, 289, 270]; 
ISIC_0015992_segmentation.png@#@[195, 217, 272, 338]; 
ISIC_0015993_segmentation.png@#@[169, 178, 279, 274]; 
ISIC_0015994_segmentation.png@#@[195, 168, 252, 250]; 
ISIC_0015995_segmentation.png@#@[176, 162, 302, 351]; 
ISIC_0015996_segmentation.png@#@[174, 222, 272, 371]; 
ISIC_0015997_segmentation.png@#@[179, 176, 262, 303]; 
ISIC_0015998_segmentation.png@#@[184, 170, 279, 270]; 
ISIC_0015999_segmentation.png@#@[203, 170, 264, 262]; 
ISIC_0016000_segmentation.png@#@[189, 157, 273, 281]; 
ISIC_0016001_segmentation.png@#@[117, 59, 328, 356]; 
ISIC_0016002_segmentation.png@#@[188, 167, 271, 281]; 
ISIC_0016003_segmentation.png@#@[170, 158, 263, 295]; 
ISIC_0016004_segmentation.png@#@[169, 115, 279, 316]; 
ISIC_0016005_segmentation.png@#@[153, 155, 309, 341]; 
ISIC_0016006_segmentation.png@#@[174, 231, 262, 372]; 
ISIC_0016007_segmentation.png@#@[182, 201, 286, 344]; 
ISIC_0016008_segmentation.png@#@[104, 89, 248, 413]; 
ISIC_0016009_segmentation.png@#@[178, 151, 280, 312]; 
ISIC_0016011_segmentation.png@#@[193, 169, 250, 261]; 
ISIC_0016012_segmentation.png@#@[169, 258, 270, 356]; 
ISIC_0016013_segmentation.png@#@[179, 183, 249, 322]; 
ISIC_0016014_segmentation.png@#@[145, 215, 261, 349]; 
ISIC_0016015_segmentation.png@#@[173, 159, 280, 344]; 
ISIC_0016016_segmentation.png@#@[61, 69, 219, 349]; 
ISIC_0016017_segmentation.png@#@[179, 184, 260, 276]; 
ISIC_0016018_segmentation.png@#@[174, 262, 272, 350]; 
ISIC_0016019_segmentation.png@#@[179, 152, 273, 288]; 
ISIC_0016022_segmentation.png@#@[124, 255, 217, 382]; 
ISIC_0016023_segmentation.png@#@[178, 144, 270, 260]; 
ISIC_0016024_segmentation.png@#@[159, 133, 280, 355]; 
ISIC_0016025_segmentation.png@#@[107, 77, 307, 405]; 
ISIC_0016026_segmentation.png@#@[192, 172, 266, 283]; 
ISIC_0016027_segmentation.png@#@[207, 182, 249, 253]; 
ISIC_0016028_segmentation.png@#@[185, 117, 260, 217]; 
ISIC_0016029_segmentation.png@#@[134, 147, 291, 333]; 
ISIC_0016030_segmentation.png@#@[104, 72, 236, 274]; 
ISIC_0016031_segmentation.png@#@[153, 159, 336, 331]; 
ISIC_0016033_segmentation.png@#@[148, 81, 293, 285]; 
ISIC_0016034_segmentation.png@#@[323, 105, 406, 227]; 
ISIC_0016035_segmentation.png@#@[0, 0, 448, 448]; 
ISIC_0016036_segmentation.png@#@[96, 112, 338, 430]; 
ISIC_0016037_segmentation.png@#@[160, 176, 359, 359]; 
ISIC_0016038_segmentation.png@#@[199, 171, 269, 250]; 
ISIC_0016040_segmentation.png@#@[169, 119, 266, 257]; 
ISIC_0016041_segmentation.png@#@[185, 172, 269, 321]; 
ISIC_0016042_segmentation.png@#@[184, 153, 283, 282]; 
ISIC_0016043_segmentation.png@#@[171, 216, 258, 317]; 
ISIC_0016044_segmentation.png@#@[179, 130, 278, 300]; 
ISIC_0016045_segmentation.png@#@[184, 150, 258, 240]; 
ISIC_0016046_segmentation.png@#@[184, 128, 274, 287]; 
ISIC_0016048_segmentation.png@#@[189, 223, 241, 303]; 
ISIC_0016049_segmentation.png@#@[154, 83, 271, 273]; 
ISIC_0016050_segmentation.png@#@[196, 242, 255, 340]; 
ISIC_0016051_segmentation.png@#@[159, 174, 240, 275]; 
ISIC_0016052_segmentation.png@#@[136, 80, 307, 374]; 
ISIC_0016053_segmentation.png@#@[170, 192, 212, 261]; 
ISIC_0016054_segmentation.png@#@[181, 173, 313, 382]; 
ISIC_0016055_segmentation.png@#@[118, 36, 339, 383]; 
ISIC_0016056_segmentation.png@#@[211, 161, 258, 254]; 
ISIC_0016057_segmentation.png@#@[162, 167, 285, 296]; 
ISIC_0016058_segmentation.png@#@[191, 271, 244, 389]; 
ISIC_0016059_segmentation.png@#@[193, 236, 256, 330]; 
ISIC_0016060_segmentation.png@#@[197, 153, 273, 253]; 
ISIC_0016061_segmentation.png@#@[196, 232, 246, 304]; 
ISIC_0016062_segmentation.png@#@[179, 173, 267, 285]; 
ISIC_0016063_segmentation.png@#@[210, 235, 269, 321]; 
ISIC_0016064_segmentation.png@#@[189, 158, 257, 249]; 
ISIC_0016065_segmentation.png@#@[199, 170, 251, 253]; 
ISIC_0016066_segmentation.png@#@[180, 223, 308, 418]; 
ISIC_0016068_segmentation.png@#@[151, 121, 310, 378]; 
ISIC_0016069_segmentation.png@#@[195, 231, 263, 334]; 
ISIC_0016070_segmentation.png@#@[196, 208, 274, 301]; 
ISIC_0016071_segmentation.png@#@[164, 192, 270, 285]; 
ISIC_0016072_segmentation.png@#@[170, 197, 308, 403]; 
