COCO_train2014_000000000321.png@#@[56, 43, 204, 394]; [260, 63, 422, 286]; [254, 186, 427, 407]; 
COCO_train2014_000000000419.png@#@[88, 120, 118, 260]; [318, 217, 409, 448]; [98, 111, 125, 128]; 
COCO_train2014_000000000531.png@#@[59, 239, 84, 301]; [183, 232, 211, 315]; [209, 278, 216, 300]; [60, 259, 68, 270]; 
COCO_train2014_000000001014.png@#@[160, 187, 241, 448]; [160, 163, 306, 448]; [235, 358, 312, 448]; 
COCO_train2014_000000001386.png@#@[323, 0, 445, 211]; 
COCO_train2014_000000001523.png@#@[67, 73, 440, 362]; 
COCO_train2014_000000001926.png@#@[86, 150, 330, 329]; 
COCO_train2014_000000002258.png@#@[0, 32, 416, 293]; [280, 291, 374, 379]; 
COCO_train2014_000000002860.png@#@[36, 141, 398, 327]; [68, 2, 230, 139]; 
COCO_train2014_000000003713.png@#@[59, 192, 93, 231]; [225, 175, 244, 228]; [254, 163, 268, 197]; 
COCO_train2014_000000003911.png@#@[17, 141, 351, 330]; 
COCO_train2014_000000004180.png@#@[111, 38, 344, 421]; [295, 5, 448, 305]; 
COCO_train2014_000000004488.png@#@[23, 0, 250, 246]; [82, 266, 414, 437]; 
COCO_train2014_000000004662.png@#@[0, 130, 31, 342]; [34, 174, 100, 309]; [160, 113, 258, 316]; 
COCO_train2014_000000004823.png@#@[77, 60, 275, 448]; [350, 318, 434, 448]; 
COCO_train2014_000000005115.png@#@[95, 192, 157, 266]; 
COCO_train2014_000000005288.png@#@[0, 31, 281, 448]; 
COCO_train2014_000000005632.png@#@[13, 53, 392, 448]; [209, 112, 448, 445]; 
COCO_train2014_000000005917.png@#@[88, 133, 159, 322]; [195, 205, 278, 342]; [266, 150, 340, 337]; 
COCO_train2014_000000006709.png@#@[144, 75, 326, 391]; [286, 95, 333, 306]; 
COCO_train2014_000000006842.png@#@[39, 109, 178, 290]; [243, 126, 427, 288]; 
COCO_train2014_000000007713.png@#@[53, 135, 409, 333]; 
COCO_train2014_000000008014.png@#@[88, 6, 325, 447]; [131, 256, 448, 448]; 
COCO_train2014_000000008553.png@#@[151, 182, 211, 397]; [186, 181, 240, 411]; [141, 394, 302, 417]; [126, 383, 288, 397]; 
COCO_train2014_000000008776.png@#@[15, 29, 403, 284]; 
COCO_train2014_000000009148.png@#@[47, 0, 366, 390]; 
COCO_train2014_000000009712.png@#@[120, 0, 448, 448]; 
COCO_train2014_000000010083.png@#@[83, 4, 264, 237]; [102, 177, 328, 359]; [177, 246, 359, 410]; 
COCO_train2014_000000010346.png@#@[53, 90, 157, 262]; 
COCO_train2014_000000010877.png@#@[45, 124, 307, 444]; [307, 204, 373, 306]; 
COCO_train2014_000000011265.png@#@[218, 103, 245, 139]; 
COCO_train2014_000000011403.png@#@[127, 97, 304, 294]; 
COCO_train2014_000000011569.png@#@[103, 192, 181, 290]; [202, 144, 347, 311]; 
COCO_train2014_000000012109.png@#@[20, 95, 120, 394]; [113, 93, 405, 384]; 
COCO_train2014_000000012428.png@#@[161, 154, 185, 311]; [126, 59, 188, 136]; [295, 183, 336, 236]; [215, 105, 295, 196]; [335, 159, 379, 210]; 
COCO_train2014_000000012803.png@#@[191, 109, 426, 364]; 
COCO_train2014_000000012891.png@#@[85, 214, 283, 283]; 
COCO_train2014_000000013143.png@#@[123, 35, 165, 216]; [180, 57, 282, 415]; 
COCO_train2014_000000013636.png@#@[55, 148, 184, 281]; [87, 101, 447, 448]; 
COCO_train2014_000000014014.png@#@[25, 0, 222, 263]; [211, 1, 412, 247]; 
COCO_train2014_000000014244.png@#@[165, 276, 256, 448]; [141, 0, 309, 260]; 
COCO_train2014_000000014502.png@#@[264, 121, 410, 448]; [356, 123, 448, 434]; 
COCO_train2014_000000014886.png@#@[28, 60, 412, 412]; 
COCO_train2014_000000015110.png@#@[50, 197, 149, 448]; [166, 122, 272, 448]; [18, 105, 159, 218]; [295, 123, 384, 435]; 
COCO_train2014_000000015564.png@#@[232, 92, 279, 227]; [172, 103, 227, 219]; 
COCO_train2014_000000016364.png@#@[359, 340, 432, 448]; 
COCO_train2014_000000016957.png@#@[377, 236, 398, 246]; [74, 311, 213, 369]; [100, 305, 122, 331]; [85, 250, 105, 338]; [73, 315, 88, 337]; 
COCO_train2014_000000017675.png@#@[52, 157, 408, 288]; 
COCO_train2014_000000018439.png@#@[62, 203, 402, 396]; 
COCO_train2014_000000018780.png@#@[69, 114, 300, 219]; [56, 207, 448, 448]; 
COCO_train2014_000000019450.png@#@[275, 253, 358, 411]; [106, 255, 237, 420]; [340, 222, 389, 381]; 
COCO_train2014_000000019707.png@#@[92, 0, 250, 249]; 
COCO_train2014_000000019994.png@#@[113, 33, 446, 448]; [132, 161, 185, 370]; 
COCO_train2014_000000020418.png@#@[75, 156, 180, 352]; 
COCO_train2014_000000020770.png@#@[27, 0, 122, 335]; [2, 190, 164, 413]; 
COCO_train2014_000000021353.png@#@[29, 177, 262, 448]; 
COCO_train2014_000000021622.png@#@[181, 161, 315, 379]; 
COCO_train2014_000000021942.png@#@[18, 147, 356, 327]; 
COCO_train2014_000000022326.png@#@[167, 0, 312, 244]; [20, 97, 352, 389]; 
COCO_train2014_000000022650.png@#@[92, 177, 264, 448]; 
COCO_train2014_000000022796.png@#@[155, 230, 356, 412]; [122, 0, 261, 391]; 
COCO_train2014_000000023098.png@#@[158, 49, 206, 220]; [271, 209, 325, 271]; [300, 134, 310, 149]; [113, 147, 273, 408]; 
COCO_train2014_000000023315.png@#@[178, 116, 309, 437]; 
COCO_train2014_000000023914.png@#@[86, 158, 270, 417]; [0, 23, 178, 315]; [202, 333, 354, 448]; 
COCO_train2014_000000024042.png@#@[66, 82, 278, 371]; 
COCO_train2014_000000024401.png@#@[160, 159, 261, 226]; 
COCO_train2014_000000024712.png@#@[57, 64, 193, 448]; [180, 42, 351, 448]; [229, 275, 381, 446]; [38, 376, 203, 448]; 
COCO_train2014_000000025058.png@#@[197, 178, 266, 213]; [228, 213, 255, 350]; [186, 209, 231, 358]; [211, 216, 224, 245]; 
COCO_train2014_000000025414.png@#@[0, 0, 448, 448]; 
COCO_train2014_000000025746.png@#@[207, 112, 265, 308]; 
COCO_train2014_000000026506.png@#@[31, 186, 48, 216]; [110, 186, 146, 223]; [371, 188, 409, 224]; [258, 212, 287, 259]; 
COCO_train2014_000000026829.png@#@[108, 281, 170, 391]; 
COCO_train2014_000000027424.png@#@[3, 0, 169, 448]; 
COCO_train2014_000000027718.png@#@[167, 118, 405, 274]; 
COCO_train2014_000000027974.png@#@[153, 109, 274, 229]; 
COCO_train2014_000000028263.png@#@[23, 56, 383, 446]; 
COCO_train2014_000000028525.png@#@[216, 106, 300, 448]; [52, 62, 246, 328]; 
COCO_train2014_000000029161.png@#@[189, 203, 335, 383]; 
COCO_train2014_000000029607.png@#@[118, 57, 267, 371]; 
COCO_train2014_000000030288.png@#@[57, 56, 148, 448]; [197, 105, 288, 448]; 
COCO_train2014_000000031090.png@#@[0, 0, 417, 423]; 
COCO_train2014_000000031329.png@#@[163, 249, 246, 311]; [246, 4, 448, 448]; 
COCO_train2014_000000031922.png@#@[134, 118, 337, 448]; [76, 357, 184, 427]; 
COCO_train2014_000000032627.png@#@[120, 166, 218, 385]; 
COCO_train2014_000000032757.png@#@[103, 201, 234, 419]; 
COCO_train2014_000000032949.png@#@[306, 157, 379, 299]; [0, 0, 339, 448]; 
COCO_train2014_000000033494.png@#@[53, 64, 400, 439]; 
COCO_train2014_000000033633.png@#@[186, 163, 295, 334]; [48, 136, 192, 297]; 
COCO_train2014_000000033888.png@#@[290, 234, 321, 274]; 
COCO_train2014_000000034120.png@#@[300, 88, 377, 340]; [147, 105, 246, 323]; [70, 175, 193, 426]; 
COCO_train2014_000000034489.png@#@[96, 117, 247, 256]; 
COCO_train2014_000000035045.png@#@[217, 199, 307, 448]; 
COCO_train2014_000000035265.png@#@[213, 0, 423, 448]; [13, 57, 243, 448]; 
COCO_train2014_000000035427.png@#@[2, 9, 223, 351]; [202, 52, 446, 448]; 
COCO_train2014_000000035712.png@#@[191, 153, 337, 253]; [0, 193, 442, 364]; 
COCO_train2014_000000036303.png@#@[0, 0, 448, 448]; [173, 267, 390, 437]; 
COCO_train2014_000000036567.png@#@[65, 92, 176, 428]; 
COCO_train2014_000000036968.png@#@[139, 102, 441, 448]; 
COCO_train2014_000000037169.png@#@[197, 217, 316, 318]; [313, 217, 356, 287]; 
COCO_train2014_000000037326.png@#@[174, 238, 283, 344]; 
COCO_train2014_000000037477.png@#@[152, 168, 238, 273]; 
COCO_train2014_000000037852.png@#@[0, 288, 448, 448]; [0, 0, 381, 392]; 
COCO_train2014_000000038274.png@#@[172, 80, 295, 396]; [268, 282, 354, 438]; [263, 177, 356, 358]; 
COCO_train2014_000000038722.png@#@[52, 105, 181, 448]; 
COCO_train2014_000000039065.png@#@[0, 0, 448, 448]; [186, 140, 238, 203]; 
COCO_train2014_000000039438.png@#@[116, 65, 390, 384]; 
COCO_train2014_000000039733.png@#@[137, 189, 328, 316]; 
COCO_train2014_000000040130.png@#@[68, 11, 270, 415]; 
COCO_train2014_000000040891.png@#@[340, 271, 367, 373]; [0, 106, 430, 403]; 
COCO_train2014_000000041097.png@#@[81, 195, 300, 422]; 
COCO_train2014_000000041398.png@#@[109, 127, 347, 375]; 
COCO_train2014_000000041818.png@#@[43, 49, 209, 448]; [251, 109, 448, 448]; 
COCO_train2014_000000042156.png@#@[90, 18, 267, 346]; 
COCO_train2014_000000042707.png@#@[0, 190, 304, 320]; 
COCO_train2014_000000042972.png@#@[237, 191, 422, 341]; 
COCO_train2014_000000043750.png@#@[170, 0, 286, 337]; [184, 133, 304, 393]; 
COCO_train2014_000000044170.png@#@[92, 28, 392, 425]; 
COCO_train2014_000000044763.png@#@[181, 162, 302, 326]; [281, 138, 408, 296]; 
COCO_train2014_000000044818.png@#@[90, 20, 148, 172]; [176, 72, 356, 304]; [325, 345, 363, 406]; [73, 267, 301, 393]; 
COCO_train2014_000000045071.png@#@[102, 51, 448, 448]; 
COCO_train2014_000000045292.png@#@[187, 109, 269, 448]; 
COCO_train2014_000000045475.png@#@[147, 32, 300, 410]; [97, 175, 352, 417]; 
COCO_train2014_000000045558.png@#@[64, 17, 367, 265]; [91, 242, 374, 375]; 
COCO_train2014_000000045808.png@#@[41, 42, 206, 287]; [202, 217, 288, 330]; [199, 121, 283, 217]; 
COCO_train2014_000000046255.png@#@[111, 58, 336, 437]; 
COCO_train2014_000000046564.png@#@[258, 341, 272, 419]; [269, 340, 339, 408]; [352, 347, 370, 400]; [319, 345, 348, 440]; 
COCO_train2014_000000047022.png@#@[188, 118, 271, 289]; 
COCO_train2014_000000047407.png@#@[118, 158, 423, 416]; [170, 224, 205, 441]; 
COCO_train2014_000000047652.png@#@[35, 57, 315, 370]; [211, 139, 344, 185]; 
COCO_train2014_000000047909.png@#@[0, 67, 206, 361]; [0, 246, 209, 380]; 
COCO_train2014_000000048047.png@#@[354, 211, 394, 332]; 
COCO_train2014_000000048747.png@#@[216, 39, 403, 148]; 
COCO_train2014_000000049053.png@#@[158, 222, 363, 341]; [98, 147, 261, 224]; [85, 96, 218, 149]; 
COCO_train2014_000000049384.png@#@[312, 276, 365, 399]; 
COCO_train2014_000000049719.png@#@[60, 0, 419, 448]; 
COCO_train2014_000000050003.png@#@[0, 48, 342, 427]; 
COCO_train2014_000000050518.png@#@[152, 112, 285, 434]; 
COCO_train2014_000000050878.png@#@[109, 71, 232, 448]; [216, 75, 332, 448]; 
COCO_train2014_000000051021.png@#@[125, 52, 213, 170]; [211, 47, 294, 156]; 
COCO_train2014_000000051478.png@#@[73, 50, 448, 445]; 
COCO_train2014_000000051639.png@#@[0, 207, 402, 448]; [293, 116, 405, 240]; 
COCO_train2014_000000052030.png@#@[147, 99, 414, 448]; 
COCO_train2014_000000052151.png@#@[151, 171, 295, 278]; 
COCO_train2014_000000052497.png@#@[315, 213, 379, 320]; 
COCO_train2014_000000052901.png@#@[7, 61, 184, 448]; [121, 1, 325, 448]; [162, 229, 248, 362]; [230, 7, 448, 448]; [316, 412, 361, 448]; 
COCO_train2014_000000053143.png@#@[216, 163, 330, 342]; [321, 213, 423, 438]; 
COCO_train2014_000000053351.png@#@[87, 0, 307, 324]; [193, 341, 258, 395]; 
COCO_train2014_000000053479.png@#@[93, 145, 387, 363]; [53, 52, 337, 385]; 
COCO_train2014_000000054065.png@#@[152, 164, 202, 360]; [230, 243, 295, 385]; [177, 162, 202, 223]; [308, 168, 356, 377]; 
COCO_train2014_000000054260.png@#@[26, 147, 354, 433]; 
COCO_train2014_000000054541.png@#@[46, 52, 155, 448]; [175, 82, 265, 448]; [292, 60, 391, 448]; 
COCO_train2014_000000054868.png@#@[237, 114, 288, 321]; [207, 121, 241, 147]; 
COCO_train2014_000000055128.png@#@[95, 56, 340, 401]; 
COCO_train2014_000000055398.png@#@[148, 147, 220, 334]; [206, 105, 291, 334]; [200, 231, 236, 292]; 
COCO_train2014_000000055517.png@#@[168, 48, 247, 448]; [328, 44, 422, 378]; 
COCO_train2014_000000055712.png@#@[161, 16, 347, 448]; 
COCO_train2014_000000055891.png@#@[0, 60, 448, 448]; 
COCO_train2014_000000056262.png@#@[122, 2, 448, 448]; [111, 0, 371, 252]; 
COCO_train2014_000000056480.png@#@[139, 50, 399, 291]; 
COCO_train2014_000000057199.png@#@[100, 124, 204, 448]; [209, 156, 294, 448]; 
COCO_train2014_000000057481.png@#@[4, 221, 155, 448]; [123, 249, 214, 357]; [211, 221, 287, 370]; 
COCO_train2014_000000058105.png@#@[315, 0, 402, 447]; 
COCO_train2014_000000058281.png@#@[108, 130, 176, 326]; [340, 121, 382, 347]; 
COCO_train2014_000000058482.png@#@[54, 188, 293, 316]; [73, 15, 448, 447]; 
COCO_train2014_000000058864.png@#@[6, 63, 232, 335]; [260, 79, 301, 208]; [298, 285, 365, 350]; [302, 55, 340, 197]; 
COCO_train2014_000000059024.png@#@[61, 268, 170, 444]; [151, 313, 199, 349]; [197, 11, 448, 448]; [155, 0, 300, 398]; 
COCO_train2014_000000059611.png@#@[134, 59, 404, 388]; 
COCO_train2014_000000059971.png@#@[78, 111, 368, 390]; [204, 60, 263, 294]; 
COCO_train2014_000000060245.png@#@[20, 60, 430, 412]; 
COCO_train2014_000000060720.png@#@[130, 175, 200, 342]; [202, 189, 260, 343]; 
COCO_train2014_000000061206.png@#@[6, 203, 60, 400]; [165, 100, 400, 372]; 
COCO_train2014_000000061877.png@#@[139, 20, 254, 407]; [274, 21, 387, 427]; 
COCO_train2014_000000062204.png@#@[43, 46, 302, 309]; 
COCO_train2014_000000062547.png@#@[0, 25, 153, 263]; [231, 1, 448, 406]; [294, 230, 396, 399]; 
COCO_train2014_000000062815.png@#@[171, 252, 283, 356]; 
COCO_train2014_000000063275.png@#@[183, 183, 309, 353]; 
COCO_train2014_000000063745.png@#@[102, 24, 141, 143]; [77, 197, 121, 277]; 
COCO_train2014_000000064534.png@#@[103, 86, 239, 448]; [84, 307, 129, 384]; 
COCO_train2014_000000064893.png@#@[123, 301, 271, 376]; [308, 354, 442, 448]; 
COCO_train2014_000000065329.png@#@[95, 203, 281, 378]; 
COCO_train2014_000000065668.png@#@[170, 116, 234, 171]; [109, 131, 247, 213]; [0, 200, 193, 360]; 
COCO_train2014_000000066014.png@#@[0, 118, 447, 306]; 
COCO_train2014_000000066164.png@#@[0, 0, 448, 381]; 
COCO_train2014_000000066862.png@#@[189, 200, 237, 410]; [179, 180, 215, 211]; 
COCO_train2014_000000067248.png@#@[146, 89, 402, 448]; 
COCO_train2014_000000067748.png@#@[58, 147, 214, 390]; [156, 118, 448, 408]; 
COCO_train2014_000000068152.png@#@[158, 90, 300, 279]; 
COCO_train2014_000000068305.png@#@[35, 204, 147, 263]; [126, 245, 258, 333]; 
COCO_train2014_000000068717.png@#@[86, 35, 307, 448]; 
COCO_train2014_000000068895.png@#@[166, 171, 232, 336]; [232, 171, 269, 188]; 
COCO_train2014_000000069148.png@#@[167, 130, 249, 251]; [229, 157, 244, 170]; 
COCO_train2014_000000069355.png@#@[136, 136, 342, 328]; 
COCO_train2014_000000069874.png@#@[337, 146, 371, 191]; 
COCO_train2014_000000070295.png@#@[138, 119, 326, 448]; [172, 254, 210, 403]; [232, 339, 259, 376]; [222, 254, 318, 325]; 
COCO_train2014_000000070868.png@#@[150, 188, 278, 247]; 
COCO_train2014_000000071265.png@#@[117, 317, 312, 448]; [242, 294, 258, 326]; [121, 0, 287, 342]; 
COCO_train2014_000000071344.png@#@[183, 302, 278, 322]; [209, 181, 253, 315]; 
COCO_train2014_000000071769.png@#@[185, 191, 263, 418]; [2, 221, 109, 351]; 
COCO_train2014_000000071984.png@#@[34, 20, 186, 448]; [180, 133, 281, 448]; [221, 233, 233, 244]; [68, 308, 81, 343]; 
COCO_train2014_000000072263.png@#@[87, 46, 381, 383]; 
COCO_train2014_000000072605.png@#@[53, 85, 278, 448]; 
COCO_train2014_000000072998.png@#@[0, 173, 393, 395]; 
COCO_train2014_000000073163.png@#@[0, 148, 48, 198]; [311, 169, 443, 221]; 
COCO_train2014_000000073904.png@#@[59, 183, 218, 405]; 
COCO_train2014_000000074411.png@#@[64, 175, 224, 293]; [186, 187, 370, 308]; 
COCO_train2014_000000075170.png@#@[100, 0, 431, 448]; 
COCO_train2014_000000075747.png@#@[72, 255, 118, 277]; [0, 111, 126, 408]; 
COCO_train2014_000000076541.png@#@[156, 0, 276, 295]; [157, 314, 371, 421]; 
COCO_train2014_000000077067.png@#@[0, 261, 209, 426]; 
COCO_train2014_000000077346.png@#@[98, 52, 354, 394]; 
COCO_train2014_000000077639.png@#@[124, 104, 213, 366]; 
COCO_train2014_000000078286.png@#@[81, 140, 115, 257]; [325, 170, 353, 264]; [370, 174, 403, 267]; 
COCO_train2014_000000078536.png@#@[0, 40, 448, 266]; [96, 273, 210, 396]; 
COCO_train2014_000000079076.png@#@[78, 247, 240, 414]; [38, 189, 306, 442]; [285, 133, 399, 246]; [64, 41, 191, 182]; 
COCO_train2014_000000079313.png@#@[5, 41, 210, 378]; [274, 74, 448, 397]; 
COCO_train2014_000000079783.png@#@[0, 0, 118, 448]; [35, 0, 144, 410]; [307, 235, 448, 434]; 
COCO_train2014_000000080311.png@#@[11, 75, 178, 448]; 
COCO_train2014_000000080441.png@#@[358, 274, 387, 377]; [48, 291, 148, 349]; 
COCO_train2014_000000080857.png@#@[1, 228, 376, 448]; [251, 155, 343, 249]; [277, 154, 359, 244]; 
COCO_train2014_000000081084.png@#@[177, 182, 239, 264]; 
COCO_train2014_000000081379.png@#@[96, 75, 254, 345]; 
COCO_train2014_000000081748.png@#@[120, 140, 448, 448]; [247, 234, 401, 448]; 
COCO_train2014_000000081842.png@#@[215, 279, 318, 328]; [156, 125, 178, 173]; [22, 82, 59, 144]; [106, 113, 134, 167]; 
COCO_train2014_000000082246.png@#@[47, 35, 252, 431]; [170, 26, 407, 412]; 
COCO_train2014_000000082705.png@#@[0, 133, 428, 294]; 
COCO_train2014_000000083085.png@#@[349, 83, 367, 111]; [60, 270, 90, 368]; 
COCO_train2014_000000083600.png@#@[74, 85, 367, 348]; 
COCO_train2014_000000083869.png@#@[99, 138, 172, 393]; [155, 120, 181, 176]; [291, 149, 347, 392]; [208, 204, 286, 377]; 
COCO_train2014_000000084174.png@#@[85, 109, 204, 311]; [235, 179, 353, 313]; [221, 241, 236, 266]; [323, 131, 408, 322]; [100, 50, 120, 110]; 
COCO_train2014_000000084295.png@#@[197, 200, 231, 245]; 
COCO_train2014_000000084786.png@#@[114, 174, 248, 254]; 
COCO_train2014_000000085092.png@#@[87, 293, 216, 407]; [266, 92, 332, 328]; 
COCO_train2014_000000085781.png@#@[27, 137, 381, 314]; [35, 164, 421, 448]; 
COCO_train2014_000000086169.png@#@[137, 96, 414, 315]; 
COCO_train2014_000000086378.png@#@[155, 145, 234, 307]; [286, 214, 312, 233]; [310, 145, 423, 332]; [351, 122, 382, 165]; 
COCO_train2014_000000086655.png@#@[85, 87, 448, 448]; [237, 34, 391, 415]; 
COCO_train2014_000000086777.png@#@[154, 73, 266, 378]; [137, 95, 314, 397]; 
COCO_train2014_000000086927.png@#@[1, 299, 228, 442]; [214, 226, 236, 263]; [237, 236, 253, 277]; 
COCO_train2014_000000087232.png@#@[94, 65, 407, 399]; [81, 195, 208, 396]; 
COCO_train2014_000000087554.png@#@[270, 149, 379, 208]; [280, 190, 373, 443]; [1, 204, 111, 443]; 
COCO_train2014_000000087987.png@#@[125, 133, 237, 448]; [224, 190, 295, 305]; [53, 201, 171, 309]; 
COCO_train2014_000000088540.png@#@[0, 315, 272, 442]; 
COCO_train2014_000000088956.png@#@[272, 284, 296, 381]; 
COCO_train2014_000000089598.png@#@[114, 104, 232, 429]; [53, 261, 134, 343]; [258, 122, 274, 156]; [250, 18, 303, 268]; 
COCO_train2014_000000089835.png@#@[32, 0, 314, 444]; 
COCO_train2014_000000090237.png@#@[208, 91, 252, 199]; [36, 192, 166, 232]; [210, 204, 267, 278]; [290, 194, 421, 246]; [100, 195, 199, 259]; [263, 203, 352, 264]; 
COCO_train2014_000000090830.png@#@[15, 0, 346, 430]; 
COCO_train2014_000000091006.png@#@[0, 230, 315, 431]; [164, 86, 385, 299]; 
COCO_train2014_000000091581.png@#@[130, 109, 199, 363]; [194, 256, 224, 359]; 
COCO_train2014_000000091858.png@#@[160, 122, 186, 175]; [184, 179, 262, 229]; 
COCO_train2014_000000092006.png@#@[271, 267, 448, 404]; [123, 293, 273, 372]; 
COCO_train2014_000000092331.png@#@[25, 70, 134, 212]; 
COCO_train2014_000000092661.png@#@[47, 323, 209, 448]; 
COCO_train2014_000000092957.png@#@[42, 124, 154, 386]; [235, 0, 367, 440]; 
COCO_train2014_000000093332.png@#@[230, 33, 378, 448]; [169, 61, 227, 102]; [79, 221, 116, 320]; 
COCO_train2014_000000093519.png@#@[274, 41, 398, 393]; [286, 172, 381, 259]; 
COCO_train2014_000000093838.png@#@[209, 90, 423, 448]; [221, 113, 336, 346]; 
COCO_train2014_000000094223.png@#@[148, 189, 249, 296]; 
COCO_train2014_000000094770.png@#@[86, 108, 277, 448]; [192, 329, 410, 429]; 
COCO_train2014_000000095506.png@#@[158, 231, 205, 263]; [177, 247, 194, 335]; [1, 265, 92, 360]; [158, 247, 181, 339]; 
COCO_train2014_000000095828.png@#@[151, 149, 212, 221]; [212, 161, 255, 225]; [302, 187, 353, 235]; 
COCO_train2014_000000096497.png@#@[141, 319, 353, 448]; 
COCO_train2014_000000096754.png@#@[368, 256, 390, 357]; [300, 125, 377, 396]; [145, 183, 176, 297]; [67, 132, 134, 343]; 
COCO_train2014_000000097396.png@#@[65, 7, 336, 448]; 
COCO_train2014_000000097591.png@#@[92, 172, 260, 317]; [188, 115, 239, 198]; [136, 89, 195, 203]; 
COCO_train2014_000000098503.png@#@[15, 93, 206, 448]; [108, 94, 184, 225]; [337, 93, 448, 348]; 
COCO_train2014_000000098694.png@#@[118, 16, 343, 301]; [82, 315, 385, 437]; 
COCO_train2014_000000099070.png@#@[29, 0, 227, 448]; 
COCO_train2014_000000099139.png@#@[44, 70, 446, 312]; 
COCO_train2014_000000099372.png@#@[0, 0, 448, 448]; [157, 164, 448, 328]; 
COCO_train2014_000000099476.png@#@[190, 205, 234, 314]; [158, 209, 191, 245]; 
COCO_train2014_000000099701.png@#@[48, 133, 260, 265]; 
COCO_train2014_000000099844.png@#@[74, 142, 310, 317]; 
COCO_train2014_000000100331.png@#@[68, 118, 311, 282]; 
COCO_train2014_000000101014.png@#@[269, 122, 448, 319]; 
COCO_train2014_000000101310.png@#@[114, 169, 322, 297]; 
COCO_train2014_000000101510.png@#@[193, 38, 342, 206]; [282, 91, 347, 157]; 
COCO_train2014_000000101814.png@#@[176, 226, 248, 348]; 
COCO_train2014_000000102171.png@#@[141, 157, 291, 360]; 
COCO_train2014_000000102529.png@#@[119, 0, 448, 431]; [123, 276, 310, 381]; 
COCO_train2014_000000102787.png@#@[44, 114, 177, 448]; 
COCO_train2014_000000103332.png@#@[176, 211, 244, 369]; 
COCO_train2014_000000104177.png@#@[0, 221, 107, 366]; [207, 222, 340, 329]; [310, 273, 390, 358]; 
COCO_train2014_000000104493.png@#@[353, 238, 379, 293]; [340, 287, 448, 363]; [237, 301, 274, 354]; [257, 309, 356, 386]; [42, 300, 97, 349]; 
COCO_train2014_000000105192.png@#@[162, 31, 241, 448]; 
COCO_train2014_000000105520.png@#@[176, 35, 295, 197]; 
COCO_train2014_000000105643.png@#@[191, 45, 351, 218]; [52, 13, 364, 406]; [345, 220, 448, 377]; 
COCO_train2014_000000105820.png@#@[0, 287, 145, 373]; 
COCO_train2014_000000105933.png@#@[132, 150, 288, 448]; [227, 164, 280, 398]; 
COCO_train2014_000000106525.png@#@[0, 26, 167, 448]; [77, 111, 448, 448]; [267, 149, 383, 295]; 
COCO_train2014_000000106646.png@#@[52, 71, 230, 335]; [257, 216, 444, 372]; [130, 61, 253, 234]; 
COCO_train2014_000000106832.png@#@[169, 118, 435, 410]; 
COCO_train2014_000000107129.png@#@[6, 30, 407, 448]; 
COCO_train2014_000000107586.png@#@[25, 0, 419, 395]; [130, 198, 167, 361]; 
COCO_train2014_000000107884.png@#@[122, 222, 162, 286]; 
COCO_train2014_000000108282.png@#@[127, 68, 357, 416]; [202, 193, 265, 231]; 
COCO_train2014_000000108501.png@#@[120, 223, 285, 448]; [6, 211, 151, 448]; 
COCO_train2014_000000108862.png@#@[0, 0, 206, 369]; [188, 24, 327, 301]; 
COCO_train2014_000000109208.png@#@[214, 122, 291, 345]; 
COCO_train2014_000000109778.png@#@[276, 0, 448, 395]; 
COCO_train2014_000000109928.png@#@[106, 114, 381, 429]; [206, 287, 415, 448]; 
COCO_train2014_000000110240.png@#@[13, 196, 129, 357]; [149, 125, 346, 371]; [0, 22, 445, 448]; 
COCO_train2014_000000110488.png@#@[157, 8, 248, 437]; 
COCO_train2014_000000110735.png@#@[125, 176, 271, 269]; 
COCO_train2014_000000111148.png@#@[199, 189, 269, 354]; 
COCO_train2014_000000111422.png@#@[248, 256, 302, 368]; [237, 318, 253, 360]; 
COCO_train2014_000000111673.png@#@[143, 209, 296, 369]; 
COCO_train2014_000000111922.png@#@[185, 123, 251, 434]; [337, 142, 420, 402]; 
COCO_train2014_000000112272.png@#@[3, 127, 86, 357]; [95, 183, 182, 367]; [222, 125, 241, 211]; [230, 76, 340, 343]; 
COCO_train2014_000000112805.png@#@[190, 173, 367, 409]; [129, 147, 201, 266]; 
COCO_train2014_000000112992.png@#@[31, 121, 234, 378]; [155, 108, 268, 362]; [212, 121, 330, 365]; 
COCO_train2014_000000113370.png@#@[32, 109, 320, 341]; 
COCO_train2014_000000113598.png@#@[106, 303, 118, 364]; 
COCO_train2014_000000113725.png@#@[110, 184, 213, 448]; 
COCO_train2014_000000114169.png@#@[0, 115, 448, 448]; 
COCO_train2014_000000114326.png@#@[22, 40, 238, 410]; 
COCO_train2014_000000114541.png@#@[92, 283, 266, 448]; 
COCO_train2014_000000115003.png@#@[262, 39, 370, 393]; 
COCO_train2014_000000115544.png@#@[117, 206, 160, 265]; 
COCO_train2014_000000116010.png@#@[44, 94, 328, 420]; 
COCO_train2014_000000116185.png@#@[29, 150, 448, 295]; 
COCO_train2014_000000116402.png@#@[0, 231, 204, 448]; [189, 270, 283, 448]; [278, 209, 356, 426]; [278, 107, 446, 448]; [124, 164, 212, 236]; 
COCO_train2014_000000117071.png@#@[354, 235, 399, 448]; [173, 259, 209, 392]; 
COCO_train2014_000000117555.png@#@[305, 15, 405, 212]; 
COCO_train2014_000000117884.png@#@[88, 67, 369, 410]; 
COCO_train2014_000000118404.png@#@[94, 69, 349, 307]; 
COCO_train2014_000000118680.png@#@[170, 184, 277, 309]; 
COCO_train2014_000000119053.png@#@[178, 74, 311, 396]; [116, 175, 365, 379]; 
COCO_train2014_000000119423.png@#@[55, 50, 79, 127]; [185, 33, 211, 112]; 
COCO_train2014_000000119755.png@#@[132, 124, 214, 242]; 
COCO_train2014_000000119891.png@#@[270, 275, 320, 384]; [107, 40, 150, 154]; [241, 301, 273, 388]; [232, 278, 285, 343]; 
COCO_train2014_000000120333.png@#@[0, 49, 339, 448]; [95, 265, 145, 286]; [156, 231, 190, 276]; 
COCO_train2014_000000120743.png@#@[13, 255, 106, 448]; 
COCO_train2014_000000121322.png@#@[6, 232, 90, 377]; 
COCO_train2014_000000121446.png@#@[0, 0, 266, 363]; [202, 123, 448, 448]; 
COCO_train2014_000000121769.png@#@[0, 0, 448, 448]; 
COCO_train2014_000000121943.png@#@[68, 65, 188, 409]; [122, 30, 256, 420]; [361, 364, 405, 424]; 
COCO_train2014_000000122352.png@#@[0, 81, 246, 296]; [246, 82, 448, 306]; 
COCO_train2014_000000123273.png@#@[112, 86, 342, 370]; 
COCO_train2014_000000123891.png@#@[226, 167, 268, 208]; 
COCO_train2014_000000123995.png@#@[0, 120, 420, 448]; 
COCO_train2014_000000124567.png@#@[143, 155, 247, 426]; 
COCO_train2014_000000124836.png@#@[295, 164, 422, 327]; 
COCO_train2014_000000125120.png@#@[8, 104, 113, 278]; [146, 89, 272, 245]; [351, 120, 448, 267]; 
COCO_train2014_000000125351.png@#@[206, 203, 233, 258]; [203, 255, 232, 277]; [329, 93, 377, 316]; 
COCO_train2014_000000125718.png@#@[85, 69, 269, 448]; [211, 161, 245, 182]; 
COCO_train2014_000000126433.png@#@[62, 280, 224, 448]; 
COCO_train2014_000000126808.png@#@[8, 24, 223, 448]; 
COCO_train2014_000000127122.png@#@[76, 85, 272, 291]; 
COCO_train2014_000000127342.png@#@[146, 50, 404, 300]; [20, 99, 155, 274]; [104, 259, 299, 367]; 
COCO_train2014_000000127558.png@#@[29, 72, 162, 237]; 
COCO_train2014_000000127744.png@#@[228, 113, 448, 448]; 
COCO_train2014_000000128278.png@#@[143, 169, 181, 361]; [226, 285, 289, 389]; 
COCO_train2014_000000128647.png@#@[0, 12, 155, 448]; [227, 132, 293, 411]; [273, 151, 448, 448]; 
COCO_train2014_000000128885.png@#@[69, 106, 196, 384]; 
COCO_train2014_000000129672.png@#@[193, 141, 310, 349]; [11, 178, 114, 336]; [258, 80, 283, 152]; [103, 202, 218, 329]; 
COCO_train2014_000000130786.png@#@[42, 0, 358, 365]; 
COCO_train2014_000000131044.png@#@[0, 107, 448, 284]; 
COCO_train2014_000000131299.png@#@[124, 66, 309, 307]; 
COCO_train2014_000000131697.png@#@[231, 37, 448, 363]; [202, 65, 356, 321]; [111, 235, 311, 413]; 
COCO_train2014_000000132000.png@#@[7, 226, 358, 328]; 
COCO_train2014_000000132529.png@#@[1, 35, 170, 422]; [235, 93, 421, 371]; 
COCO_train2014_000000132773.png@#@[20, 248, 232, 332]; [154, 256, 337, 308]; 
COCO_train2014_000000133229.png@#@[44, 70, 265, 374]; [228, 109, 417, 413]; [228, 296, 239, 319]; 
COCO_train2014_000000133573.png@#@[0, 0, 126, 247]; [139, 44, 362, 262]; [50, 319, 329, 448]; 
COCO_train2014_000000134144.png@#@[72, 95, 356, 309]; 
COCO_train2014_000000134430.png@#@[192, 212, 250, 259]; 
COCO_train2014_000000135345.png@#@[142, 182, 335, 419]; 
COCO_train2014_000000135475.png@#@[216, 100, 404, 270]; 
COCO_train2014_000000135989.png@#@[182, 166, 299, 448]; [214, 63, 448, 448]; 
COCO_train2014_000000136310.png@#@[11, 104, 216, 448]; [215, 74, 434, 308]; 
COCO_train2014_000000136700.png@#@[210, 123, 293, 371]; 
COCO_train2014_000000137100.png@#@[83, 116, 286, 236]; [89, 185, 293, 430]; [214, 329, 415, 448]; 
COCO_train2014_000000137806.png@#@[305, 105, 422, 341]; [141, 108, 233, 348]; [22, 97, 112, 306]; 
COCO_train2014_000000138116.png@#@[178, 221, 387, 376]; [244, 277, 448, 448]; 
COCO_train2014_000000138347.png@#@[135, 275, 168, 344]; [173, 259, 210, 346]; [223, 181, 258, 224]; [260, 261, 273, 309]; [372, 171, 448, 219]; [187, 218, 233, 274]; [278, 109, 335, 165]; [316, 86, 439, 138]; 
COCO_train2014_000000138582.png@#@[134, 257, 354, 402]; 
COCO_train2014_000000138910.png@#@[176, 211, 253, 294]; [183, 290, 243, 375]; 
COCO_train2014_000000139165.png@#@[0, 159, 133, 360]; [167, 178, 231, 314]; 
COCO_train2014_000000139469.png@#@[260, 235, 408, 358]; 
COCO_train2014_000000139625.png@#@[64, 108, 165, 357]; 
COCO_train2014_000000139915.png@#@[86, 189, 113, 266]; [83, 216, 274, 422]; 
COCO_train2014_000000139983.png@#@[15, 0, 434, 365]; 
COCO_train2014_000000140717.png@#@[123, 282, 143, 314]; 
COCO_train2014_000000140865.png@#@[5, 24, 418, 448]; [0, 114, 197, 419]; 
COCO_train2014_000000141302.png@#@[0, 0, 448, 448]; 
COCO_train2014_000000141860.png@#@[88, 176, 176, 332]; [168, 202, 211, 311]; [344, 209, 381, 273]; 
COCO_train2014_000000142051.png@#@[0, 210, 448, 448]; 
COCO_train2014_000000142393.png@#@[244, 95, 274, 137]; 
COCO_train2014_000000142629.png@#@[55, 49, 356, 433]; [121, 197, 180, 448]; 
COCO_train2014_000000142767.png@#@[0, 92, 182, 439]; [195, 47, 311, 223]; [259, 73, 448, 301]; 
COCO_train2014_000000143306.png@#@[103, 34, 197, 143]; 
COCO_train2014_000000143636.png@#@[97, 0, 311, 301]; [219, 278, 335, 415]; 
COCO_train2014_000000144093.png@#@[67, 60, 213, 281]; [235, 114, 308, 286]; 
COCO_train2014_000000144597.png@#@[221, 89, 397, 381]; 
COCO_train2014_000000144965.png@#@[0, 0, 448, 401]; [247, 252, 306, 333]; 
COCO_train2014_000000145179.png@#@[129, 57, 233, 448]; 
COCO_train2014_000000145538.png@#@[246, 174, 306, 263]; 
COCO_train2014_000000145915.png@#@[312, 202, 437, 370]; 
COCO_train2014_000000146186.png@#@[352, 258, 423, 317]; [171, 226, 207, 273]; 
COCO_train2014_000000146510.png@#@[10, 17, 292, 448]; [172, 293, 222, 447]; [303, 286, 386, 401]; 
COCO_train2014_000000146623.png@#@[110, 0, 448, 448]; [81, 74, 372, 344]; [77, 163, 125, 273]; 
COCO_train2014_000000146926.png@#@[0, 0, 448, 448]; [218, 144, 416, 259]; [0, 146, 231, 212]; [99, 149, 313, 242]; 
COCO_train2014_000000147122.png@#@[0, 267, 84, 390]; 
COCO_train2014_000000147568.png@#@[85, 91, 277, 444]; 
COCO_train2014_000000147753.png@#@[0, 142, 129, 448]; [155, 137, 300, 426]; [356, 150, 448, 448]; 
COCO_train2014_000000147983.png@#@[291, 174, 402, 336]; 
COCO_train2014_000000148208.png@#@[234, 298, 346, 448]; [293, 187, 372, 328]; 
COCO_train2014_000000148301.png@#@[0, 0, 384, 325]; 
COCO_train2014_000000148502.png@#@[260, 123, 316, 353]; 
COCO_train2014_000000148677.png@#@[113, 112, 316, 237]; 
COCO_train2014_000000148802.png@#@[88, 253, 336, 372]; 
COCO_train2014_000000149030.png@#@[153, 252, 293, 321]; 
COCO_train2014_000000149305.png@#@[0, 41, 448, 448]; [168, 220, 269, 446]; [127, 0, 372, 183]; 
COCO_train2014_000000149679.png@#@[1, 9, 64, 294]; [71, 2, 150, 239]; [161, 223, 398, 448]; 
COCO_train2014_000000149961.png@#@[0, 168, 73, 448]; [161, 235, 211, 448]; [257, 245, 353, 448]; [144, 220, 225, 253]; [260, 195, 402, 255]; 
COCO_train2014_000000150192.png@#@[148, 28, 437, 320]; 
COCO_train2014_000000150367.png@#@[137, 138, 327, 324]; 
COCO_train2014_000000150746.png@#@[79, 48, 367, 162]; [58, 139, 336, 448]; 
COCO_train2014_000000151214.png@#@[48, 180, 440, 448]; 
COCO_train2014_000000151406.png@#@[0, 0, 176, 329]; [169, 49, 414, 274]; [379, 148, 442, 242]; 
COCO_train2014_000000151564.png@#@[0, 127, 122, 346]; [296, 26, 448, 448]; 
COCO_train2014_000000151764.png@#@[153, 149, 448, 447]; [74, 21, 229, 329]; 
COCO_train2014_000000152269.png@#@[183, 190, 212, 291]; 
COCO_train2014_000000152320.png@#@[310, 268, 378, 407]; 
COCO_train2014_000000152501.png@#@[251, 188, 448, 448]; [90, 130, 400, 448]; 
COCO_train2014_000000152664.png@#@[120, 196, 213, 298]; 
COCO_train2014_000000152954.png@#@[60, 178, 285, 369]; [174, 49, 346, 341]; 
COCO_train2014_000000153204.png@#@[331, 147, 448, 448]; [228, 207, 359, 277]; [15, 177, 29, 196]; 
COCO_train2014_000000153677.png@#@[189, 64, 394, 448]; 
COCO_train2014_000000153909.png@#@[88, 239, 190, 420]; [34, 0, 234, 296]; 
COCO_train2014_000000154111.png@#@[101, 148, 349, 399]; 
COCO_train2014_000000154680.png@#@[196, 0, 395, 177]; [106, 95, 319, 357]; 
COCO_train2014_000000154911.png@#@[0, 229, 193, 408]; [180, 159, 330, 327]; [308, 118, 407, 281]; 
COCO_train2014_000000155496.png@#@[92, 23, 328, 295]; 
COCO_train2014_000000155869.png@#@[166, 150, 309, 364]; 
COCO_train2014_000000155993.png@#@[190, 261, 267, 419]; 
COCO_train2014_000000156073.png@#@[167, 237, 314, 448]; 
COCO_train2014_000000156197.png@#@[298, 218, 337, 259]; 
COCO_train2014_000000156630.png@#@[0, 0, 448, 448]; [58, 260, 259, 405]; 
COCO_train2014_000000156784.png@#@[209, 203, 286, 448]; 
COCO_train2014_000000156910.png@#@[258, 0, 448, 448]; [36, 0, 272, 308]; 
COCO_train2014_000000157199.png@#@[67, 126, 424, 368]; 
COCO_train2014_000000157480.png@#@[7, 91, 435, 448]; 
COCO_train2014_000000157512.png@#@[0, 91, 139, 370]; [122, 228, 448, 448]; [125, 0, 448, 220]; 
COCO_train2014_000000157693.png@#@[208, 100, 332, 384]; 
COCO_train2014_000000157744.png@#@[225, 78, 411, 248]; [36, 187, 179, 311]; [41, 90, 176, 194]; 
COCO_train2014_000000158036.png@#@[112, 125, 270, 327]; 
COCO_train2014_000000158378.png@#@[77, 247, 192, 381]; 
COCO_train2014_000000158786.png@#@[354, 24, 448, 448]; [155, 34, 251, 426]; [0, 14, 94, 448]; [151, 202, 275, 256]; 
COCO_train2014_000000159118.png@#@[132, 85, 410, 286]; 
COCO_train2014_000000159376.png@#@[3, 131, 448, 448]; [191, 240, 448, 448]; [204, 76, 448, 326]; 
COCO_train2014_000000159768.png@#@[36, 61, 193, 280]; [263, 63, 425, 320]; 
COCO_train2014_000000159926.png@#@[44, 126, 406, 329]; 
COCO_train2014_000000160142.png@#@[7, 189, 253, 448]; 
COCO_train2014_000000160542.png@#@[188, 49, 276, 130]; 
COCO_train2014_000000160890.png@#@[53, 77, 270, 438]; 
COCO_train2014_000000161051.png@#@[167, 153, 281, 275]; 
COCO_train2014_000000161599.png@#@[157, 232, 260, 339]; 
COCO_train2014_000000161719.png@#@[298, 53, 393, 313]; [90, 65, 192, 319]; [109, 201, 161, 217]; [314, 178, 366, 193]; 
COCO_train2014_000000161823.png@#@[253, 0, 448, 448]; 
COCO_train2014_000000162285.png@#@[0, 110, 147, 316]; [231, 176, 448, 373]; 
COCO_train2014_000000162861.png@#@[120, 77, 426, 427]; 
COCO_train2014_000000163101.png@#@[83, 343, 196, 411]; 
COCO_train2014_000000163571.png@#@[184, 94, 305, 420]; [239, 173, 309, 247]; 
COCO_train2014_000000164290.png@#@[87, 113, 168, 448]; [267, 165, 352, 242]; 
COCO_train2014_000000164491.png@#@[274, 124, 360, 374]; [69, 349, 448, 448]; 
COCO_train2014_000000164657.png@#@[9, 65, 412, 410]; 
COCO_train2014_000000164772.png@#@[196, 195, 241, 295]; 
COCO_train2014_000000165347.png@#@[92, 150, 307, 287]; 
COCO_train2014_000000165438.png@#@[20, 60, 448, 448]; 
COCO_train2014_000000165753.png@#@[238, 0, 448, 335]; [0, 144, 233, 448]; 
COCO_train2014_000000165883.png@#@[235, 21, 398, 299]; [193, 189, 448, 369]; [46, 165, 176, 286]; 
COCO_train2014_000000166225.png@#@[112, 151, 162, 210]; [182, 146, 224, 193]; [96, 99, 307, 271]; [249, 127, 284, 181]; [314, 203, 393, 288]; 
COCO_train2014_000000166481.png@#@[247, 61, 337, 421]; 
COCO_train2014_000000166853.png@#@[277, 69, 448, 448]; [54, 170, 209, 298]; 
COCO_train2014_000000166998.png@#@[120, 230, 251, 445]; 
COCO_train2014_000000167171.png@#@[0, 0, 448, 448]; [63, 33, 248, 448]; 
COCO_train2014_000000167300.png@#@[8, 0, 376, 356]; [200, 146, 448, 395]; 
COCO_train2014_000000167490.png@#@[167, 101, 252, 345]; [241, 138, 295, 378]; 
COCO_train2014_000000167996.png@#@[149, 156, 253, 275]; 
COCO_train2014_000000168291.png@#@[71, 0, 341, 448]; 
COCO_train2014_000000168690.png@#@[39, 288, 210, 372]; [110, 132, 244, 281]; 
COCO_train2014_000000169032.png@#@[109, 259, 181, 441]; [114, 0, 439, 448]; 
COCO_train2014_000000169204.png@#@[214, 286, 236, 380]; [257, 28, 317, 67]; 
COCO_train2014_000000169365.png@#@[209, 41, 356, 333]; 
COCO_train2014_000000169732.png@#@[103, 188, 332, 445]; 
COCO_train2014_000000169962.png@#@[49, 5, 416, 448]; [245, 133, 448, 315]; 
COCO_train2014_000000170516.png@#@[258, 117, 448, 431]; [128, 48, 280, 191]; 
COCO_train2014_000000170689.png@#@[201, 121, 330, 315]; [113, 165, 207, 329]; 
COCO_train2014_000000170865.png@#@[53, 0, 378, 448]; 
COCO_train2014_000000170982.png@#@[111, 68, 218, 446]; 
COCO_train2014_000000171155.png@#@[212, 388, 276, 448]; 
COCO_train2014_000000171422.png@#@[93, 189, 204, 405]; 
COCO_train2014_000000171453.png@#@[46, 140, 353, 430]; 
COCO_train2014_000000171768.png@#@[47, 151, 180, 444]; [157, 225, 234, 376]; 
COCO_train2014_000000172010.png@#@[288, 181, 353, 268]; 
COCO_train2014_000000172197.png@#@[221, 167, 335, 374]; [35, 188, 103, 399]; [81, 270, 197, 406]; [250, 116, 265, 179]; 
COCO_train2014_000000172392.png@#@[106, 91, 230, 408]; 
COCO_train2014_000000172597.png@#@[22, 36, 198, 343]; [211, 293, 324, 448]; 
COCO_train2014_000000172778.png@#@[138, 67, 448, 448]; 
COCO_train2014_000000172987.png@#@[109, 164, 337, 407]; 
COCO_train2014_000000173198.png@#@[47, 48, 447, 370]; [83, 174, 118, 367]; [13, 175, 78, 409]; 
COCO_train2014_000000173289.png@#@[262, 126, 378, 375]; 
COCO_train2014_000000173843.png@#@[161, 147, 328, 448]; 
COCO_train2014_000000174012.png@#@[76, 127, 271, 321]; 
COCO_train2014_000000174157.png@#@[0, 131, 202, 357]; 
COCO_train2014_000000174573.png@#@[150, 79, 414, 396]; [25, 217, 366, 448]; 
COCO_train2014_000000174876.png@#@[296, 131, 362, 382]; [166, 138, 244, 385]; 
COCO_train2014_000000175112.png@#@[0, 271, 113, 448]; [160, 129, 334, 423]; 
COCO_train2014_000000175383.png@#@[0, 0, 448, 448]; 
COCO_train2014_000000175459.png@#@[377, 239, 448, 419]; [267, 242, 435, 446]; [66, 274, 162, 448]; [151, 239, 287, 448]; [0, 287, 54, 448]; 
COCO_train2014_000000175536.png@#@[316, 175, 440, 448]; [174, 236, 260, 353]; [97, 183, 183, 448]; 
COCO_train2014_000000175703.png@#@[291, 66, 349, 308]; 
COCO_train2014_000000175952.png@#@[190, 101, 286, 279]; 
COCO_train2014_000000176087.png@#@[72, 176, 405, 352]; 
COCO_train2014_000000176194.png@#@[12, 98, 444, 408]; 
COCO_train2014_000000176536.png@#@[121, 240, 226, 385]; [139, 158, 218, 353]; [150, 120, 248, 201]; 
COCO_train2014_000000176923.png@#@[49, 0, 448, 448]; 
COCO_train2014_000000177193.png@#@[201, 170, 393, 327]; [125, 129, 189, 328]; [147, 279, 246, 448]; 
COCO_train2014_000000177355.png@#@[205, 21, 440, 339]; [0, 129, 288, 448]; 
COCO_train2014_000000177413.png@#@[156, 167, 244, 245]; 
COCO_train2014_000000177748.png@#@[181, 148, 274, 346]; [215, 217, 258, 251]; 
COCO_train2014_000000177829.png@#@[74, 280, 182, 409]; [204, 147, 248, 343]; [230, 133, 333, 374]; 
COCO_train2014_000000177974.png@#@[57, 156, 222, 324]; 
COCO_train2014_000000178152.png@#@[179, 181, 404, 448]; [195, 206, 383, 448]; 
COCO_train2014_000000178242.png@#@[107, 105, 420, 368]; 
COCO_train2014_000000178484.png@#@[231, 73, 448, 448]; 
COCO_train2014_000000178798.png@#@[0, 122, 261, 374]; [64, 81, 448, 448]; 
COCO_train2014_000000179039.png@#@[217, 153, 269, 279]; [214, 264, 290, 286]; 
COCO_train2014_000000179408.png@#@[245, 138, 267, 167]; 
COCO_train2014_000000179603.png@#@[128, 147, 301, 325]; [6, 20, 295, 223]; 
COCO_train2014_000000179906.png@#@[116, 242, 318, 362]; [321, 285, 358, 325]; [371, 287, 407, 329]; 
COCO_train2014_000000180085.png@#@[234, 214, 305, 292]; [263, 255, 348, 331]; [164, 174, 448, 448]; [367, 268, 442, 371]; 
COCO_train2014_000000180315.png@#@[64, 133, 289, 400]; 
COCO_train2014_000000180386.png@#@[10, 90, 407, 448]; 
COCO_train2014_000000180670.png@#@[37, 221, 142, 314]; [179, 13, 282, 314]; [110, 353, 178, 412]; [316, 223, 418, 315]; 
COCO_train2014_000000181061.png@#@[73, 11, 204, 237]; 
COCO_train2014_000000181208.png@#@[175, 40, 276, 401]; 
COCO_train2014_000000181436.png@#@[230, 205, 273, 230]; [254, 163, 287, 210]; [245, 169, 284, 233]; 
COCO_train2014_000000181885.png@#@[60, 99, 159, 349]; 
COCO_train2014_000000182020.png@#@[74, 49, 395, 274]; 
COCO_train2014_000000182258.png@#@[83, 151, 136, 200]; [214, 121, 239, 210]; 
COCO_train2014_000000182384.png@#@[169, 285, 201, 312]; [190, 196, 261, 325]; [337, 182, 377, 365]; [261, 247, 311, 352]; 
COCO_train2014_000000182634.png@#@[143, 187, 259, 387]; [305, 330, 325, 358]; [410, 207, 448, 357]; [323, 233, 396, 368]; 
COCO_train2014_000000183212.png@#@[78, 269, 281, 405]; [119, 0, 437, 365]; 
COCO_train2014_000000183240.png@#@[106, 119, 448, 448]; 
COCO_train2014_000000183517.png@#@[161, 150, 360, 278]; 
COCO_train2014_000000183957.png@#@[231, 295, 377, 393]; 
COCO_train2014_000000184116.png@#@[245, 57, 418, 351]; 
COCO_train2014_000000184389.png@#@[155, 116, 167, 188]; [102, 129, 172, 333]; [180, 265, 252, 417]; [119, 238, 188, 448]; 
COCO_train2014_000000184684.png@#@[27, 113, 104, 224]; [164, 113, 225, 209]; [243, 137, 395, 448]; [215, 100, 302, 241]; 
COCO_train2014_000000185097.png@#@[71, 168, 429, 448]; [241, 175, 294, 234]; [334, 195, 422, 279]; [284, 190, 348, 256]; 
COCO_train2014_000000185258.png@#@[149, 123, 197, 406]; [183, 105, 248, 412]; 
COCO_train2014_000000185394.png@#@[170, 26, 221, 103]; [193, 22, 260, 115]; [302, 315, 372, 379]; [123, 40, 368, 172]; 
COCO_train2014_000000185818.png@#@[176, 50, 201, 100]; [165, 70, 430, 448]; 
COCO_train2014_000000185906.png@#@[57, 178, 119, 325]; [53, 216, 215, 448]; [223, 50, 448, 393]; [146, 166, 220, 448]; [212, 53, 448, 306]; 
COCO_train2014_000000186196.png@#@[179, 119, 228, 164]; [318, 244, 356, 387]; 
COCO_train2014_000000186563.png@#@[0, 75, 433, 373]; 
COCO_train2014_000000186699.png@#@[84, 209, 238, 377]; 
COCO_train2014_000000186906.png@#@[235, 78, 448, 448]; 
COCO_train2014_000000187153.png@#@[57, 0, 261, 315]; [146, 308, 178, 343]; [237, 121, 384, 342]; [165, 219, 255, 448]; [229, 132, 319, 448]; 
COCO_train2014_000000187442.png@#@[175, 33, 417, 448]; [107, 31, 242, 352]; [125, 44, 305, 388]; [183, 179, 204, 228]; [285, 195, 298, 205]; 
COCO_train2014_000000187582.png@#@[32, 170, 195, 448]; [117, 64, 293, 448]; [293, 217, 448, 448]; 
COCO_train2014_000000187752.png@#@[126, 57, 263, 376]; 
COCO_train2014_000000188120.png@#@[169, 88, 239, 311]; 
COCO_train2014_000000188352.png@#@[138, 150, 325, 279]; 
COCO_train2014_000000188556.png@#@[92, 166, 428, 447]; 
COCO_train2014_000000188757.png@#@[0, 74, 315, 448]; [183, 83, 323, 295]; [242, 152, 269, 198]; 
COCO_train2014_000000189156.png@#@[202, 103, 274, 252]; 
COCO_train2014_000000189646.png@#@[24, 55, 265, 276]; [0, 273, 242, 353]; [254, 131, 446, 337]; 
COCO_train2014_000000189805.png@#@[60, 85, 388, 403]; 
COCO_train2014_000000189996.png@#@[202, 176, 310, 231]; [181, 244, 314, 389]; 
COCO_train2014_000000190117.png@#@[41, 201, 418, 371]; 
COCO_train2014_000000190547.png@#@[43, 248, 187, 344]; 
COCO_train2014_000000191031.png@#@[124, 221, 310, 345]; 
COCO_train2014_000000191102.png@#@[203, 39, 258, 109]; [116, 357, 224, 448]; 
COCO_train2014_000000191327.png@#@[340, 41, 399, 153]; [197, 27, 412, 261]; [17, 35, 340, 368]; 
COCO_train2014_000000191561.png@#@[0, 0, 262, 237]; 
COCO_train2014_000000191729.png@#@[0, 0, 430, 420]; 
COCO_train2014_000000192114.png@#@[119, 87, 309, 311]; 
COCO_train2014_000000192710.png@#@[67, 278, 234, 412]; [64, 204, 268, 310]; 
COCO_train2014_000000192759.png@#@[55, 88, 367, 234]; [36, 194, 338, 448]; [7, 20, 375, 298]; 
COCO_train2014_000000192878.png@#@[0, 37, 448, 448]; [327, 60, 448, 310]; 
COCO_train2014_000000193193.png@#@[20, 231, 132, 332]; [225, 147, 326, 262]; 
COCO_train2014_000000193479.png@#@[88, 66, 333, 403]; 
COCO_train2014_000000193579.png@#@[221, 51, 264, 190]; 
COCO_train2014_000000194235.png@#@[194, 0, 448, 448]; [244, 282, 332, 380]; 
COCO_train2014_000000194346.png@#@[174, 217, 199, 266]; [174, 209, 260, 372]; 
COCO_train2014_000000194698.png@#@[39, 99, 442, 270]; 
COCO_train2014_000000194820.png@#@[219, 109, 365, 308]; 
COCO_train2014_000000195449.png@#@[274, 101, 356, 238]; [151, 197, 246, 371]; [179, 105, 376, 448]; [180, 35, 362, 447]; 
COCO_train2014_000000195797.png@#@[137, 91, 330, 448]; 
COCO_train2014_000000195998.png@#@[145, 106, 295, 178]; [139, 160, 293, 448]; [155, 342, 183, 368]; 
COCO_train2014_000000196226.png@#@[118, 81, 389, 448]; [107, 76, 225, 386]; 
COCO_train2014_000000196721.png@#@[10, 301, 185, 448]; [16, 33, 326, 448]; 
COCO_train2014_000000196888.png@#@[11, 204, 64, 298]; [139, 245, 225, 284]; [378, 203, 436, 301]; [355, 238, 387, 299]; 
COCO_train2014_000000197071.png@#@[148, 126, 199, 233]; [65, 185, 360, 277]; 
COCO_train2014_000000197427.png@#@[158, 163, 285, 289]; 
COCO_train2014_000000197568.png@#@[162, 276, 253, 411]; [144, 134, 258, 268]; 
